<?xml version="1.0" encoding="utf-8"?>
<TestRun id="3a7ad46a-3a26-44dd-a500-cd9ab998e7b5" name="Vika Zinchenko@DESKTOP-N392BU0 2021-02-22 01:13:53" runUser="DESKTOP-N392BU0\Vika Zinchenko" xmlns="http://microsoft.com/schemas/VisualStudio/TeamTest/2010">
  <Times creation="2021-02-22T01:13:53.0972607+02:00" queuing="2021-02-22T01:13:53.0972607+02:00" start="2021-02-22T01:13:44.3843500+02:00" finish="2021-02-22T01:14:01.0046403+02:00" />
  <TestSettings name="default" id="ff89e687-19bf-4f49-aff1-febf4084261c">
    <Deployment runDeploymentRoot="Vika_Zinchenko_DESKTOP-N392BU0_2021-02-22_01_13_53" />
  </TestSettings>
  <Results>
    <UnitTestResult executionId="ec157d45-3ab6-4c88-b6d1-3f89a030e896" testId="6f2d3836-746e-511d-d0a2-b87d2b46634d" testName="TryToAddCollectorWithInvalidParameter_Variant3" computerName="DESKTOP-N392BU0" duration="00:00:00.1020872" startTime="2021-02-22T01:13:55.8889155+02:00" endTime="2021-02-22T01:13:55.9915245+02:00" testType="13cdc9d9-ddb5-4fa4-a97d-d965ccfc6d4b" outcome="Failed" testListId="8c84fa94-04c1-424b-9868-57a2d4851a1d" relativeResultsDirectory="ec157d45-3ab6-4c88-b6d1-3f89a030e896">
      <Output>
        <StdOut>When I try to add a collector with invalid parameter&#xD;
  --- table step argument ---&#xD;
  | Parameter  | Value |&#xD;
  | nickname   |       |&#xD;
  | fearFactor | 1     |&#xD;
-&gt; done: CollectorStepsDef.TryToAddCollectorWithInvalidParameter(System.Collection...) (0,1s)&#xD;
Then the system can't create the collector data&#xD;
-&gt; error: Multiple failures or warnings in test:&#xD;
  1)   
Expected object
Properties: 
id:  0. 
debtId:  1. 
collectorIds: 
1
2
appointmentDate:  12/9/2020 2:30:00 PM. 
Actual list of objects:
Object №0
Properties: 
id:  0. 
debtId:  1. 
collectorIds: 
0
1
appointmentDate:  2/23/2021 1:13:52 AM. &#xD;
  Expected: some item equal to &lt;SdcaFramework.Clients.Appointment&gt;&#xD;
  But was:  &lt; &lt;SdcaFramework.Clients.Appointment&gt; &gt;&#xD;
&#xD;
  2)   Expected status code should be 'Bad Request'.&#xD;
  Expected: BadRequest&#xD;
  But was:  Created&#xD;
&#xD;
  3)   Expected status code should be 'Bad Request'.&#xD;
  Expected: BadRequest&#xD;
  But was:  Created&#xD;
&#xD;
  4)   Expected status code should be 'Bad Request'.&#xD;
  Expected: BadRequest&#xD;
  But was:  Created&#xD;
&#xD;
  5)   Expected status code should be 'Bad Request'.&#xD;
  Expected: BadRequest&#xD;
  But was:  InternalServerError&#xD;
&#xD;
  6)   Expected status code should be 'Bad Request'.&#xD;
  Expected: BadRequest&#xD;
  But was:  Created&#xD;
&#xD;
  7)   Expected status code should be 'Bad Request'.&#xD;
  Expected: BadRequest&#xD;
  But was:  Created&#xD;
&#xD;
  8)   
Expected object:
Properties: 
id:  6. 
debtId:  1. 
collectorIds: 
1
2
appointmentDate:  12/9/2020 2:30:00 PM. 
Actual object:
Properties: 
id:  6. 
debtId:  1. 
collectorIds: 
0
1
appointmentDate:  2/26/2021 1:13:54 AM. &#xD;
  Expected: &lt;SdcaFramework.Clients.Appointment&gt;&#xD;
  But was:  &lt;SdcaFramework.Clients.Appointment&gt;&#xD;
&#xD;
  9)   Expected status code should be 'Not Found'.&#xD;
  Expected: NotFound&#xD;
  But was:  NoContent&#xD;
&#xD;
  10)   
Expected object:
Properties: 
id:  7. 
debtId:  3. 
collectorIds: 
8
appointmentDate:  12/9/2020 2:30:00 PM. 
Actual object:
Properties: 
id:  7. 
debtId:  3. 
collectorIds: 
2
3
appointmentDate:  2/26/2021 1:13:55 AM. &#xD;
  Expected: &lt;SdcaFramework.Clients.Appointment&gt;&#xD;
  But was:  &lt;SdcaFramework.Clients.Appointment&gt;&#xD;
&#xD;
  11)   Expected status code should be 'Bad Request'.&#xD;
  Expected: BadRequest&#xD;
  But was:  Created&#xD;
&#xD;
  12)   Expected status code should be 'Bad Request'.&#xD;
  Expected: BadRequest&#xD;
  But was:  Created&#xD;
&#xD;
  13)   Expected status code should be 'Bad Request'.&#xD;
  Expected: BadRequest&#xD;
  But was:  Created</StdOut>
        <ErrorInfo>
          <Message>Test method SdcaFramework.Features.CollectorFeature.TryToAddCollectorWithInvalidParameter_Variant3 threw exception: &#xD;
NUnit.Framework.AssertionException: Multiple failures or warnings in test:&#xD;
  1)   
Expected object
Properties: 
id:  0. 
debtId:  1. 
collectorIds: 
1
2
appointmentDate:  12/9/2020 2:30:00 PM. 
Actual list of objects:
Object №0
Properties: 
id:  0. 
debtId:  1. 
collectorIds: 
0
1
appointmentDate:  2/23/2021 1:13:52 AM. &#xD;
  Expected: some item equal to &lt;SdcaFramework.Clients.Appointment&gt;&#xD;
  But was:  &lt; &lt;SdcaFramework.Clients.Appointment&gt; &gt;&#xD;
&#xD;
  2)   Expected status code should be 'Bad Request'.&#xD;
  Expected: BadRequest&#xD;
  But was:  Created&#xD;
&#xD;
  3)   Expected status code should be 'Bad Request'.&#xD;
  Expected: BadRequest&#xD;
  But was:  Created&#xD;
&#xD;
  4)   Expected status code should be 'Bad Request'.&#xD;
  Expected: BadRequest&#xD;
  But was:  Created&#xD;
&#xD;
  5)   Expected status code should be 'Bad Request'.&#xD;
  Expected: BadRequest&#xD;
  But was:  InternalServerError&#xD;
&#xD;
  6)   Expected status code should be 'Bad Request'.&#xD;
  Expected: BadRequest&#xD;
  But was:  Created&#xD;
&#xD;
  7)   Expected status code should be 'Bad Request'.&#xD;
  Expected: BadRequest&#xD;
  But was:  Created&#xD;
&#xD;
  8)   
Expected object:
Properties: 
id:  6. 
debtId:  1. 
collectorIds: 
1
2
appointmentDate:  12/9/2020 2:30:00 PM. 
Actual object:
Properties: 
id:  6. 
debtId:  1. 
collectorIds: 
0
1
appointmentDate:  2/26/2021 1:13:54 AM. &#xD;
  Expected: &lt;SdcaFramework.Clients.Appointment&gt;&#xD;
  But was:  &lt;SdcaFramework.Clients.Appointment&gt;&#xD;
&#xD;
  9)   Expected status code should be 'Not Found'.&#xD;
  Expected: NotFound&#xD;
  But was:  NoContent&#xD;
&#xD;
  10)   
Expected object:
Properties: 
id:  7. 
debtId:  3. 
collectorIds: 
8
appointmentDate:  12/9/2020 2:30:00 PM. 
Actual object:
Properties: 
id:  7. 
debtId:  3. 
collectorIds: 
2
3
appointmentDate:  2/26/2021 1:13:55 AM. &#xD;
  Expected: &lt;SdcaFramework.Clients.Appointment&gt;&#xD;
  But was:  &lt;SdcaFramework.Clients.Appointment&gt;&#xD;
&#xD;
  11)   Expected status code should be 'Bad Request'.&#xD;
  Expected: BadRequest&#xD;
  But was:  Created&#xD;
&#xD;
  12)   Expected status code should be 'Bad Request'.&#xD;
  Expected: BadRequest&#xD;
  But was:  Created&#xD;
&#xD;
  13)   Expected status code should be 'Bad Request'.&#xD;
  Expected: BadRequest&#xD;
  But was:  Created&#xD;
&#xD;
</Message>
          <StackTrace>    at NUnit.Framework.Assert.ReportFailure(String message)&#xD;
   at NUnit.Framework.Assert.ReportFailure(ConstraintResult result, String message, Object[] args)&#xD;
   at NUnit.Framework.Assert.That[TActual](TActual actual, IResolveConstraint expression, String message, Object[] args)&#xD;
   at NUnit.Framework.Assert.AreEqual(Object expected, Object actual, String message, Object[] args)&#xD;
   at SdcaFramework.BusinessLogic.CollectorStepsDef.ThenSystemDidNotCreateCollector() in C:\Users\Vika Zinchenko\source\repos\SdcaFramework\BusinessLogic\CollectorStepsDef.cs:line 115&#xD;
   at TechTalk.SpecFlow.Bindings.BindingInvoker.InvokeBinding(IBinding binding, IContextManager contextManager, Object[] arguments, ITestTracer testTracer, TimeSpan&amp; duration)&#xD;
   at TechTalk.SpecFlow.Infrastructure.TestExecutionEngine.ExecuteStepMatch(BindingMatch match, Object[] arguments)&#xD;
   at TechTalk.SpecFlow.Infrastructure.TestExecutionEngine.ExecuteStep(IContextManager contextManager, StepInstance stepInstance)&#xD;
   at TechTalk.SpecFlow.Infrastructure.TestExecutionEngine.OnAfterLastStep()&#xD;
   at TechTalk.SpecFlow.TestRunner.CollectScenarioErrors()&#xD;
   at SdcaFramework.Features.CollectorFeature.ScenarioCleanup()&#xD;
   at SdcaFramework.Features.CollectorFeature.TryToAddCollectorWithInvalidParameter(String nickname, String fearFactor, String[] exampleTags) in C:\Users\Vika Zinchenko\source\repos\SdcaFramework\Features\Collector.feature:line 23&#xD;
   at SdcaFramework.Features.CollectorFeature.TryToAddCollectorWithInvalidParameter_Variant3() in C:\Users\Vika Zinchenko\source\repos\SdcaFramework\Features\Collector.feature:line 18&#xD;
</StackTrace>
        </ErrorInfo>
      </Output>
    </UnitTestResult>
    <UnitTestResult executionId="c2dbed5a-2d57-4670-a179-400a24ff1fc3" testId="746ffb19-4136-3526-611c-ad9f4a8db078" testName="TryToAddAppointmentWithInvalidParameter_Variant1" computerName="DESKTOP-N392BU0" duration="00:00:00.1497520" startTime="2021-02-22T01:13:53.4912583+02:00" endTime="2021-02-22T01:13:53.6416210+02:00" testType="13cdc9d9-ddb5-4fa4-a97d-d965ccfc6d4b" outcome="Passed" testListId="8c84fa94-04c1-424b-9868-57a2d4851a1d" relativeResultsDirectory="c2dbed5a-2d57-4670-a179-400a24ff1fc3">
      <Output>
        <StdOut>When I try to add an appointment with invalid parameter&#xD;
  --- table step argument ---&#xD;
  | Parameter       | Value                            |&#xD;
  | collectorIds    | 1                                |&#xD;
  | debtId          | debtId                           |&#xD;
  | appointmentDate | 2020-12-09T14:30:00.000000+02:00 |&#xD;
-&gt; done: AppointmentStepsDef.TryToAddAppointmentWithInvalidParameter(System.Collection...) (0,1s)&#xD;
Then the system can't create the collector data&#xD;
-&gt; done: CollectorStepsDef.ThenSystemDidNotCreateCollector() (0,0s)</StdOut>
      </Output>
    </UnitTestResult>
    <UnitTestResult executionId="3160233c-7f80-4d42-9411-137fbe0270c4" testId="a96f0075-9055-bb58-32b7-6b60d7da4e2a" testName="DeleteDebtAndCheckItsAbsence" computerName="DESKTOP-N392BU0" duration="00:00:00.1835041" startTime="2021-02-22T01:13:57.5709945+02:00" endTime="2021-02-22T01:13:57.7563181+02:00" testType="13cdc9d9-ddb5-4fa4-a97d-d965ccfc6d4b" outcome="Failed" testListId="8c84fa94-04c1-424b-9868-57a2d4851a1d" relativeResultsDirectory="3160233c-7f80-4d42-9411-137fbe0270c4">
      <Output>
        <StdOut>Given I have added a debt with the following parameters&#xD;
  --- table step argument ---&#xD;
  | studentId | amount | monthlyPercent |&#xD;
  | 1         | 170    | 10             |&#xD;
-&gt; error: The response has an incorrect status code
The expected status code: OK
The actual status code: InternalServerError&#xD;
When I delete a debt by last id&#xD;
-&gt; skipped because of previous errors&#xD;
Then the system can't find the debt data&#xD;
-&gt; skipped because of previous errors</StdOut>
        <ErrorInfo>
          <Message>Test method SdcaFramework.Features.DebtFeature.DeleteDebtAndCheckItsAbsence threw exception: &#xD;
System.Exception: The response has an incorrect status code
The expected status code: OK
The actual status code: InternalServerError</Message>
          <StackTrace>    at SdcaFramework.ClientSteps.BaseSteps`2.CheckHttpStatusCode(IRestResponse response, HttpStatusCode expectedStatusCode) in C:\Users\Vika Zinchenko\source\repos\SdcaFramework\ClientSteps\BaseSteps.cs:line 81&#xD;
   at SdcaFramework.ClientSteps.BaseSteps`2.ExecuteRequest(Method method, HttpStatusCode expectedStatusCode, Object body, String objectId) in C:\Users\Vika Zinchenko\source\repos\SdcaFramework\ClientSteps\BaseSteps.cs:line 64&#xD;
   at SdcaFramework.ClientSteps.BaseSteps`2.GetListOfObjects(HttpStatusCode expectedStatusCode) in C:\Users\Vika Zinchenko\source\repos\SdcaFramework\ClientSteps\BaseSteps.cs:line 23&#xD;
   at SdcaFramework.ClientSteps.BaseSteps`2.get_LastObjectId() in C:\Users\Vika Zinchenko\source\repos\SdcaFramework\ClientSteps\BaseSteps.cs:line 20&#xD;
   at SdcaFramework.ClientSteps.DebtSteps.get_LastDebtId() in C:\Users\Vika Zinchenko\source\repos\SdcaFramework\ClientSteps\DebtSteps.cs:line 12&#xD;
   at SdcaFramework.Utilities.Transformations.GetDebtBasedOnDebtCreator(DebtCreator creator) in C:\Users\Vika Zinchenko\source\repos\SdcaFramework\Utilities\Transformation\Transformations.cs:line 32&#xD;
   at SdcaFramework.BusinessLogic.DebtStepsDef.AddDebtWithParameters(DebtCreator debt) in C:\Users\Vika Zinchenko\source\repos\SdcaFramework\BusinessLogic\DebtStepsDef.cs:line 39&#xD;
   at TechTalk.SpecFlow.Bindings.BindingInvoker.InvokeBinding(IBinding binding, IContextManager contextManager, Object[] arguments, ITestTracer testTracer, TimeSpan&amp; duration)&#xD;
   at TechTalk.SpecFlow.Infrastructure.TestExecutionEngine.ExecuteStepMatch(BindingMatch match, Object[] arguments)&#xD;
   at TechTalk.SpecFlow.Infrastructure.TestExecutionEngine.ExecuteStep(IContextManager contextManager, StepInstance stepInstance)&#xD;
   at TechTalk.SpecFlow.Infrastructure.TestExecutionEngine.OnAfterLastStep()&#xD;
   at TechTalk.SpecFlow.TestRunner.CollectScenarioErrors()&#xD;
   at SdcaFramework.Features.DebtFeature.ScenarioCleanup()&#xD;
   at SdcaFramework.Features.DebtFeature.DeleteDebtAndCheckItsAbsence() in C:\Users\Vika Zinchenko\source\repos\SdcaFramework\Features\Debt.feature:line 44&#xD;
</StackTrace>
        </ErrorInfo>
      </Output>
    </UnitTestResult>
    <UnitTestResult executionId="ade3db2c-e9aa-44a8-8c0a-fbace2ad0c0e" testId="df740b7b-6179-e720-1ba8-df9877a17e65" testName="TryToAddStudentWithInvalidParameter_Variant2" computerName="DESKTOP-N392BU0" duration="00:00:00.0241232" startTime="2021-02-22T01:13:58.5851732+02:00" endTime="2021-02-22T01:13:58.6097991+02:00" testType="13cdc9d9-ddb5-4fa4-a97d-d965ccfc6d4b" outcome="Passed" testListId="8c84fa94-04c1-424b-9868-57a2d4851a1d" relativeResultsDirectory="ade3db2c-e9aa-44a8-8c0a-fbace2ad0c0e">
      <Output>
        <StdOut>When I try to add a student with invalid parameter&#xD;
  --- table step argument ---&#xD;
  | Parameter | Value |&#xD;
  | name      | Cutie |&#xD;
  | age       | 17    |&#xD;
  | sex       | sex   |&#xD;
  | risk      | 5     |&#xD;
-&gt; done: StudentStepsDef.TryToAddStudentWithInvalidParameter(System.Collection...) (0,0s)&#xD;
Then the system can't create the collector data&#xD;
-&gt; done: CollectorStepsDef.ThenSystemDidNotCreateCollector() (0,0s)</StdOut>
      </Output>
    </UnitTestResult>
    <UnitTestResult executionId="a838220c-6378-4dc8-85d8-12886465d6ce" testId="44fb479b-7ac3-69e6-7ebc-b235d8ae0792" testName="DeleteAppointmentAndCheckItsAbsence" computerName="DESKTOP-N392BU0" duration="00:00:00.1740728" startTime="2021-02-22T01:13:54.9528674+02:00" endTime="2021-02-22T01:13:55.1272940+02:00" testType="13cdc9d9-ddb5-4fa4-a97d-d965ccfc6d4b" outcome="Failed" testListId="8c84fa94-04c1-424b-9868-57a2d4851a1d" relativeResultsDirectory="a838220c-6378-4dc8-85d8-12886465d6ce">
      <Output>
        <StdOut>Given I have added an appointment with the following parameters&#xD;
  --- table step argument ---&#xD;
  | collectorIds | debtId | appointmentDate                  |&#xD;
  | 1, 2         | 1      | 2020-12-09T14:30:00.000000+02:00 |&#xD;
-&gt; done: AppointmentStepsDef.AddAppointmentWithParameters(SdcaFramework.Cli...) (0,1s)&#xD;
When I delete an appointment by last id&#xD;
-&gt; done: AppointmentStepsDef.DeleteAppointmentById("last") (0,0s)&#xD;
Then the system can't find the appointment data&#xD;
-&gt; error: Multiple failures or warnings in test:&#xD;
  1)   
Expected object
Properties: 
id:  0. 
debtId:  1. 
collectorIds: 
1
2
appointmentDate:  12/9/2020 2:30:00 PM. 
Actual list of objects:
Object №0
Properties: 
id:  0. 
debtId:  1. 
collectorIds: 
0
1
appointmentDate:  2/23/2021 1:13:52 AM. &#xD;
  Expected: some item equal to &lt;SdcaFramework.Clients.Appointment&gt;&#xD;
  But was:  &lt; &lt;SdcaFramework.Clients.Appointment&gt; &gt;&#xD;
&#xD;
  2)   Expected status code should be 'Bad Request'.&#xD;
  Expected: BadRequest&#xD;
  But was:  Created&#xD;
&#xD;
  3)   Expected status code should be 'Bad Request'.&#xD;
  Expected: BadRequest&#xD;
  But was:  Created&#xD;
&#xD;
  4)   Expected status code should be 'Bad Request'.&#xD;
  Expected: BadRequest&#xD;
  But was:  Created&#xD;
&#xD;
  5)   Expected status code should be 'Bad Request'.&#xD;
  Expected: BadRequest&#xD;
  But was:  InternalServerError&#xD;
&#xD;
  6)   Expected status code should be 'Bad Request'.&#xD;
  Expected: BadRequest&#xD;
  But was:  Created&#xD;
&#xD;
  7)   Expected status code should be 'Bad Request'.&#xD;
  Expected: BadRequest&#xD;
  But was:  Created&#xD;
&#xD;
  8)   
Expected object:
Properties: 
id:  6. 
debtId:  1. 
collectorIds: 
1
2
appointmentDate:  12/9/2020 2:30:00 PM. 
Actual object:
Properties: 
id:  6. 
debtId:  1. 
collectorIds: 
0
1
appointmentDate:  2/26/2021 1:13:54 AM. &#xD;
  Expected: &lt;SdcaFramework.Clients.Appointment&gt;&#xD;
  But was:  &lt;SdcaFramework.Clients.Appointment&gt;&#xD;
&#xD;
  9)   Expected status code should be 'Not Found'.&#xD;
  Expected: NotFound&#xD;
  But was:  NoContent</StdOut>
        <ErrorInfo>
          <Message>Test method SdcaFramework.Features.AppointmentFeature.DeleteAppointmentAndCheckItsAbsence threw exception: &#xD;
NUnit.Framework.AssertionException: Multiple failures or warnings in test:&#xD;
  1)   
Expected object
Properties: 
id:  0. 
debtId:  1. 
collectorIds: 
1
2
appointmentDate:  12/9/2020 2:30:00 PM. 
Actual list of objects:
Object №0
Properties: 
id:  0. 
debtId:  1. 
collectorIds: 
0
1
appointmentDate:  2/23/2021 1:13:52 AM. &#xD;
  Expected: some item equal to &lt;SdcaFramework.Clients.Appointment&gt;&#xD;
  But was:  &lt; &lt;SdcaFramework.Clients.Appointment&gt; &gt;&#xD;
&#xD;
  2)   Expected status code should be 'Bad Request'.&#xD;
  Expected: BadRequest&#xD;
  But was:  Created&#xD;
&#xD;
  3)   Expected status code should be 'Bad Request'.&#xD;
  Expected: BadRequest&#xD;
  But was:  Created&#xD;
&#xD;
  4)   Expected status code should be 'Bad Request'.&#xD;
  Expected: BadRequest&#xD;
  But was:  Created&#xD;
&#xD;
  5)   Expected status code should be 'Bad Request'.&#xD;
  Expected: BadRequest&#xD;
  But was:  InternalServerError&#xD;
&#xD;
  6)   Expected status code should be 'Bad Request'.&#xD;
  Expected: BadRequest&#xD;
  But was:  Created&#xD;
&#xD;
  7)   Expected status code should be 'Bad Request'.&#xD;
  Expected: BadRequest&#xD;
  But was:  Created&#xD;
&#xD;
  8)   
Expected object:
Properties: 
id:  6. 
debtId:  1. 
collectorIds: 
1
2
appointmentDate:  12/9/2020 2:30:00 PM. 
Actual object:
Properties: 
id:  6. 
debtId:  1. 
collectorIds: 
0
1
appointmentDate:  2/26/2021 1:13:54 AM. &#xD;
  Expected: &lt;SdcaFramework.Clients.Appointment&gt;&#xD;
  But was:  &lt;SdcaFramework.Clients.Appointment&gt;&#xD;
&#xD;
  9)   Expected status code should be 'Not Found'.&#xD;
  Expected: NotFound&#xD;
  But was:  NoContent&#xD;
&#xD;
</Message>
          <StackTrace>    at NUnit.Framework.Assert.ReportFailure(String message)&#xD;
   at NUnit.Framework.Assert.ReportFailure(ConstraintResult result, String message, Object[] args)&#xD;
   at NUnit.Framework.Assert.That[TActual](TActual actual, IResolveConstraint expression, String message, Object[] args)&#xD;
   at NUnit.Framework.Assert.AreEqual(Object expected, Object actual, String message, Object[] args)&#xD;
   at SdcaFramework.BusinessLogic.AppointmentStepsDef.ThenSystemCanNotFindAppointmentData() in C:\Users\Vika Zinchenko\source\repos\SdcaFramework\BusinessLogic\AppointmentStepsDef.cs:line 60&#xD;
   at TechTalk.SpecFlow.Bindings.BindingInvoker.InvokeBinding(IBinding binding, IContextManager contextManager, Object[] arguments, ITestTracer testTracer, TimeSpan&amp; duration)&#xD;
   at TechTalk.SpecFlow.Infrastructure.TestExecutionEngine.ExecuteStepMatch(BindingMatch match, Object[] arguments)&#xD;
   at TechTalk.SpecFlow.Infrastructure.TestExecutionEngine.ExecuteStep(IContextManager contextManager, StepInstance stepInstance)&#xD;
   at TechTalk.SpecFlow.Infrastructure.TestExecutionEngine.OnAfterLastStep()&#xD;
   at TechTalk.SpecFlow.TestRunner.CollectScenarioErrors()&#xD;
   at SdcaFramework.Features.AppointmentFeature.ScenarioCleanup()&#xD;
   at SdcaFramework.Features.AppointmentFeature.DeleteAppointmentAndCheckItsAbsence() in C:\Users\Vika Zinchenko\source\repos\SdcaFramework\Features\Appointment.feature:line 45&#xD;
</StackTrace>
        </ErrorInfo>
      </Output>
    </UnitTestResult>
    <UnitTestResult executionId="79ee3550-b3ad-47ff-b043-23a7e74a5887" testId="75022f82-2a6a-baf1-9f51-1d79b33f8a3b" testName="CheckRecalculatedDebtAmount" computerName="DESKTOP-N392BU0" duration="00:00:00.1014132" startTime="2021-02-22T01:13:57.9136440+02:00" endTime="2021-02-22T01:13:58.0154901+02:00" testType="13cdc9d9-ddb5-4fa4-a97d-d965ccfc6d4b" outcome="Failed" testListId="8c84fa94-04c1-424b-9868-57a2d4851a1d" relativeResultsDirectory="79ee3550-b3ad-47ff-b043-23a7e74a5887">
      <Output>
        <StdOut>When I get a debt data by 0 id&#xD;
-&gt; done: DebtStepsDef.GetDebtById("0") (0,0s)&#xD;
Then the current amount is recalculated correctly for debt with 0 id&#xD;
-&gt; error: Multiple failures or warnings in test:&#xD;
  1)   
Expected object
Properties: 
id:  0. 
debtId:  1. 
collectorIds: 
1
2
appointmentDate:  12/9/2020 2:30:00 PM. 
Actual list of objects:
Object №0
Properties: 
id:  0. 
debtId:  1. 
collectorIds: 
0
1
appointmentDate:  2/23/2021 1:13:52 AM. &#xD;
  Expected: some item equal to &lt;SdcaFramework.Clients.Appointment&gt;&#xD;
  But was:  &lt; &lt;SdcaFramework.Clients.Appointment&gt; &gt;&#xD;
&#xD;
  2)   Expected status code should be 'Bad Request'.&#xD;
  Expected: BadRequest&#xD;
  But was:  Created&#xD;
&#xD;
  3)   Expected status code should be 'Bad Request'.&#xD;
  Expected: BadRequest&#xD;
  But was:  Created&#xD;
&#xD;
  4)   Expected status code should be 'Bad Request'.&#xD;
  Expected: BadRequest&#xD;
  But was:  Created&#xD;
&#xD;
  5)   Expected status code should be 'Bad Request'.&#xD;
  Expected: BadRequest&#xD;
  But was:  InternalServerError&#xD;
&#xD;
  6)   Expected status code should be 'Bad Request'.&#xD;
  Expected: BadRequest&#xD;
  But was:  Created&#xD;
&#xD;
  7)   Expected status code should be 'Bad Request'.&#xD;
  Expected: BadRequest&#xD;
  But was:  Created&#xD;
&#xD;
  8)   
Expected object:
Properties: 
id:  6. 
debtId:  1. 
collectorIds: 
1
2
appointmentDate:  12/9/2020 2:30:00 PM. 
Actual object:
Properties: 
id:  6. 
debtId:  1. 
collectorIds: 
0
1
appointmentDate:  2/26/2021 1:13:54 AM. &#xD;
  Expected: &lt;SdcaFramework.Clients.Appointment&gt;&#xD;
  But was:  &lt;SdcaFramework.Clients.Appointment&gt;&#xD;
&#xD;
  9)   Expected status code should be 'Not Found'.&#xD;
  Expected: NotFound&#xD;
  But was:  NoContent&#xD;
&#xD;
  10)   
Expected object:
Properties: 
id:  7. 
debtId:  3. 
collectorIds: 
8
appointmentDate:  12/9/2020 2:30:00 PM. 
Actual object:
Properties: 
id:  7. 
debtId:  3. 
collectorIds: 
2
3
appointmentDate:  2/26/2021 1:13:55 AM. &#xD;
  Expected: &lt;SdcaFramework.Clients.Appointment&gt;&#xD;
  But was:  &lt;SdcaFramework.Clients.Appointment&gt;&#xD;
&#xD;
  11)   Expected status code should be 'Bad Request'.&#xD;
  Expected: BadRequest&#xD;
  But was:  Created&#xD;
&#xD;
  12)   Expected status code should be 'Bad Request'.&#xD;
  Expected: BadRequest&#xD;
  But was:  Created&#xD;
&#xD;
  13)   Expected status code should be 'Bad Request'.&#xD;
  Expected: BadRequest&#xD;
  But was:  Created&#xD;
&#xD;
  14)   Expected status code should be 'Bad Request'.&#xD;
  Expected: BadRequest&#xD;
  But was:  Created&#xD;
&#xD;
  15)   
Expected object:
Properties: 
id:  1. 
nickname:  Fear Man777. 
fearFactor:  1. 
Actual object:
Properties: 
id:  1. 
nickname:  Jango Unbrained. 
fearFactor:  5. &#xD;
  Expected: &lt;SdcaFramework.Clients.Collector&gt;&#xD;
  But was:  &lt;SdcaFramework.Clients.Collector&gt;&#xD;
&#xD;
  16)   
Expected object:
Properties: 
id:  17. 
nickname:  Fear Man. 
fearFactor:  1. 
Actual object:
Properties: 
id:  8. 
nickname:  Fear Man. 
fearFactor:  1. &#xD;
  Expected: &lt;SdcaFramework.Clients.Collector&gt;&#xD;
  But was:  &lt;SdcaFramework.Clients.Collector&gt;&#xD;
&#xD;
  17)   Expected status code should be 'Bad Request'.&#xD;
  Expected: BadRequest&#xD;
  But was:  Created&#xD;
&#xD;
  18)   Expected status code should be 'Bad Request'.&#xD;
  Expected: BadRequest&#xD;
  But was:  Created&#xD;
&#xD;
  19)   Expected status code should be 'Bad Request'.&#xD;
  Expected: BadRequest&#xD;
  But was:  Created&#xD;
&#xD;
  20)   The expected and actual amounts are different&#xD;
  Expected: 1000.088145161287d&#xD;
  But was:  3818.1908703332228d</StdOut>
        <ErrorInfo>
          <Message>Test method SdcaFramework.Features.DebtFeature.CheckRecalculatedDebtAmount threw exception: &#xD;
NUnit.Framework.AssertionException: Multiple failures or warnings in test:&#xD;
  1)   
Expected object
Properties: 
id:  0. 
debtId:  1. 
collectorIds: 
1
2
appointmentDate:  12/9/2020 2:30:00 PM. 
Actual list of objects:
Object №0
Properties: 
id:  0. 
debtId:  1. 
collectorIds: 
0
1
appointmentDate:  2/23/2021 1:13:52 AM. &#xD;
  Expected: some item equal to &lt;SdcaFramework.Clients.Appointment&gt;&#xD;
  But was:  &lt; &lt;SdcaFramework.Clients.Appointment&gt; &gt;&#xD;
&#xD;
  2)   Expected status code should be 'Bad Request'.&#xD;
  Expected: BadRequest&#xD;
  But was:  Created&#xD;
&#xD;
  3)   Expected status code should be 'Bad Request'.&#xD;
  Expected: BadRequest&#xD;
  But was:  Created&#xD;
&#xD;
  4)   Expected status code should be 'Bad Request'.&#xD;
  Expected: BadRequest&#xD;
  But was:  Created&#xD;
&#xD;
  5)   Expected status code should be 'Bad Request'.&#xD;
  Expected: BadRequest&#xD;
  But was:  InternalServerError&#xD;
&#xD;
  6)   Expected status code should be 'Bad Request'.&#xD;
  Expected: BadRequest&#xD;
  But was:  Created&#xD;
&#xD;
  7)   Expected status code should be 'Bad Request'.&#xD;
  Expected: BadRequest&#xD;
  But was:  Created&#xD;
&#xD;
  8)   
Expected object:
Properties: 
id:  6. 
debtId:  1. 
collectorIds: 
1
2
appointmentDate:  12/9/2020 2:30:00 PM. 
Actual object:
Properties: 
id:  6. 
debtId:  1. 
collectorIds: 
0
1
appointmentDate:  2/26/2021 1:13:54 AM. &#xD;
  Expected: &lt;SdcaFramework.Clients.Appointment&gt;&#xD;
  But was:  &lt;SdcaFramework.Clients.Appointment&gt;&#xD;
&#xD;
  9)   Expected status code should be 'Not Found'.&#xD;
  Expected: NotFound&#xD;
  But was:  NoContent&#xD;
&#xD;
  10)   
Expected object:
Properties: 
id:  7. 
debtId:  3. 
collectorIds: 
8
appointmentDate:  12/9/2020 2:30:00 PM. 
Actual object:
Properties: 
id:  7. 
debtId:  3. 
collectorIds: 
2
3
appointmentDate:  2/26/2021 1:13:55 AM. &#xD;
  Expected: &lt;SdcaFramework.Clients.Appointment&gt;&#xD;
  But was:  &lt;SdcaFramework.Clients.Appointment&gt;&#xD;
&#xD;
  11)   Expected status code should be 'Bad Request'.&#xD;
  Expected: BadRequest&#xD;
  But was:  Created&#xD;
&#xD;
  12)   Expected status code should be 'Bad Request'.&#xD;
  Expected: BadRequest&#xD;
  But was:  Created&#xD;
&#xD;
  13)   Expected status code should be 'Bad Request'.&#xD;
  Expected: BadRequest&#xD;
  But was:  Created&#xD;
&#xD;
  14)   Expected status code should be 'Bad Request'.&#xD;
  Expected: BadRequest&#xD;
  But was:  Created&#xD;
&#xD;
  15)   
Expected object:
Properties: 
id:  1. 
nickname:  Fear Man777. 
fearFactor:  1. 
Actual object:
Properties: 
id:  1. 
nickname:  Jango Unbrained. 
fearFactor:  5. &#xD;
  Expected: &lt;SdcaFramework.Clients.Collector&gt;&#xD;
  But was:  &lt;SdcaFramework.Clients.Collector&gt;&#xD;
&#xD;
  16)   
Expected object:
Properties: 
id:  17. 
nickname:  Fear Man. 
fearFactor:  1. 
Actual object:
Properties: 
id:  8. 
nickname:  Fear Man. 
fearFactor:  1. &#xD;
  Expected: &lt;SdcaFramework.Clients.Collector&gt;&#xD;
  But was:  &lt;SdcaFramework.Clients.Collector&gt;&#xD;
&#xD;
  17)   Expected status code should be 'Bad Request'.&#xD;
  Expected: BadRequest&#xD;
  But was:  Created&#xD;
&#xD;
  18)   Expected status code should be 'Bad Request'.&#xD;
  Expected: BadRequest&#xD;
  But was:  Created&#xD;
&#xD;
  19)   Expected status code should be 'Bad Request'.&#xD;
  Expected: BadRequest&#xD;
  But was:  Created&#xD;
&#xD;
  20)   The expected and actual amounts are different&#xD;
  Expected: 1000.088145161287d&#xD;
  But was:  3818.1908703332228d&#xD;
&#xD;
</Message>
          <StackTrace>    at NUnit.Framework.Assert.ReportFailure(String message)&#xD;
   at NUnit.Framework.Assert.ReportFailure(ConstraintResult result, String message, Object[] args)&#xD;
   at NUnit.Framework.Assert.That[TActual](TActual actual, IResolveConstraint expression, String message, Object[] args)&#xD;
   at NUnit.Framework.Assert.AreEqual(Object expected, Object actual, String message, Object[] args)&#xD;
   at SdcaFramework.BusinessLogic.DebtStepsDef.ThenDebtAmountIsRecalculatedCorrectly() in C:\Users\Vika Zinchenko\source\repos\SdcaFramework\BusinessLogic\DebtStepsDef.cs:line 107&#xD;
   at TechTalk.SpecFlow.Bindings.BindingInvoker.InvokeBinding(IBinding binding, IContextManager contextManager, Object[] arguments, ITestTracer testTracer, TimeSpan&amp; duration)&#xD;
   at TechTalk.SpecFlow.Infrastructure.TestExecutionEngine.ExecuteStepMatch(BindingMatch match, Object[] arguments)&#xD;
   at TechTalk.SpecFlow.Infrastructure.TestExecutionEngine.ExecuteStep(IContextManager contextManager, StepInstance stepInstance)&#xD;
   at TechTalk.SpecFlow.Infrastructure.TestExecutionEngine.OnAfterLastStep()&#xD;
   at TechTalk.SpecFlow.TestRunner.CollectScenarioErrors()&#xD;
   at SdcaFramework.Features.DebtFeature.ScenarioCleanup()&#xD;
   at SdcaFramework.Features.DebtFeature.CheckRecalculatedDebtAmount() in C:\Users\Vika Zinchenko\source\repos\SdcaFramework\Features\Debt.feature:line 57&#xD;
</StackTrace>
        </ErrorInfo>
      </Output>
    </UnitTestResult>
    <UnitTestResult executionId="c7c5bc45-0bba-4b7b-8c45-a762f176b71a" testId="8ec9660f-16e1-5097-72df-e90c291f07a0" testName="TryToAddStudentWithInvalidParameter_Variant0" computerName="DESKTOP-N392BU0" duration="00:00:00.0414225" startTime="2021-02-22T01:13:58.5124102+02:00" endTime="2021-02-22T01:13:58.5544788+02:00" testType="13cdc9d9-ddb5-4fa4-a97d-d965ccfc6d4b" outcome="Failed" testListId="8c84fa94-04c1-424b-9868-57a2d4851a1d" relativeResultsDirectory="c7c5bc45-0bba-4b7b-8c45-a762f176b71a">
      <Output>
        <StdOut>When I try to add a student with invalid parameter&#xD;
  --- table step argument ---&#xD;
  | Parameter | Value |&#xD;
  | name      | 123   |&#xD;
  | age       | 17    |&#xD;
  | sex       | true  |&#xD;
  | risk      | 5     |&#xD;
-&gt; done: StudentStepsDef.TryToAddStudentWithInvalidParameter(System.Collection...) (0,0s)&#xD;
Then the system can't create the collector data&#xD;
-&gt; error: Multiple failures or warnings in test:&#xD;
  1)   
Expected object
Properties: 
id:  0. 
debtId:  1. 
collectorIds: 
1
2
appointmentDate:  12/9/2020 2:30:00 PM. 
Actual list of objects:
Object №0
Properties: 
id:  0. 
debtId:  1. 
collectorIds: 
0
1
appointmentDate:  2/23/2021 1:13:52 AM. &#xD;
  Expected: some item equal to &lt;SdcaFramework.Clients.Appointment&gt;&#xD;
  But was:  &lt; &lt;SdcaFramework.Clients.Appointment&gt; &gt;&#xD;
&#xD;
  2)   Expected status code should be 'Bad Request'.&#xD;
  Expected: BadRequest&#xD;
  But was:  Created&#xD;
&#xD;
  3)   Expected status code should be 'Bad Request'.&#xD;
  Expected: BadRequest&#xD;
  But was:  Created&#xD;
&#xD;
  4)   Expected status code should be 'Bad Request'.&#xD;
  Expected: BadRequest&#xD;
  But was:  Created&#xD;
&#xD;
  5)   Expected status code should be 'Bad Request'.&#xD;
  Expected: BadRequest&#xD;
  But was:  InternalServerError&#xD;
&#xD;
  6)   Expected status code should be 'Bad Request'.&#xD;
  Expected: BadRequest&#xD;
  But was:  Created&#xD;
&#xD;
  7)   Expected status code should be 'Bad Request'.&#xD;
  Expected: BadRequest&#xD;
  But was:  Created&#xD;
&#xD;
  8)   
Expected object:
Properties: 
id:  6. 
debtId:  1. 
collectorIds: 
1
2
appointmentDate:  12/9/2020 2:30:00 PM. 
Actual object:
Properties: 
id:  6. 
debtId:  1. 
collectorIds: 
0
1
appointmentDate:  2/26/2021 1:13:54 AM. &#xD;
  Expected: &lt;SdcaFramework.Clients.Appointment&gt;&#xD;
  But was:  &lt;SdcaFramework.Clients.Appointment&gt;&#xD;
&#xD;
  9)   Expected status code should be 'Not Found'.&#xD;
  Expected: NotFound&#xD;
  But was:  NoContent&#xD;
&#xD;
  10)   
Expected object:
Properties: 
id:  7. 
debtId:  3. 
collectorIds: 
8
appointmentDate:  12/9/2020 2:30:00 PM. 
Actual object:
Properties: 
id:  7. 
debtId:  3. 
collectorIds: 
2
3
appointmentDate:  2/26/2021 1:13:55 AM. &#xD;
  Expected: &lt;SdcaFramework.Clients.Appointment&gt;&#xD;
  But was:  &lt;SdcaFramework.Clients.Appointment&gt;&#xD;
&#xD;
  11)   Expected status code should be 'Bad Request'.&#xD;
  Expected: BadRequest&#xD;
  But was:  Created&#xD;
&#xD;
  12)   Expected status code should be 'Bad Request'.&#xD;
  Expected: BadRequest&#xD;
  But was:  Created&#xD;
&#xD;
  13)   Expected status code should be 'Bad Request'.&#xD;
  Expected: BadRequest&#xD;
  But was:  Created&#xD;
&#xD;
  14)   Expected status code should be 'Bad Request'.&#xD;
  Expected: BadRequest&#xD;
  But was:  Created&#xD;
&#xD;
  15)   
Expected object:
Properties: 
id:  1. 
nickname:  Fear Man777. 
fearFactor:  1. 
Actual object:
Properties: 
id:  1. 
nickname:  Jango Unbrained. 
fearFactor:  5. &#xD;
  Expected: &lt;SdcaFramework.Clients.Collector&gt;&#xD;
  But was:  &lt;SdcaFramework.Clients.Collector&gt;&#xD;
&#xD;
  16)   
Expected object:
Properties: 
id:  17. 
nickname:  Fear Man. 
fearFactor:  1. 
Actual object:
Properties: 
id:  8. 
nickname:  Fear Man. 
fearFactor:  1. &#xD;
  Expected: &lt;SdcaFramework.Clients.Collector&gt;&#xD;
  But was:  &lt;SdcaFramework.Clients.Collector&gt;&#xD;
&#xD;
  17)   Expected status code should be 'Bad Request'.&#xD;
  Expected: BadRequest&#xD;
  But was:  Created&#xD;
&#xD;
  18)   Expected status code should be 'Bad Request'.&#xD;
  Expected: BadRequest&#xD;
  But was:  Created&#xD;
&#xD;
  19)   Expected status code should be 'Bad Request'.&#xD;
  Expected: BadRequest&#xD;
  But was:  Created&#xD;
&#xD;
  20)   The expected and actual amounts are different&#xD;
  Expected: 1000.088145161287d&#xD;
  But was:  3818.1908703332228d&#xD;
&#xD;
  21)   
Expected object
Properties: 
id:  6. 
name:  Poor guy. 
age:  17. 
sex:  True. 
risk:  5. 
Actual list of objects:
Object №0
Properties: 
id:  0. 
name:  John Doe. 
age:  9573164384136754. 
sex:  True. 
risk:  2. 
Object №1
Properties: 
id:  1. 
name:  Vasily Petrenko. 
age:  11179340384136868. 
sex:  True. 
risk:  5. 
Object №2
Properties: 
id:  2. 
name:  Wendy Lolson. 
age:  3382604384136883. 
sex:  False. 
risk:  1. 
Object №3
Properties: 
id:  3. 
name:  Poor guy. 
age:  30290653. 
sex:  True. 
risk:  1. 
Object №4
Properties: 
id:  4. 
name:  Poor guy. 
age:  19419159. 
sex:  True. 
risk:  1. 
Object №5
Properties: 
id:  5. 
name:  Poor guy. 
age:  3690143. 
sex:  True. 
risk:  1. 
Object №6
Properties: 
id:  6. 
name:  Poor guy. 
age:  654247. 
sex:  True. 
risk:  5. &#xD;
  Expected: some item equal to &lt;SdcaFramework.Clients.Student&gt;&#xD;
  But was:  &lt; &lt;SdcaFramework.Clients.Student&gt;, &lt;SdcaFramework.Clients.Student&gt;, &lt;SdcaFramework.Clients.Student&gt;, &lt;SdcaFramework.Clients.Student&gt;, &lt;SdcaFramework.Clients.Student&gt;, &lt;SdcaFramework.Clients.Student&gt;, &lt;SdcaFramework.Clients.Student&gt; &gt;&#xD;
&#xD;
  22)   
Expected object:
Properties: 
id:  7. 
name:  Poor girl. 
age:  17. 
sex:  False. 
risk:  5. 
Actual object:
Properties: 
id:  7. 
name:  Poor girl. 
age:  492927. 
sex:  False. 
risk:  5. &#xD;
  Expected: &lt;SdcaFramework.Clients.Student&gt;&#xD;
  But was:  &lt;SdcaFramework.Clients.Student&gt;&#xD;
&#xD;
  23)   Expected status code should be 'Bad Request'.&#xD;
  Expected: BadRequest&#xD;
  But was:  Created</StdOut>
        <ErrorInfo>
          <Message>Test method SdcaFramework.Features.StudentFeature.TryToAddStudentWithInvalidParameter_Variant0 threw exception: &#xD;
NUnit.Framework.AssertionException: Multiple failures or warnings in test:&#xD;
  1)   
Expected object
Properties: 
id:  0. 
debtId:  1. 
collectorIds: 
1
2
appointmentDate:  12/9/2020 2:30:00 PM. 
Actual list of objects:
Object №0
Properties: 
id:  0. 
debtId:  1. 
collectorIds: 
0
1
appointmentDate:  2/23/2021 1:13:52 AM. &#xD;
  Expected: some item equal to &lt;SdcaFramework.Clients.Appointment&gt;&#xD;
  But was:  &lt; &lt;SdcaFramework.Clients.Appointment&gt; &gt;&#xD;
&#xD;
  2)   Expected status code should be 'Bad Request'.&#xD;
  Expected: BadRequest&#xD;
  But was:  Created&#xD;
&#xD;
  3)   Expected status code should be 'Bad Request'.&#xD;
  Expected: BadRequest&#xD;
  But was:  Created&#xD;
&#xD;
  4)   Expected status code should be 'Bad Request'.&#xD;
  Expected: BadRequest&#xD;
  But was:  Created&#xD;
&#xD;
  5)   Expected status code should be 'Bad Request'.&#xD;
  Expected: BadRequest&#xD;
  But was:  InternalServerError&#xD;
&#xD;
  6)   Expected status code should be 'Bad Request'.&#xD;
  Expected: BadRequest&#xD;
  But was:  Created&#xD;
&#xD;
  7)   Expected status code should be 'Bad Request'.&#xD;
  Expected: BadRequest&#xD;
  But was:  Created&#xD;
&#xD;
  8)   
Expected object:
Properties: 
id:  6. 
debtId:  1. 
collectorIds: 
1
2
appointmentDate:  12/9/2020 2:30:00 PM. 
Actual object:
Properties: 
id:  6. 
debtId:  1. 
collectorIds: 
0
1
appointmentDate:  2/26/2021 1:13:54 AM. &#xD;
  Expected: &lt;SdcaFramework.Clients.Appointment&gt;&#xD;
  But was:  &lt;SdcaFramework.Clients.Appointment&gt;&#xD;
&#xD;
  9)   Expected status code should be 'Not Found'.&#xD;
  Expected: NotFound&#xD;
  But was:  NoContent&#xD;
&#xD;
  10)   
Expected object:
Properties: 
id:  7. 
debtId:  3. 
collectorIds: 
8
appointmentDate:  12/9/2020 2:30:00 PM. 
Actual object:
Properties: 
id:  7. 
debtId:  3. 
collectorIds: 
2
3
appointmentDate:  2/26/2021 1:13:55 AM. &#xD;
  Expected: &lt;SdcaFramework.Clients.Appointment&gt;&#xD;
  But was:  &lt;SdcaFramework.Clients.Appointment&gt;&#xD;
&#xD;
  11)   Expected status code should be 'Bad Request'.&#xD;
  Expected: BadRequest&#xD;
  But was:  Created&#xD;
&#xD;
  12)   Expected status code should be 'Bad Request'.&#xD;
  Expected: BadRequest&#xD;
  But was:  Created&#xD;
&#xD;
  13)   Expected status code should be 'Bad Request'.&#xD;
  Expected: BadRequest&#xD;
  But was:  Created&#xD;
&#xD;
  14)   Expected status code should be 'Bad Request'.&#xD;
  Expected: BadRequest&#xD;
  But was:  Created&#xD;
&#xD;
  15)   
Expected object:
Properties: 
id:  1. 
nickname:  Fear Man777. 
fearFactor:  1. 
Actual object:
Properties: 
id:  1. 
nickname:  Jango Unbrained. 
fearFactor:  5. &#xD;
  Expected: &lt;SdcaFramework.Clients.Collector&gt;&#xD;
  But was:  &lt;SdcaFramework.Clients.Collector&gt;&#xD;
&#xD;
  16)   
Expected object:
Properties: 
id:  17. 
nickname:  Fear Man. 
fearFactor:  1. 
Actual object:
Properties: 
id:  8. 
nickname:  Fear Man. 
fearFactor:  1. &#xD;
  Expected: &lt;SdcaFramework.Clients.Collector&gt;&#xD;
  But was:  &lt;SdcaFramework.Clients.Collector&gt;&#xD;
&#xD;
  17)   Expected status code should be 'Bad Request'.&#xD;
  Expected: BadRequest&#xD;
  But was:  Created&#xD;
&#xD;
  18)   Expected status code should be 'Bad Request'.&#xD;
  Expected: BadRequest&#xD;
  But was:  Created&#xD;
&#xD;
  19)   Expected status code should be 'Bad Request'.&#xD;
  Expected: BadRequest&#xD;
  But was:  Created&#xD;
&#xD;
  20)   The expected and actual amounts are different&#xD;
  Expected: 1000.088145161287d&#xD;
  But was:  3818.1908703332228d&#xD;
&#xD;
  21)   
Expected object
Properties: 
id:  6. 
name:  Poor guy. 
age:  17. 
sex:  True. 
risk:  5. 
Actual list of objects:
Object №0
Properties: 
id:  0. 
name:  John Doe. 
age:  9573164384136754. 
sex:  True. 
risk:  2. 
Object №1
Properties: 
id:  1. 
name:  Vasily Petrenko. 
age:  11179340384136868. 
sex:  True. 
risk:  5. 
Object №2
Properties: 
id:  2. 
name:  Wendy Lolson. 
age:  3382604384136883. 
sex:  False. 
risk:  1. 
Object №3
Properties: 
id:  3. 
name:  Poor guy. 
age:  30290653. 
sex:  True. 
risk:  1. 
Object №4
Properties: 
id:  4. 
name:  Poor guy. 
age:  19419159. 
sex:  True. 
risk:  1. 
Object №5
Properties: 
id:  5. 
name:  Poor guy. 
age:  3690143. 
sex:  True. 
risk:  1. 
Object №6
Properties: 
id:  6. 
name:  Poor guy. 
age:  654247. 
sex:  True. 
risk:  5. &#xD;
  Expected: some item equal to &lt;SdcaFramework.Clients.Student&gt;&#xD;
  But was:  &lt; &lt;SdcaFramework.Clients.Student&gt;, &lt;SdcaFramework.Clients.Student&gt;, &lt;SdcaFramework.Clients.Student&gt;, &lt;SdcaFramework.Clients.Student&gt;, &lt;SdcaFramework.Clients.Student&gt;, &lt;SdcaFramework.Clients.Student&gt;, &lt;SdcaFramework.Clients.Student&gt; &gt;&#xD;
&#xD;
  22)   
Expected object:
Properties: 
id:  7. 
name:  Poor girl. 
age:  17. 
sex:  False. 
risk:  5. 
Actual object:
Properties: 
id:  7. 
name:  Poor girl. 
age:  492927. 
sex:  False. 
risk:  5. &#xD;
  Expected: &lt;SdcaFramework.Clients.Student&gt;&#xD;
  But was:  &lt;SdcaFramework.Clients.Student&gt;&#xD;
&#xD;
  23)   Expected status code should be 'Bad Request'.&#xD;
  Expected: BadRequest&#xD;
  But was:  Created&#xD;
&#xD;
</Message>
          <StackTrace>    at NUnit.Framework.Assert.ReportFailure(String message)&#xD;
   at NUnit.Framework.Assert.ReportFailure(ConstraintResult result, String message, Object[] args)&#xD;
   at NUnit.Framework.Assert.That[TActual](TActual actual, IResolveConstraint expression, String message, Object[] args)&#xD;
   at NUnit.Framework.Assert.AreEqual(Object expected, Object actual, String message, Object[] args)&#xD;
   at SdcaFramework.BusinessLogic.CollectorStepsDef.ThenSystemDidNotCreateCollector() in C:\Users\Vika Zinchenko\source\repos\SdcaFramework\BusinessLogic\CollectorStepsDef.cs:line 115&#xD;
   at TechTalk.SpecFlow.Bindings.BindingInvoker.InvokeBinding(IBinding binding, IContextManager contextManager, Object[] arguments, ITestTracer testTracer, TimeSpan&amp; duration)&#xD;
   at TechTalk.SpecFlow.Infrastructure.TestExecutionEngine.ExecuteStepMatch(BindingMatch match, Object[] arguments)&#xD;
   at TechTalk.SpecFlow.Infrastructure.TestExecutionEngine.ExecuteStep(IContextManager contextManager, StepInstance stepInstance)&#xD;
   at TechTalk.SpecFlow.Infrastructure.TestExecutionEngine.OnAfterLastStep()&#xD;
   at TechTalk.SpecFlow.TestRunner.CollectScenarioErrors()&#xD;
   at SdcaFramework.Features.StudentFeature.ScenarioCleanup()&#xD;
   at SdcaFramework.Features.StudentFeature.TryToAddStudentWithInvalidParameter(String name, String age, String sex, String risk, String[] exampleTags) in C:\Users\Vika Zinchenko\source\repos\SdcaFramework\Features\Student.feature:line 27&#xD;
   at SdcaFramework.Features.StudentFeature.TryToAddStudentWithInvalidParameter_Variant0() in C:\Users\Vika Zinchenko\source\repos\SdcaFramework\Features\Student.feature:line 20&#xD;
</StackTrace>
        </ErrorInfo>
      </Output>
    </UnitTestResult>
    <UnitTestResult executionId="b639e99f-261c-4cb3-9c5e-569df140af91" testId="87353947-10d7-56c5-ec93-ca1b60bf96d4" testName="TryToAddDebtWithInvalidParameter_Variant5" computerName="DESKTOP-N392BU0" duration="00:00:00.0228336" startTime="2021-02-22T01:13:57.2401778+02:00" endTime="2021-02-22T01:13:57.2636110+02:00" testType="13cdc9d9-ddb5-4fa4-a97d-d965ccfc6d4b" outcome="Failed" testListId="8c84fa94-04c1-424b-9868-57a2d4851a1d" relativeResultsDirectory="b639e99f-261c-4cb3-9c5e-569df140af91">
      <Output>
        <StdOut>When I try to add a debt with invalid parameter&#xD;
  --- table step argument ---&#xD;
  | Parameter      | Value |&#xD;
  | studentId      | 0     |&#xD;
  | amount         | 100   |&#xD;
  | monthlyPercent | -5    |&#xD;
-&gt; done: DebtStepsDef.TryToAddADebtWithInvalidParameter(System.Collection...) (0,0s)&#xD;
Then the system can't create the collector data&#xD;
-&gt; error: Multiple failures or warnings in test:&#xD;
  1)   
Expected object
Properties: 
id:  0. 
debtId:  1. 
collectorIds: 
1
2
appointmentDate:  12/9/2020 2:30:00 PM. 
Actual list of objects:
Object №0
Properties: 
id:  0. 
debtId:  1. 
collectorIds: 
0
1
appointmentDate:  2/23/2021 1:13:52 AM. &#xD;
  Expected: some item equal to &lt;SdcaFramework.Clients.Appointment&gt;&#xD;
  But was:  &lt; &lt;SdcaFramework.Clients.Appointment&gt; &gt;&#xD;
&#xD;
  2)   Expected status code should be 'Bad Request'.&#xD;
  Expected: BadRequest&#xD;
  But was:  Created&#xD;
&#xD;
  3)   Expected status code should be 'Bad Request'.&#xD;
  Expected: BadRequest&#xD;
  But was:  Created&#xD;
&#xD;
  4)   Expected status code should be 'Bad Request'.&#xD;
  Expected: BadRequest&#xD;
  But was:  Created&#xD;
&#xD;
  5)   Expected status code should be 'Bad Request'.&#xD;
  Expected: BadRequest&#xD;
  But was:  InternalServerError&#xD;
&#xD;
  6)   Expected status code should be 'Bad Request'.&#xD;
  Expected: BadRequest&#xD;
  But was:  Created&#xD;
&#xD;
  7)   Expected status code should be 'Bad Request'.&#xD;
  Expected: BadRequest&#xD;
  But was:  Created&#xD;
&#xD;
  8)   
Expected object:
Properties: 
id:  6. 
debtId:  1. 
collectorIds: 
1
2
appointmentDate:  12/9/2020 2:30:00 PM. 
Actual object:
Properties: 
id:  6. 
debtId:  1. 
collectorIds: 
0
1
appointmentDate:  2/26/2021 1:13:54 AM. &#xD;
  Expected: &lt;SdcaFramework.Clients.Appointment&gt;&#xD;
  But was:  &lt;SdcaFramework.Clients.Appointment&gt;&#xD;
&#xD;
  9)   Expected status code should be 'Not Found'.&#xD;
  Expected: NotFound&#xD;
  But was:  NoContent&#xD;
&#xD;
  10)   
Expected object:
Properties: 
id:  7. 
debtId:  3. 
collectorIds: 
8
appointmentDate:  12/9/2020 2:30:00 PM. 
Actual object:
Properties: 
id:  7. 
debtId:  3. 
collectorIds: 
2
3
appointmentDate:  2/26/2021 1:13:55 AM. &#xD;
  Expected: &lt;SdcaFramework.Clients.Appointment&gt;&#xD;
  But was:  &lt;SdcaFramework.Clients.Appointment&gt;&#xD;
&#xD;
  11)   Expected status code should be 'Bad Request'.&#xD;
  Expected: BadRequest&#xD;
  But was:  Created&#xD;
&#xD;
  12)   Expected status code should be 'Bad Request'.&#xD;
  Expected: BadRequest&#xD;
  But was:  Created&#xD;
&#xD;
  13)   Expected status code should be 'Bad Request'.&#xD;
  Expected: BadRequest&#xD;
  But was:  Created&#xD;
&#xD;
  14)   Expected status code should be 'Bad Request'.&#xD;
  Expected: BadRequest&#xD;
  But was:  Created&#xD;
&#xD;
  15)   
Expected object:
Properties: 
id:  1. 
nickname:  Fear Man777. 
fearFactor:  1. 
Actual object:
Properties: 
id:  1. 
nickname:  Jango Unbrained. 
fearFactor:  5. &#xD;
  Expected: &lt;SdcaFramework.Clients.Collector&gt;&#xD;
  But was:  &lt;SdcaFramework.Clients.Collector&gt;&#xD;
&#xD;
  16)   
Expected object:
Properties: 
id:  17. 
nickname:  Fear Man. 
fearFactor:  1. 
Actual object:
Properties: 
id:  8. 
nickname:  Fear Man. 
fearFactor:  1. &#xD;
  Expected: &lt;SdcaFramework.Clients.Collector&gt;&#xD;
  But was:  &lt;SdcaFramework.Clients.Collector&gt;&#xD;
&#xD;
  17)   Expected status code should be 'Bad Request'.&#xD;
  Expected: BadRequest&#xD;
  But was:  Created&#xD;
&#xD;
  18)   Expected status code should be 'Bad Request'.&#xD;
  Expected: BadRequest&#xD;
  But was:  Created&#xD;
&#xD;
  19)   Expected status code should be 'Bad Request'.&#xD;
  Expected: BadRequest&#xD;
  But was:  Created</StdOut>
        <ErrorInfo>
          <Message>Test method SdcaFramework.Features.DebtFeature.TryToAddDebtWithInvalidParameter_Variant5 threw exception: &#xD;
NUnit.Framework.AssertionException: Multiple failures or warnings in test:&#xD;
  1)   
Expected object
Properties: 
id:  0. 
debtId:  1. 
collectorIds: 
1
2
appointmentDate:  12/9/2020 2:30:00 PM. 
Actual list of objects:
Object №0
Properties: 
id:  0. 
debtId:  1. 
collectorIds: 
0
1
appointmentDate:  2/23/2021 1:13:52 AM. &#xD;
  Expected: some item equal to &lt;SdcaFramework.Clients.Appointment&gt;&#xD;
  But was:  &lt; &lt;SdcaFramework.Clients.Appointment&gt; &gt;&#xD;
&#xD;
  2)   Expected status code should be 'Bad Request'.&#xD;
  Expected: BadRequest&#xD;
  But was:  Created&#xD;
&#xD;
  3)   Expected status code should be 'Bad Request'.&#xD;
  Expected: BadRequest&#xD;
  But was:  Created&#xD;
&#xD;
  4)   Expected status code should be 'Bad Request'.&#xD;
  Expected: BadRequest&#xD;
  But was:  Created&#xD;
&#xD;
  5)   Expected status code should be 'Bad Request'.&#xD;
  Expected: BadRequest&#xD;
  But was:  InternalServerError&#xD;
&#xD;
  6)   Expected status code should be 'Bad Request'.&#xD;
  Expected: BadRequest&#xD;
  But was:  Created&#xD;
&#xD;
  7)   Expected status code should be 'Bad Request'.&#xD;
  Expected: BadRequest&#xD;
  But was:  Created&#xD;
&#xD;
  8)   
Expected object:
Properties: 
id:  6. 
debtId:  1. 
collectorIds: 
1
2
appointmentDate:  12/9/2020 2:30:00 PM. 
Actual object:
Properties: 
id:  6. 
debtId:  1. 
collectorIds: 
0
1
appointmentDate:  2/26/2021 1:13:54 AM. &#xD;
  Expected: &lt;SdcaFramework.Clients.Appointment&gt;&#xD;
  But was:  &lt;SdcaFramework.Clients.Appointment&gt;&#xD;
&#xD;
  9)   Expected status code should be 'Not Found'.&#xD;
  Expected: NotFound&#xD;
  But was:  NoContent&#xD;
&#xD;
  10)   
Expected object:
Properties: 
id:  7. 
debtId:  3. 
collectorIds: 
8
appointmentDate:  12/9/2020 2:30:00 PM. 
Actual object:
Properties: 
id:  7. 
debtId:  3. 
collectorIds: 
2
3
appointmentDate:  2/26/2021 1:13:55 AM. &#xD;
  Expected: &lt;SdcaFramework.Clients.Appointment&gt;&#xD;
  But was:  &lt;SdcaFramework.Clients.Appointment&gt;&#xD;
&#xD;
  11)   Expected status code should be 'Bad Request'.&#xD;
  Expected: BadRequest&#xD;
  But was:  Created&#xD;
&#xD;
  12)   Expected status code should be 'Bad Request'.&#xD;
  Expected: BadRequest&#xD;
  But was:  Created&#xD;
&#xD;
  13)   Expected status code should be 'Bad Request'.&#xD;
  Expected: BadRequest&#xD;
  But was:  Created&#xD;
&#xD;
  14)   Expected status code should be 'Bad Request'.&#xD;
  Expected: BadRequest&#xD;
  But was:  Created&#xD;
&#xD;
  15)   
Expected object:
Properties: 
id:  1. 
nickname:  Fear Man777. 
fearFactor:  1. 
Actual object:
Properties: 
id:  1. 
nickname:  Jango Unbrained. 
fearFactor:  5. &#xD;
  Expected: &lt;SdcaFramework.Clients.Collector&gt;&#xD;
  But was:  &lt;SdcaFramework.Clients.Collector&gt;&#xD;
&#xD;
  16)   
Expected object:
Properties: 
id:  17. 
nickname:  Fear Man. 
fearFactor:  1. 
Actual object:
Properties: 
id:  8. 
nickname:  Fear Man. 
fearFactor:  1. &#xD;
  Expected: &lt;SdcaFramework.Clients.Collector&gt;&#xD;
  But was:  &lt;SdcaFramework.Clients.Collector&gt;&#xD;
&#xD;
  17)   Expected status code should be 'Bad Request'.&#xD;
  Expected: BadRequest&#xD;
  But was:  Created&#xD;
&#xD;
  18)   Expected status code should be 'Bad Request'.&#xD;
  Expected: BadRequest&#xD;
  But was:  Created&#xD;
&#xD;
  19)   Expected status code should be 'Bad Request'.&#xD;
  Expected: BadRequest&#xD;
  But was:  Created&#xD;
&#xD;
</Message>
          <StackTrace>    at NUnit.Framework.Assert.ReportFailure(String message)&#xD;
   at NUnit.Framework.Assert.ReportFailure(ConstraintResult result, String message, Object[] args)&#xD;
   at NUnit.Framework.Assert.That[TActual](TActual actual, IResolveConstraint expression, String message, Object[] args)&#xD;
   at NUnit.Framework.Assert.AreEqual(Object expected, Object actual, String message, Object[] args)&#xD;
   at SdcaFramework.BusinessLogic.CollectorStepsDef.ThenSystemDidNotCreateCollector() in C:\Users\Vika Zinchenko\source\repos\SdcaFramework\BusinessLogic\CollectorStepsDef.cs:line 115&#xD;
   at TechTalk.SpecFlow.Bindings.BindingInvoker.InvokeBinding(IBinding binding, IContextManager contextManager, Object[] arguments, ITestTracer testTracer, TimeSpan&amp; duration)&#xD;
   at TechTalk.SpecFlow.Infrastructure.TestExecutionEngine.ExecuteStepMatch(BindingMatch match, Object[] arguments)&#xD;
   at TechTalk.SpecFlow.Infrastructure.TestExecutionEngine.ExecuteStep(IContextManager contextManager, StepInstance stepInstance)&#xD;
   at TechTalk.SpecFlow.Infrastructure.TestExecutionEngine.OnAfterLastStep()&#xD;
   at TechTalk.SpecFlow.TestRunner.CollectScenarioErrors()&#xD;
   at SdcaFramework.Features.DebtFeature.ScenarioCleanup()&#xD;
   at SdcaFramework.Features.DebtFeature.TryToAddDebtWithInvalidParameter(String studentId, String amount, String monthlyPercent, String[] exampleTags) in C:\Users\Vika Zinchenko\source\repos\SdcaFramework\Features\Debt.feature:line 18&#xD;
   at SdcaFramework.Features.DebtFeature.TryToAddDebtWithInvalidParameter_Variant5() in C:\Users\Vika Zinchenko\source\repos\SdcaFramework\Features\Debt.feature:line 12&#xD;
</StackTrace>
        </ErrorInfo>
      </Output>
    </UnitTestResult>
    <UnitTestResult executionId="02685df5-1b75-495e-a7c6-21a143e26fa8" testId="283c194f-72d9-316b-ab61-5287b7b755e1" testName="TryToAddDebtWithInvalidParameter_Variant8" computerName="DESKTOP-N392BU0" duration="00:00:00.0191311" startTime="2021-02-22T01:13:57.3130354+02:00" endTime="2021-02-22T01:13:57.3327768+02:00" testType="13cdc9d9-ddb5-4fa4-a97d-d965ccfc6d4b" outcome="Passed" testListId="8c84fa94-04c1-424b-9868-57a2d4851a1d" relativeResultsDirectory="02685df5-1b75-495e-a7c6-21a143e26fa8">
      <Output>
        <StdOut>When I try to add a debt with invalid parameter&#xD;
  --- table step argument ---&#xD;
  | Parameter      | Value |&#xD;
  | studentId      | 0     |&#xD;
  | amount         | 100   |&#xD;
  | monthlyPercent |       |&#xD;
-&gt; done: DebtStepsDef.TryToAddADebtWithInvalidParameter(System.Collection...) (0,0s)&#xD;
Then the system can't create the collector data&#xD;
-&gt; done: CollectorStepsDef.ThenSystemDidNotCreateCollector() (0,0s)</StdOut>
      </Output>
    </UnitTestResult>
    <UnitTestResult executionId="c06cee95-d4a4-45da-822f-5dd02b1dd86e" testId="986ccde8-fc6e-5e68-a2bf-7a32d7f277e1" testName="TryToAddAppointmentWithInvalidParameter_Variant2" computerName="DESKTOP-N392BU0" duration="00:00:00.0521746" startTime="2021-02-22T01:13:53.6418524+02:00" endTime="2021-02-22T01:13:53.6945070+02:00" testType="13cdc9d9-ddb5-4fa4-a97d-d965ccfc6d4b" outcome="Failed" testListId="8c84fa94-04c1-424b-9868-57a2d4851a1d" relativeResultsDirectory="c06cee95-d4a4-45da-822f-5dd02b1dd86e">
      <Output>
        <StdOut>When I try to add an appointment with invalid parameter&#xD;
  --- table step argument ---&#xD;
  | Parameter       | Value                            |&#xD;
  | collectorIds    | collectorIds                     |&#xD;
  | debtId          | 1                                |&#xD;
  | appointmentDate | 2020-12-09T14:30:00.000000+02:00 |&#xD;
-&gt; done: AppointmentStepsDef.TryToAddAppointmentWithInvalidParameter(System.Collection...) (0,0s)&#xD;
Then the system can't create the collector data&#xD;
-&gt; error: Multiple failures or warnings in test:&#xD;
  1)   
Expected object
Properties: 
id:  0. 
debtId:  1. 
collectorIds: 
1
2
appointmentDate:  12/9/2020 2:30:00 PM. 
Actual list of objects:
Object №0
Properties: 
id:  0. 
debtId:  1. 
collectorIds: 
0
1
appointmentDate:  2/23/2021 1:13:52 AM. &#xD;
  Expected: some item equal to &lt;SdcaFramework.Clients.Appointment&gt;&#xD;
  But was:  &lt; &lt;SdcaFramework.Clients.Appointment&gt; &gt;&#xD;
&#xD;
  2)   Expected status code should be 'Bad Request'.&#xD;
  Expected: BadRequest&#xD;
  But was:  Created&#xD;
&#xD;
  3)   Expected status code should be 'Bad Request'.&#xD;
  Expected: BadRequest&#xD;
  But was:  Created</StdOut>
        <ErrorInfo>
          <Message>Test method SdcaFramework.Features.AppointmentFeature.TryToAddAppointmentWithInvalidParameter_Variant2 threw exception: &#xD;
NUnit.Framework.AssertionException: Multiple failures or warnings in test:&#xD;
  1)   
Expected object
Properties: 
id:  0. 
debtId:  1. 
collectorIds: 
1
2
appointmentDate:  12/9/2020 2:30:00 PM. 
Actual list of objects:
Object №0
Properties: 
id:  0. 
debtId:  1. 
collectorIds: 
0
1
appointmentDate:  2/23/2021 1:13:52 AM. &#xD;
  Expected: some item equal to &lt;SdcaFramework.Clients.Appointment&gt;&#xD;
  But was:  &lt; &lt;SdcaFramework.Clients.Appointment&gt; &gt;&#xD;
&#xD;
  2)   Expected status code should be 'Bad Request'.&#xD;
  Expected: BadRequest&#xD;
  But was:  Created&#xD;
&#xD;
  3)   Expected status code should be 'Bad Request'.&#xD;
  Expected: BadRequest&#xD;
  But was:  Created&#xD;
&#xD;
</Message>
          <StackTrace>    at NUnit.Framework.Assert.ReportFailure(String message)&#xD;
   at NUnit.Framework.Assert.ReportFailure(ConstraintResult result, String message, Object[] args)&#xD;
   at NUnit.Framework.Assert.That[TActual](TActual actual, IResolveConstraint expression, String message, Object[] args)&#xD;
   at NUnit.Framework.Assert.AreEqual(Object expected, Object actual, String message, Object[] args)&#xD;
   at SdcaFramework.BusinessLogic.CollectorStepsDef.ThenSystemDidNotCreateCollector() in C:\Users\Vika Zinchenko\source\repos\SdcaFramework\BusinessLogic\CollectorStepsDef.cs:line 115&#xD;
   at TechTalk.SpecFlow.Bindings.BindingInvoker.InvokeBinding(IBinding binding, IContextManager contextManager, Object[] arguments, ITestTracer testTracer, TimeSpan&amp; duration)&#xD;
   at TechTalk.SpecFlow.Infrastructure.TestExecutionEngine.ExecuteStepMatch(BindingMatch match, Object[] arguments)&#xD;
   at TechTalk.SpecFlow.Infrastructure.TestExecutionEngine.ExecuteStep(IContextManager contextManager, StepInstance stepInstance)&#xD;
   at TechTalk.SpecFlow.Infrastructure.TestExecutionEngine.OnAfterLastStep()&#xD;
   at TechTalk.SpecFlow.TestRunner.CollectScenarioErrors()&#xD;
   at SdcaFramework.Features.AppointmentFeature.ScenarioCleanup()&#xD;
   at SdcaFramework.Features.AppointmentFeature.TryToAddAppointmentWithInvalidParameter(String collectorIds, String debtId, String appointmentDate, String[] exampleTags) in C:\Users\Vika Zinchenko\source\repos\SdcaFramework\Features\Appointment.feature:line 18&#xD;
   at SdcaFramework.Features.AppointmentFeature.TryToAddAppointmentWithInvalidParameter_Variant2() in C:\Users\Vika Zinchenko\source\repos\SdcaFramework\Features\Appointment.feature:line 12&#xD;
</StackTrace>
        </ErrorInfo>
      </Output>
    </UnitTestResult>
    <UnitTestResult executionId="5d278504-e528-4c94-95cb-745ff3431cf6" testId="65953178-041c-d41f-60db-f9b359907f65" testName="TryToAddAppointmentWithInvalidParameter_Variant0" computerName="DESKTOP-N392BU0" duration="00:00:00.5544474" startTime="2021-02-22T01:13:52.9251689+02:00" endTime="2021-02-22T01:13:53.4910699+02:00" testType="13cdc9d9-ddb5-4fa4-a97d-d965ccfc6d4b" outcome="Failed" testListId="8c84fa94-04c1-424b-9868-57a2d4851a1d" relativeResultsDirectory="5d278504-e528-4c94-95cb-745ff3431cf6">
      <Output>
        <StdOut>When I try to add an appointment with invalid parameter&#xD;
  --- table step argument ---&#xD;
  | Parameter       | Value           |&#xD;
  | collectorIds    | 1               |&#xD;
  | debtId          | 1               |&#xD;
  | appointmentDate | appointmentDate |&#xD;
-&gt; done: AppointmentStepsDef.TryToAddAppointmentWithInvalidParameter(System.Collection...) (0,5s)&#xD;
Then the system can't create the collector data&#xD;
-&gt; error: Multiple failures or warnings in test:&#xD;
  1)   
Expected object
Properties: 
id:  0. 
debtId:  1. 
collectorIds: 
1
2
appointmentDate:  12/9/2020 2:30:00 PM. 
Actual list of objects:
Object №0
Properties: 
id:  0. 
debtId:  1. 
collectorIds: 
0
1
appointmentDate:  2/23/2021 1:13:52 AM. &#xD;
  Expected: some item equal to &lt;SdcaFramework.Clients.Appointment&gt;&#xD;
  But was:  &lt; &lt;SdcaFramework.Clients.Appointment&gt; &gt;&#xD;
&#xD;
  2)   Expected status code should be 'Bad Request'.&#xD;
  Expected: BadRequest&#xD;
  But was:  Created</StdOut>
        <ErrorInfo>
          <Message>Test method SdcaFramework.Features.AppointmentFeature.TryToAddAppointmentWithInvalidParameter_Variant0 threw exception: &#xD;
NUnit.Framework.AssertionException: Multiple failures or warnings in test:&#xD;
  1)   
Expected object
Properties: 
id:  0. 
debtId:  1. 
collectorIds: 
1
2
appointmentDate:  12/9/2020 2:30:00 PM. 
Actual list of objects:
Object №0
Properties: 
id:  0. 
debtId:  1. 
collectorIds: 
0
1
appointmentDate:  2/23/2021 1:13:52 AM. &#xD;
  Expected: some item equal to &lt;SdcaFramework.Clients.Appointment&gt;&#xD;
  But was:  &lt; &lt;SdcaFramework.Clients.Appointment&gt; &gt;&#xD;
&#xD;
  2)   Expected status code should be 'Bad Request'.&#xD;
  Expected: BadRequest&#xD;
  But was:  Created&#xD;
&#xD;
</Message>
          <StackTrace>    at NUnit.Framework.Assert.ReportFailure(String message)&#xD;
   at NUnit.Framework.Assert.ReportFailure(ConstraintResult result, String message, Object[] args)&#xD;
   at NUnit.Framework.Assert.That[TActual](TActual actual, IResolveConstraint expression, String message, Object[] args)&#xD;
   at NUnit.Framework.Assert.AreEqual(Object expected, Object actual, String message, Object[] args)&#xD;
   at SdcaFramework.BusinessLogic.CollectorStepsDef.ThenSystemDidNotCreateCollector() in C:\Users\Vika Zinchenko\source\repos\SdcaFramework\BusinessLogic\CollectorStepsDef.cs:line 115&#xD;
   at TechTalk.SpecFlow.Bindings.BindingInvoker.InvokeBinding(IBinding binding, IContextManager contextManager, Object[] arguments, ITestTracer testTracer, TimeSpan&amp; duration)&#xD;
   at TechTalk.SpecFlow.Infrastructure.TestExecutionEngine.ExecuteStepMatch(BindingMatch match, Object[] arguments)&#xD;
   at TechTalk.SpecFlow.Infrastructure.TestExecutionEngine.ExecuteStep(IContextManager contextManager, StepInstance stepInstance)&#xD;
   at TechTalk.SpecFlow.Infrastructure.TestExecutionEngine.OnAfterLastStep()&#xD;
   at TechTalk.SpecFlow.TestRunner.CollectScenarioErrors()&#xD;
   at SdcaFramework.Features.AppointmentFeature.ScenarioCleanup()&#xD;
   at SdcaFramework.Features.AppointmentFeature.TryToAddAppointmentWithInvalidParameter(String collectorIds, String debtId, String appointmentDate, String[] exampleTags) in C:\Users\Vika Zinchenko\source\repos\SdcaFramework\Features\Appointment.feature:line 18&#xD;
   at SdcaFramework.Features.AppointmentFeature.TryToAddAppointmentWithInvalidParameter_Variant0() in C:\Users\Vika Zinchenko\source\repos\SdcaFramework\Features\Appointment.feature:line 12&#xD;
</StackTrace>
        </ErrorInfo>
      </Output>
    </UnitTestResult>
    <UnitTestResult executionId="6a7776f0-83e9-432d-adb4-6fb924315d3e" testId="f296ec1a-ed9d-b0db-6f29-1cbb5884489e" testName="CreateCollectorStudentDebtAppointmentAndCheckAppointmentConnectionWithDebt" computerName="DESKTOP-N392BU0" duration="00:00:00.2831805" startTime="2021-02-22T01:13:58.0155649+02:00" endTime="2021-02-22T01:13:58.2993028+02:00" testType="13cdc9d9-ddb5-4fa4-a97d-d965ccfc6d4b" outcome="Failed" testListId="8c84fa94-04c1-424b-9868-57a2d4851a1d" relativeResultsDirectory="6a7776f0-83e9-432d-adb4-6fb924315d3e">
      <Output>
        <StdOut>Given I have added a collector with the following parameters&#xD;
  --- table step argument ---&#xD;
  | nickname | fearFactor |&#xD;
  | Fear Man | 1          |&#xD;
-&gt; done: CollectorStepsDef.AddCollectorWithParameters(SdcaFramework.Cli...) (0,0s)&#xD;
And I have added a student with the following parameters&#xD;
  --- table step argument ---&#xD;
  | name     | age | sex  | risk |&#xD;
  | Poor guy | 17  | true | 1    |&#xD;
-&gt; done: StudentStepsDef.AddStudentWithParameters(SdcaFramework.Cli...) (0,0s)&#xD;
And I have added a debt with the following parameters&#xD;
  --- table step argument ---&#xD;
  | studentId | amount | monthlyPercent |&#xD;
  | last      | 170    | 10             |&#xD;
-&gt; error: The response has an incorrect status code
The expected status code: OK
The actual status code: InternalServerError&#xD;
When I add an appointment with the following parameters&#xD;
  --- table step argument ---&#xD;
  | collectorIds | debtId | appointmentDate                  |&#xD;
  | last         | last   | 2020-12-09T14:30:00.000000+02:00 |&#xD;
-&gt; error: The response has an incorrect status code
The expected status code: OK
The actual status code: InternalServerError&#xD;
Then the appointment data with last id is connected with the following debt&#xD;
  --- table step argument ---&#xD;
  | studentId | amount | monthlyPercent |&#xD;
  | last      | 170    | 10             |&#xD;
-&gt; skipped because of previous errors</StdOut>
        <ErrorInfo>
          <Message>Test method SdcaFramework.Features.DebtFeature.CreateCollectorStudentDebtAppointmentAndCheckAppointmentConnectionWithDebt threw exception: &#xD;
System.Exception: The response has an incorrect status code
The expected status code: OK
The actual status code: InternalServerError</Message>
          <StackTrace>    at SdcaFramework.ClientSteps.BaseSteps`2.CheckHttpStatusCode(IRestResponse response, HttpStatusCode expectedStatusCode) in C:\Users\Vika Zinchenko\source\repos\SdcaFramework\ClientSteps\BaseSteps.cs:line 81&#xD;
   at SdcaFramework.ClientSteps.BaseSteps`2.ExecuteRequest(Method method, HttpStatusCode expectedStatusCode, Object body, String objectId) in C:\Users\Vika Zinchenko\source\repos\SdcaFramework\ClientSteps\BaseSteps.cs:line 64&#xD;
   at SdcaFramework.ClientSteps.BaseSteps`2.GetListOfObjects(HttpStatusCode expectedStatusCode) in C:\Users\Vika Zinchenko\source\repos\SdcaFramework\ClientSteps\BaseSteps.cs:line 23&#xD;
   at SdcaFramework.ClientSteps.BaseSteps`2.get_LastObjectId() in C:\Users\Vika Zinchenko\source\repos\SdcaFramework\ClientSteps\BaseSteps.cs:line 20&#xD;
   at SdcaFramework.ClientSteps.DebtSteps.get_LastDebtId() in C:\Users\Vika Zinchenko\source\repos\SdcaFramework\ClientSteps\DebtSteps.cs:line 12&#xD;
   at SdcaFramework.Utilities.Transformations.GetDebtBasedOnDebtCreator(DebtCreator creator) in C:\Users\Vika Zinchenko\source\repos\SdcaFramework\Utilities\Transformation\Transformations.cs:line 32&#xD;
   at SdcaFramework.BusinessLogic.DebtStepsDef.AddDebtWithParameters(DebtCreator debt) in C:\Users\Vika Zinchenko\source\repos\SdcaFramework\BusinessLogic\DebtStepsDef.cs:line 39&#xD;
   at TechTalk.SpecFlow.Bindings.BindingInvoker.InvokeBinding(IBinding binding, IContextManager contextManager, Object[] arguments, ITestTracer testTracer, TimeSpan&amp; duration)&#xD;
   at TechTalk.SpecFlow.Infrastructure.TestExecutionEngine.ExecuteStepMatch(BindingMatch match, Object[] arguments)&#xD;
   at TechTalk.SpecFlow.Infrastructure.TestExecutionEngine.ExecuteStep(IContextManager contextManager, StepInstance stepInstance)&#xD;
   at TechTalk.SpecFlow.Infrastructure.TestExecutionEngine.OnAfterLastStep()&#xD;
   at TechTalk.SpecFlow.TestRunner.CollectScenarioErrors()&#xD;
   at SdcaFramework.Features.DebtFeature.ScenarioCleanup()&#xD;
   at SdcaFramework.Features.DebtFeature.CreateCollectorStudentDebtAppointmentAndCheckAppointmentConnectionWithDebt() in C:\Users\Vika Zinchenko\source\repos\SdcaFramework\Features\Debt.feature:line 72&#xD;
</StackTrace>
        </ErrorInfo>
      </Output>
    </UnitTestResult>
    <UnitTestResult executionId="d14f42fe-bd9f-4764-ae75-5e697ee4691b" testId="bb648ffe-fa73-fba7-325b-53e338002c99" testName="TryToAddStudentWithInvalidParameter_Variant7" computerName="DESKTOP-N392BU0" duration="00:00:00.0225551" startTime="2021-02-22T01:13:58.7404212+02:00" endTime="2021-02-22T01:13:58.7643692+02:00" testType="13cdc9d9-ddb5-4fa4-a97d-d965ccfc6d4b" outcome="Passed" testListId="8c84fa94-04c1-424b-9868-57a2d4851a1d" relativeResultsDirectory="d14f42fe-bd9f-4764-ae75-5e697ee4691b">
      <Output>
        <StdOut>When I try to add a student with invalid parameter&#xD;
  --- table step argument ---&#xD;
  | Parameter | Value |&#xD;
  | name      | Cutie |&#xD;
  | age       | 17    |&#xD;
  | sex       |       |&#xD;
  | risk      | 5     |&#xD;
-&gt; done: StudentStepsDef.TryToAddStudentWithInvalidParameter(System.Collection...) (0,0s)&#xD;
Then the system can't create the collector data&#xD;
-&gt; done: CollectorStepsDef.ThenSystemDidNotCreateCollector() (0,0s)</StdOut>
      </Output>
    </UnitTestResult>
    <UnitTestResult executionId="096eadc1-a6d8-4f65-97d2-74eb77fb2054" testId="5904423d-1f36-c28e-279a-fa7a6f0ce61e" testName="TryToAddAppointmentWithInvalidParameter_Variant4" computerName="DESKTOP-N392BU0" duration="00:00:00.8479783" startTime="2021-02-22T01:13:53.7503574+02:00" endTime="2021-02-22T01:13:54.5990828+02:00" testType="13cdc9d9-ddb5-4fa4-a97d-d965ccfc6d4b" outcome="Failed" testListId="8c84fa94-04c1-424b-9868-57a2d4851a1d" relativeResultsDirectory="096eadc1-a6d8-4f65-97d2-74eb77fb2054">
      <Output>
        <StdOut>When I try to add an appointment with invalid parameter&#xD;
  --- table step argument ---&#xD;
  | Parameter       | Value                            |&#xD;
  | collectorIds    | 1                                |&#xD;
  | debtId          | -1                               |&#xD;
  | appointmentDate | 2020-12-09T14:30:00.000000+02:00 |&#xD;
-&gt; done: AppointmentStepsDef.TryToAddAppointmentWithInvalidParameter(System.Collection...) (0,8s)&#xD;
Then the system can't create the collector data&#xD;
-&gt; error: Multiple failures or warnings in test:&#xD;
  1)   
Expected object
Properties: 
id:  0. 
debtId:  1. 
collectorIds: 
1
2
appointmentDate:  12/9/2020 2:30:00 PM. 
Actual list of objects:
Object №0
Properties: 
id:  0. 
debtId:  1. 
collectorIds: 
0
1
appointmentDate:  2/23/2021 1:13:52 AM. &#xD;
  Expected: some item equal to &lt;SdcaFramework.Clients.Appointment&gt;&#xD;
  But was:  &lt; &lt;SdcaFramework.Clients.Appointment&gt; &gt;&#xD;
&#xD;
  2)   Expected status code should be 'Bad Request'.&#xD;
  Expected: BadRequest&#xD;
  But was:  Created&#xD;
&#xD;
  3)   Expected status code should be 'Bad Request'.&#xD;
  Expected: BadRequest&#xD;
  But was:  Created&#xD;
&#xD;
  4)   Expected status code should be 'Bad Request'.&#xD;
  Expected: BadRequest&#xD;
  But was:  Created&#xD;
&#xD;
  5)   Expected status code should be 'Bad Request'.&#xD;
  Expected: BadRequest&#xD;
  But was:  InternalServerError</StdOut>
        <ErrorInfo>
          <Message>Test method SdcaFramework.Features.AppointmentFeature.TryToAddAppointmentWithInvalidParameter_Variant4 threw exception: &#xD;
NUnit.Framework.AssertionException: Multiple failures or warnings in test:&#xD;
  1)   
Expected object
Properties: 
id:  0. 
debtId:  1. 
collectorIds: 
1
2
appointmentDate:  12/9/2020 2:30:00 PM. 
Actual list of objects:
Object №0
Properties: 
id:  0. 
debtId:  1. 
collectorIds: 
0
1
appointmentDate:  2/23/2021 1:13:52 AM. &#xD;
  Expected: some item equal to &lt;SdcaFramework.Clients.Appointment&gt;&#xD;
  But was:  &lt; &lt;SdcaFramework.Clients.Appointment&gt; &gt;&#xD;
&#xD;
  2)   Expected status code should be 'Bad Request'.&#xD;
  Expected: BadRequest&#xD;
  But was:  Created&#xD;
&#xD;
  3)   Expected status code should be 'Bad Request'.&#xD;
  Expected: BadRequest&#xD;
  But was:  Created&#xD;
&#xD;
  4)   Expected status code should be 'Bad Request'.&#xD;
  Expected: BadRequest&#xD;
  But was:  Created&#xD;
&#xD;
  5)   Expected status code should be 'Bad Request'.&#xD;
  Expected: BadRequest&#xD;
  But was:  InternalServerError&#xD;
&#xD;
</Message>
          <StackTrace>    at NUnit.Framework.Assert.ReportFailure(String message)&#xD;
   at NUnit.Framework.Assert.ReportFailure(ConstraintResult result, String message, Object[] args)&#xD;
   at NUnit.Framework.Assert.That[TActual](TActual actual, IResolveConstraint expression, String message, Object[] args)&#xD;
   at NUnit.Framework.Assert.AreEqual(Object expected, Object actual, String message, Object[] args)&#xD;
   at SdcaFramework.BusinessLogic.CollectorStepsDef.ThenSystemDidNotCreateCollector() in C:\Users\Vika Zinchenko\source\repos\SdcaFramework\BusinessLogic\CollectorStepsDef.cs:line 115&#xD;
   at TechTalk.SpecFlow.Bindings.BindingInvoker.InvokeBinding(IBinding binding, IContextManager contextManager, Object[] arguments, ITestTracer testTracer, TimeSpan&amp; duration)&#xD;
   at TechTalk.SpecFlow.Infrastructure.TestExecutionEngine.ExecuteStepMatch(BindingMatch match, Object[] arguments)&#xD;
   at TechTalk.SpecFlow.Infrastructure.TestExecutionEngine.ExecuteStep(IContextManager contextManager, StepInstance stepInstance)&#xD;
   at TechTalk.SpecFlow.Infrastructure.TestExecutionEngine.OnAfterLastStep()&#xD;
   at TechTalk.SpecFlow.TestRunner.CollectScenarioErrors()&#xD;
   at SdcaFramework.Features.AppointmentFeature.ScenarioCleanup()&#xD;
   at SdcaFramework.Features.AppointmentFeature.TryToAddAppointmentWithInvalidParameter(String collectorIds, String debtId, String appointmentDate, String[] exampleTags) in C:\Users\Vika Zinchenko\source\repos\SdcaFramework\Features\Appointment.feature:line 18&#xD;
   at SdcaFramework.Features.AppointmentFeature.TryToAddAppointmentWithInvalidParameter_Variant4() in C:\Users\Vika Zinchenko\source\repos\SdcaFramework\Features\Appointment.feature:line 12&#xD;
</StackTrace>
        </ErrorInfo>
      </Output>
    </UnitTestResult>
    <UnitTestResult executionId="564d8fd9-2c81-4782-bde0-a2feb8cb314f" testId="cf770853-96ff-4c86-b97e-142547aafdaa" testName="TryToAddCollectorWithInvalidParameter_Variant2" computerName="DESKTOP-N392BU0" duration="00:00:00.0292357" startTime="2021-02-22T01:13:55.8589053+02:00" endTime="2021-02-22T01:13:55.8888190+02:00" testType="13cdc9d9-ddb5-4fa4-a97d-d965ccfc6d4b" outcome="Failed" testListId="8c84fa94-04c1-424b-9868-57a2d4851a1d" relativeResultsDirectory="564d8fd9-2c81-4782-bde0-a2feb8cb314f">
      <Output>
        <StdOut>When I try to add a collector with invalid parameter&#xD;
  --- table step argument ---&#xD;
  | Parameter  | Value     |&#xD;
  | nickname   | Angry guy |&#xD;
  | fearFactor | -1        |&#xD;
-&gt; done: CollectorStepsDef.TryToAddCollectorWithInvalidParameter(System.Collection...) (0,0s)&#xD;
Then the system can't create the collector data&#xD;
-&gt; error: Multiple failures or warnings in test:&#xD;
  1)   
Expected object
Properties: 
id:  0. 
debtId:  1. 
collectorIds: 
1
2
appointmentDate:  12/9/2020 2:30:00 PM. 
Actual list of objects:
Object №0
Properties: 
id:  0. 
debtId:  1. 
collectorIds: 
0
1
appointmentDate:  2/23/2021 1:13:52 AM. &#xD;
  Expected: some item equal to &lt;SdcaFramework.Clients.Appointment&gt;&#xD;
  But was:  &lt; &lt;SdcaFramework.Clients.Appointment&gt; &gt;&#xD;
&#xD;
  2)   Expected status code should be 'Bad Request'.&#xD;
  Expected: BadRequest&#xD;
  But was:  Created&#xD;
&#xD;
  3)   Expected status code should be 'Bad Request'.&#xD;
  Expected: BadRequest&#xD;
  But was:  Created&#xD;
&#xD;
  4)   Expected status code should be 'Bad Request'.&#xD;
  Expected: BadRequest&#xD;
  But was:  Created&#xD;
&#xD;
  5)   Expected status code should be 'Bad Request'.&#xD;
  Expected: BadRequest&#xD;
  But was:  InternalServerError&#xD;
&#xD;
  6)   Expected status code should be 'Bad Request'.&#xD;
  Expected: BadRequest&#xD;
  But was:  Created&#xD;
&#xD;
  7)   Expected status code should be 'Bad Request'.&#xD;
  Expected: BadRequest&#xD;
  But was:  Created&#xD;
&#xD;
  8)   
Expected object:
Properties: 
id:  6. 
debtId:  1. 
collectorIds: 
1
2
appointmentDate:  12/9/2020 2:30:00 PM. 
Actual object:
Properties: 
id:  6. 
debtId:  1. 
collectorIds: 
0
1
appointmentDate:  2/26/2021 1:13:54 AM. &#xD;
  Expected: &lt;SdcaFramework.Clients.Appointment&gt;&#xD;
  But was:  &lt;SdcaFramework.Clients.Appointment&gt;&#xD;
&#xD;
  9)   Expected status code should be 'Not Found'.&#xD;
  Expected: NotFound&#xD;
  But was:  NoContent&#xD;
&#xD;
  10)   
Expected object:
Properties: 
id:  7. 
debtId:  3. 
collectorIds: 
8
appointmentDate:  12/9/2020 2:30:00 PM. 
Actual object:
Properties: 
id:  7. 
debtId:  3. 
collectorIds: 
2
3
appointmentDate:  2/26/2021 1:13:55 AM. &#xD;
  Expected: &lt;SdcaFramework.Clients.Appointment&gt;&#xD;
  But was:  &lt;SdcaFramework.Clients.Appointment&gt;&#xD;
&#xD;
  11)   Expected status code should be 'Bad Request'.&#xD;
  Expected: BadRequest&#xD;
  But was:  Created&#xD;
&#xD;
  12)   Expected status code should be 'Bad Request'.&#xD;
  Expected: BadRequest&#xD;
  But was:  Created</StdOut>
        <ErrorInfo>
          <Message>Test method SdcaFramework.Features.CollectorFeature.TryToAddCollectorWithInvalidParameter_Variant2 threw exception: &#xD;
NUnit.Framework.AssertionException: Multiple failures or warnings in test:&#xD;
  1)   
Expected object
Properties: 
id:  0. 
debtId:  1. 
collectorIds: 
1
2
appointmentDate:  12/9/2020 2:30:00 PM. 
Actual list of objects:
Object №0
Properties: 
id:  0. 
debtId:  1. 
collectorIds: 
0
1
appointmentDate:  2/23/2021 1:13:52 AM. &#xD;
  Expected: some item equal to &lt;SdcaFramework.Clients.Appointment&gt;&#xD;
  But was:  &lt; &lt;SdcaFramework.Clients.Appointment&gt; &gt;&#xD;
&#xD;
  2)   Expected status code should be 'Bad Request'.&#xD;
  Expected: BadRequest&#xD;
  But was:  Created&#xD;
&#xD;
  3)   Expected status code should be 'Bad Request'.&#xD;
  Expected: BadRequest&#xD;
  But was:  Created&#xD;
&#xD;
  4)   Expected status code should be 'Bad Request'.&#xD;
  Expected: BadRequest&#xD;
  But was:  Created&#xD;
&#xD;
  5)   Expected status code should be 'Bad Request'.&#xD;
  Expected: BadRequest&#xD;
  But was:  InternalServerError&#xD;
&#xD;
  6)   Expected status code should be 'Bad Request'.&#xD;
  Expected: BadRequest&#xD;
  But was:  Created&#xD;
&#xD;
  7)   Expected status code should be 'Bad Request'.&#xD;
  Expected: BadRequest&#xD;
  But was:  Created&#xD;
&#xD;
  8)   
Expected object:
Properties: 
id:  6. 
debtId:  1. 
collectorIds: 
1
2
appointmentDate:  12/9/2020 2:30:00 PM. 
Actual object:
Properties: 
id:  6. 
debtId:  1. 
collectorIds: 
0
1
appointmentDate:  2/26/2021 1:13:54 AM. &#xD;
  Expected: &lt;SdcaFramework.Clients.Appointment&gt;&#xD;
  But was:  &lt;SdcaFramework.Clients.Appointment&gt;&#xD;
&#xD;
  9)   Expected status code should be 'Not Found'.&#xD;
  Expected: NotFound&#xD;
  But was:  NoContent&#xD;
&#xD;
  10)   
Expected object:
Properties: 
id:  7. 
debtId:  3. 
collectorIds: 
8
appointmentDate:  12/9/2020 2:30:00 PM. 
Actual object:
Properties: 
id:  7. 
debtId:  3. 
collectorIds: 
2
3
appointmentDate:  2/26/2021 1:13:55 AM. &#xD;
  Expected: &lt;SdcaFramework.Clients.Appointment&gt;&#xD;
  But was:  &lt;SdcaFramework.Clients.Appointment&gt;&#xD;
&#xD;
  11)   Expected status code should be 'Bad Request'.&#xD;
  Expected: BadRequest&#xD;
  But was:  Created&#xD;
&#xD;
  12)   Expected status code should be 'Bad Request'.&#xD;
  Expected: BadRequest&#xD;
  But was:  Created&#xD;
&#xD;
</Message>
          <StackTrace>    at NUnit.Framework.Assert.ReportFailure(String message)&#xD;
   at NUnit.Framework.Assert.ReportFailure(ConstraintResult result, String message, Object[] args)&#xD;
   at NUnit.Framework.Assert.That[TActual](TActual actual, IResolveConstraint expression, String message, Object[] args)&#xD;
   at NUnit.Framework.Assert.AreEqual(Object expected, Object actual, String message, Object[] args)&#xD;
   at SdcaFramework.BusinessLogic.CollectorStepsDef.ThenSystemDidNotCreateCollector() in C:\Users\Vika Zinchenko\source\repos\SdcaFramework\BusinessLogic\CollectorStepsDef.cs:line 115&#xD;
   at TechTalk.SpecFlow.Bindings.BindingInvoker.InvokeBinding(IBinding binding, IContextManager contextManager, Object[] arguments, ITestTracer testTracer, TimeSpan&amp; duration)&#xD;
   at TechTalk.SpecFlow.Infrastructure.TestExecutionEngine.ExecuteStepMatch(BindingMatch match, Object[] arguments)&#xD;
   at TechTalk.SpecFlow.Infrastructure.TestExecutionEngine.ExecuteStep(IContextManager contextManager, StepInstance stepInstance)&#xD;
   at TechTalk.SpecFlow.Infrastructure.TestExecutionEngine.OnAfterLastStep()&#xD;
   at TechTalk.SpecFlow.TestRunner.CollectScenarioErrors()&#xD;
   at SdcaFramework.Features.CollectorFeature.ScenarioCleanup()&#xD;
   at SdcaFramework.Features.CollectorFeature.TryToAddCollectorWithInvalidParameter(String nickname, String fearFactor, String[] exampleTags) in C:\Users\Vika Zinchenko\source\repos\SdcaFramework\Features\Collector.feature:line 23&#xD;
   at SdcaFramework.Features.CollectorFeature.TryToAddCollectorWithInvalidParameter_Variant2() in C:\Users\Vika Zinchenko\source\repos\SdcaFramework\Features\Collector.feature:line 18&#xD;
</StackTrace>
        </ErrorInfo>
      </Output>
    </UnitTestResult>
    <UnitTestResult executionId="16f277da-1c3b-4f38-9bbb-304309fe57ed" testId="6c2058e8-a5f7-2267-2abc-681c1e4852d2" testName="TryToDeleteTheRemovedAppointment" computerName="DESKTOP-N392BU0" duration="00:00:00.1707458" startTime="2021-02-22T01:13:55.1273779+02:00" endTime="2021-02-22T01:13:55.2986082+02:00" testType="13cdc9d9-ddb5-4fa4-a97d-d965ccfc6d4b" outcome="Passed" testListId="8c84fa94-04c1-424b-9868-57a2d4851a1d" relativeResultsDirectory="16f277da-1c3b-4f38-9bbb-304309fe57ed">
      <Output>
        <StdOut>Given I have added an appointment with the following parameters&#xD;
  --- table step argument ---&#xD;
  | collectorIds | debtId | appointmentDate                  |&#xD;
  | 1, 2         | 1      | 2020-12-09T14:30:00.000000+02:00 |&#xD;
-&gt; done: AppointmentStepsDef.AddAppointmentWithParameters(SdcaFramework.Cli...) (0,1s)&#xD;
When I delete an appointment by last id&#xD;
-&gt; done: AppointmentStepsDef.DeleteAppointmentById("last") (0,0s)&#xD;
And I try to delete the removed appointment by this id&#xD;
-&gt; done: AppointmentStepsDef.TryToDeleteRemovedAppointmentById("this") (0,0s)&#xD;
Then the system can't find the appointment data&#xD;
-&gt; done: AppointmentStepsDef.ThenSystemCanNotFindAppointmentData() (0,0s)</StdOut>
      </Output>
    </UnitTestResult>
    <UnitTestResult executionId="9c775521-8bd6-4a5f-8b48-584c4d278c22" testId="ecce2a3b-e2a3-45b8-0cf6-1f0e67e86f59" testName="TryToAddDebtWithInvalidParameter_Variant1" computerName="DESKTOP-N392BU0" duration="00:00:00.0170759" startTime="2021-02-22T01:13:57.1660249+02:00" endTime="2021-02-22T01:13:57.1836236+02:00" testType="13cdc9d9-ddb5-4fa4-a97d-d965ccfc6d4b" outcome="Passed" testListId="8c84fa94-04c1-424b-9868-57a2d4851a1d" relativeResultsDirectory="9c775521-8bd6-4a5f-8b48-584c4d278c22">
      <Output>
        <StdOut>When I try to add a debt with invalid parameter&#xD;
  --- table step argument ---&#xD;
  | Parameter      | Value     |&#xD;
  | studentId      | studentId |&#xD;
  | amount         | 100       |&#xD;
  | monthlyPercent | 5         |&#xD;
-&gt; done: DebtStepsDef.TryToAddADebtWithInvalidParameter(System.Collection...) (0,0s)&#xD;
Then the system can't create the collector data&#xD;
-&gt; done: CollectorStepsDef.ThenSystemDidNotCreateCollector() (0,0s)</StdOut>
      </Output>
    </UnitTestResult>
    <UnitTestResult executionId="66640491-5136-4f45-b580-39854f22b9dc" testId="5e604447-5b3e-8c93-6994-faf66fd77fd1" testName="TryToAddCollectorWithInvalidParameter_Variant0" computerName="DESKTOP-N392BU0" duration="00:00:00.0343269" startTime="2021-02-22T01:13:55.8008374+02:00" endTime="2021-02-22T01:13:55.8357480+02:00" testType="13cdc9d9-ddb5-4fa4-a97d-d965ccfc6d4b" outcome="Passed" testListId="8c84fa94-04c1-424b-9868-57a2d4851a1d" relativeResultsDirectory="66640491-5136-4f45-b580-39854f22b9dc">
      <Output>
        <StdOut>When I try to add a collector with invalid parameter&#xD;
  --- table step argument ---&#xD;
  | Parameter  | Value        |&#xD;
  | nickname   | Angry guy    |&#xD;
  | fearFactor | angry factor |&#xD;
-&gt; done: CollectorStepsDef.TryToAddCollectorWithInvalidParameter(System.Collection...) (0,0s)&#xD;
Then the system can't create the collector data&#xD;
-&gt; done: CollectorStepsDef.ThenSystemDidNotCreateCollector() (0,0s)</StdOut>
      </Output>
    </UnitTestResult>
    <UnitTestResult executionId="dd142c0e-aceb-43e5-85e9-7ee8b83075e5" testId="d35be91b-dbbe-52fc-f7a1-d1d9f8b38f66" testName="TryToAddDebtWithInvalidParameter_Variant4" computerName="DESKTOP-N392BU0" duration="00:00:00.0191881" startTime="2021-02-22T01:13:57.2155522+02:00" endTime="2021-02-22T01:13:57.2351644+02:00" testType="13cdc9d9-ddb5-4fa4-a97d-d965ccfc6d4b" outcome="Failed" testListId="8c84fa94-04c1-424b-9868-57a2d4851a1d" relativeResultsDirectory="dd142c0e-aceb-43e5-85e9-7ee8b83075e5">
      <Output>
        <StdOut>When I try to add a debt with invalid parameter&#xD;
  --- table step argument ---&#xD;
  | Parameter      | Value |&#xD;
  | studentId      | 0     |&#xD;
  | amount         | -100  |&#xD;
  | monthlyPercent | 5     |&#xD;
-&gt; done: DebtStepsDef.TryToAddADebtWithInvalidParameter(System.Collection...) (0,0s)&#xD;
Then the system can't create the collector data&#xD;
-&gt; error: Multiple failures or warnings in test:&#xD;
  1)   
Expected object
Properties: 
id:  0. 
debtId:  1. 
collectorIds: 
1
2
appointmentDate:  12/9/2020 2:30:00 PM. 
Actual list of objects:
Object №0
Properties: 
id:  0. 
debtId:  1. 
collectorIds: 
0
1
appointmentDate:  2/23/2021 1:13:52 AM. &#xD;
  Expected: some item equal to &lt;SdcaFramework.Clients.Appointment&gt;&#xD;
  But was:  &lt; &lt;SdcaFramework.Clients.Appointment&gt; &gt;&#xD;
&#xD;
  2)   Expected status code should be 'Bad Request'.&#xD;
  Expected: BadRequest&#xD;
  But was:  Created&#xD;
&#xD;
  3)   Expected status code should be 'Bad Request'.&#xD;
  Expected: BadRequest&#xD;
  But was:  Created&#xD;
&#xD;
  4)   Expected status code should be 'Bad Request'.&#xD;
  Expected: BadRequest&#xD;
  But was:  Created&#xD;
&#xD;
  5)   Expected status code should be 'Bad Request'.&#xD;
  Expected: BadRequest&#xD;
  But was:  InternalServerError&#xD;
&#xD;
  6)   Expected status code should be 'Bad Request'.&#xD;
  Expected: BadRequest&#xD;
  But was:  Created&#xD;
&#xD;
  7)   Expected status code should be 'Bad Request'.&#xD;
  Expected: BadRequest&#xD;
  But was:  Created&#xD;
&#xD;
  8)   
Expected object:
Properties: 
id:  6. 
debtId:  1. 
collectorIds: 
1
2
appointmentDate:  12/9/2020 2:30:00 PM. 
Actual object:
Properties: 
id:  6. 
debtId:  1. 
collectorIds: 
0
1
appointmentDate:  2/26/2021 1:13:54 AM. &#xD;
  Expected: &lt;SdcaFramework.Clients.Appointment&gt;&#xD;
  But was:  &lt;SdcaFramework.Clients.Appointment&gt;&#xD;
&#xD;
  9)   Expected status code should be 'Not Found'.&#xD;
  Expected: NotFound&#xD;
  But was:  NoContent&#xD;
&#xD;
  10)   
Expected object:
Properties: 
id:  7. 
debtId:  3. 
collectorIds: 
8
appointmentDate:  12/9/2020 2:30:00 PM. 
Actual object:
Properties: 
id:  7. 
debtId:  3. 
collectorIds: 
2
3
appointmentDate:  2/26/2021 1:13:55 AM. &#xD;
  Expected: &lt;SdcaFramework.Clients.Appointment&gt;&#xD;
  But was:  &lt;SdcaFramework.Clients.Appointment&gt;&#xD;
&#xD;
  11)   Expected status code should be 'Bad Request'.&#xD;
  Expected: BadRequest&#xD;
  But was:  Created&#xD;
&#xD;
  12)   Expected status code should be 'Bad Request'.&#xD;
  Expected: BadRequest&#xD;
  But was:  Created&#xD;
&#xD;
  13)   Expected status code should be 'Bad Request'.&#xD;
  Expected: BadRequest&#xD;
  But was:  Created&#xD;
&#xD;
  14)   Expected status code should be 'Bad Request'.&#xD;
  Expected: BadRequest&#xD;
  But was:  Created&#xD;
&#xD;
  15)   
Expected object:
Properties: 
id:  1. 
nickname:  Fear Man777. 
fearFactor:  1. 
Actual object:
Properties: 
id:  1. 
nickname:  Jango Unbrained. 
fearFactor:  5. &#xD;
  Expected: &lt;SdcaFramework.Clients.Collector&gt;&#xD;
  But was:  &lt;SdcaFramework.Clients.Collector&gt;&#xD;
&#xD;
  16)   
Expected object:
Properties: 
id:  17. 
nickname:  Fear Man. 
fearFactor:  1. 
Actual object:
Properties: 
id:  8. 
nickname:  Fear Man. 
fearFactor:  1. &#xD;
  Expected: &lt;SdcaFramework.Clients.Collector&gt;&#xD;
  But was:  &lt;SdcaFramework.Clients.Collector&gt;&#xD;
&#xD;
  17)   Expected status code should be 'Bad Request'.&#xD;
  Expected: BadRequest&#xD;
  But was:  Created&#xD;
&#xD;
  18)   Expected status code should be 'Bad Request'.&#xD;
  Expected: BadRequest&#xD;
  But was:  Created</StdOut>
        <ErrorInfo>
          <Message>Test method SdcaFramework.Features.DebtFeature.TryToAddDebtWithInvalidParameter_Variant4 threw exception: &#xD;
NUnit.Framework.AssertionException: Multiple failures or warnings in test:&#xD;
  1)   
Expected object
Properties: 
id:  0. 
debtId:  1. 
collectorIds: 
1
2
appointmentDate:  12/9/2020 2:30:00 PM. 
Actual list of objects:
Object №0
Properties: 
id:  0. 
debtId:  1. 
collectorIds: 
0
1
appointmentDate:  2/23/2021 1:13:52 AM. &#xD;
  Expected: some item equal to &lt;SdcaFramework.Clients.Appointment&gt;&#xD;
  But was:  &lt; &lt;SdcaFramework.Clients.Appointment&gt; &gt;&#xD;
&#xD;
  2)   Expected status code should be 'Bad Request'.&#xD;
  Expected: BadRequest&#xD;
  But was:  Created&#xD;
&#xD;
  3)   Expected status code should be 'Bad Request'.&#xD;
  Expected: BadRequest&#xD;
  But was:  Created&#xD;
&#xD;
  4)   Expected status code should be 'Bad Request'.&#xD;
  Expected: BadRequest&#xD;
  But was:  Created&#xD;
&#xD;
  5)   Expected status code should be 'Bad Request'.&#xD;
  Expected: BadRequest&#xD;
  But was:  InternalServerError&#xD;
&#xD;
  6)   Expected status code should be 'Bad Request'.&#xD;
  Expected: BadRequest&#xD;
  But was:  Created&#xD;
&#xD;
  7)   Expected status code should be 'Bad Request'.&#xD;
  Expected: BadRequest&#xD;
  But was:  Created&#xD;
&#xD;
  8)   
Expected object:
Properties: 
id:  6. 
debtId:  1. 
collectorIds: 
1
2
appointmentDate:  12/9/2020 2:30:00 PM. 
Actual object:
Properties: 
id:  6. 
debtId:  1. 
collectorIds: 
0
1
appointmentDate:  2/26/2021 1:13:54 AM. &#xD;
  Expected: &lt;SdcaFramework.Clients.Appointment&gt;&#xD;
  But was:  &lt;SdcaFramework.Clients.Appointment&gt;&#xD;
&#xD;
  9)   Expected status code should be 'Not Found'.&#xD;
  Expected: NotFound&#xD;
  But was:  NoContent&#xD;
&#xD;
  10)   
Expected object:
Properties: 
id:  7. 
debtId:  3. 
collectorIds: 
8
appointmentDate:  12/9/2020 2:30:00 PM. 
Actual object:
Properties: 
id:  7. 
debtId:  3. 
collectorIds: 
2
3
appointmentDate:  2/26/2021 1:13:55 AM. &#xD;
  Expected: &lt;SdcaFramework.Clients.Appointment&gt;&#xD;
  But was:  &lt;SdcaFramework.Clients.Appointment&gt;&#xD;
&#xD;
  11)   Expected status code should be 'Bad Request'.&#xD;
  Expected: BadRequest&#xD;
  But was:  Created&#xD;
&#xD;
  12)   Expected status code should be 'Bad Request'.&#xD;
  Expected: BadRequest&#xD;
  But was:  Created&#xD;
&#xD;
  13)   Expected status code should be 'Bad Request'.&#xD;
  Expected: BadRequest&#xD;
  But was:  Created&#xD;
&#xD;
  14)   Expected status code should be 'Bad Request'.&#xD;
  Expected: BadRequest&#xD;
  But was:  Created&#xD;
&#xD;
  15)   
Expected object:
Properties: 
id:  1. 
nickname:  Fear Man777. 
fearFactor:  1. 
Actual object:
Properties: 
id:  1. 
nickname:  Jango Unbrained. 
fearFactor:  5. &#xD;
  Expected: &lt;SdcaFramework.Clients.Collector&gt;&#xD;
  But was:  &lt;SdcaFramework.Clients.Collector&gt;&#xD;
&#xD;
  16)   
Expected object:
Properties: 
id:  17. 
nickname:  Fear Man. 
fearFactor:  1. 
Actual object:
Properties: 
id:  8. 
nickname:  Fear Man. 
fearFactor:  1. &#xD;
  Expected: &lt;SdcaFramework.Clients.Collector&gt;&#xD;
  But was:  &lt;SdcaFramework.Clients.Collector&gt;&#xD;
&#xD;
  17)   Expected status code should be 'Bad Request'.&#xD;
  Expected: BadRequest&#xD;
  But was:  Created&#xD;
&#xD;
  18)   Expected status code should be 'Bad Request'.&#xD;
  Expected: BadRequest&#xD;
  But was:  Created&#xD;
&#xD;
</Message>
          <StackTrace>    at NUnit.Framework.Assert.ReportFailure(String message)&#xD;
   at NUnit.Framework.Assert.ReportFailure(ConstraintResult result, String message, Object[] args)&#xD;
   at NUnit.Framework.Assert.That[TActual](TActual actual, IResolveConstraint expression, String message, Object[] args)&#xD;
   at NUnit.Framework.Assert.AreEqual(Object expected, Object actual, String message, Object[] args)&#xD;
   at SdcaFramework.BusinessLogic.CollectorStepsDef.ThenSystemDidNotCreateCollector() in C:\Users\Vika Zinchenko\source\repos\SdcaFramework\BusinessLogic\CollectorStepsDef.cs:line 115&#xD;
   at TechTalk.SpecFlow.Bindings.BindingInvoker.InvokeBinding(IBinding binding, IContextManager contextManager, Object[] arguments, ITestTracer testTracer, TimeSpan&amp; duration)&#xD;
   at TechTalk.SpecFlow.Infrastructure.TestExecutionEngine.ExecuteStepMatch(BindingMatch match, Object[] arguments)&#xD;
   at TechTalk.SpecFlow.Infrastructure.TestExecutionEngine.ExecuteStep(IContextManager contextManager, StepInstance stepInstance)&#xD;
   at TechTalk.SpecFlow.Infrastructure.TestExecutionEngine.OnAfterLastStep()&#xD;
   at TechTalk.SpecFlow.TestRunner.CollectScenarioErrors()&#xD;
   at SdcaFramework.Features.DebtFeature.ScenarioCleanup()&#xD;
   at SdcaFramework.Features.DebtFeature.TryToAddDebtWithInvalidParameter(String studentId, String amount, String monthlyPercent, String[] exampleTags) in C:\Users\Vika Zinchenko\source\repos\SdcaFramework\Features\Debt.feature:line 18&#xD;
   at SdcaFramework.Features.DebtFeature.TryToAddDebtWithInvalidParameter_Variant4() in C:\Users\Vika Zinchenko\source\repos\SdcaFramework\Features\Debt.feature:line 12&#xD;
</StackTrace>
        </ErrorInfo>
      </Output>
    </UnitTestResult>
    <UnitTestResult executionId="212ca6dc-162a-4617-b160-763b730de5b6" testId="db16b392-76eb-71d2-db03-a8b5210ef0c8" testName="CreateCollectorStudentDebtAppointmentAndCheckCreatedAppointment" computerName="DESKTOP-N392BU0" duration="00:00:00.3628928" startTime="2021-02-22T01:13:55.2988677+02:00" endTime="2021-02-22T01:13:55.6626102+02:00" testType="13cdc9d9-ddb5-4fa4-a97d-d965ccfc6d4b" outcome="Failed" testListId="8c84fa94-04c1-424b-9868-57a2d4851a1d" relativeResultsDirectory="212ca6dc-162a-4617-b160-763b730de5b6">
      <Output>
        <StdOut>Given I have added a collector with the following parameters&#xD;
  --- table step argument ---&#xD;
  | nickname | fearFactor |&#xD;
  | Fear Man | 1          |&#xD;
-&gt; done: CollectorStepsDef.AddCollectorWithParameters(SdcaFramework.Cli...) (0,0s)&#xD;
And I have added a student with the following parameters&#xD;
  --- table step argument ---&#xD;
  | name     | age | sex  | risk |&#xD;
  | Poor guy | 17  | true | 1    |&#xD;
-&gt; done: StudentStepsDef.AddStudentWithParameters(SdcaFramework.Cli...) (0,1s)&#xD;
And I have added a debt with the following parameters&#xD;
  --- table step argument ---&#xD;
  | studentId | amount | monthlyPercent |&#xD;
  | last      | 170    | 10             |&#xD;
-&gt; done: DebtStepsDef.AddDebtWithParameters(SdcaFramework.Cli...) (0,1s)&#xD;
When I add an appointment with the following parameters&#xD;
  --- table step argument ---&#xD;
  | collectorIds | debtId | appointmentDate                  |&#xD;
  | last         | last   | 2020-12-09T14:30:00.000000+02:00 |&#xD;
-&gt; done: AppointmentStepsDef.AddAppointmentWithParameters(SdcaFramework.Cli...) (0,1s)&#xD;
Then the appointment data is saved correctly&#xD;
-&gt; error: Multiple failures or warnings in test:&#xD;
  1)   
Expected object
Properties: 
id:  0. 
debtId:  1. 
collectorIds: 
1
2
appointmentDate:  12/9/2020 2:30:00 PM. 
Actual list of objects:
Object №0
Properties: 
id:  0. 
debtId:  1. 
collectorIds: 
0
1
appointmentDate:  2/23/2021 1:13:52 AM. &#xD;
  Expected: some item equal to &lt;SdcaFramework.Clients.Appointment&gt;&#xD;
  But was:  &lt; &lt;SdcaFramework.Clients.Appointment&gt; &gt;&#xD;
&#xD;
  2)   Expected status code should be 'Bad Request'.&#xD;
  Expected: BadRequest&#xD;
  But was:  Created&#xD;
&#xD;
  3)   Expected status code should be 'Bad Request'.&#xD;
  Expected: BadRequest&#xD;
  But was:  Created&#xD;
&#xD;
  4)   Expected status code should be 'Bad Request'.&#xD;
  Expected: BadRequest&#xD;
  But was:  Created&#xD;
&#xD;
  5)   Expected status code should be 'Bad Request'.&#xD;
  Expected: BadRequest&#xD;
  But was:  InternalServerError&#xD;
&#xD;
  6)   Expected status code should be 'Bad Request'.&#xD;
  Expected: BadRequest&#xD;
  But was:  Created&#xD;
&#xD;
  7)   Expected status code should be 'Bad Request'.&#xD;
  Expected: BadRequest&#xD;
  But was:  Created&#xD;
&#xD;
  8)   
Expected object:
Properties: 
id:  6. 
debtId:  1. 
collectorIds: 
1
2
appointmentDate:  12/9/2020 2:30:00 PM. 
Actual object:
Properties: 
id:  6. 
debtId:  1. 
collectorIds: 
0
1
appointmentDate:  2/26/2021 1:13:54 AM. &#xD;
  Expected: &lt;SdcaFramework.Clients.Appointment&gt;&#xD;
  But was:  &lt;SdcaFramework.Clients.Appointment&gt;&#xD;
&#xD;
  9)   Expected status code should be 'Not Found'.&#xD;
  Expected: NotFound&#xD;
  But was:  NoContent&#xD;
&#xD;
  10)   
Expected object:
Properties: 
id:  7. 
debtId:  3. 
collectorIds: 
8
appointmentDate:  12/9/2020 2:30:00 PM. 
Actual object:
Properties: 
id:  7. 
debtId:  3. 
collectorIds: 
2
3
appointmentDate:  2/26/2021 1:13:55 AM. &#xD;
  Expected: &lt;SdcaFramework.Clients.Appointment&gt;&#xD;
  But was:  &lt;SdcaFramework.Clients.Appointment&gt;</StdOut>
        <ErrorInfo>
          <Message>Test method SdcaFramework.Features.AppointmentFeature.CreateCollectorStudentDebtAppointmentAndCheckCreatedAppointment threw exception: &#xD;
NUnit.Framework.AssertionException: Multiple failures or warnings in test:&#xD;
  1)   
Expected object
Properties: 
id:  0. 
debtId:  1. 
collectorIds: 
1
2
appointmentDate:  12/9/2020 2:30:00 PM. 
Actual list of objects:
Object №0
Properties: 
id:  0. 
debtId:  1. 
collectorIds: 
0
1
appointmentDate:  2/23/2021 1:13:52 AM. &#xD;
  Expected: some item equal to &lt;SdcaFramework.Clients.Appointment&gt;&#xD;
  But was:  &lt; &lt;SdcaFramework.Clients.Appointment&gt; &gt;&#xD;
&#xD;
  2)   Expected status code should be 'Bad Request'.&#xD;
  Expected: BadRequest&#xD;
  But was:  Created&#xD;
&#xD;
  3)   Expected status code should be 'Bad Request'.&#xD;
  Expected: BadRequest&#xD;
  But was:  Created&#xD;
&#xD;
  4)   Expected status code should be 'Bad Request'.&#xD;
  Expected: BadRequest&#xD;
  But was:  Created&#xD;
&#xD;
  5)   Expected status code should be 'Bad Request'.&#xD;
  Expected: BadRequest&#xD;
  But was:  InternalServerError&#xD;
&#xD;
  6)   Expected status code should be 'Bad Request'.&#xD;
  Expected: BadRequest&#xD;
  But was:  Created&#xD;
&#xD;
  7)   Expected status code should be 'Bad Request'.&#xD;
  Expected: BadRequest&#xD;
  But was:  Created&#xD;
&#xD;
  8)   
Expected object:
Properties: 
id:  6. 
debtId:  1. 
collectorIds: 
1
2
appointmentDate:  12/9/2020 2:30:00 PM. 
Actual object:
Properties: 
id:  6. 
debtId:  1. 
collectorIds: 
0
1
appointmentDate:  2/26/2021 1:13:54 AM. &#xD;
  Expected: &lt;SdcaFramework.Clients.Appointment&gt;&#xD;
  But was:  &lt;SdcaFramework.Clients.Appointment&gt;&#xD;
&#xD;
  9)   Expected status code should be 'Not Found'.&#xD;
  Expected: NotFound&#xD;
  But was:  NoContent&#xD;
&#xD;
  10)   
Expected object:
Properties: 
id:  7. 
debtId:  3. 
collectorIds: 
8
appointmentDate:  12/9/2020 2:30:00 PM. 
Actual object:
Properties: 
id:  7. 
debtId:  3. 
collectorIds: 
2
3
appointmentDate:  2/26/2021 1:13:55 AM. &#xD;
  Expected: &lt;SdcaFramework.Clients.Appointment&gt;&#xD;
  But was:  &lt;SdcaFramework.Clients.Appointment&gt;&#xD;
&#xD;
</Message>
          <StackTrace>    at NUnit.Framework.Assert.ReportFailure(String message)&#xD;
   at NUnit.Framework.Assert.ReportFailure(ConstraintResult result, String message, Object[] args)&#xD;
   at NUnit.Framework.Assert.That[TActual](TActual actual, IResolveConstraint expression, String message, Object[] args)&#xD;
   at NUnit.Framework.Assert.AreEqual(Object expected, Object actual, String message, Object[] args)&#xD;
   at SdcaFramework.BusinessLogic.AppointmentStepsDef.ThenAppointmentDataIsSavedCorrectly() in C:\Users\Vika Zinchenko\source\repos\SdcaFramework\BusinessLogic\AppointmentStepsDef.cs:line 86&#xD;
   at TechTalk.SpecFlow.Bindings.BindingInvoker.InvokeBinding(IBinding binding, IContextManager contextManager, Object[] arguments, ITestTracer testTracer, TimeSpan&amp; duration)&#xD;
   at TechTalk.SpecFlow.Infrastructure.TestExecutionEngine.ExecuteStepMatch(BindingMatch match, Object[] arguments)&#xD;
   at TechTalk.SpecFlow.Infrastructure.TestExecutionEngine.ExecuteStep(IContextManager contextManager, StepInstance stepInstance)&#xD;
   at TechTalk.SpecFlow.Infrastructure.TestExecutionEngine.OnAfterLastStep()&#xD;
   at TechTalk.SpecFlow.TestRunner.CollectScenarioErrors()&#xD;
   at SdcaFramework.Features.AppointmentFeature.ScenarioCleanup()&#xD;
   at SdcaFramework.Features.AppointmentFeature.CreateCollectorStudentDebtAppointmentAndCheckCreatedAppointment() in C:\Users\Vika Zinchenko\source\repos\SdcaFramework\Features\Appointment.feature:line 69&#xD;
</StackTrace>
        </ErrorInfo>
      </Output>
    </UnitTestResult>
    <UnitTestResult executionId="1b07821e-0b34-4d68-b206-5c5b38dd4021" testId="422b374a-0f0a-2dcb-3723-404bdfb51550" testName="TryToAddStudentWithInvalidParameter_Variant5" computerName="DESKTOP-N392BU0" duration="00:00:00.0299375" startTime="2021-02-22T01:13:58.6799362+02:00" endTime="2021-02-22T01:13:58.7104114+02:00" testType="13cdc9d9-ddb5-4fa4-a97d-d965ccfc6d4b" outcome="Failed" testListId="8c84fa94-04c1-424b-9868-57a2d4851a1d" relativeResultsDirectory="1b07821e-0b34-4d68-b206-5c5b38dd4021">
      <Output>
        <StdOut>When I try to add a student with invalid parameter&#xD;
  --- table step argument ---&#xD;
  | Parameter | Value |&#xD;
  | name      |       |&#xD;
  | age       | 17    |&#xD;
  | sex       | true  |&#xD;
  | risk      | 5     |&#xD;
-&gt; done: StudentStepsDef.TryToAddStudentWithInvalidParameter(System.Collection...) (0,0s)&#xD;
Then the system can't create the collector data&#xD;
-&gt; error: Multiple failures or warnings in test:&#xD;
  1)   
Expected object
Properties: 
id:  0. 
debtId:  1. 
collectorIds: 
1
2
appointmentDate:  12/9/2020 2:30:00 PM. 
Actual list of objects:
Object №0
Properties: 
id:  0. 
debtId:  1. 
collectorIds: 
0
1
appointmentDate:  2/23/2021 1:13:52 AM. &#xD;
  Expected: some item equal to &lt;SdcaFramework.Clients.Appointment&gt;&#xD;
  But was:  &lt; &lt;SdcaFramework.Clients.Appointment&gt; &gt;&#xD;
&#xD;
  2)   Expected status code should be 'Bad Request'.&#xD;
  Expected: BadRequest&#xD;
  But was:  Created&#xD;
&#xD;
  3)   Expected status code should be 'Bad Request'.&#xD;
  Expected: BadRequest&#xD;
  But was:  Created&#xD;
&#xD;
  4)   Expected status code should be 'Bad Request'.&#xD;
  Expected: BadRequest&#xD;
  But was:  Created&#xD;
&#xD;
  5)   Expected status code should be 'Bad Request'.&#xD;
  Expected: BadRequest&#xD;
  But was:  InternalServerError&#xD;
&#xD;
  6)   Expected status code should be 'Bad Request'.&#xD;
  Expected: BadRequest&#xD;
  But was:  Created&#xD;
&#xD;
  7)   Expected status code should be 'Bad Request'.&#xD;
  Expected: BadRequest&#xD;
  But was:  Created&#xD;
&#xD;
  8)   
Expected object:
Properties: 
id:  6. 
debtId:  1. 
collectorIds: 
1
2
appointmentDate:  12/9/2020 2:30:00 PM. 
Actual object:
Properties: 
id:  6. 
debtId:  1. 
collectorIds: 
0
1
appointmentDate:  2/26/2021 1:13:54 AM. &#xD;
  Expected: &lt;SdcaFramework.Clients.Appointment&gt;&#xD;
  But was:  &lt;SdcaFramework.Clients.Appointment&gt;&#xD;
&#xD;
  9)   Expected status code should be 'Not Found'.&#xD;
  Expected: NotFound&#xD;
  But was:  NoContent&#xD;
&#xD;
  10)   
Expected object:
Properties: 
id:  7. 
debtId:  3. 
collectorIds: 
8
appointmentDate:  12/9/2020 2:30:00 PM. 
Actual object:
Properties: 
id:  7. 
debtId:  3. 
collectorIds: 
2
3
appointmentDate:  2/26/2021 1:13:55 AM. &#xD;
  Expected: &lt;SdcaFramework.Clients.Appointment&gt;&#xD;
  But was:  &lt;SdcaFramework.Clients.Appointment&gt;&#xD;
&#xD;
  11)   Expected status code should be 'Bad Request'.&#xD;
  Expected: BadRequest&#xD;
  But was:  Created&#xD;
&#xD;
  12)   Expected status code should be 'Bad Request'.&#xD;
  Expected: BadRequest&#xD;
  But was:  Created&#xD;
&#xD;
  13)   Expected status code should be 'Bad Request'.&#xD;
  Expected: BadRequest&#xD;
  But was:  Created&#xD;
&#xD;
  14)   Expected status code should be 'Bad Request'.&#xD;
  Expected: BadRequest&#xD;
  But was:  Created&#xD;
&#xD;
  15)   
Expected object:
Properties: 
id:  1. 
nickname:  Fear Man777. 
fearFactor:  1. 
Actual object:
Properties: 
id:  1. 
nickname:  Jango Unbrained. 
fearFactor:  5. &#xD;
  Expected: &lt;SdcaFramework.Clients.Collector&gt;&#xD;
  But was:  &lt;SdcaFramework.Clients.Collector&gt;&#xD;
&#xD;
  16)   
Expected object:
Properties: 
id:  17. 
nickname:  Fear Man. 
fearFactor:  1. 
Actual object:
Properties: 
id:  8. 
nickname:  Fear Man. 
fearFactor:  1. &#xD;
  Expected: &lt;SdcaFramework.Clients.Collector&gt;&#xD;
  But was:  &lt;SdcaFramework.Clients.Collector&gt;&#xD;
&#xD;
  17)   Expected status code should be 'Bad Request'.&#xD;
  Expected: BadRequest&#xD;
  But was:  Created&#xD;
&#xD;
  18)   Expected status code should be 'Bad Request'.&#xD;
  Expected: BadRequest&#xD;
  But was:  Created&#xD;
&#xD;
  19)   Expected status code should be 'Bad Request'.&#xD;
  Expected: BadRequest&#xD;
  But was:  Created&#xD;
&#xD;
  20)   The expected and actual amounts are different&#xD;
  Expected: 1000.088145161287d&#xD;
  But was:  3818.1908703332228d&#xD;
&#xD;
  21)   
Expected object
Properties: 
id:  6. 
name:  Poor guy. 
age:  17. 
sex:  True. 
risk:  5. 
Actual list of objects:
Object №0
Properties: 
id:  0. 
name:  John Doe. 
age:  9573164384136754. 
sex:  True. 
risk:  2. 
Object №1
Properties: 
id:  1. 
name:  Vasily Petrenko. 
age:  11179340384136868. 
sex:  True. 
risk:  5. 
Object №2
Properties: 
id:  2. 
name:  Wendy Lolson. 
age:  3382604384136883. 
sex:  False. 
risk:  1. 
Object №3
Properties: 
id:  3. 
name:  Poor guy. 
age:  30290653. 
sex:  True. 
risk:  1. 
Object №4
Properties: 
id:  4. 
name:  Poor guy. 
age:  19419159. 
sex:  True. 
risk:  1. 
Object №5
Properties: 
id:  5. 
name:  Poor guy. 
age:  3690143. 
sex:  True. 
risk:  1. 
Object №6
Properties: 
id:  6. 
name:  Poor guy. 
age:  654247. 
sex:  True. 
risk:  5. &#xD;
  Expected: some item equal to &lt;SdcaFramework.Clients.Student&gt;&#xD;
  But was:  &lt; &lt;SdcaFramework.Clients.Student&gt;, &lt;SdcaFramework.Clients.Student&gt;, &lt;SdcaFramework.Clients.Student&gt;, &lt;SdcaFramework.Clients.Student&gt;, &lt;SdcaFramework.Clients.Student&gt;, &lt;SdcaFramework.Clients.Student&gt;, &lt;SdcaFramework.Clients.Student&gt; &gt;&#xD;
&#xD;
  22)   
Expected object:
Properties: 
id:  7. 
name:  Poor girl. 
age:  17. 
sex:  False. 
risk:  5. 
Actual object:
Properties: 
id:  7. 
name:  Poor girl. 
age:  492927. 
sex:  False. 
risk:  5. &#xD;
  Expected: &lt;SdcaFramework.Clients.Student&gt;&#xD;
  But was:  &lt;SdcaFramework.Clients.Student&gt;&#xD;
&#xD;
  23)   Expected status code should be 'Bad Request'.&#xD;
  Expected: BadRequest&#xD;
  But was:  Created&#xD;
&#xD;
  24)   Expected status code should be 'Bad Request'.&#xD;
  Expected: BadRequest&#xD;
  But was:  Created&#xD;
&#xD;
  25)   Expected status code should be 'Bad Request'.&#xD;
  Expected: BadRequest&#xD;
  But was:  Created</StdOut>
        <ErrorInfo>
          <Message>Test method SdcaFramework.Features.StudentFeature.TryToAddStudentWithInvalidParameter_Variant5 threw exception: &#xD;
NUnit.Framework.AssertionException: Multiple failures or warnings in test:&#xD;
  1)   
Expected object
Properties: 
id:  0. 
debtId:  1. 
collectorIds: 
1
2
appointmentDate:  12/9/2020 2:30:00 PM. 
Actual list of objects:
Object №0
Properties: 
id:  0. 
debtId:  1. 
collectorIds: 
0
1
appointmentDate:  2/23/2021 1:13:52 AM. &#xD;
  Expected: some item equal to &lt;SdcaFramework.Clients.Appointment&gt;&#xD;
  But was:  &lt; &lt;SdcaFramework.Clients.Appointment&gt; &gt;&#xD;
&#xD;
  2)   Expected status code should be 'Bad Request'.&#xD;
  Expected: BadRequest&#xD;
  But was:  Created&#xD;
&#xD;
  3)   Expected status code should be 'Bad Request'.&#xD;
  Expected: BadRequest&#xD;
  But was:  Created&#xD;
&#xD;
  4)   Expected status code should be 'Bad Request'.&#xD;
  Expected: BadRequest&#xD;
  But was:  Created&#xD;
&#xD;
  5)   Expected status code should be 'Bad Request'.&#xD;
  Expected: BadRequest&#xD;
  But was:  InternalServerError&#xD;
&#xD;
  6)   Expected status code should be 'Bad Request'.&#xD;
  Expected: BadRequest&#xD;
  But was:  Created&#xD;
&#xD;
  7)   Expected status code should be 'Bad Request'.&#xD;
  Expected: BadRequest&#xD;
  But was:  Created&#xD;
&#xD;
  8)   
Expected object:
Properties: 
id:  6. 
debtId:  1. 
collectorIds: 
1
2
appointmentDate:  12/9/2020 2:30:00 PM. 
Actual object:
Properties: 
id:  6. 
debtId:  1. 
collectorIds: 
0
1
appointmentDate:  2/26/2021 1:13:54 AM. &#xD;
  Expected: &lt;SdcaFramework.Clients.Appointment&gt;&#xD;
  But was:  &lt;SdcaFramework.Clients.Appointment&gt;&#xD;
&#xD;
  9)   Expected status code should be 'Not Found'.&#xD;
  Expected: NotFound&#xD;
  But was:  NoContent&#xD;
&#xD;
  10)   
Expected object:
Properties: 
id:  7. 
debtId:  3. 
collectorIds: 
8
appointmentDate:  12/9/2020 2:30:00 PM. 
Actual object:
Properties: 
id:  7. 
debtId:  3. 
collectorIds: 
2
3
appointmentDate:  2/26/2021 1:13:55 AM. &#xD;
  Expected: &lt;SdcaFramework.Clients.Appointment&gt;&#xD;
  But was:  &lt;SdcaFramework.Clients.Appointment&gt;&#xD;
&#xD;
  11)   Expected status code should be 'Bad Request'.&#xD;
  Expected: BadRequest&#xD;
  But was:  Created&#xD;
&#xD;
  12)   Expected status code should be 'Bad Request'.&#xD;
  Expected: BadRequest&#xD;
  But was:  Created&#xD;
&#xD;
  13)   Expected status code should be 'Bad Request'.&#xD;
  Expected: BadRequest&#xD;
  But was:  Created&#xD;
&#xD;
  14)   Expected status code should be 'Bad Request'.&#xD;
  Expected: BadRequest&#xD;
  But was:  Created&#xD;
&#xD;
  15)   
Expected object:
Properties: 
id:  1. 
nickname:  Fear Man777. 
fearFactor:  1. 
Actual object:
Properties: 
id:  1. 
nickname:  Jango Unbrained. 
fearFactor:  5. &#xD;
  Expected: &lt;SdcaFramework.Clients.Collector&gt;&#xD;
  But was:  &lt;SdcaFramework.Clients.Collector&gt;&#xD;
&#xD;
  16)   
Expected object:
Properties: 
id:  17. 
nickname:  Fear Man. 
fearFactor:  1. 
Actual object:
Properties: 
id:  8. 
nickname:  Fear Man. 
fearFactor:  1. &#xD;
  Expected: &lt;SdcaFramework.Clients.Collector&gt;&#xD;
  But was:  &lt;SdcaFramework.Clients.Collector&gt;&#xD;
&#xD;
  17)   Expected status code should be 'Bad Request'.&#xD;
  Expected: BadRequest&#xD;
  But was:  Created&#xD;
&#xD;
  18)   Expected status code should be 'Bad Request'.&#xD;
  Expected: BadRequest&#xD;
  But was:  Created&#xD;
&#xD;
  19)   Expected status code should be 'Bad Request'.&#xD;
  Expected: BadRequest&#xD;
  But was:  Created&#xD;
&#xD;
  20)   The expected and actual amounts are different&#xD;
  Expected: 1000.088145161287d&#xD;
  But was:  3818.1908703332228d&#xD;
&#xD;
  21)   
Expected object
Properties: 
id:  6. 
name:  Poor guy. 
age:  17. 
sex:  True. 
risk:  5. 
Actual list of objects:
Object №0
Properties: 
id:  0. 
name:  John Doe. 
age:  9573164384136754. 
sex:  True. 
risk:  2. 
Object №1
Properties: 
id:  1. 
name:  Vasily Petrenko. 
age:  11179340384136868. 
sex:  True. 
risk:  5. 
Object №2
Properties: 
id:  2. 
name:  Wendy Lolson. 
age:  3382604384136883. 
sex:  False. 
risk:  1. 
Object №3
Properties: 
id:  3. 
name:  Poor guy. 
age:  30290653. 
sex:  True. 
risk:  1. 
Object №4
Properties: 
id:  4. 
name:  Poor guy. 
age:  19419159. 
sex:  True. 
risk:  1. 
Object №5
Properties: 
id:  5. 
name:  Poor guy. 
age:  3690143. 
sex:  True. 
risk:  1. 
Object №6
Properties: 
id:  6. 
name:  Poor guy. 
age:  654247. 
sex:  True. 
risk:  5. &#xD;
  Expected: some item equal to &lt;SdcaFramework.Clients.Student&gt;&#xD;
  But was:  &lt; &lt;SdcaFramework.Clients.Student&gt;, &lt;SdcaFramework.Clients.Student&gt;, &lt;SdcaFramework.Clients.Student&gt;, &lt;SdcaFramework.Clients.Student&gt;, &lt;SdcaFramework.Clients.Student&gt;, &lt;SdcaFramework.Clients.Student&gt;, &lt;SdcaFramework.Clients.Student&gt; &gt;&#xD;
&#xD;
  22)   
Expected object:
Properties: 
id:  7. 
name:  Poor girl. 
age:  17. 
sex:  False. 
risk:  5. 
Actual object:
Properties: 
id:  7. 
name:  Poor girl. 
age:  492927. 
sex:  False. 
risk:  5. &#xD;
  Expected: &lt;SdcaFramework.Clients.Student&gt;&#xD;
  But was:  &lt;SdcaFramework.Clients.Student&gt;&#xD;
&#xD;
  23)   Expected status code should be 'Bad Request'.&#xD;
  Expected: BadRequest&#xD;
  But was:  Created&#xD;
&#xD;
  24)   Expected status code should be 'Bad Request'.&#xD;
  Expected: BadRequest&#xD;
  But was:  Created&#xD;
&#xD;
  25)   Expected status code should be 'Bad Request'.&#xD;
  Expected: BadRequest&#xD;
  But was:  Created&#xD;
&#xD;
</Message>
          <StackTrace>    at NUnit.Framework.Assert.ReportFailure(String message)&#xD;
   at NUnit.Framework.Assert.ReportFailure(ConstraintResult result, String message, Object[] args)&#xD;
   at NUnit.Framework.Assert.That[TActual](TActual actual, IResolveConstraint expression, String message, Object[] args)&#xD;
   at NUnit.Framework.Assert.AreEqual(Object expected, Object actual, String message, Object[] args)&#xD;
   at SdcaFramework.BusinessLogic.CollectorStepsDef.ThenSystemDidNotCreateCollector() in C:\Users\Vika Zinchenko\source\repos\SdcaFramework\BusinessLogic\CollectorStepsDef.cs:line 115&#xD;
   at TechTalk.SpecFlow.Bindings.BindingInvoker.InvokeBinding(IBinding binding, IContextManager contextManager, Object[] arguments, ITestTracer testTracer, TimeSpan&amp; duration)&#xD;
   at TechTalk.SpecFlow.Infrastructure.TestExecutionEngine.ExecuteStepMatch(BindingMatch match, Object[] arguments)&#xD;
   at TechTalk.SpecFlow.Infrastructure.TestExecutionEngine.ExecuteStep(IContextManager contextManager, StepInstance stepInstance)&#xD;
   at TechTalk.SpecFlow.Infrastructure.TestExecutionEngine.OnAfterLastStep()&#xD;
   at TechTalk.SpecFlow.TestRunner.CollectScenarioErrors()&#xD;
   at SdcaFramework.Features.StudentFeature.ScenarioCleanup()&#xD;
   at SdcaFramework.Features.StudentFeature.TryToAddStudentWithInvalidParameter(String name, String age, String sex, String risk, String[] exampleTags) in C:\Users\Vika Zinchenko\source\repos\SdcaFramework\Features\Student.feature:line 27&#xD;
   at SdcaFramework.Features.StudentFeature.TryToAddStudentWithInvalidParameter_Variant5() in C:\Users\Vika Zinchenko\source\repos\SdcaFramework\Features\Student.feature:line 20&#xD;
</StackTrace>
        </ErrorInfo>
      </Output>
    </UnitTestResult>
    <UnitTestResult executionId="484a8b64-51bc-4afd-878c-8af3b40bbd40" testId="be388e4c-2d4e-161a-ff2c-116c2f6bc410" testName="TryToAddAppointmentWithInvalidParameter_Variant3" computerName="DESKTOP-N392BU0" duration="00:00:00.0552326" startTime="2021-02-22T01:13:53.6946004+02:00" endTime="2021-02-22T01:13:53.7502898+02:00" testType="13cdc9d9-ddb5-4fa4-a97d-d965ccfc6d4b" outcome="Failed" testListId="8c84fa94-04c1-424b-9868-57a2d4851a1d" relativeResultsDirectory="484a8b64-51bc-4afd-878c-8af3b40bbd40">
      <Output>
        <StdOut>When I try to add an appointment with invalid parameter&#xD;
  --- table step argument ---&#xD;
  | Parameter       | Value                            |&#xD;
  | collectorIds    | -1                               |&#xD;
  | debtId          | 1                                |&#xD;
  | appointmentDate | 2020-12-09T14:30:00.000000+02:00 |&#xD;
-&gt; done: AppointmentStepsDef.TryToAddAppointmentWithInvalidParameter(System.Collection...) (0,0s)&#xD;
Then the system can't create the collector data&#xD;
-&gt; error: Multiple failures or warnings in test:&#xD;
  1)   
Expected object
Properties: 
id:  0. 
debtId:  1. 
collectorIds: 
1
2
appointmentDate:  12/9/2020 2:30:00 PM. 
Actual list of objects:
Object №0
Properties: 
id:  0. 
debtId:  1. 
collectorIds: 
0
1
appointmentDate:  2/23/2021 1:13:52 AM. &#xD;
  Expected: some item equal to &lt;SdcaFramework.Clients.Appointment&gt;&#xD;
  But was:  &lt; &lt;SdcaFramework.Clients.Appointment&gt; &gt;&#xD;
&#xD;
  2)   Expected status code should be 'Bad Request'.&#xD;
  Expected: BadRequest&#xD;
  But was:  Created&#xD;
&#xD;
  3)   Expected status code should be 'Bad Request'.&#xD;
  Expected: BadRequest&#xD;
  But was:  Created&#xD;
&#xD;
  4)   Expected status code should be 'Bad Request'.&#xD;
  Expected: BadRequest&#xD;
  But was:  Created</StdOut>
        <ErrorInfo>
          <Message>Test method SdcaFramework.Features.AppointmentFeature.TryToAddAppointmentWithInvalidParameter_Variant3 threw exception: &#xD;
NUnit.Framework.AssertionException: Multiple failures or warnings in test:&#xD;
  1)   
Expected object
Properties: 
id:  0. 
debtId:  1. 
collectorIds: 
1
2
appointmentDate:  12/9/2020 2:30:00 PM. 
Actual list of objects:
Object №0
Properties: 
id:  0. 
debtId:  1. 
collectorIds: 
0
1
appointmentDate:  2/23/2021 1:13:52 AM. &#xD;
  Expected: some item equal to &lt;SdcaFramework.Clients.Appointment&gt;&#xD;
  But was:  &lt; &lt;SdcaFramework.Clients.Appointment&gt; &gt;&#xD;
&#xD;
  2)   Expected status code should be 'Bad Request'.&#xD;
  Expected: BadRequest&#xD;
  But was:  Created&#xD;
&#xD;
  3)   Expected status code should be 'Bad Request'.&#xD;
  Expected: BadRequest&#xD;
  But was:  Created&#xD;
&#xD;
  4)   Expected status code should be 'Bad Request'.&#xD;
  Expected: BadRequest&#xD;
  But was:  Created&#xD;
&#xD;
</Message>
          <StackTrace>    at NUnit.Framework.Assert.ReportFailure(String message)&#xD;
   at NUnit.Framework.Assert.ReportFailure(ConstraintResult result, String message, Object[] args)&#xD;
   at NUnit.Framework.Assert.That[TActual](TActual actual, IResolveConstraint expression, String message, Object[] args)&#xD;
   at NUnit.Framework.Assert.AreEqual(Object expected, Object actual, String message, Object[] args)&#xD;
   at SdcaFramework.BusinessLogic.CollectorStepsDef.ThenSystemDidNotCreateCollector() in C:\Users\Vika Zinchenko\source\repos\SdcaFramework\BusinessLogic\CollectorStepsDef.cs:line 115&#xD;
   at TechTalk.SpecFlow.Bindings.BindingInvoker.InvokeBinding(IBinding binding, IContextManager contextManager, Object[] arguments, ITestTracer testTracer, TimeSpan&amp; duration)&#xD;
   at TechTalk.SpecFlow.Infrastructure.TestExecutionEngine.ExecuteStepMatch(BindingMatch match, Object[] arguments)&#xD;
   at TechTalk.SpecFlow.Infrastructure.TestExecutionEngine.ExecuteStep(IContextManager contextManager, StepInstance stepInstance)&#xD;
   at TechTalk.SpecFlow.Infrastructure.TestExecutionEngine.OnAfterLastStep()&#xD;
   at TechTalk.SpecFlow.TestRunner.CollectScenarioErrors()&#xD;
   at SdcaFramework.Features.AppointmentFeature.ScenarioCleanup()&#xD;
   at SdcaFramework.Features.AppointmentFeature.TryToAddAppointmentWithInvalidParameter(String collectorIds, String debtId, String appointmentDate, String[] exampleTags) in C:\Users\Vika Zinchenko\source\repos\SdcaFramework\Features\Appointment.feature:line 18&#xD;
   at SdcaFramework.Features.AppointmentFeature.TryToAddAppointmentWithInvalidParameter_Variant3() in C:\Users\Vika Zinchenko\source\repos\SdcaFramework\Features\Appointment.feature:line 12&#xD;
</StackTrace>
        </ErrorInfo>
      </Output>
    </UnitTestResult>
    <UnitTestResult executionId="61a1516f-447e-4c5b-9142-9eaf8f949155" testId="42543500-5ba4-355a-f5b2-0a1db85a8ed6" testName="TryToAddStudentWithInvalidParameter_Variant1" computerName="DESKTOP-N392BU0" duration="00:00:00.0299603" startTime="2021-02-22T01:13:58.5545544+02:00" endTime="2021-02-22T01:13:58.5851071+02:00" testType="13cdc9d9-ddb5-4fa4-a97d-d965ccfc6d4b" outcome="Passed" testListId="8c84fa94-04c1-424b-9868-57a2d4851a1d" relativeResultsDirectory="61a1516f-447e-4c5b-9142-9eaf8f949155">
      <Output>
        <StdOut>When I try to add a student with invalid parameter&#xD;
  --- table step argument ---&#xD;
  | Parameter | Value |&#xD;
  | name      | Cutie |&#xD;
  | age       | age   |&#xD;
  | sex       | true  |&#xD;
  | risk      | 5     |&#xD;
-&gt; done: StudentStepsDef.TryToAddStudentWithInvalidParameter(System.Collection...) (0,0s)&#xD;
Then the system can't create the collector data&#xD;
-&gt; done: CollectorStepsDef.ThenSystemDidNotCreateCollector() (0,0s)</StdOut>
      </Output>
    </UnitTestResult>
    <UnitTestResult executionId="d4fd36bc-17c0-4fca-803d-b4bb0fcd63aa" testId="d50705d0-2f5a-7f38-aebd-ae48057ab090" testName="ModifyCollectorAndCheckTheChanges" computerName="DESKTOP-N392BU0" duration="00:00:00.1470770" startTime="2021-02-22T01:13:56.0451191+02:00" endTime="2021-02-22T01:13:56.1931487+02:00" testType="13cdc9d9-ddb5-4fa4-a97d-d965ccfc6d4b" outcome="Failed" testListId="8c84fa94-04c1-424b-9868-57a2d4851a1d" relativeResultsDirectory="d4fd36bc-17c0-4fca-803d-b4bb0fcd63aa">
      <Output>
        <StdOut>When I modify the collector with the following parameters&#xD;
  --- table step argument ---&#xD;
  | id | nickname    | fearFactor |&#xD;
  | 1  | Fear Man777 | 1          |&#xD;
-&gt; done: CollectorStepsDef.ModifyCollectorWithFollowingParameters(SdcaFramework.Cli...) (0,1s)&#xD;
Then the collector data with 1 id is modified correctly&#xD;
-&gt; error: Multiple failures or warnings in test:&#xD;
  1)   
Expected object
Properties: 
id:  0. 
debtId:  1. 
collectorIds: 
1
2
appointmentDate:  12/9/2020 2:30:00 PM. 
Actual list of objects:
Object №0
Properties: 
id:  0. 
debtId:  1. 
collectorIds: 
0
1
appointmentDate:  2/23/2021 1:13:52 AM. &#xD;
  Expected: some item equal to &lt;SdcaFramework.Clients.Appointment&gt;&#xD;
  But was:  &lt; &lt;SdcaFramework.Clients.Appointment&gt; &gt;&#xD;
&#xD;
  2)   Expected status code should be 'Bad Request'.&#xD;
  Expected: BadRequest&#xD;
  But was:  Created&#xD;
&#xD;
  3)   Expected status code should be 'Bad Request'.&#xD;
  Expected: BadRequest&#xD;
  But was:  Created&#xD;
&#xD;
  4)   Expected status code should be 'Bad Request'.&#xD;
  Expected: BadRequest&#xD;
  But was:  Created&#xD;
&#xD;
  5)   Expected status code should be 'Bad Request'.&#xD;
  Expected: BadRequest&#xD;
  But was:  InternalServerError&#xD;
&#xD;
  6)   Expected status code should be 'Bad Request'.&#xD;
  Expected: BadRequest&#xD;
  But was:  Created&#xD;
&#xD;
  7)   Expected status code should be 'Bad Request'.&#xD;
  Expected: BadRequest&#xD;
  But was:  Created&#xD;
&#xD;
  8)   
Expected object:
Properties: 
id:  6. 
debtId:  1. 
collectorIds: 
1
2
appointmentDate:  12/9/2020 2:30:00 PM. 
Actual object:
Properties: 
id:  6. 
debtId:  1. 
collectorIds: 
0
1
appointmentDate:  2/26/2021 1:13:54 AM. &#xD;
  Expected: &lt;SdcaFramework.Clients.Appointment&gt;&#xD;
  But was:  &lt;SdcaFramework.Clients.Appointment&gt;&#xD;
&#xD;
  9)   Expected status code should be 'Not Found'.&#xD;
  Expected: NotFound&#xD;
  But was:  NoContent&#xD;
&#xD;
  10)   
Expected object:
Properties: 
id:  7. 
debtId:  3. 
collectorIds: 
8
appointmentDate:  12/9/2020 2:30:00 PM. 
Actual object:
Properties: 
id:  7. 
debtId:  3. 
collectorIds: 
2
3
appointmentDate:  2/26/2021 1:13:55 AM. &#xD;
  Expected: &lt;SdcaFramework.Clients.Appointment&gt;&#xD;
  But was:  &lt;SdcaFramework.Clients.Appointment&gt;&#xD;
&#xD;
  11)   Expected status code should be 'Bad Request'.&#xD;
  Expected: BadRequest&#xD;
  But was:  Created&#xD;
&#xD;
  12)   Expected status code should be 'Bad Request'.&#xD;
  Expected: BadRequest&#xD;
  But was:  Created&#xD;
&#xD;
  13)   Expected status code should be 'Bad Request'.&#xD;
  Expected: BadRequest&#xD;
  But was:  Created&#xD;
&#xD;
  14)   Expected status code should be 'Bad Request'.&#xD;
  Expected: BadRequest&#xD;
  But was:  Created&#xD;
&#xD;
  15)   
Expected object:
Properties: 
id:  1. 
nickname:  Fear Man777. 
fearFactor:  1. 
Actual object:
Properties: 
id:  1. 
nickname:  Jango Unbrained. 
fearFactor:  5. &#xD;
  Expected: &lt;SdcaFramework.Clients.Collector&gt;&#xD;
  But was:  &lt;SdcaFramework.Clients.Collector&gt;</StdOut>
        <ErrorInfo>
          <Message>Test method SdcaFramework.Features.CollectorFeature.ModifyCollectorAndCheckTheChanges threw exception: &#xD;
NUnit.Framework.AssertionException: Multiple failures or warnings in test:&#xD;
  1)   
Expected object
Properties: 
id:  0. 
debtId:  1. 
collectorIds: 
1
2
appointmentDate:  12/9/2020 2:30:00 PM. 
Actual list of objects:
Object №0
Properties: 
id:  0. 
debtId:  1. 
collectorIds: 
0
1
appointmentDate:  2/23/2021 1:13:52 AM. &#xD;
  Expected: some item equal to &lt;SdcaFramework.Clients.Appointment&gt;&#xD;
  But was:  &lt; &lt;SdcaFramework.Clients.Appointment&gt; &gt;&#xD;
&#xD;
  2)   Expected status code should be 'Bad Request'.&#xD;
  Expected: BadRequest&#xD;
  But was:  Created&#xD;
&#xD;
  3)   Expected status code should be 'Bad Request'.&#xD;
  Expected: BadRequest&#xD;
  But was:  Created&#xD;
&#xD;
  4)   Expected status code should be 'Bad Request'.&#xD;
  Expected: BadRequest&#xD;
  But was:  Created&#xD;
&#xD;
  5)   Expected status code should be 'Bad Request'.&#xD;
  Expected: BadRequest&#xD;
  But was:  InternalServerError&#xD;
&#xD;
  6)   Expected status code should be 'Bad Request'.&#xD;
  Expected: BadRequest&#xD;
  But was:  Created&#xD;
&#xD;
  7)   Expected status code should be 'Bad Request'.&#xD;
  Expected: BadRequest&#xD;
  But was:  Created&#xD;
&#xD;
  8)   
Expected object:
Properties: 
id:  6. 
debtId:  1. 
collectorIds: 
1
2
appointmentDate:  12/9/2020 2:30:00 PM. 
Actual object:
Properties: 
id:  6. 
debtId:  1. 
collectorIds: 
0
1
appointmentDate:  2/26/2021 1:13:54 AM. &#xD;
  Expected: &lt;SdcaFramework.Clients.Appointment&gt;&#xD;
  But was:  &lt;SdcaFramework.Clients.Appointment&gt;&#xD;
&#xD;
  9)   Expected status code should be 'Not Found'.&#xD;
  Expected: NotFound&#xD;
  But was:  NoContent&#xD;
&#xD;
  10)   
Expected object:
Properties: 
id:  7. 
debtId:  3. 
collectorIds: 
8
appointmentDate:  12/9/2020 2:30:00 PM. 
Actual object:
Properties: 
id:  7. 
debtId:  3. 
collectorIds: 
2
3
appointmentDate:  2/26/2021 1:13:55 AM. &#xD;
  Expected: &lt;SdcaFramework.Clients.Appointment&gt;&#xD;
  But was:  &lt;SdcaFramework.Clients.Appointment&gt;&#xD;
&#xD;
  11)   Expected status code should be 'Bad Request'.&#xD;
  Expected: BadRequest&#xD;
  But was:  Created&#xD;
&#xD;
  12)   Expected status code should be 'Bad Request'.&#xD;
  Expected: BadRequest&#xD;
  But was:  Created&#xD;
&#xD;
  13)   Expected status code should be 'Bad Request'.&#xD;
  Expected: BadRequest&#xD;
  But was:  Created&#xD;
&#xD;
  14)   Expected status code should be 'Bad Request'.&#xD;
  Expected: BadRequest&#xD;
  But was:  Created&#xD;
&#xD;
  15)   
Expected object:
Properties: 
id:  1. 
nickname:  Fear Man777. 
fearFactor:  1. 
Actual object:
Properties: 
id:  1. 
nickname:  Jango Unbrained. 
fearFactor:  5. &#xD;
  Expected: &lt;SdcaFramework.Clients.Collector&gt;&#xD;
  But was:  &lt;SdcaFramework.Clients.Collector&gt;&#xD;
&#xD;
</Message>
          <StackTrace>    at NUnit.Framework.Assert.ReportFailure(String message)&#xD;
   at NUnit.Framework.Assert.ReportFailure(ConstraintResult result, String message, Object[] args)&#xD;
   at NUnit.Framework.Assert.That[TActual](TActual actual, IResolveConstraint expression, String message, Object[] args)&#xD;
   at NUnit.Framework.Assert.AreEqual(Object expected, Object actual, String message, Object[] args)&#xD;
   at SdcaFramework.BusinessLogic.CollectorStepsDef.ThenCollectorIsModifiedCorrectly(String id) in C:\Users\Vika Zinchenko\source\repos\SdcaFramework\BusinessLogic\CollectorStepsDef.cs:line 69&#xD;
   at TechTalk.SpecFlow.Bindings.BindingInvoker.InvokeBinding(IBinding binding, IContextManager contextManager, Object[] arguments, ITestTracer testTracer, TimeSpan&amp; duration)&#xD;
   at TechTalk.SpecFlow.Infrastructure.TestExecutionEngine.ExecuteStepMatch(BindingMatch match, Object[] arguments)&#xD;
   at TechTalk.SpecFlow.Infrastructure.TestExecutionEngine.ExecuteStep(IContextManager contextManager, StepInstance stepInstance)&#xD;
   at TechTalk.SpecFlow.Infrastructure.TestExecutionEngine.OnAfterLastStep()&#xD;
   at TechTalk.SpecFlow.TestRunner.CollectScenarioErrors()&#xD;
   at SdcaFramework.Features.CollectorFeature.ScenarioCleanup()&#xD;
   at SdcaFramework.Features.CollectorFeature.ModifyCollectorAndCheckTheChanges() in C:\Users\Vika Zinchenko\source\repos\SdcaFramework\Features\Collector.feature:line 39&#xD;
</StackTrace>
        </ErrorInfo>
      </Output>
    </UnitTestResult>
    <UnitTestResult executionId="d00323ac-ad23-4636-a3e4-bccb459d6871" testId="9c910327-7bfd-e47e-7c94-b7cfd8849fb1" testName="TryToAddCollectorWithInvalidParameter_Variant4" computerName="DESKTOP-N392BU0" duration="00:00:00.0182181" startTime="2021-02-22T01:13:55.9916392+02:00" endTime="2021-02-22T01:13:56.0104220+02:00" testType="13cdc9d9-ddb5-4fa4-a97d-d965ccfc6d4b" outcome="Passed" testListId="8c84fa94-04c1-424b-9868-57a2d4851a1d" relativeResultsDirectory="d00323ac-ad23-4636-a3e4-bccb459d6871">
      <Output>
        <StdOut>When I try to add a collector with invalid parameter&#xD;
  --- table step argument ---&#xD;
  | Parameter  | Value     |&#xD;
  | nickname   | Angry guy |&#xD;
  | fearFactor |           |&#xD;
-&gt; done: CollectorStepsDef.TryToAddCollectorWithInvalidParameter(System.Collection...) (0,0s)&#xD;
Then the system can't create the collector data&#xD;
-&gt; done: CollectorStepsDef.ThenSystemDidNotCreateCollector() (0,0s)</StdOut>
      </Output>
    </UnitTestResult>
    <UnitTestResult executionId="9218985b-2e98-42d4-98ae-521605c45d0f" testId="837ac52b-f143-0ed5-55f8-ecd8f140cb40" testName="TryToAddAppointmentWithInvalidParameter_Variant7" computerName="DESKTOP-N392BU0" duration="00:00:00.0525747" startTime="2021-02-22T01:13:54.7548312+02:00" endTime="2021-02-22T01:13:54.8078425+02:00" testType="13cdc9d9-ddb5-4fa4-a97d-d965ccfc6d4b" outcome="Failed" testListId="8c84fa94-04c1-424b-9868-57a2d4851a1d" relativeResultsDirectory="9218985b-2e98-42d4-98ae-521605c45d0f">
      <Output>
        <StdOut>When I try to add an appointment with invalid parameter&#xD;
  --- table step argument ---&#xD;
  | Parameter       | Value |&#xD;
  | collectorIds    | 1     |&#xD;
  | debtId          | 1     |&#xD;
  | appointmentDate |       |&#xD;
-&gt; done: AppointmentStepsDef.TryToAddAppointmentWithInvalidParameter(System.Collection...) (0,0s)&#xD;
Then the system can't create the collector data&#xD;
-&gt; error: Multiple failures or warnings in test:&#xD;
  1)   
Expected object
Properties: 
id:  0. 
debtId:  1. 
collectorIds: 
1
2
appointmentDate:  12/9/2020 2:30:00 PM. 
Actual list of objects:
Object №0
Properties: 
id:  0. 
debtId:  1. 
collectorIds: 
0
1
appointmentDate:  2/23/2021 1:13:52 AM. &#xD;
  Expected: some item equal to &lt;SdcaFramework.Clients.Appointment&gt;&#xD;
  But was:  &lt; &lt;SdcaFramework.Clients.Appointment&gt; &gt;&#xD;
&#xD;
  2)   Expected status code should be 'Bad Request'.&#xD;
  Expected: BadRequest&#xD;
  But was:  Created&#xD;
&#xD;
  3)   Expected status code should be 'Bad Request'.&#xD;
  Expected: BadRequest&#xD;
  But was:  Created&#xD;
&#xD;
  4)   Expected status code should be 'Bad Request'.&#xD;
  Expected: BadRequest&#xD;
  But was:  Created&#xD;
&#xD;
  5)   Expected status code should be 'Bad Request'.&#xD;
  Expected: BadRequest&#xD;
  But was:  InternalServerError&#xD;
&#xD;
  6)   Expected status code should be 'Bad Request'.&#xD;
  Expected: BadRequest&#xD;
  But was:  Created&#xD;
&#xD;
  7)   Expected status code should be 'Bad Request'.&#xD;
  Expected: BadRequest&#xD;
  But was:  Created</StdOut>
        <ErrorInfo>
          <Message>Test method SdcaFramework.Features.AppointmentFeature.TryToAddAppointmentWithInvalidParameter_Variant7 threw exception: &#xD;
NUnit.Framework.AssertionException: Multiple failures or warnings in test:&#xD;
  1)   
Expected object
Properties: 
id:  0. 
debtId:  1. 
collectorIds: 
1
2
appointmentDate:  12/9/2020 2:30:00 PM. 
Actual list of objects:
Object №0
Properties: 
id:  0. 
debtId:  1. 
collectorIds: 
0
1
appointmentDate:  2/23/2021 1:13:52 AM. &#xD;
  Expected: some item equal to &lt;SdcaFramework.Clients.Appointment&gt;&#xD;
  But was:  &lt; &lt;SdcaFramework.Clients.Appointment&gt; &gt;&#xD;
&#xD;
  2)   Expected status code should be 'Bad Request'.&#xD;
  Expected: BadRequest&#xD;
  But was:  Created&#xD;
&#xD;
  3)   Expected status code should be 'Bad Request'.&#xD;
  Expected: BadRequest&#xD;
  But was:  Created&#xD;
&#xD;
  4)   Expected status code should be 'Bad Request'.&#xD;
  Expected: BadRequest&#xD;
  But was:  Created&#xD;
&#xD;
  5)   Expected status code should be 'Bad Request'.&#xD;
  Expected: BadRequest&#xD;
  But was:  InternalServerError&#xD;
&#xD;
  6)   Expected status code should be 'Bad Request'.&#xD;
  Expected: BadRequest&#xD;
  But was:  Created&#xD;
&#xD;
  7)   Expected status code should be 'Bad Request'.&#xD;
  Expected: BadRequest&#xD;
  But was:  Created&#xD;
&#xD;
</Message>
          <StackTrace>    at NUnit.Framework.Assert.ReportFailure(String message)&#xD;
   at NUnit.Framework.Assert.ReportFailure(ConstraintResult result, String message, Object[] args)&#xD;
   at NUnit.Framework.Assert.That[TActual](TActual actual, IResolveConstraint expression, String message, Object[] args)&#xD;
   at NUnit.Framework.Assert.AreEqual(Object expected, Object actual, String message, Object[] args)&#xD;
   at SdcaFramework.BusinessLogic.CollectorStepsDef.ThenSystemDidNotCreateCollector() in C:\Users\Vika Zinchenko\source\repos\SdcaFramework\BusinessLogic\CollectorStepsDef.cs:line 115&#xD;
   at TechTalk.SpecFlow.Bindings.BindingInvoker.InvokeBinding(IBinding binding, IContextManager contextManager, Object[] arguments, ITestTracer testTracer, TimeSpan&amp; duration)&#xD;
   at TechTalk.SpecFlow.Infrastructure.TestExecutionEngine.ExecuteStepMatch(BindingMatch match, Object[] arguments)&#xD;
   at TechTalk.SpecFlow.Infrastructure.TestExecutionEngine.ExecuteStep(IContextManager contextManager, StepInstance stepInstance)&#xD;
   at TechTalk.SpecFlow.Infrastructure.TestExecutionEngine.OnAfterLastStep()&#xD;
   at TechTalk.SpecFlow.TestRunner.CollectScenarioErrors()&#xD;
   at SdcaFramework.Features.AppointmentFeature.ScenarioCleanup()&#xD;
   at SdcaFramework.Features.AppointmentFeature.TryToAddAppointmentWithInvalidParameter(String collectorIds, String debtId, String appointmentDate, String[] exampleTags) in C:\Users\Vika Zinchenko\source\repos\SdcaFramework\Features\Appointment.feature:line 18&#xD;
   at SdcaFramework.Features.AppointmentFeature.TryToAddAppointmentWithInvalidParameter_Variant7() in C:\Users\Vika Zinchenko\source\repos\SdcaFramework\Features\Appointment.feature:line 12&#xD;
</StackTrace>
        </ErrorInfo>
      </Output>
    </UnitTestResult>
    <UnitTestResult executionId="0a1755b4-3c61-45e3-888b-5eb6207587a6" testId="0ab99089-1f2f-526a-9777-ca71ddc72fc2" testName="TryToAddCollectorWithInvalidParameter_Variant1" computerName="DESKTOP-N392BU0" duration="00:00:00.0225258" startTime="2021-02-22T01:13:55.8358096+02:00" endTime="2021-02-22T01:13:55.8588111+02:00" testType="13cdc9d9-ddb5-4fa4-a97d-d965ccfc6d4b" outcome="Failed" testListId="8c84fa94-04c1-424b-9868-57a2d4851a1d" relativeResultsDirectory="0a1755b4-3c61-45e3-888b-5eb6207587a6">
      <Output>
        <StdOut>When I try to add a collector with invalid parameter&#xD;
  --- table step argument ---&#xD;
  | Parameter  | Value |&#xD;
  | nickname   | 1234  |&#xD;
  | fearFactor | 5     |&#xD;
-&gt; done: CollectorStepsDef.TryToAddCollectorWithInvalidParameter(System.Collection...) (0,0s)&#xD;
Then the system can't create the collector data&#xD;
-&gt; error: Multiple failures or warnings in test:&#xD;
  1)   
Expected object
Properties: 
id:  0. 
debtId:  1. 
collectorIds: 
1
2
appointmentDate:  12/9/2020 2:30:00 PM. 
Actual list of objects:
Object №0
Properties: 
id:  0. 
debtId:  1. 
collectorIds: 
0
1
appointmentDate:  2/23/2021 1:13:52 AM. &#xD;
  Expected: some item equal to &lt;SdcaFramework.Clients.Appointment&gt;&#xD;
  But was:  &lt; &lt;SdcaFramework.Clients.Appointment&gt; &gt;&#xD;
&#xD;
  2)   Expected status code should be 'Bad Request'.&#xD;
  Expected: BadRequest&#xD;
  But was:  Created&#xD;
&#xD;
  3)   Expected status code should be 'Bad Request'.&#xD;
  Expected: BadRequest&#xD;
  But was:  Created&#xD;
&#xD;
  4)   Expected status code should be 'Bad Request'.&#xD;
  Expected: BadRequest&#xD;
  But was:  Created&#xD;
&#xD;
  5)   Expected status code should be 'Bad Request'.&#xD;
  Expected: BadRequest&#xD;
  But was:  InternalServerError&#xD;
&#xD;
  6)   Expected status code should be 'Bad Request'.&#xD;
  Expected: BadRequest&#xD;
  But was:  Created&#xD;
&#xD;
  7)   Expected status code should be 'Bad Request'.&#xD;
  Expected: BadRequest&#xD;
  But was:  Created&#xD;
&#xD;
  8)   
Expected object:
Properties: 
id:  6. 
debtId:  1. 
collectorIds: 
1
2
appointmentDate:  12/9/2020 2:30:00 PM. 
Actual object:
Properties: 
id:  6. 
debtId:  1. 
collectorIds: 
0
1
appointmentDate:  2/26/2021 1:13:54 AM. &#xD;
  Expected: &lt;SdcaFramework.Clients.Appointment&gt;&#xD;
  But was:  &lt;SdcaFramework.Clients.Appointment&gt;&#xD;
&#xD;
  9)   Expected status code should be 'Not Found'.&#xD;
  Expected: NotFound&#xD;
  But was:  NoContent&#xD;
&#xD;
  10)   
Expected object:
Properties: 
id:  7. 
debtId:  3. 
collectorIds: 
8
appointmentDate:  12/9/2020 2:30:00 PM. 
Actual object:
Properties: 
id:  7. 
debtId:  3. 
collectorIds: 
2
3
appointmentDate:  2/26/2021 1:13:55 AM. &#xD;
  Expected: &lt;SdcaFramework.Clients.Appointment&gt;&#xD;
  But was:  &lt;SdcaFramework.Clients.Appointment&gt;&#xD;
&#xD;
  11)   Expected status code should be 'Bad Request'.&#xD;
  Expected: BadRequest&#xD;
  But was:  Created</StdOut>
        <ErrorInfo>
          <Message>Test method SdcaFramework.Features.CollectorFeature.TryToAddCollectorWithInvalidParameter_Variant1 threw exception: &#xD;
NUnit.Framework.AssertionException: Multiple failures or warnings in test:&#xD;
  1)   
Expected object
Properties: 
id:  0. 
debtId:  1. 
collectorIds: 
1
2
appointmentDate:  12/9/2020 2:30:00 PM. 
Actual list of objects:
Object №0
Properties: 
id:  0. 
debtId:  1. 
collectorIds: 
0
1
appointmentDate:  2/23/2021 1:13:52 AM. &#xD;
  Expected: some item equal to &lt;SdcaFramework.Clients.Appointment&gt;&#xD;
  But was:  &lt; &lt;SdcaFramework.Clients.Appointment&gt; &gt;&#xD;
&#xD;
  2)   Expected status code should be 'Bad Request'.&#xD;
  Expected: BadRequest&#xD;
  But was:  Created&#xD;
&#xD;
  3)   Expected status code should be 'Bad Request'.&#xD;
  Expected: BadRequest&#xD;
  But was:  Created&#xD;
&#xD;
  4)   Expected status code should be 'Bad Request'.&#xD;
  Expected: BadRequest&#xD;
  But was:  Created&#xD;
&#xD;
  5)   Expected status code should be 'Bad Request'.&#xD;
  Expected: BadRequest&#xD;
  But was:  InternalServerError&#xD;
&#xD;
  6)   Expected status code should be 'Bad Request'.&#xD;
  Expected: BadRequest&#xD;
  But was:  Created&#xD;
&#xD;
  7)   Expected status code should be 'Bad Request'.&#xD;
  Expected: BadRequest&#xD;
  But was:  Created&#xD;
&#xD;
  8)   
Expected object:
Properties: 
id:  6. 
debtId:  1. 
collectorIds: 
1
2
appointmentDate:  12/9/2020 2:30:00 PM. 
Actual object:
Properties: 
id:  6. 
debtId:  1. 
collectorIds: 
0
1
appointmentDate:  2/26/2021 1:13:54 AM. &#xD;
  Expected: &lt;SdcaFramework.Clients.Appointment&gt;&#xD;
  But was:  &lt;SdcaFramework.Clients.Appointment&gt;&#xD;
&#xD;
  9)   Expected status code should be 'Not Found'.&#xD;
  Expected: NotFound&#xD;
  But was:  NoContent&#xD;
&#xD;
  10)   
Expected object:
Properties: 
id:  7. 
debtId:  3. 
collectorIds: 
8
appointmentDate:  12/9/2020 2:30:00 PM. 
Actual object:
Properties: 
id:  7. 
debtId:  3. 
collectorIds: 
2
3
appointmentDate:  2/26/2021 1:13:55 AM. &#xD;
  Expected: &lt;SdcaFramework.Clients.Appointment&gt;&#xD;
  But was:  &lt;SdcaFramework.Clients.Appointment&gt;&#xD;
&#xD;
  11)   Expected status code should be 'Bad Request'.&#xD;
  Expected: BadRequest&#xD;
  But was:  Created&#xD;
&#xD;
</Message>
          <StackTrace>    at NUnit.Framework.Assert.ReportFailure(String message)&#xD;
   at NUnit.Framework.Assert.ReportFailure(ConstraintResult result, String message, Object[] args)&#xD;
   at NUnit.Framework.Assert.That[TActual](TActual actual, IResolveConstraint expression, String message, Object[] args)&#xD;
   at NUnit.Framework.Assert.AreEqual(Object expected, Object actual, String message, Object[] args)&#xD;
   at SdcaFramework.BusinessLogic.CollectorStepsDef.ThenSystemDidNotCreateCollector() in C:\Users\Vika Zinchenko\source\repos\SdcaFramework\BusinessLogic\CollectorStepsDef.cs:line 115&#xD;
   at TechTalk.SpecFlow.Bindings.BindingInvoker.InvokeBinding(IBinding binding, IContextManager contextManager, Object[] arguments, ITestTracer testTracer, TimeSpan&amp; duration)&#xD;
   at TechTalk.SpecFlow.Infrastructure.TestExecutionEngine.ExecuteStepMatch(BindingMatch match, Object[] arguments)&#xD;
   at TechTalk.SpecFlow.Infrastructure.TestExecutionEngine.ExecuteStep(IContextManager contextManager, StepInstance stepInstance)&#xD;
   at TechTalk.SpecFlow.Infrastructure.TestExecutionEngine.OnAfterLastStep()&#xD;
   at TechTalk.SpecFlow.TestRunner.CollectScenarioErrors()&#xD;
   at SdcaFramework.Features.CollectorFeature.ScenarioCleanup()&#xD;
   at SdcaFramework.Features.CollectorFeature.TryToAddCollectorWithInvalidParameter(String nickname, String fearFactor, String[] exampleTags) in C:\Users\Vika Zinchenko\source\repos\SdcaFramework\Features\Collector.feature:line 23&#xD;
   at SdcaFramework.Features.CollectorFeature.TryToAddCollectorWithInvalidParameter_Variant1() in C:\Users\Vika Zinchenko\source\repos\SdcaFramework\Features\Collector.feature:line 18&#xD;
</StackTrace>
        </ErrorInfo>
      </Output>
    </UnitTestResult>
    <UnitTestResult executionId="0b6cb0d2-d29f-45a6-86d4-8e956a255b74" testId="e1ac6184-5247-d9e6-f38c-d9552ffc4c83" testName="TryToDeleteTheRemovedStudent" computerName="DESKTOP-N392BU0" duration="00:00:00.2223193" startTime="2021-02-22T01:13:59.2079011+02:00" endTime="2021-02-22T01:13:59.4319277+02:00" testType="13cdc9d9-ddb5-4fa4-a97d-d965ccfc6d4b" outcome="Failed" testListId="8c84fa94-04c1-424b-9868-57a2d4851a1d" relativeResultsDirectory="0b6cb0d2-d29f-45a6-86d4-8e956a255b74">
      <Output>
        <StdOut>Given I have added a student with the following parameters&#xD;
  --- table step argument ---&#xD;
  | name     | age | sex  | risk |&#xD;
  | Poor guy | 17  | true | 5    |&#xD;
-&gt; done: StudentStepsDef.AddStudentWithParameters(SdcaFramework.Cli...) (0,1s)&#xD;
When I delete a student by last id&#xD;
-&gt; error: The response has an incorrect status code
The expected status code: OK
The actual status code: InternalServerError&#xD;
And I try to delete the removed student by this id&#xD;
-&gt; skipped because of previous errors&#xD;
Then the system can't find the student data&#xD;
-&gt; skipped because of previous errors</StdOut>
        <ErrorInfo>
          <Message>Test method SdcaFramework.Features.StudentFeature.TryToDeleteTheRemovedStudent threw exception: &#xD;
System.Exception: The response has an incorrect status code
The expected status code: OK
The actual status code: InternalServerError</Message>
          <StackTrace>    at SdcaFramework.ClientSteps.BaseSteps`2.CheckHttpStatusCode(IRestResponse response, HttpStatusCode expectedStatusCode) in C:\Users\Vika Zinchenko\source\repos\SdcaFramework\ClientSteps\BaseSteps.cs:line 81&#xD;
   at SdcaFramework.ClientSteps.BaseSteps`2.ExecuteRequest(Method method, HttpStatusCode expectedStatusCode, Object body, String objectId) in C:\Users\Vika Zinchenko\source\repos\SdcaFramework\ClientSteps\BaseSteps.cs:line 64&#xD;
   at SdcaFramework.ClientSteps.BaseSteps`2.DeleteObjectById(Int32 id, HttpStatusCode expectedStatusCode) in C:\Users\Vika Zinchenko\source\repos\SdcaFramework\ClientSteps\BaseSteps.cs:line 32&#xD;
   at SdcaFramework.ClientSteps.StudentSteps.DeleteStudentById(Int32 id, HttpStatusCode expectedStatusCode) in C:\Users\Vika Zinchenko\source\repos\SdcaFramework\ClientSteps\StudentSteps.cs:line 25&#xD;
   at SdcaFramework.BusinessLogic.StudentStepsDef.DeleteStudentById(String id) in C:\Users\Vika Zinchenko\source\repos\SdcaFramework\BusinessLogic\StudentStepsDef.cs:line 79&#xD;
   at TechTalk.SpecFlow.Bindings.BindingInvoker.InvokeBinding(IBinding binding, IContextManager contextManager, Object[] arguments, ITestTracer testTracer, TimeSpan&amp; duration)&#xD;
   at TechTalk.SpecFlow.Infrastructure.TestExecutionEngine.ExecuteStepMatch(BindingMatch match, Object[] arguments)&#xD;
   at TechTalk.SpecFlow.Infrastructure.TestExecutionEngine.ExecuteStep(IContextManager contextManager, StepInstance stepInstance)&#xD;
   at TechTalk.SpecFlow.Infrastructure.TestExecutionEngine.OnAfterLastStep()&#xD;
   at TechTalk.SpecFlow.TestRunner.CollectScenarioErrors()&#xD;
   at SdcaFramework.Features.StudentFeature.ScenarioCleanup()&#xD;
   at SdcaFramework.Features.StudentFeature.TryToDeleteTheRemovedStudent() in C:\Users\Vika Zinchenko\source\repos\SdcaFramework\Features\Student.feature:line 74&#xD;
</StackTrace>
        </ErrorInfo>
      </Output>
    </UnitTestResult>
    <UnitTestResult executionId="aa234c6c-2939-4f53-8694-bd03e00c1085" testId="620c90c3-8be8-38d9-d94d-aa905911b3df" testName="GetAppointmentById" computerName="DESKTOP-N392BU0" duration="00:00:00.1445316" startTime="2021-02-22T01:13:54.8079056+02:00" endTime="2021-02-22T01:13:54.9527762+02:00" testType="13cdc9d9-ddb5-4fa4-a97d-d965ccfc6d4b" outcome="Failed" testListId="8c84fa94-04c1-424b-9868-57a2d4851a1d" relativeResultsDirectory="aa234c6c-2939-4f53-8694-bd03e00c1085">
      <Output>
        <StdOut>When I add an appointment with the following parameters&#xD;
  --- table step argument ---&#xD;
  | collectorIds | debtId | appointmentDate                  |&#xD;
  | 1, 2         | 1      | 2020-12-09T14:30:00.000000+02:00 |&#xD;
-&gt; done: AppointmentStepsDef.AddAppointmentWithParameters(SdcaFramework.Cli...) (0,1s)&#xD;
Then the appointment data is saved correctly&#xD;
-&gt; error: Multiple failures or warnings in test:&#xD;
  1)   
Expected object
Properties: 
id:  0. 
debtId:  1. 
collectorIds: 
1
2
appointmentDate:  12/9/2020 2:30:00 PM. 
Actual list of objects:
Object №0
Properties: 
id:  0. 
debtId:  1. 
collectorIds: 
0
1
appointmentDate:  2/23/2021 1:13:52 AM. &#xD;
  Expected: some item equal to &lt;SdcaFramework.Clients.Appointment&gt;&#xD;
  But was:  &lt; &lt;SdcaFramework.Clients.Appointment&gt; &gt;&#xD;
&#xD;
  2)   Expected status code should be 'Bad Request'.&#xD;
  Expected: BadRequest&#xD;
  But was:  Created&#xD;
&#xD;
  3)   Expected status code should be 'Bad Request'.&#xD;
  Expected: BadRequest&#xD;
  But was:  Created&#xD;
&#xD;
  4)   Expected status code should be 'Bad Request'.&#xD;
  Expected: BadRequest&#xD;
  But was:  Created&#xD;
&#xD;
  5)   Expected status code should be 'Bad Request'.&#xD;
  Expected: BadRequest&#xD;
  But was:  InternalServerError&#xD;
&#xD;
  6)   Expected status code should be 'Bad Request'.&#xD;
  Expected: BadRequest&#xD;
  But was:  Created&#xD;
&#xD;
  7)   Expected status code should be 'Bad Request'.&#xD;
  Expected: BadRequest&#xD;
  But was:  Created&#xD;
&#xD;
  8)   
Expected object:
Properties: 
id:  6. 
debtId:  1. 
collectorIds: 
1
2
appointmentDate:  12/9/2020 2:30:00 PM. 
Actual object:
Properties: 
id:  6. 
debtId:  1. 
collectorIds: 
0
1
appointmentDate:  2/26/2021 1:13:54 AM. &#xD;
  Expected: &lt;SdcaFramework.Clients.Appointment&gt;&#xD;
  But was:  &lt;SdcaFramework.Clients.Appointment&gt;&#xD;
&#xD;
&#xD;
And I check again that the appointment data is saved correctly&#xD;
-&gt; skipped because of previous errors</StdOut>
        <ErrorInfo>
          <Message>Test method SdcaFramework.Features.AppointmentFeature.GetAppointmentById threw exception: &#xD;
NUnit.Framework.AssertionException: Multiple failures or warnings in test:&#xD;
  1)   
Expected object
Properties: 
id:  0. 
debtId:  1. 
collectorIds: 
1
2
appointmentDate:  12/9/2020 2:30:00 PM. 
Actual list of objects:
Object №0
Properties: 
id:  0. 
debtId:  1. 
collectorIds: 
0
1
appointmentDate:  2/23/2021 1:13:52 AM. &#xD;
  Expected: some item equal to &lt;SdcaFramework.Clients.Appointment&gt;&#xD;
  But was:  &lt; &lt;SdcaFramework.Clients.Appointment&gt; &gt;&#xD;
&#xD;
  2)   Expected status code should be 'Bad Request'.&#xD;
  Expected: BadRequest&#xD;
  But was:  Created&#xD;
&#xD;
  3)   Expected status code should be 'Bad Request'.&#xD;
  Expected: BadRequest&#xD;
  But was:  Created&#xD;
&#xD;
  4)   Expected status code should be 'Bad Request'.&#xD;
  Expected: BadRequest&#xD;
  But was:  Created&#xD;
&#xD;
  5)   Expected status code should be 'Bad Request'.&#xD;
  Expected: BadRequest&#xD;
  But was:  InternalServerError&#xD;
&#xD;
  6)   Expected status code should be 'Bad Request'.&#xD;
  Expected: BadRequest&#xD;
  But was:  Created&#xD;
&#xD;
  7)   Expected status code should be 'Bad Request'.&#xD;
  Expected: BadRequest&#xD;
  But was:  Created&#xD;
&#xD;
  8)   
Expected object:
Properties: 
id:  6. 
debtId:  1. 
collectorIds: 
1
2
appointmentDate:  12/9/2020 2:30:00 PM. 
Actual object:
Properties: 
id:  6. 
debtId:  1. 
collectorIds: 
0
1
appointmentDate:  2/26/2021 1:13:54 AM. &#xD;
  Expected: &lt;SdcaFramework.Clients.Appointment&gt;&#xD;
  But was:  &lt;SdcaFramework.Clients.Appointment&gt;&#xD;
&#xD;
</Message>
          <StackTrace>    at NUnit.Framework.Assert.ReportFailure(String message)&#xD;
   at NUnit.Framework.Assert.ReportFailure(ConstraintResult result, String message, Object[] args)&#xD;
   at NUnit.Framework.Assert.That[TActual](TActual actual, IResolveConstraint expression, String message, Object[] args)&#xD;
   at NUnit.Framework.Assert.AreEqual(Object expected, Object actual, String message, Object[] args)&#xD;
   at SdcaFramework.BusinessLogic.AppointmentStepsDef.ThenAppointmentDataIsSavedCorrectly() in C:\Users\Vika Zinchenko\source\repos\SdcaFramework\BusinessLogic\AppointmentStepsDef.cs:line 86&#xD;
   at TechTalk.SpecFlow.Bindings.BindingInvoker.InvokeBinding(IBinding binding, IContextManager contextManager, Object[] arguments, ITestTracer testTracer, TimeSpan&amp; duration)&#xD;
   at TechTalk.SpecFlow.Infrastructure.TestExecutionEngine.ExecuteStepMatch(BindingMatch match, Object[] arguments)&#xD;
   at TechTalk.SpecFlow.Infrastructure.TestExecutionEngine.ExecuteStep(IContextManager contextManager, StepInstance stepInstance)&#xD;
   at TechTalk.SpecFlow.Infrastructure.TestExecutionEngine.OnAfterLastStep()&#xD;
   at TechTalk.SpecFlow.TestRunner.CollectScenarioErrors()&#xD;
   at SdcaFramework.Features.AppointmentFeature.ScenarioCleanup()&#xD;
   at SdcaFramework.Features.AppointmentFeature.GetAppointmentById() in C:\Users\Vika Zinchenko\source\repos\SdcaFramework\Features\Appointment.feature:line 37&#xD;
</StackTrace>
        </ErrorInfo>
      </Output>
    </UnitTestResult>
    <UnitTestResult executionId="d8689aae-dc24-49da-81bf-ddb07045387f" testId="cb005f33-c15d-bd17-922a-3e9315cb7716" testName="ModifyCollectorMultipleTimesAndCheckTheResult" computerName="DESKTOP-N392BU0" duration="00:00:00.0774898" startTime="2021-02-22T01:13:56.1935245+02:00" endTime="2021-02-22T01:13:56.2720711+02:00" testType="13cdc9d9-ddb5-4fa4-a97d-d965ccfc6d4b" outcome="Passed" testListId="8c84fa94-04c1-424b-9868-57a2d4851a1d" relativeResultsDirectory="d8689aae-dc24-49da-81bf-ddb07045387f">
      <Output>
        <StdOut>Given I have modified the collector with the following parameters&#xD;
  --- table step argument ---&#xD;
  | id | nickname     | fearFactor |&#xD;
  | 5  | Modified Man | 1          |&#xD;
-&gt; done: CollectorStepsDef.ModifyCollectorWithFollowingParameters(SdcaFramework.Cli...) (0,0s)&#xD;
When I modify the collector with the following parameters again&#xD;
  --- table step argument ---&#xD;
  | id | nickname     | fearFactor |&#xD;
  | 5  | Modified Man | 1          |&#xD;
-&gt; done: CollectorStepsDef.ModifyCollectorWithFollowingParameters(SdcaFramework.Cli...) (0,0s)&#xD;
Then I find only one collector with the following parameters&#xD;
  --- table step argument ---&#xD;
  | nickname     | fearFactor |&#xD;
  | Modified Man | 1          |&#xD;
-&gt; done: CollectorStepsDef.FindCollectorByParameters(SdcaFramework.Cli...) (0,0s)</StdOut>
      </Output>
    </UnitTestResult>
    <UnitTestResult executionId="555188e4-9324-4dab-8914-9a48830770c3" testId="f7e2a38a-66b3-80e0-fd75-e55cd4c26bb4" testName="TryToAddDebtWithInvalidParameter_Variant6" computerName="DESKTOP-N392BU0" duration="00:00:00.0229430" startTime="2021-02-22T01:13:57.2636817+02:00" endTime="2021-02-22T01:13:57.2871639+02:00" testType="13cdc9d9-ddb5-4fa4-a97d-d965ccfc6d4b" outcome="Passed" testListId="8c84fa94-04c1-424b-9868-57a2d4851a1d" relativeResultsDirectory="555188e4-9324-4dab-8914-9a48830770c3">
      <Output>
        <StdOut>When I try to add a debt with invalid parameter&#xD;
  --- table step argument ---&#xD;
  | Parameter      | Value |&#xD;
  | studentId      |       |&#xD;
  | amount         | 100   |&#xD;
  | monthlyPercent | 5     |&#xD;
-&gt; done: DebtStepsDef.TryToAddADebtWithInvalidParameter(System.Collection...) (0,0s)&#xD;
Then the system can't create the collector data&#xD;
-&gt; done: CollectorStepsDef.ThenSystemDidNotCreateCollector() (0,0s)</StdOut>
      </Output>
    </UnitTestResult>
    <UnitTestResult executionId="e8f493d7-64d1-4246-a4be-5f380f275cf9" testId="53cef52c-3218-1d73-8355-d8e5cb3b0959" testName="GetCollectorById" computerName="DESKTOP-N392BU0" duration="00:00:00.0842556" startTime="2021-02-22T01:13:55.7158849+02:00" endTime="2021-02-22T01:13:55.8007397+02:00" testType="13cdc9d9-ddb5-4fa4-a97d-d965ccfc6d4b" outcome="Passed" testListId="8c84fa94-04c1-424b-9868-57a2d4851a1d" relativeResultsDirectory="e8f493d7-64d1-4246-a4be-5f380f275cf9">
      <Output>
        <StdOut>When I add a collector with the following parameters&#xD;
  --- table step argument ---&#xD;
  | nickname  | fearFactor |&#xD;
  | Fear Man4 | 1          |&#xD;
-&gt; done: CollectorStepsDef.AddCollectorWithParameters(SdcaFramework.Cli...) (0,0s)&#xD;
Then the collector data is saved correctly&#xD;
-&gt; done: CollectorStepsDef.ThenCollectorIsSavedCorrectly() (0,0s)&#xD;
And I check again that the collector data is saved correctly&#xD;
-&gt; done: CollectorStepsDef.ThenCollectorIsSavedCorrectly() (0,0s)</StdOut>
      </Output>
    </UnitTestResult>
    <UnitTestResult executionId="815c9213-6a05-49ef-8ee2-5a11b873bd90" testId="b444707f-64d8-570e-95da-022e36e61730" testName="TryToAddCollectorWithInvalidParameter_Variant5" computerName="DESKTOP-N392BU0" duration="00:00:00.0339835" startTime="2021-02-22T01:13:56.0104897+02:00" endTime="2021-02-22T01:13:56.0450165+02:00" testType="13cdc9d9-ddb5-4fa4-a97d-d965ccfc6d4b" outcome="Failed" testListId="8c84fa94-04c1-424b-9868-57a2d4851a1d" relativeResultsDirectory="815c9213-6a05-49ef-8ee2-5a11b873bd90">
      <Output>
        <StdOut>When I try to add a collector with invalid parameter&#xD;
  --- table step argument ---&#xD;
  | Parameter  | Value      |&#xD;
  | nickname   | Angry guy# |&#xD;
  | fearFactor | 1          |&#xD;
-&gt; done: CollectorStepsDef.TryToAddCollectorWithInvalidParameter(System.Collection...) (0,0s)&#xD;
Then the system can't create the collector data&#xD;
-&gt; error: Multiple failures or warnings in test:&#xD;
  1)   
Expected object
Properties: 
id:  0. 
debtId:  1. 
collectorIds: 
1
2
appointmentDate:  12/9/2020 2:30:00 PM. 
Actual list of objects:
Object №0
Properties: 
id:  0. 
debtId:  1. 
collectorIds: 
0
1
appointmentDate:  2/23/2021 1:13:52 AM. &#xD;
  Expected: some item equal to &lt;SdcaFramework.Clients.Appointment&gt;&#xD;
  But was:  &lt; &lt;SdcaFramework.Clients.Appointment&gt; &gt;&#xD;
&#xD;
  2)   Expected status code should be 'Bad Request'.&#xD;
  Expected: BadRequest&#xD;
  But was:  Created&#xD;
&#xD;
  3)   Expected status code should be 'Bad Request'.&#xD;
  Expected: BadRequest&#xD;
  But was:  Created&#xD;
&#xD;
  4)   Expected status code should be 'Bad Request'.&#xD;
  Expected: BadRequest&#xD;
  But was:  Created&#xD;
&#xD;
  5)   Expected status code should be 'Bad Request'.&#xD;
  Expected: BadRequest&#xD;
  But was:  InternalServerError&#xD;
&#xD;
  6)   Expected status code should be 'Bad Request'.&#xD;
  Expected: BadRequest&#xD;
  But was:  Created&#xD;
&#xD;
  7)   Expected status code should be 'Bad Request'.&#xD;
  Expected: BadRequest&#xD;
  But was:  Created&#xD;
&#xD;
  8)   
Expected object:
Properties: 
id:  6. 
debtId:  1. 
collectorIds: 
1
2
appointmentDate:  12/9/2020 2:30:00 PM. 
Actual object:
Properties: 
id:  6. 
debtId:  1. 
collectorIds: 
0
1
appointmentDate:  2/26/2021 1:13:54 AM. &#xD;
  Expected: &lt;SdcaFramework.Clients.Appointment&gt;&#xD;
  But was:  &lt;SdcaFramework.Clients.Appointment&gt;&#xD;
&#xD;
  9)   Expected status code should be 'Not Found'.&#xD;
  Expected: NotFound&#xD;
  But was:  NoContent&#xD;
&#xD;
  10)   
Expected object:
Properties: 
id:  7. 
debtId:  3. 
collectorIds: 
8
appointmentDate:  12/9/2020 2:30:00 PM. 
Actual object:
Properties: 
id:  7. 
debtId:  3. 
collectorIds: 
2
3
appointmentDate:  2/26/2021 1:13:55 AM. &#xD;
  Expected: &lt;SdcaFramework.Clients.Appointment&gt;&#xD;
  But was:  &lt;SdcaFramework.Clients.Appointment&gt;&#xD;
&#xD;
  11)   Expected status code should be 'Bad Request'.&#xD;
  Expected: BadRequest&#xD;
  But was:  Created&#xD;
&#xD;
  12)   Expected status code should be 'Bad Request'.&#xD;
  Expected: BadRequest&#xD;
  But was:  Created&#xD;
&#xD;
  13)   Expected status code should be 'Bad Request'.&#xD;
  Expected: BadRequest&#xD;
  But was:  Created&#xD;
&#xD;
  14)   Expected status code should be 'Bad Request'.&#xD;
  Expected: BadRequest&#xD;
  But was:  Created</StdOut>
        <ErrorInfo>
          <Message>Test method SdcaFramework.Features.CollectorFeature.TryToAddCollectorWithInvalidParameter_Variant5 threw exception: &#xD;
NUnit.Framework.AssertionException: Multiple failures or warnings in test:&#xD;
  1)   
Expected object
Properties: 
id:  0. 
debtId:  1. 
collectorIds: 
1
2
appointmentDate:  12/9/2020 2:30:00 PM. 
Actual list of objects:
Object №0
Properties: 
id:  0. 
debtId:  1. 
collectorIds: 
0
1
appointmentDate:  2/23/2021 1:13:52 AM. &#xD;
  Expected: some item equal to &lt;SdcaFramework.Clients.Appointment&gt;&#xD;
  But was:  &lt; &lt;SdcaFramework.Clients.Appointment&gt; &gt;&#xD;
&#xD;
  2)   Expected status code should be 'Bad Request'.&#xD;
  Expected: BadRequest&#xD;
  But was:  Created&#xD;
&#xD;
  3)   Expected status code should be 'Bad Request'.&#xD;
  Expected: BadRequest&#xD;
  But was:  Created&#xD;
&#xD;
  4)   Expected status code should be 'Bad Request'.&#xD;
  Expected: BadRequest&#xD;
  But was:  Created&#xD;
&#xD;
  5)   Expected status code should be 'Bad Request'.&#xD;
  Expected: BadRequest&#xD;
  But was:  InternalServerError&#xD;
&#xD;
  6)   Expected status code should be 'Bad Request'.&#xD;
  Expected: BadRequest&#xD;
  But was:  Created&#xD;
&#xD;
  7)   Expected status code should be 'Bad Request'.&#xD;
  Expected: BadRequest&#xD;
  But was:  Created&#xD;
&#xD;
  8)   
Expected object:
Properties: 
id:  6. 
debtId:  1. 
collectorIds: 
1
2
appointmentDate:  12/9/2020 2:30:00 PM. 
Actual object:
Properties: 
id:  6. 
debtId:  1. 
collectorIds: 
0
1
appointmentDate:  2/26/2021 1:13:54 AM. &#xD;
  Expected: &lt;SdcaFramework.Clients.Appointment&gt;&#xD;
  But was:  &lt;SdcaFramework.Clients.Appointment&gt;&#xD;
&#xD;
  9)   Expected status code should be 'Not Found'.&#xD;
  Expected: NotFound&#xD;
  But was:  NoContent&#xD;
&#xD;
  10)   
Expected object:
Properties: 
id:  7. 
debtId:  3. 
collectorIds: 
8
appointmentDate:  12/9/2020 2:30:00 PM. 
Actual object:
Properties: 
id:  7. 
debtId:  3. 
collectorIds: 
2
3
appointmentDate:  2/26/2021 1:13:55 AM. &#xD;
  Expected: &lt;SdcaFramework.Clients.Appointment&gt;&#xD;
  But was:  &lt;SdcaFramework.Clients.Appointment&gt;&#xD;
&#xD;
  11)   Expected status code should be 'Bad Request'.&#xD;
  Expected: BadRequest&#xD;
  But was:  Created&#xD;
&#xD;
  12)   Expected status code should be 'Bad Request'.&#xD;
  Expected: BadRequest&#xD;
  But was:  Created&#xD;
&#xD;
  13)   Expected status code should be 'Bad Request'.&#xD;
  Expected: BadRequest&#xD;
  But was:  Created&#xD;
&#xD;
  14)   Expected status code should be 'Bad Request'.&#xD;
  Expected: BadRequest&#xD;
  But was:  Created&#xD;
&#xD;
</Message>
          <StackTrace>    at NUnit.Framework.Assert.ReportFailure(String message)&#xD;
   at NUnit.Framework.Assert.ReportFailure(ConstraintResult result, String message, Object[] args)&#xD;
   at NUnit.Framework.Assert.That[TActual](TActual actual, IResolveConstraint expression, String message, Object[] args)&#xD;
   at NUnit.Framework.Assert.AreEqual(Object expected, Object actual, String message, Object[] args)&#xD;
   at SdcaFramework.BusinessLogic.CollectorStepsDef.ThenSystemDidNotCreateCollector() in C:\Users\Vika Zinchenko\source\repos\SdcaFramework\BusinessLogic\CollectorStepsDef.cs:line 115&#xD;
   at TechTalk.SpecFlow.Bindings.BindingInvoker.InvokeBinding(IBinding binding, IContextManager contextManager, Object[] arguments, ITestTracer testTracer, TimeSpan&amp; duration)&#xD;
   at TechTalk.SpecFlow.Infrastructure.TestExecutionEngine.ExecuteStepMatch(BindingMatch match, Object[] arguments)&#xD;
   at TechTalk.SpecFlow.Infrastructure.TestExecutionEngine.ExecuteStep(IContextManager contextManager, StepInstance stepInstance)&#xD;
   at TechTalk.SpecFlow.Infrastructure.TestExecutionEngine.OnAfterLastStep()&#xD;
   at TechTalk.SpecFlow.TestRunner.CollectScenarioErrors()&#xD;
   at SdcaFramework.Features.CollectorFeature.ScenarioCleanup()&#xD;
   at SdcaFramework.Features.CollectorFeature.TryToAddCollectorWithInvalidParameter(String nickname, String fearFactor, String[] exampleTags) in C:\Users\Vika Zinchenko\source\repos\SdcaFramework\Features\Collector.feature:line 23&#xD;
   at SdcaFramework.Features.CollectorFeature.TryToAddCollectorWithInvalidParameter_Variant5() in C:\Users\Vika Zinchenko\source\repos\SdcaFramework\Features\Collector.feature:line 18&#xD;
</StackTrace>
        </ErrorInfo>
      </Output>
    </UnitTestResult>
    <UnitTestResult executionId="c907fba8-8766-41d8-8f1f-cf261d33ff2b" testId="d8261c20-706d-f0b1-82cc-8ed79a0c1119" testName="DeleteCollectorAndCheckItsAbsence" computerName="DESKTOP-N392BU0" duration="00:00:00.0761945" startTime="2021-02-22T01:13:56.2834778+02:00" endTime="2021-02-22T01:13:56.3616778+02:00" testType="13cdc9d9-ddb5-4fa4-a97d-d965ccfc6d4b" outcome="Failed" testListId="8c84fa94-04c1-424b-9868-57a2d4851a1d" relativeResultsDirectory="c907fba8-8766-41d8-8f1f-cf261d33ff2b">
      <Output>
        <StdOut>Given I have added a collector with the following parameters&#xD;
  --- table step argument ---&#xD;
  | nickname | fearFactor |&#xD;
  | Fear Man | 1          |&#xD;
-&gt; done: CollectorStepsDef.AddCollectorWithParameters(SdcaFramework.Cli...) (0,0s)&#xD;
When I delete a collector by last id&#xD;
-&gt; error: The response has an incorrect status code
The expected status code: OK
The actual status code: NotFound&#xD;
Then the system can't find the collector data&#xD;
-&gt; skipped because of previous errors</StdOut>
        <ErrorInfo>
          <Message>Test method SdcaFramework.Features.CollectorFeature.DeleteCollectorAndCheckItsAbsence threw exception: &#xD;
System.Exception: The response has an incorrect status code
The expected status code: OK
The actual status code: NotFound</Message>
          <StackTrace>    at SdcaFramework.ClientSteps.BaseSteps`2.CheckHttpStatusCode(IRestResponse response, HttpStatusCode expectedStatusCode) in C:\Users\Vika Zinchenko\source\repos\SdcaFramework\ClientSteps\BaseSteps.cs:line 81&#xD;
   at SdcaFramework.ClientSteps.BaseSteps`2.ExecuteRequest(Method method, HttpStatusCode expectedStatusCode, Object body, String objectId) in C:\Users\Vika Zinchenko\source\repos\SdcaFramework\ClientSteps\BaseSteps.cs:line 64&#xD;
   at SdcaFramework.ClientSteps.BaseSteps`2.DeleteObjectById(Int32 id, HttpStatusCode expectedStatusCode) in C:\Users\Vika Zinchenko\source\repos\SdcaFramework\ClientSteps\BaseSteps.cs:line 32&#xD;
   at SdcaFramework.ClientSteps.CollectorSteps.DeleteCllectorById(Int32 id, HttpStatusCode expectedStatusCode) in C:\Users\Vika Zinchenko\source\repos\SdcaFramework\ClientSteps\CollectorSteps.cs:line 25&#xD;
   at SdcaFramework.BusinessLogic.CollectorStepsDef.DeleteCollectorById(String id) in C:\Users\Vika Zinchenko\source\repos\SdcaFramework\BusinessLogic\CollectorStepsDef.cs:line 78&#xD;
   at TechTalk.SpecFlow.Bindings.BindingInvoker.InvokeBinding(IBinding binding, IContextManager contextManager, Object[] arguments, ITestTracer testTracer, TimeSpan&amp; duration)&#xD;
   at TechTalk.SpecFlow.Infrastructure.TestExecutionEngine.ExecuteStepMatch(BindingMatch match, Object[] arguments)&#xD;
   at TechTalk.SpecFlow.Infrastructure.TestExecutionEngine.ExecuteStep(IContextManager contextManager, StepInstance stepInstance)&#xD;
   at TechTalk.SpecFlow.Infrastructure.TestExecutionEngine.OnAfterLastStep()&#xD;
   at TechTalk.SpecFlow.TestRunner.CollectScenarioErrors()&#xD;
   at SdcaFramework.Features.CollectorFeature.ScenarioCleanup()&#xD;
   at SdcaFramework.Features.CollectorFeature.DeleteCollectorAndCheckItsAbsence() in C:\Users\Vika Zinchenko\source\repos\SdcaFramework\Features\Collector.feature:line 57&#xD;
</StackTrace>
        </ErrorInfo>
      </Output>
    </UnitTestResult>
    <UnitTestResult executionId="4e49e15e-3951-4e24-9c70-fef38a3ef2c4" testId="35cb7d1d-36e8-20f8-8d66-ecb0dc02e4ca" testName="DeleteStudentAndCheckItsAbsence" computerName="DESKTOP-N392BU0" duration="00:00:00.2697774" startTime="2021-02-22T01:13:58.9371646+02:00" endTime="2021-02-22T01:13:59.2075409+02:00" testType="13cdc9d9-ddb5-4fa4-a97d-d965ccfc6d4b" outcome="Failed" testListId="8c84fa94-04c1-424b-9868-57a2d4851a1d" relativeResultsDirectory="4e49e15e-3951-4e24-9c70-fef38a3ef2c4">
      <Output>
        <StdOut>Given I have added a student with the following parameters&#xD;
  --- table step argument ---&#xD;
  | name     | age | sex  | risk |&#xD;
  | Poor guy | 17  | true | 5    |&#xD;
-&gt; done: StudentStepsDef.AddStudentWithParameters(SdcaFramework.Cli...) (0,0s)&#xD;
When I delete a student by last id&#xD;
-&gt; error: The response has an incorrect status code
The expected status code: OK
The actual status code: InternalServerError&#xD;
Then the system can't find the student data&#xD;
-&gt; skipped because of previous errors</StdOut>
        <ErrorInfo>
          <Message>Test method SdcaFramework.Features.StudentFeature.DeleteStudentAndCheckItsAbsence threw exception: &#xD;
System.Exception: The response has an incorrect status code
The expected status code: OK
The actual status code: InternalServerError</Message>
          <StackTrace>    at SdcaFramework.ClientSteps.BaseSteps`2.CheckHttpStatusCode(IRestResponse response, HttpStatusCode expectedStatusCode) in C:\Users\Vika Zinchenko\source\repos\SdcaFramework\ClientSteps\BaseSteps.cs:line 81&#xD;
   at SdcaFramework.ClientSteps.BaseSteps`2.ExecuteRequest(Method method, HttpStatusCode expectedStatusCode, Object body, String objectId) in C:\Users\Vika Zinchenko\source\repos\SdcaFramework\ClientSteps\BaseSteps.cs:line 64&#xD;
   at SdcaFramework.ClientSteps.BaseSteps`2.DeleteObjectById(Int32 id, HttpStatusCode expectedStatusCode) in C:\Users\Vika Zinchenko\source\repos\SdcaFramework\ClientSteps\BaseSteps.cs:line 32&#xD;
   at SdcaFramework.ClientSteps.StudentSteps.DeleteStudentById(Int32 id, HttpStatusCode expectedStatusCode) in C:\Users\Vika Zinchenko\source\repos\SdcaFramework\ClientSteps\StudentSteps.cs:line 25&#xD;
   at SdcaFramework.BusinessLogic.StudentStepsDef.DeleteStudentById(String id) in C:\Users\Vika Zinchenko\source\repos\SdcaFramework\BusinessLogic\StudentStepsDef.cs:line 79&#xD;
   at TechTalk.SpecFlow.Bindings.BindingInvoker.InvokeBinding(IBinding binding, IContextManager contextManager, Object[] arguments, ITestTracer testTracer, TimeSpan&amp; duration)&#xD;
   at TechTalk.SpecFlow.Infrastructure.TestExecutionEngine.ExecuteStepMatch(BindingMatch match, Object[] arguments)&#xD;
   at TechTalk.SpecFlow.Infrastructure.TestExecutionEngine.ExecuteStep(IContextManager contextManager, StepInstance stepInstance)&#xD;
   at TechTalk.SpecFlow.Infrastructure.TestExecutionEngine.OnAfterLastStep()&#xD;
   at TechTalk.SpecFlow.TestRunner.CollectScenarioErrors()&#xD;
   at SdcaFramework.Features.StudentFeature.ScenarioCleanup()&#xD;
   at SdcaFramework.Features.StudentFeature.DeleteStudentAndCheckItsAbsence() in C:\Users\Vika Zinchenko\source\repos\SdcaFramework\Features\Student.feature:line 66&#xD;
</StackTrace>
        </ErrorInfo>
      </Output>
    </UnitTestResult>
    <UnitTestResult executionId="4056b4fe-c2e8-4bd7-b94e-42be8df7aa1d" testId="f7efbf2a-54fd-43f5-46c0-b60aa448f1cc" testName="TryToAddStudentWithInvalidParameter_Variant8" computerName="DESKTOP-N392BU0" duration="00:00:00.0239716" startTime="2021-02-22T01:13:58.7644342+02:00" endTime="2021-02-22T01:13:58.7889803+02:00" testType="13cdc9d9-ddb5-4fa4-a97d-d965ccfc6d4b" outcome="Passed" testListId="8c84fa94-04c1-424b-9868-57a2d4851a1d" relativeResultsDirectory="4056b4fe-c2e8-4bd7-b94e-42be8df7aa1d">
      <Output>
        <StdOut>When I try to add a student with invalid parameter&#xD;
  --- table step argument ---&#xD;
  | Parameter | Value |&#xD;
  | name      | Cutie |&#xD;
  | age       | 17    |&#xD;
  | sex       | true  |&#xD;
  | risk      |       |&#xD;
-&gt; done: StudentStepsDef.TryToAddStudentWithInvalidParameter(System.Collection...) (0,0s)&#xD;
Then the system can't create the collector data&#xD;
-&gt; done: CollectorStepsDef.ThenSystemDidNotCreateCollector() (0,0s)</StdOut>
      </Output>
    </UnitTestResult>
    <UnitTestResult executionId="1fd81e6d-1e70-45ad-97f9-ac1e818ccbe9" testId="c460fc7e-85cd-50e0-5d59-dc955715ab01" testName="AddCollectorAndCheckItPresenceInTheList" computerName="DESKTOP-N392BU0" duration="00:00:00.0405186" startTime="2021-02-22T01:13:55.6626896+02:00" endTime="2021-02-22T01:13:55.7065201+02:00" testType="13cdc9d9-ddb5-4fa4-a97d-d965ccfc6d4b" outcome="Passed" testListId="8c84fa94-04c1-424b-9868-57a2d4851a1d" relativeResultsDirectory="1fd81e6d-1e70-45ad-97f9-ac1e818ccbe9">
      <Output>
        <StdOut>When I add a collector with the following parameters&#xD;
  --- table step argument ---&#xD;
  | nickname   | fearFactor |&#xD;
  | Fear Man46 | 1          |&#xD;
-&gt; done: CollectorStepsDef.AddCollectorWithParameters(SdcaFramework.Cli...) (0,0s)&#xD;
Then I can see the created collector in the list&#xD;
-&gt; done: CollectorStepsDef.CheckCollectorPresenceInList() (0,0s)</StdOut>
      </Output>
    </UnitTestResult>
    <UnitTestResult executionId="c9c537d0-0f4b-4032-b330-51e78d4f2e62" testId="cfb1578d-34ed-a926-98d2-13c050b3a50e" testName="ModifyStudentMultipleTimesAndCheckTheResult" computerName="DESKTOP-N392BU0" duration="00:00:00.0575561" startTime="2021-02-22T01:13:58.8789572+02:00" endTime="2021-02-22T01:13:58.9370947+02:00" testType="13cdc9d9-ddb5-4fa4-a97d-d965ccfc6d4b" outcome="Failed" testListId="8c84fa94-04c1-424b-9868-57a2d4851a1d" relativeResultsDirectory="c9c537d0-0f4b-4032-b330-51e78d4f2e62">
      <Output>
        <StdOut>Given I have modified the student with the following parameters&#xD;
  --- table step argument ---&#xD;
  | id | name         | age | sex  | risk |&#xD;
  | 5  | Modified guy | 17  | true | 2    |&#xD;
-&gt; done: StudentStepsDef.ModifyStudentWithFollowingParameters(SdcaFramework.Cli...) (0,0s)&#xD;
When I modify the student with the following parameters again&#xD;
  --- table step argument ---&#xD;
  | id | name         | age | sex  | risk |&#xD;
  | 5  | Modified guy | 17  | true | 2    |&#xD;
-&gt; done: StudentStepsDef.ModifyStudentWithFollowingParameters(SdcaFramework.Cli...) (0,0s)&#xD;
Then I find only one student with the following parameters&#xD;
  --- table step argument ---&#xD;
  | name         | age | sex  | risk |&#xD;
  | Modified guy | 17  | true | 2    |&#xD;
-&gt; error: Multiple failures or warnings in test:&#xD;
  1)   
Expected object
Properties: 
id:  0. 
debtId:  1. 
collectorIds: 
1
2
appointmentDate:  12/9/2020 2:30:00 PM. 
Actual list of objects:
Object №0
Properties: 
id:  0. 
debtId:  1. 
collectorIds: 
0
1
appointmentDate:  2/23/2021 1:13:52 AM. &#xD;
  Expected: some item equal to &lt;SdcaFramework.Clients.Appointment&gt;&#xD;
  But was:  &lt; &lt;SdcaFramework.Clients.Appointment&gt; &gt;&#xD;
&#xD;
  2)   Expected status code should be 'Bad Request'.&#xD;
  Expected: BadRequest&#xD;
  But was:  Created&#xD;
&#xD;
  3)   Expected status code should be 'Bad Request'.&#xD;
  Expected: BadRequest&#xD;
  But was:  Created&#xD;
&#xD;
  4)   Expected status code should be 'Bad Request'.&#xD;
  Expected: BadRequest&#xD;
  But was:  Created&#xD;
&#xD;
  5)   Expected status code should be 'Bad Request'.&#xD;
  Expected: BadRequest&#xD;
  But was:  InternalServerError&#xD;
&#xD;
  6)   Expected status code should be 'Bad Request'.&#xD;
  Expected: BadRequest&#xD;
  But was:  Created&#xD;
&#xD;
  7)   Expected status code should be 'Bad Request'.&#xD;
  Expected: BadRequest&#xD;
  But was:  Created&#xD;
&#xD;
  8)   
Expected object:
Properties: 
id:  6. 
debtId:  1. 
collectorIds: 
1
2
appointmentDate:  12/9/2020 2:30:00 PM. 
Actual object:
Properties: 
id:  6. 
debtId:  1. 
collectorIds: 
0
1
appointmentDate:  2/26/2021 1:13:54 AM. &#xD;
  Expected: &lt;SdcaFramework.Clients.Appointment&gt;&#xD;
  But was:  &lt;SdcaFramework.Clients.Appointment&gt;&#xD;
&#xD;
  9)   Expected status code should be 'Not Found'.&#xD;
  Expected: NotFound&#xD;
  But was:  NoContent&#xD;
&#xD;
  10)   
Expected object:
Properties: 
id:  7. 
debtId:  3. 
collectorIds: 
8
appointmentDate:  12/9/2020 2:30:00 PM. 
Actual object:
Properties: 
id:  7. 
debtId:  3. 
collectorIds: 
2
3
appointmentDate:  2/26/2021 1:13:55 AM. &#xD;
  Expected: &lt;SdcaFramework.Clients.Appointment&gt;&#xD;
  But was:  &lt;SdcaFramework.Clients.Appointment&gt;&#xD;
&#xD;
  11)   Expected status code should be 'Bad Request'.&#xD;
  Expected: BadRequest&#xD;
  But was:  Created&#xD;
&#xD;
  12)   Expected status code should be 'Bad Request'.&#xD;
  Expected: BadRequest&#xD;
  But was:  Created&#xD;
&#xD;
  13)   Expected status code should be 'Bad Request'.&#xD;
  Expected: BadRequest&#xD;
  But was:  Created&#xD;
&#xD;
  14)   Expected status code should be 'Bad Request'.&#xD;
  Expected: BadRequest&#xD;
  But was:  Created&#xD;
&#xD;
  15)   
Expected object:
Properties: 
id:  1. 
nickname:  Fear Man777. 
fearFactor:  1. 
Actual object:
Properties: 
id:  1. 
nickname:  Jango Unbrained. 
fearFactor:  5. &#xD;
  Expected: &lt;SdcaFramework.Clients.Collector&gt;&#xD;
  But was:  &lt;SdcaFramework.Clients.Collector&gt;&#xD;
&#xD;
  16)   
Expected object:
Properties: 
id:  17. 
nickname:  Fear Man. 
fearFactor:  1. 
Actual object:
Properties: 
id:  8. 
nickname:  Fear Man. 
fearFactor:  1. &#xD;
  Expected: &lt;SdcaFramework.Clients.Collector&gt;&#xD;
  But was:  &lt;SdcaFramework.Clients.Collector&gt;&#xD;
&#xD;
  17)   Expected status code should be 'Bad Request'.&#xD;
  Expected: BadRequest&#xD;
  But was:  Created&#xD;
&#xD;
  18)   Expected status code should be 'Bad Request'.&#xD;
  Expected: BadRequest&#xD;
  But was:  Created&#xD;
&#xD;
  19)   Expected status code should be 'Bad Request'.&#xD;
  Expected: BadRequest&#xD;
  But was:  Created&#xD;
&#xD;
  20)   The expected and actual amounts are different&#xD;
  Expected: 1000.088145161287d&#xD;
  But was:  3818.1908703332228d&#xD;
&#xD;
  21)   
Expected object
Properties: 
id:  6. 
name:  Poor guy. 
age:  17. 
sex:  True. 
risk:  5. 
Actual list of objects:
Object №0
Properties: 
id:  0. 
name:  John Doe. 
age:  9573164384136754. 
sex:  True. 
risk:  2. 
Object №1
Properties: 
id:  1. 
name:  Vasily Petrenko. 
age:  11179340384136868. 
sex:  True. 
risk:  5. 
Object №2
Properties: 
id:  2. 
name:  Wendy Lolson. 
age:  3382604384136883. 
sex:  False. 
risk:  1. 
Object №3
Properties: 
id:  3. 
name:  Poor guy. 
age:  30290653. 
sex:  True. 
risk:  1. 
Object №4
Properties: 
id:  4. 
name:  Poor guy. 
age:  19419159. 
sex:  True. 
risk:  1. 
Object №5
Properties: 
id:  5. 
name:  Poor guy. 
age:  3690143. 
sex:  True. 
risk:  1. 
Object №6
Properties: 
id:  6. 
name:  Poor guy. 
age:  654247. 
sex:  True. 
risk:  5. &#xD;
  Expected: some item equal to &lt;SdcaFramework.Clients.Student&gt;&#xD;
  But was:  &lt; &lt;SdcaFramework.Clients.Student&gt;, &lt;SdcaFramework.Clients.Student&gt;, &lt;SdcaFramework.Clients.Student&gt;, &lt;SdcaFramework.Clients.Student&gt;, &lt;SdcaFramework.Clients.Student&gt;, &lt;SdcaFramework.Clients.Student&gt;, &lt;SdcaFramework.Clients.Student&gt; &gt;&#xD;
&#xD;
  22)   
Expected object:
Properties: 
id:  7. 
name:  Poor girl. 
age:  17. 
sex:  False. 
risk:  5. 
Actual object:
Properties: 
id:  7. 
name:  Poor girl. 
age:  492927. 
sex:  False. 
risk:  5. &#xD;
  Expected: &lt;SdcaFramework.Clients.Student&gt;&#xD;
  But was:  &lt;SdcaFramework.Clients.Student&gt;&#xD;
&#xD;
  23)   Expected status code should be 'Bad Request'.&#xD;
  Expected: BadRequest&#xD;
  But was:  Created&#xD;
&#xD;
  24)   Expected status code should be 'Bad Request'.&#xD;
  Expected: BadRequest&#xD;
  But was:  Created&#xD;
&#xD;
  25)   Expected status code should be 'Bad Request'.&#xD;
  Expected: BadRequest&#xD;
  But was:  Created&#xD;
&#xD;
  26)   Expected status code should be 'Bad Request'.&#xD;
  Expected: BadRequest&#xD;
  But was:  Created&#xD;
&#xD;
  27)   
Expected object:
Properties: 
id:  1. 
name:  Poor guy. 
age:  17. 
sex:  True. 
risk:  5. 
Actual object:
Properties: 
id:  1. 
name:  Poor guy. 
age:  168792. 
sex:  True. 
risk:  5. &#xD;
  Expected: &lt;SdcaFramework.Clients.Student&gt;&#xD;
  But was:  &lt;SdcaFramework.Clients.Student&gt;&#xD;
&#xD;
  28)   There should be only one student with the following properties. Actual count of such students is 0.
Properties: 
name:  Modified guy. 
age:  17. 
sex:  True. 
risk:  2. &#xD;
  Expected: 1&#xD;
  But was:  0</StdOut>
        <ErrorInfo>
          <Message>Test method SdcaFramework.Features.StudentFeature.ModifyStudentMultipleTimesAndCheckTheResult threw exception: &#xD;
NUnit.Framework.AssertionException: Multiple failures or warnings in test:&#xD;
  1)   
Expected object
Properties: 
id:  0. 
debtId:  1. 
collectorIds: 
1
2
appointmentDate:  12/9/2020 2:30:00 PM. 
Actual list of objects:
Object №0
Properties: 
id:  0. 
debtId:  1. 
collectorIds: 
0
1
appointmentDate:  2/23/2021 1:13:52 AM. &#xD;
  Expected: some item equal to &lt;SdcaFramework.Clients.Appointment&gt;&#xD;
  But was:  &lt; &lt;SdcaFramework.Clients.Appointment&gt; &gt;&#xD;
&#xD;
  2)   Expected status code should be 'Bad Request'.&#xD;
  Expected: BadRequest&#xD;
  But was:  Created&#xD;
&#xD;
  3)   Expected status code should be 'Bad Request'.&#xD;
  Expected: BadRequest&#xD;
  But was:  Created&#xD;
&#xD;
  4)   Expected status code should be 'Bad Request'.&#xD;
  Expected: BadRequest&#xD;
  But was:  Created&#xD;
&#xD;
  5)   Expected status code should be 'Bad Request'.&#xD;
  Expected: BadRequest&#xD;
  But was:  InternalServerError&#xD;
&#xD;
  6)   Expected status code should be 'Bad Request'.&#xD;
  Expected: BadRequest&#xD;
  But was:  Created&#xD;
&#xD;
  7)   Expected status code should be 'Bad Request'.&#xD;
  Expected: BadRequest&#xD;
  But was:  Created&#xD;
&#xD;
  8)   
Expected object:
Properties: 
id:  6. 
debtId:  1. 
collectorIds: 
1
2
appointmentDate:  12/9/2020 2:30:00 PM. 
Actual object:
Properties: 
id:  6. 
debtId:  1. 
collectorIds: 
0
1
appointmentDate:  2/26/2021 1:13:54 AM. &#xD;
  Expected: &lt;SdcaFramework.Clients.Appointment&gt;&#xD;
  But was:  &lt;SdcaFramework.Clients.Appointment&gt;&#xD;
&#xD;
  9)   Expected status code should be 'Not Found'.&#xD;
  Expected: NotFound&#xD;
  But was:  NoContent&#xD;
&#xD;
  10)   
Expected object:
Properties: 
id:  7. 
debtId:  3. 
collectorIds: 
8
appointmentDate:  12/9/2020 2:30:00 PM. 
Actual object:
Properties: 
id:  7. 
debtId:  3. 
collectorIds: 
2
3
appointmentDate:  2/26/2021 1:13:55 AM. &#xD;
  Expected: &lt;SdcaFramework.Clients.Appointment&gt;&#xD;
  But was:  &lt;SdcaFramework.Clients.Appointment&gt;&#xD;
&#xD;
  11)   Expected status code should be 'Bad Request'.&#xD;
  Expected: BadRequest&#xD;
  But was:  Created&#xD;
&#xD;
  12)   Expected status code should be 'Bad Request'.&#xD;
  Expected: BadRequest&#xD;
  But was:  Created&#xD;
&#xD;
  13)   Expected status code should be 'Bad Request'.&#xD;
  Expected: BadRequest&#xD;
  But was:  Created&#xD;
&#xD;
  14)   Expected status code should be 'Bad Request'.&#xD;
  Expected: BadRequest&#xD;
  But was:  Created&#xD;
&#xD;
  15)   
Expected object:
Properties: 
id:  1. 
nickname:  Fear Man777. 
fearFactor:  1. 
Actual object:
Properties: 
id:  1. 
nickname:  Jango Unbrained. 
fearFactor:  5. &#xD;
  Expected: &lt;SdcaFramework.Clients.Collector&gt;&#xD;
  But was:  &lt;SdcaFramework.Clients.Collector&gt;&#xD;
&#xD;
  16)   
Expected object:
Properties: 
id:  17. 
nickname:  Fear Man. 
fearFactor:  1. 
Actual object:
Properties: 
id:  8. 
nickname:  Fear Man. 
fearFactor:  1. &#xD;
  Expected: &lt;SdcaFramework.Clients.Collector&gt;&#xD;
  But was:  &lt;SdcaFramework.Clients.Collector&gt;&#xD;
&#xD;
  17)   Expected status code should be 'Bad Request'.&#xD;
  Expected: BadRequest&#xD;
  But was:  Created&#xD;
&#xD;
  18)   Expected status code should be 'Bad Request'.&#xD;
  Expected: BadRequest&#xD;
  But was:  Created&#xD;
&#xD;
  19)   Expected status code should be 'Bad Request'.&#xD;
  Expected: BadRequest&#xD;
  But was:  Created&#xD;
&#xD;
  20)   The expected and actual amounts are different&#xD;
  Expected: 1000.088145161287d&#xD;
  But was:  3818.1908703332228d&#xD;
&#xD;
  21)   
Expected object
Properties: 
id:  6. 
name:  Poor guy. 
age:  17. 
sex:  True. 
risk:  5. 
Actual list of objects:
Object №0
Properties: 
id:  0. 
name:  John Doe. 
age:  9573164384136754. 
sex:  True. 
risk:  2. 
Object №1
Properties: 
id:  1. 
name:  Vasily Petrenko. 
age:  11179340384136868. 
sex:  True. 
risk:  5. 
Object №2
Properties: 
id:  2. 
name:  Wendy Lolson. 
age:  3382604384136883. 
sex:  False. 
risk:  1. 
Object №3
Properties: 
id:  3. 
name:  Poor guy. 
age:  30290653. 
sex:  True. 
risk:  1. 
Object №4
Properties: 
id:  4. 
name:  Poor guy. 
age:  19419159. 
sex:  True. 
risk:  1. 
Object №5
Properties: 
id:  5. 
name:  Poor guy. 
age:  3690143. 
sex:  True. 
risk:  1. 
Object №6
Properties: 
id:  6. 
name:  Poor guy. 
age:  654247. 
sex:  True. 
risk:  5. &#xD;
  Expected: some item equal to &lt;SdcaFramework.Clients.Student&gt;&#xD;
  But was:  &lt; &lt;SdcaFramework.Clients.Student&gt;, &lt;SdcaFramework.Clients.Student&gt;, &lt;SdcaFramework.Clients.Student&gt;, &lt;SdcaFramework.Clients.Student&gt;, &lt;SdcaFramework.Clients.Student&gt;, &lt;SdcaFramework.Clients.Student&gt;, &lt;SdcaFramework.Clients.Student&gt; &gt;&#xD;
&#xD;
  22)   
Expected object:
Properties: 
id:  7. 
name:  Poor girl. 
age:  17. 
sex:  False. 
risk:  5. 
Actual object:
Properties: 
id:  7. 
name:  Poor girl. 
age:  492927. 
sex:  False. 
risk:  5. &#xD;
  Expected: &lt;SdcaFramework.Clients.Student&gt;&#xD;
  But was:  &lt;SdcaFramework.Clients.Student&gt;&#xD;
&#xD;
  23)   Expected status code should be 'Bad Request'.&#xD;
  Expected: BadRequest&#xD;
  But was:  Created&#xD;
&#xD;
  24)   Expected status code should be 'Bad Request'.&#xD;
  Expected: BadRequest&#xD;
  But was:  Created&#xD;
&#xD;
  25)   Expected status code should be 'Bad Request'.&#xD;
  Expected: BadRequest&#xD;
  But was:  Created&#xD;
&#xD;
  26)   Expected status code should be 'Bad Request'.&#xD;
  Expected: BadRequest&#xD;
  But was:  Created&#xD;
&#xD;
  27)   
Expected object:
Properties: 
id:  1. 
name:  Poor guy. 
age:  17. 
sex:  True. 
risk:  5. 
Actual object:
Properties: 
id:  1. 
name:  Poor guy. 
age:  168792. 
sex:  True. 
risk:  5. &#xD;
  Expected: &lt;SdcaFramework.Clients.Student&gt;&#xD;
  But was:  &lt;SdcaFramework.Clients.Student&gt;&#xD;
&#xD;
  28)   There should be only one student with the following properties. Actual count of such students is 0.
Properties: 
name:  Modified guy. 
age:  17. 
sex:  True. 
risk:  2. &#xD;
  Expected: 1&#xD;
  But was:  0&#xD;
&#xD;
</Message>
          <StackTrace>    at NUnit.Framework.Assert.ReportFailure(String message)&#xD;
   at NUnit.Framework.Assert.ReportFailure(ConstraintResult result, String message, Object[] args)&#xD;
   at NUnit.Framework.Assert.That[TActual](TActual actual, IResolveConstraint expression, String message, Object[] args)&#xD;
   at NUnit.Framework.Assert.AreEqual(Object expected, Object actual, String message, Object[] args)&#xD;
   at SdcaFramework.BusinessLogic.StudentStepsDef.FindStudentByParameters(StudentCreator expectedStudent) in C:\Users\Vika Zinchenko\source\repos\SdcaFramework\BusinessLogic\StudentStepsDef.cs:line 124&#xD;
   at TechTalk.SpecFlow.Bindings.BindingInvoker.InvokeBinding(IBinding binding, IContextManager contextManager, Object[] arguments, ITestTracer testTracer, TimeSpan&amp; duration)&#xD;
   at TechTalk.SpecFlow.Infrastructure.TestExecutionEngine.ExecuteStepMatch(BindingMatch match, Object[] arguments)&#xD;
   at TechTalk.SpecFlow.Infrastructure.TestExecutionEngine.ExecuteStep(IContextManager contextManager, StepInstance stepInstance)&#xD;
   at TechTalk.SpecFlow.Infrastructure.TestExecutionEngine.OnAfterLastStep()&#xD;
   at TechTalk.SpecFlow.TestRunner.CollectScenarioErrors()&#xD;
   at SdcaFramework.Features.StudentFeature.ScenarioCleanup()&#xD;
   at SdcaFramework.Features.StudentFeature.ModifyStudentMultipleTimesAndCheckTheResult() in C:\Users\Vika Zinchenko\source\repos\SdcaFramework\Features\Student.feature:line 57&#xD;
</StackTrace>
        </ErrorInfo>
      </Output>
    </UnitTestResult>
    <UnitTestResult executionId="b07da968-886d-4cf1-9252-fad3afabcdff" testId="290d83d6-688b-6d3c-a87a-1dc5e3bf1ecd" testName="GetStudentById" computerName="DESKTOP-N392BU0" duration="00:00:00.0822178" startTime="2021-02-22T01:13:58.4296802+02:00" endTime="2021-02-22T01:13:58.5123456+02:00" testType="13cdc9d9-ddb5-4fa4-a97d-d965ccfc6d4b" outcome="Failed" testListId="8c84fa94-04c1-424b-9868-57a2d4851a1d" relativeResultsDirectory="b07da968-886d-4cf1-9252-fad3afabcdff">
      <Output>
        <StdOut>When I add a student with the following parameters&#xD;
  --- table step argument ---&#xD;
  | name      | age | sex   | risk |&#xD;
  | Poor girl | 17  | false | 5    |&#xD;
-&gt; done: StudentStepsDef.AddStudentWithParameters(SdcaFramework.Cli...) (0,0s)&#xD;
Then the student data is saved correctly&#xD;
-&gt; error: Multiple failures or warnings in test:&#xD;
  1)   
Expected object
Properties: 
id:  0. 
debtId:  1. 
collectorIds: 
1
2
appointmentDate:  12/9/2020 2:30:00 PM. 
Actual list of objects:
Object №0
Properties: 
id:  0. 
debtId:  1. 
collectorIds: 
0
1
appointmentDate:  2/23/2021 1:13:52 AM. &#xD;
  Expected: some item equal to &lt;SdcaFramework.Clients.Appointment&gt;&#xD;
  But was:  &lt; &lt;SdcaFramework.Clients.Appointment&gt; &gt;&#xD;
&#xD;
  2)   Expected status code should be 'Bad Request'.&#xD;
  Expected: BadRequest&#xD;
  But was:  Created&#xD;
&#xD;
  3)   Expected status code should be 'Bad Request'.&#xD;
  Expected: BadRequest&#xD;
  But was:  Created&#xD;
&#xD;
  4)   Expected status code should be 'Bad Request'.&#xD;
  Expected: BadRequest&#xD;
  But was:  Created&#xD;
&#xD;
  5)   Expected status code should be 'Bad Request'.&#xD;
  Expected: BadRequest&#xD;
  But was:  InternalServerError&#xD;
&#xD;
  6)   Expected status code should be 'Bad Request'.&#xD;
  Expected: BadRequest&#xD;
  But was:  Created&#xD;
&#xD;
  7)   Expected status code should be 'Bad Request'.&#xD;
  Expected: BadRequest&#xD;
  But was:  Created&#xD;
&#xD;
  8)   
Expected object:
Properties: 
id:  6. 
debtId:  1. 
collectorIds: 
1
2
appointmentDate:  12/9/2020 2:30:00 PM. 
Actual object:
Properties: 
id:  6. 
debtId:  1. 
collectorIds: 
0
1
appointmentDate:  2/26/2021 1:13:54 AM. &#xD;
  Expected: &lt;SdcaFramework.Clients.Appointment&gt;&#xD;
  But was:  &lt;SdcaFramework.Clients.Appointment&gt;&#xD;
&#xD;
  9)   Expected status code should be 'Not Found'.&#xD;
  Expected: NotFound&#xD;
  But was:  NoContent&#xD;
&#xD;
  10)   
Expected object:
Properties: 
id:  7. 
debtId:  3. 
collectorIds: 
8
appointmentDate:  12/9/2020 2:30:00 PM. 
Actual object:
Properties: 
id:  7. 
debtId:  3. 
collectorIds: 
2
3
appointmentDate:  2/26/2021 1:13:55 AM. &#xD;
  Expected: &lt;SdcaFramework.Clients.Appointment&gt;&#xD;
  But was:  &lt;SdcaFramework.Clients.Appointment&gt;&#xD;
&#xD;
  11)   Expected status code should be 'Bad Request'.&#xD;
  Expected: BadRequest&#xD;
  But was:  Created&#xD;
&#xD;
  12)   Expected status code should be 'Bad Request'.&#xD;
  Expected: BadRequest&#xD;
  But was:  Created&#xD;
&#xD;
  13)   Expected status code should be 'Bad Request'.&#xD;
  Expected: BadRequest&#xD;
  But was:  Created&#xD;
&#xD;
  14)   Expected status code should be 'Bad Request'.&#xD;
  Expected: BadRequest&#xD;
  But was:  Created&#xD;
&#xD;
  15)   
Expected object:
Properties: 
id:  1. 
nickname:  Fear Man777. 
fearFactor:  1. 
Actual object:
Properties: 
id:  1. 
nickname:  Jango Unbrained. 
fearFactor:  5. &#xD;
  Expected: &lt;SdcaFramework.Clients.Collector&gt;&#xD;
  But was:  &lt;SdcaFramework.Clients.Collector&gt;&#xD;
&#xD;
  16)   
Expected object:
Properties: 
id:  17. 
nickname:  Fear Man. 
fearFactor:  1. 
Actual object:
Properties: 
id:  8. 
nickname:  Fear Man. 
fearFactor:  1. &#xD;
  Expected: &lt;SdcaFramework.Clients.Collector&gt;&#xD;
  But was:  &lt;SdcaFramework.Clients.Collector&gt;&#xD;
&#xD;
  17)   Expected status code should be 'Bad Request'.&#xD;
  Expected: BadRequest&#xD;
  But was:  Created&#xD;
&#xD;
  18)   Expected status code should be 'Bad Request'.&#xD;
  Expected: BadRequest&#xD;
  But was:  Created&#xD;
&#xD;
  19)   Expected status code should be 'Bad Request'.&#xD;
  Expected: BadRequest&#xD;
  But was:  Created&#xD;
&#xD;
  20)   The expected and actual amounts are different&#xD;
  Expected: 1000.088145161287d&#xD;
  But was:  3818.1908703332228d&#xD;
&#xD;
  21)   
Expected object
Properties: 
id:  6. 
name:  Poor guy. 
age:  17. 
sex:  True. 
risk:  5. 
Actual list of objects:
Object №0
Properties: 
id:  0. 
name:  John Doe. 
age:  9573164384136754. 
sex:  True. 
risk:  2. 
Object №1
Properties: 
id:  1. 
name:  Vasily Petrenko. 
age:  11179340384136868. 
sex:  True. 
risk:  5. 
Object №2
Properties: 
id:  2. 
name:  Wendy Lolson. 
age:  3382604384136883. 
sex:  False. 
risk:  1. 
Object №3
Properties: 
id:  3. 
name:  Poor guy. 
age:  30290653. 
sex:  True. 
risk:  1. 
Object №4
Properties: 
id:  4. 
name:  Poor guy. 
age:  19419159. 
sex:  True. 
risk:  1. 
Object №5
Properties: 
id:  5. 
name:  Poor guy. 
age:  3690143. 
sex:  True. 
risk:  1. 
Object №6
Properties: 
id:  6. 
name:  Poor guy. 
age:  654247. 
sex:  True. 
risk:  5. &#xD;
  Expected: some item equal to &lt;SdcaFramework.Clients.Student&gt;&#xD;
  But was:  &lt; &lt;SdcaFramework.Clients.Student&gt;, &lt;SdcaFramework.Clients.Student&gt;, &lt;SdcaFramework.Clients.Student&gt;, &lt;SdcaFramework.Clients.Student&gt;, &lt;SdcaFramework.Clients.Student&gt;, &lt;SdcaFramework.Clients.Student&gt;, &lt;SdcaFramework.Clients.Student&gt; &gt;&#xD;
&#xD;
  22)   
Expected object:
Properties: 
id:  7. 
name:  Poor girl. 
age:  17. 
sex:  False. 
risk:  5. 
Actual object:
Properties: 
id:  7. 
name:  Poor girl. 
age:  492927. 
sex:  False. 
risk:  5. &#xD;
  Expected: &lt;SdcaFramework.Clients.Student&gt;&#xD;
  But was:  &lt;SdcaFramework.Clients.Student&gt;&#xD;
&#xD;
&#xD;
And I check again that the student data is saved correctly&#xD;
-&gt; skipped because of previous errors</StdOut>
        <ErrorInfo>
          <Message>Test method SdcaFramework.Features.StudentFeature.GetStudentById threw exception: &#xD;
NUnit.Framework.AssertionException: Multiple failures or warnings in test:&#xD;
  1)   
Expected object
Properties: 
id:  0. 
debtId:  1. 
collectorIds: 
1
2
appointmentDate:  12/9/2020 2:30:00 PM. 
Actual list of objects:
Object №0
Properties: 
id:  0. 
debtId:  1. 
collectorIds: 
0
1
appointmentDate:  2/23/2021 1:13:52 AM. &#xD;
  Expected: some item equal to &lt;SdcaFramework.Clients.Appointment&gt;&#xD;
  But was:  &lt; &lt;SdcaFramework.Clients.Appointment&gt; &gt;&#xD;
&#xD;
  2)   Expected status code should be 'Bad Request'.&#xD;
  Expected: BadRequest&#xD;
  But was:  Created&#xD;
&#xD;
  3)   Expected status code should be 'Bad Request'.&#xD;
  Expected: BadRequest&#xD;
  But was:  Created&#xD;
&#xD;
  4)   Expected status code should be 'Bad Request'.&#xD;
  Expected: BadRequest&#xD;
  But was:  Created&#xD;
&#xD;
  5)   Expected status code should be 'Bad Request'.&#xD;
  Expected: BadRequest&#xD;
  But was:  InternalServerError&#xD;
&#xD;
  6)   Expected status code should be 'Bad Request'.&#xD;
  Expected: BadRequest&#xD;
  But was:  Created&#xD;
&#xD;
  7)   Expected status code should be 'Bad Request'.&#xD;
  Expected: BadRequest&#xD;
  But was:  Created&#xD;
&#xD;
  8)   
Expected object:
Properties: 
id:  6. 
debtId:  1. 
collectorIds: 
1
2
appointmentDate:  12/9/2020 2:30:00 PM. 
Actual object:
Properties: 
id:  6. 
debtId:  1. 
collectorIds: 
0
1
appointmentDate:  2/26/2021 1:13:54 AM. &#xD;
  Expected: &lt;SdcaFramework.Clients.Appointment&gt;&#xD;
  But was:  &lt;SdcaFramework.Clients.Appointment&gt;&#xD;
&#xD;
  9)   Expected status code should be 'Not Found'.&#xD;
  Expected: NotFound&#xD;
  But was:  NoContent&#xD;
&#xD;
  10)   
Expected object:
Properties: 
id:  7. 
debtId:  3. 
collectorIds: 
8
appointmentDate:  12/9/2020 2:30:00 PM. 
Actual object:
Properties: 
id:  7. 
debtId:  3. 
collectorIds: 
2
3
appointmentDate:  2/26/2021 1:13:55 AM. &#xD;
  Expected: &lt;SdcaFramework.Clients.Appointment&gt;&#xD;
  But was:  &lt;SdcaFramework.Clients.Appointment&gt;&#xD;
&#xD;
  11)   Expected status code should be 'Bad Request'.&#xD;
  Expected: BadRequest&#xD;
  But was:  Created&#xD;
&#xD;
  12)   Expected status code should be 'Bad Request'.&#xD;
  Expected: BadRequest&#xD;
  But was:  Created&#xD;
&#xD;
  13)   Expected status code should be 'Bad Request'.&#xD;
  Expected: BadRequest&#xD;
  But was:  Created&#xD;
&#xD;
  14)   Expected status code should be 'Bad Request'.&#xD;
  Expected: BadRequest&#xD;
  But was:  Created&#xD;
&#xD;
  15)   
Expected object:
Properties: 
id:  1. 
nickname:  Fear Man777. 
fearFactor:  1. 
Actual object:
Properties: 
id:  1. 
nickname:  Jango Unbrained. 
fearFactor:  5. &#xD;
  Expected: &lt;SdcaFramework.Clients.Collector&gt;&#xD;
  But was:  &lt;SdcaFramework.Clients.Collector&gt;&#xD;
&#xD;
  16)   
Expected object:
Properties: 
id:  17. 
nickname:  Fear Man. 
fearFactor:  1. 
Actual object:
Properties: 
id:  8. 
nickname:  Fear Man. 
fearFactor:  1. &#xD;
  Expected: &lt;SdcaFramework.Clients.Collector&gt;&#xD;
  But was:  &lt;SdcaFramework.Clients.Collector&gt;&#xD;
&#xD;
  17)   Expected status code should be 'Bad Request'.&#xD;
  Expected: BadRequest&#xD;
  But was:  Created&#xD;
&#xD;
  18)   Expected status code should be 'Bad Request'.&#xD;
  Expected: BadRequest&#xD;
  But was:  Created&#xD;
&#xD;
  19)   Expected status code should be 'Bad Request'.&#xD;
  Expected: BadRequest&#xD;
  But was:  Created&#xD;
&#xD;
  20)   The expected and actual amounts are different&#xD;
  Expected: 1000.088145161287d&#xD;
  But was:  3818.1908703332228d&#xD;
&#xD;
  21)   
Expected object
Properties: 
id:  6. 
name:  Poor guy. 
age:  17. 
sex:  True. 
risk:  5. 
Actual list of objects:
Object №0
Properties: 
id:  0. 
name:  John Doe. 
age:  9573164384136754. 
sex:  True. 
risk:  2. 
Object №1
Properties: 
id:  1. 
name:  Vasily Petrenko. 
age:  11179340384136868. 
sex:  True. 
risk:  5. 
Object №2
Properties: 
id:  2. 
name:  Wendy Lolson. 
age:  3382604384136883. 
sex:  False. 
risk:  1. 
Object №3
Properties: 
id:  3. 
name:  Poor guy. 
age:  30290653. 
sex:  True. 
risk:  1. 
Object №4
Properties: 
id:  4. 
name:  Poor guy. 
age:  19419159. 
sex:  True. 
risk:  1. 
Object №5
Properties: 
id:  5. 
name:  Poor guy. 
age:  3690143. 
sex:  True. 
risk:  1. 
Object №6
Properties: 
id:  6. 
name:  Poor guy. 
age:  654247. 
sex:  True. 
risk:  5. &#xD;
  Expected: some item equal to &lt;SdcaFramework.Clients.Student&gt;&#xD;
  But was:  &lt; &lt;SdcaFramework.Clients.Student&gt;, &lt;SdcaFramework.Clients.Student&gt;, &lt;SdcaFramework.Clients.Student&gt;, &lt;SdcaFramework.Clients.Student&gt;, &lt;SdcaFramework.Clients.Student&gt;, &lt;SdcaFramework.Clients.Student&gt;, &lt;SdcaFramework.Clients.Student&gt; &gt;&#xD;
&#xD;
  22)   
Expected object:
Properties: 
id:  7. 
name:  Poor girl. 
age:  17. 
sex:  False. 
risk:  5. 
Actual object:
Properties: 
id:  7. 
name:  Poor girl. 
age:  492927. 
sex:  False. 
risk:  5. &#xD;
  Expected: &lt;SdcaFramework.Clients.Student&gt;&#xD;
  But was:  &lt;SdcaFramework.Clients.Student&gt;&#xD;
&#xD;
</Message>
          <StackTrace>    at NUnit.Framework.Assert.ReportFailure(String message)&#xD;
   at NUnit.Framework.Assert.ReportFailure(ConstraintResult result, String message, Object[] args)&#xD;
   at NUnit.Framework.Assert.That[TActual](TActual actual, IResolveConstraint expression, String message, Object[] args)&#xD;
   at NUnit.Framework.Assert.AreEqual(Object expected, Object actual, String message, Object[] args)&#xD;
   at SdcaFramework.BusinessLogic.StudentStepsDef.ThenStudentIsSavedCorrectly() in C:\Users\Vika Zinchenko\source\repos\SdcaFramework\BusinessLogic\StudentStepsDef.cs:line 61&#xD;
   at TechTalk.SpecFlow.Bindings.BindingInvoker.InvokeBinding(IBinding binding, IContextManager contextManager, Object[] arguments, ITestTracer testTracer, TimeSpan&amp; duration)&#xD;
   at TechTalk.SpecFlow.Infrastructure.TestExecutionEngine.ExecuteStepMatch(BindingMatch match, Object[] arguments)&#xD;
   at TechTalk.SpecFlow.Infrastructure.TestExecutionEngine.ExecuteStep(IContextManager contextManager, StepInstance stepInstance)&#xD;
   at TechTalk.SpecFlow.Infrastructure.TestExecutionEngine.OnAfterLastStep()&#xD;
   at TechTalk.SpecFlow.TestRunner.CollectScenarioErrors()&#xD;
   at SdcaFramework.Features.StudentFeature.ScenarioCleanup()&#xD;
   at SdcaFramework.Features.StudentFeature.GetStudentById() in C:\Users\Vika Zinchenko\source\repos\SdcaFramework\Features\Student.feature:line 17&#xD;
</StackTrace>
        </ErrorInfo>
      </Output>
    </UnitTestResult>
    <UnitTestResult executionId="a2a15016-eeb2-4cdc-8ff2-74fb28980577" testId="01bc22f0-0a5e-f587-b3d6-cac4ef05197f" testName="AddStudentAndCheckItPresenceInTheList" computerName="DESKTOP-N392BU0" duration="00:00:00.1213993" startTime="2021-02-22T01:13:58.3048755+02:00" endTime="2021-02-22T01:13:58.4296053+02:00" testType="13cdc9d9-ddb5-4fa4-a97d-d965ccfc6d4b" outcome="Failed" testListId="8c84fa94-04c1-424b-9868-57a2d4851a1d" relativeResultsDirectory="a2a15016-eeb2-4cdc-8ff2-74fb28980577">
      <Output>
        <StdOut>When I add a student with the following parameters&#xD;
  --- table step argument ---&#xD;
  | name     | age | sex  | risk |&#xD;
  | Poor guy | 17  | true | 5    |&#xD;
-&gt; done: StudentStepsDef.AddStudentWithParameters(SdcaFramework.Cli...) (0,1s)&#xD;
Then I can see the created student in the list&#xD;
-&gt; error: Multiple failures or warnings in test:&#xD;
  1)   
Expected object
Properties: 
id:  0. 
debtId:  1. 
collectorIds: 
1
2
appointmentDate:  12/9/2020 2:30:00 PM. 
Actual list of objects:
Object №0
Properties: 
id:  0. 
debtId:  1. 
collectorIds: 
0
1
appointmentDate:  2/23/2021 1:13:52 AM. &#xD;
  Expected: some item equal to &lt;SdcaFramework.Clients.Appointment&gt;&#xD;
  But was:  &lt; &lt;SdcaFramework.Clients.Appointment&gt; &gt;&#xD;
&#xD;
  2)   Expected status code should be 'Bad Request'.&#xD;
  Expected: BadRequest&#xD;
  But was:  Created&#xD;
&#xD;
  3)   Expected status code should be 'Bad Request'.&#xD;
  Expected: BadRequest&#xD;
  But was:  Created&#xD;
&#xD;
  4)   Expected status code should be 'Bad Request'.&#xD;
  Expected: BadRequest&#xD;
  But was:  Created&#xD;
&#xD;
  5)   Expected status code should be 'Bad Request'.&#xD;
  Expected: BadRequest&#xD;
  But was:  InternalServerError&#xD;
&#xD;
  6)   Expected status code should be 'Bad Request'.&#xD;
  Expected: BadRequest&#xD;
  But was:  Created&#xD;
&#xD;
  7)   Expected status code should be 'Bad Request'.&#xD;
  Expected: BadRequest&#xD;
  But was:  Created&#xD;
&#xD;
  8)   
Expected object:
Properties: 
id:  6. 
debtId:  1. 
collectorIds: 
1
2
appointmentDate:  12/9/2020 2:30:00 PM. 
Actual object:
Properties: 
id:  6. 
debtId:  1. 
collectorIds: 
0
1
appointmentDate:  2/26/2021 1:13:54 AM. &#xD;
  Expected: &lt;SdcaFramework.Clients.Appointment&gt;&#xD;
  But was:  &lt;SdcaFramework.Clients.Appointment&gt;&#xD;
&#xD;
  9)   Expected status code should be 'Not Found'.&#xD;
  Expected: NotFound&#xD;
  But was:  NoContent&#xD;
&#xD;
  10)   
Expected object:
Properties: 
id:  7. 
debtId:  3. 
collectorIds: 
8
appointmentDate:  12/9/2020 2:30:00 PM. 
Actual object:
Properties: 
id:  7. 
debtId:  3. 
collectorIds: 
2
3
appointmentDate:  2/26/2021 1:13:55 AM. &#xD;
  Expected: &lt;SdcaFramework.Clients.Appointment&gt;&#xD;
  But was:  &lt;SdcaFramework.Clients.Appointment&gt;&#xD;
&#xD;
  11)   Expected status code should be 'Bad Request'.&#xD;
  Expected: BadRequest&#xD;
  But was:  Created&#xD;
&#xD;
  12)   Expected status code should be 'Bad Request'.&#xD;
  Expected: BadRequest&#xD;
  But was:  Created&#xD;
&#xD;
  13)   Expected status code should be 'Bad Request'.&#xD;
  Expected: BadRequest&#xD;
  But was:  Created&#xD;
&#xD;
  14)   Expected status code should be 'Bad Request'.&#xD;
  Expected: BadRequest&#xD;
  But was:  Created&#xD;
&#xD;
  15)   
Expected object:
Properties: 
id:  1. 
nickname:  Fear Man777. 
fearFactor:  1. 
Actual object:
Properties: 
id:  1. 
nickname:  Jango Unbrained. 
fearFactor:  5. &#xD;
  Expected: &lt;SdcaFramework.Clients.Collector&gt;&#xD;
  But was:  &lt;SdcaFramework.Clients.Collector&gt;&#xD;
&#xD;
  16)   
Expected object:
Properties: 
id:  17. 
nickname:  Fear Man. 
fearFactor:  1. 
Actual object:
Properties: 
id:  8. 
nickname:  Fear Man. 
fearFactor:  1. &#xD;
  Expected: &lt;SdcaFramework.Clients.Collector&gt;&#xD;
  But was:  &lt;SdcaFramework.Clients.Collector&gt;&#xD;
&#xD;
  17)   Expected status code should be 'Bad Request'.&#xD;
  Expected: BadRequest&#xD;
  But was:  Created&#xD;
&#xD;
  18)   Expected status code should be 'Bad Request'.&#xD;
  Expected: BadRequest&#xD;
  But was:  Created&#xD;
&#xD;
  19)   Expected status code should be 'Bad Request'.&#xD;
  Expected: BadRequest&#xD;
  But was:  Created&#xD;
&#xD;
  20)   The expected and actual amounts are different&#xD;
  Expected: 1000.088145161287d&#xD;
  But was:  3818.1908703332228d&#xD;
&#xD;
  21)   
Expected object
Properties: 
id:  6. 
name:  Poor guy. 
age:  17. 
sex:  True. 
risk:  5. 
Actual list of objects:
Object №0
Properties: 
id:  0. 
name:  John Doe. 
age:  9573164384136754. 
sex:  True. 
risk:  2. 
Object №1
Properties: 
id:  1. 
name:  Vasily Petrenko. 
age:  11179340384136868. 
sex:  True. 
risk:  5. 
Object №2
Properties: 
id:  2. 
name:  Wendy Lolson. 
age:  3382604384136883. 
sex:  False. 
risk:  1. 
Object №3
Properties: 
id:  3. 
name:  Poor guy. 
age:  30290653. 
sex:  True. 
risk:  1. 
Object №4
Properties: 
id:  4. 
name:  Poor guy. 
age:  19419159. 
sex:  True. 
risk:  1. 
Object №5
Properties: 
id:  5. 
name:  Poor guy. 
age:  3690143. 
sex:  True. 
risk:  1. 
Object №6
Properties: 
id:  6. 
name:  Poor guy. 
age:  654247. 
sex:  True. 
risk:  5. &#xD;
  Expected: some item equal to &lt;SdcaFramework.Clients.Student&gt;&#xD;
  But was:  &lt; &lt;SdcaFramework.Clients.Student&gt;, &lt;SdcaFramework.Clients.Student&gt;, &lt;SdcaFramework.Clients.Student&gt;, &lt;SdcaFramework.Clients.Student&gt;, &lt;SdcaFramework.Clients.Student&gt;, &lt;SdcaFramework.Clients.Student&gt;, &lt;SdcaFramework.Clients.Student&gt; &gt;</StdOut>
        <ErrorInfo>
          <Message>Test method SdcaFramework.Features.StudentFeature.AddStudentAndCheckItPresenceInTheList threw exception: &#xD;
NUnit.Framework.AssertionException: Multiple failures or warnings in test:&#xD;
  1)   
Expected object
Properties: 
id:  0. 
debtId:  1. 
collectorIds: 
1
2
appointmentDate:  12/9/2020 2:30:00 PM. 
Actual list of objects:
Object №0
Properties: 
id:  0. 
debtId:  1. 
collectorIds: 
0
1
appointmentDate:  2/23/2021 1:13:52 AM. &#xD;
  Expected: some item equal to &lt;SdcaFramework.Clients.Appointment&gt;&#xD;
  But was:  &lt; &lt;SdcaFramework.Clients.Appointment&gt; &gt;&#xD;
&#xD;
  2)   Expected status code should be 'Bad Request'.&#xD;
  Expected: BadRequest&#xD;
  But was:  Created&#xD;
&#xD;
  3)   Expected status code should be 'Bad Request'.&#xD;
  Expected: BadRequest&#xD;
  But was:  Created&#xD;
&#xD;
  4)   Expected status code should be 'Bad Request'.&#xD;
  Expected: BadRequest&#xD;
  But was:  Created&#xD;
&#xD;
  5)   Expected status code should be 'Bad Request'.&#xD;
  Expected: BadRequest&#xD;
  But was:  InternalServerError&#xD;
&#xD;
  6)   Expected status code should be 'Bad Request'.&#xD;
  Expected: BadRequest&#xD;
  But was:  Created&#xD;
&#xD;
  7)   Expected status code should be 'Bad Request'.&#xD;
  Expected: BadRequest&#xD;
  But was:  Created&#xD;
&#xD;
  8)   
Expected object:
Properties: 
id:  6. 
debtId:  1. 
collectorIds: 
1
2
appointmentDate:  12/9/2020 2:30:00 PM. 
Actual object:
Properties: 
id:  6. 
debtId:  1. 
collectorIds: 
0
1
appointmentDate:  2/26/2021 1:13:54 AM. &#xD;
  Expected: &lt;SdcaFramework.Clients.Appointment&gt;&#xD;
  But was:  &lt;SdcaFramework.Clients.Appointment&gt;&#xD;
&#xD;
  9)   Expected status code should be 'Not Found'.&#xD;
  Expected: NotFound&#xD;
  But was:  NoContent&#xD;
&#xD;
  10)   
Expected object:
Properties: 
id:  7. 
debtId:  3. 
collectorIds: 
8
appointmentDate:  12/9/2020 2:30:00 PM. 
Actual object:
Properties: 
id:  7. 
debtId:  3. 
collectorIds: 
2
3
appointmentDate:  2/26/2021 1:13:55 AM. &#xD;
  Expected: &lt;SdcaFramework.Clients.Appointment&gt;&#xD;
  But was:  &lt;SdcaFramework.Clients.Appointment&gt;&#xD;
&#xD;
  11)   Expected status code should be 'Bad Request'.&#xD;
  Expected: BadRequest&#xD;
  But was:  Created&#xD;
&#xD;
  12)   Expected status code should be 'Bad Request'.&#xD;
  Expected: BadRequest&#xD;
  But was:  Created&#xD;
&#xD;
  13)   Expected status code should be 'Bad Request'.&#xD;
  Expected: BadRequest&#xD;
  But was:  Created&#xD;
&#xD;
  14)   Expected status code should be 'Bad Request'.&#xD;
  Expected: BadRequest&#xD;
  But was:  Created&#xD;
&#xD;
  15)   
Expected object:
Properties: 
id:  1. 
nickname:  Fear Man777. 
fearFactor:  1. 
Actual object:
Properties: 
id:  1. 
nickname:  Jango Unbrained. 
fearFactor:  5. &#xD;
  Expected: &lt;SdcaFramework.Clients.Collector&gt;&#xD;
  But was:  &lt;SdcaFramework.Clients.Collector&gt;&#xD;
&#xD;
  16)   
Expected object:
Properties: 
id:  17. 
nickname:  Fear Man. 
fearFactor:  1. 
Actual object:
Properties: 
id:  8. 
nickname:  Fear Man. 
fearFactor:  1. &#xD;
  Expected: &lt;SdcaFramework.Clients.Collector&gt;&#xD;
  But was:  &lt;SdcaFramework.Clients.Collector&gt;&#xD;
&#xD;
  17)   Expected status code should be 'Bad Request'.&#xD;
  Expected: BadRequest&#xD;
  But was:  Created&#xD;
&#xD;
  18)   Expected status code should be 'Bad Request'.&#xD;
  Expected: BadRequest&#xD;
  But was:  Created&#xD;
&#xD;
  19)   Expected status code should be 'Bad Request'.&#xD;
  Expected: BadRequest&#xD;
  But was:  Created&#xD;
&#xD;
  20)   The expected and actual amounts are different&#xD;
  Expected: 1000.088145161287d&#xD;
  But was:  3818.1908703332228d&#xD;
&#xD;
  21)   
Expected object
Properties: 
id:  6. 
name:  Poor guy. 
age:  17. 
sex:  True. 
risk:  5. 
Actual list of objects:
Object №0
Properties: 
id:  0. 
name:  John Doe. 
age:  9573164384136754. 
sex:  True. 
risk:  2. 
Object №1
Properties: 
id:  1. 
name:  Vasily Petrenko. 
age:  11179340384136868. 
sex:  True. 
risk:  5. 
Object №2
Properties: 
id:  2. 
name:  Wendy Lolson. 
age:  3382604384136883. 
sex:  False. 
risk:  1. 
Object №3
Properties: 
id:  3. 
name:  Poor guy. 
age:  30290653. 
sex:  True. 
risk:  1. 
Object №4
Properties: 
id:  4. 
name:  Poor guy. 
age:  19419159. 
sex:  True. 
risk:  1. 
Object №5
Properties: 
id:  5. 
name:  Poor guy. 
age:  3690143. 
sex:  True. 
risk:  1. 
Object №6
Properties: 
id:  6. 
name:  Poor guy. 
age:  654247. 
sex:  True. 
risk:  5. &#xD;
  Expected: some item equal to &lt;SdcaFramework.Clients.Student&gt;&#xD;
  But was:  &lt; &lt;SdcaFramework.Clients.Student&gt;, &lt;SdcaFramework.Clients.Student&gt;, &lt;SdcaFramework.Clients.Student&gt;, &lt;SdcaFramework.Clients.Student&gt;, &lt;SdcaFramework.Clients.Student&gt;, &lt;SdcaFramework.Clients.Student&gt;, &lt;SdcaFramework.Clients.Student&gt; &gt;&#xD;
&#xD;
</Message>
          <StackTrace>    at NUnit.Framework.Assert.ReportFailure(String message)&#xD;
   at NUnit.Framework.Assert.ReportFailure(ConstraintResult result, String message, Object[] args)&#xD;
   at NUnit.Framework.Assert.That[TActual](TActual actual, IResolveConstraint expression, String message, Object[] args)&#xD;
   at NUnit.Framework.Assert.Contains(Object expected, ICollection actual, String message, Object[] args)&#xD;
   at SdcaFramework.BusinessLogic.StudentStepsDef.CheckStudentPresenceInList() in C:\Users\Vika Zinchenko\source\repos\SdcaFramework\BusinessLogic\StudentStepsDef.cs:line 52&#xD;
   at TechTalk.SpecFlow.Bindings.BindingInvoker.InvokeBinding(IBinding binding, IContextManager contextManager, Object[] arguments, ITestTracer testTracer, TimeSpan&amp; duration)&#xD;
   at TechTalk.SpecFlow.Infrastructure.TestExecutionEngine.ExecuteStepMatch(BindingMatch match, Object[] arguments)&#xD;
   at TechTalk.SpecFlow.Infrastructure.TestExecutionEngine.ExecuteStep(IContextManager contextManager, StepInstance stepInstance)&#xD;
   at TechTalk.SpecFlow.Infrastructure.TestExecutionEngine.OnAfterLastStep()&#xD;
   at TechTalk.SpecFlow.TestRunner.CollectScenarioErrors()&#xD;
   at SdcaFramework.Features.StudentFeature.ScenarioCleanup()&#xD;
   at SdcaFramework.Features.StudentFeature.AddStudentAndCheckItPresenceInTheList() in C:\Users\Vika Zinchenko\source\repos\SdcaFramework\Features\Student.feature:line 9&#xD;
</StackTrace>
        </ErrorInfo>
      </Output>
    </UnitTestResult>
    <UnitTestResult executionId="1152032e-ac0c-4018-a98e-92f03e7ac4b2" testId="85b4fd43-3b5d-76c5-518a-9db3f5c47791" testName="TryToAddDebtWithInvalidParameter_Variant0" computerName="DESKTOP-N392BU0" duration="00:00:00.0340135" startTime="2021-02-22T01:13:57.1314523+02:00" endTime="2021-02-22T01:13:57.1659633+02:00" testType="13cdc9d9-ddb5-4fa4-a97d-d965ccfc6d4b" outcome="Passed" testListId="8c84fa94-04c1-424b-9868-57a2d4851a1d" relativeResultsDirectory="1152032e-ac0c-4018-a98e-92f03e7ac4b2">
      <Output>
        <StdOut>When I try to add a debt with invalid parameter&#xD;
  --- table step argument ---&#xD;
  | Parameter      | Value  |&#xD;
  | studentId      | 0      |&#xD;
  | amount         | amount |&#xD;
  | monthlyPercent | 5      |&#xD;
-&gt; done: DebtStepsDef.TryToAddADebtWithInvalidParameter(System.Collection...) (0,0s)&#xD;
Then the system can't create the collector data&#xD;
-&gt; done: CollectorStepsDef.ThenSystemDidNotCreateCollector() (0,0s)</StdOut>
      </Output>
    </UnitTestResult>
    <UnitTestResult executionId="e1741747-6f86-4de1-88a1-6704e5f1b334" testId="a7510aa9-a0bd-c5bd-4d20-917926aa8028" testName="TryToAddDebtWithInvalidParameter_Variant2" computerName="DESKTOP-N392BU0" duration="00:00:00.0144696" startTime="2021-02-22T01:13:57.1836901+02:00" endTime="2021-02-22T01:13:57.1986382+02:00" testType="13cdc9d9-ddb5-4fa4-a97d-d965ccfc6d4b" outcome="Passed" testListId="8c84fa94-04c1-424b-9868-57a2d4851a1d" relativeResultsDirectory="e1741747-6f86-4de1-88a1-6704e5f1b334">
      <Output>
        <StdOut>When I try to add a debt with invalid parameter&#xD;
  --- table step argument ---&#xD;
  | Parameter      | Value          |&#xD;
  | studentId      | 0              |&#xD;
  | amount         | 100            |&#xD;
  | monthlyPercent | monthlyPercent |&#xD;
-&gt; done: DebtStepsDef.TryToAddADebtWithInvalidParameter(System.Collection...) (0,0s)&#xD;
Then the system can't create the collector data&#xD;
-&gt; done: CollectorStepsDef.ThenSystemDidNotCreateCollector() (0,0s)</StdOut>
      </Output>
    </UnitTestResult>
    <UnitTestResult executionId="a81f8059-fcde-48e2-8bbd-e0867c54e3da" testId="e1d8754c-0644-2696-de26-f449c2fc447a" testName="TryToDeleteTheRemovedCollector" computerName="DESKTOP-N392BU0" duration="00:00:00.0604857" startTime="2021-02-22T01:13:56.3617546+02:00" endTime="2021-02-22T01:13:56.4225827+02:00" testType="13cdc9d9-ddb5-4fa4-a97d-d965ccfc6d4b" outcome="Failed" testListId="8c84fa94-04c1-424b-9868-57a2d4851a1d" relativeResultsDirectory="a81f8059-fcde-48e2-8bbd-e0867c54e3da">
      <Output>
        <StdOut>Given I have added a collector with the following parameters&#xD;
  --- table step argument ---&#xD;
  | nickname | fearFactor |&#xD;
  | Fear Man | 1          |&#xD;
-&gt; done: CollectorStepsDef.AddCollectorWithParameters(SdcaFramework.Cli...) (0,0s)&#xD;
When I delete a collector by last id&#xD;
-&gt; error: The response has an incorrect status code
The expected status code: OK
The actual status code: NotFound&#xD;
And I try to delete the removed collector by this id&#xD;
-&gt; skipped because of previous errors&#xD;
Then the system can't find the collector data&#xD;
-&gt; skipped because of previous errors</StdOut>
        <ErrorInfo>
          <Message>Test method SdcaFramework.Features.CollectorFeature.TryToDeleteTheRemovedCollector threw exception: &#xD;
System.Exception: The response has an incorrect status code
The expected status code: OK
The actual status code: NotFound</Message>
          <StackTrace>    at SdcaFramework.ClientSteps.BaseSteps`2.CheckHttpStatusCode(IRestResponse response, HttpStatusCode expectedStatusCode) in C:\Users\Vika Zinchenko\source\repos\SdcaFramework\ClientSteps\BaseSteps.cs:line 81&#xD;
   at SdcaFramework.ClientSteps.BaseSteps`2.ExecuteRequest(Method method, HttpStatusCode expectedStatusCode, Object body, String objectId) in C:\Users\Vika Zinchenko\source\repos\SdcaFramework\ClientSteps\BaseSteps.cs:line 64&#xD;
   at SdcaFramework.ClientSteps.BaseSteps`2.DeleteObjectById(Int32 id, HttpStatusCode expectedStatusCode) in C:\Users\Vika Zinchenko\source\repos\SdcaFramework\ClientSteps\BaseSteps.cs:line 32&#xD;
   at SdcaFramework.ClientSteps.CollectorSteps.DeleteCllectorById(Int32 id, HttpStatusCode expectedStatusCode) in C:\Users\Vika Zinchenko\source\repos\SdcaFramework\ClientSteps\CollectorSteps.cs:line 25&#xD;
   at SdcaFramework.BusinessLogic.CollectorStepsDef.DeleteCollectorById(String id) in C:\Users\Vika Zinchenko\source\repos\SdcaFramework\BusinessLogic\CollectorStepsDef.cs:line 78&#xD;
   at TechTalk.SpecFlow.Bindings.BindingInvoker.InvokeBinding(IBinding binding, IContextManager contextManager, Object[] arguments, ITestTracer testTracer, TimeSpan&amp; duration)&#xD;
   at TechTalk.SpecFlow.Infrastructure.TestExecutionEngine.ExecuteStepMatch(BindingMatch match, Object[] arguments)&#xD;
   at TechTalk.SpecFlow.Infrastructure.TestExecutionEngine.ExecuteStep(IContextManager contextManager, StepInstance stepInstance)&#xD;
   at TechTalk.SpecFlow.Infrastructure.TestExecutionEngine.OnAfterLastStep()&#xD;
   at TechTalk.SpecFlow.TestRunner.CollectScenarioErrors()&#xD;
   at SdcaFramework.Features.CollectorFeature.ScenarioCleanup()&#xD;
   at SdcaFramework.Features.CollectorFeature.TryToDeleteTheRemovedCollector() in C:\Users\Vika Zinchenko\source\repos\SdcaFramework\Features\Collector.feature:line 65&#xD;
</StackTrace>
        </ErrorInfo>
      </Output>
    </UnitTestResult>
    <UnitTestResult executionId="3c4784e0-7d98-44fb-a3a7-0f418383ac73" testId="c2f7ab13-3bc0-e8fa-c859-e875baf0ff11" testName="TryToAddStudentWithInvalidParameter_Variant4" computerName="DESKTOP-N392BU0" duration="00:00:00.0313730" startTime="2021-02-22T01:13:58.6479198+02:00" endTime="2021-02-22T01:13:58.6798363+02:00" testType="13cdc9d9-ddb5-4fa4-a97d-d965ccfc6d4b" outcome="Failed" testListId="8c84fa94-04c1-424b-9868-57a2d4851a1d" relativeResultsDirectory="3c4784e0-7d98-44fb-a3a7-0f418383ac73">
      <Output>
        <StdOut>When I try to add a student with invalid parameter&#xD;
  --- table step argument ---&#xD;
  | Parameter | Value |&#xD;
  | name      | Cutie |&#xD;
  | age       | -17   |&#xD;
  | sex       | true  |&#xD;
  | risk      | 5     |&#xD;
-&gt; done: StudentStepsDef.TryToAddStudentWithInvalidParameter(System.Collection...) (0,0s)&#xD;
Then the system can't create the collector data&#xD;
-&gt; error: Multiple failures or warnings in test:&#xD;
  1)   
Expected object
Properties: 
id:  0. 
debtId:  1. 
collectorIds: 
1
2
appointmentDate:  12/9/2020 2:30:00 PM. 
Actual list of objects:
Object №0
Properties: 
id:  0. 
debtId:  1. 
collectorIds: 
0
1
appointmentDate:  2/23/2021 1:13:52 AM. &#xD;
  Expected: some item equal to &lt;SdcaFramework.Clients.Appointment&gt;&#xD;
  But was:  &lt; &lt;SdcaFramework.Clients.Appointment&gt; &gt;&#xD;
&#xD;
  2)   Expected status code should be 'Bad Request'.&#xD;
  Expected: BadRequest&#xD;
  But was:  Created&#xD;
&#xD;
  3)   Expected status code should be 'Bad Request'.&#xD;
  Expected: BadRequest&#xD;
  But was:  Created&#xD;
&#xD;
  4)   Expected status code should be 'Bad Request'.&#xD;
  Expected: BadRequest&#xD;
  But was:  Created&#xD;
&#xD;
  5)   Expected status code should be 'Bad Request'.&#xD;
  Expected: BadRequest&#xD;
  But was:  InternalServerError&#xD;
&#xD;
  6)   Expected status code should be 'Bad Request'.&#xD;
  Expected: BadRequest&#xD;
  But was:  Created&#xD;
&#xD;
  7)   Expected status code should be 'Bad Request'.&#xD;
  Expected: BadRequest&#xD;
  But was:  Created&#xD;
&#xD;
  8)   
Expected object:
Properties: 
id:  6. 
debtId:  1. 
collectorIds: 
1
2
appointmentDate:  12/9/2020 2:30:00 PM. 
Actual object:
Properties: 
id:  6. 
debtId:  1. 
collectorIds: 
0
1
appointmentDate:  2/26/2021 1:13:54 AM. &#xD;
  Expected: &lt;SdcaFramework.Clients.Appointment&gt;&#xD;
  But was:  &lt;SdcaFramework.Clients.Appointment&gt;&#xD;
&#xD;
  9)   Expected status code should be 'Not Found'.&#xD;
  Expected: NotFound&#xD;
  But was:  NoContent&#xD;
&#xD;
  10)   
Expected object:
Properties: 
id:  7. 
debtId:  3. 
collectorIds: 
8
appointmentDate:  12/9/2020 2:30:00 PM. 
Actual object:
Properties: 
id:  7. 
debtId:  3. 
collectorIds: 
2
3
appointmentDate:  2/26/2021 1:13:55 AM. &#xD;
  Expected: &lt;SdcaFramework.Clients.Appointment&gt;&#xD;
  But was:  &lt;SdcaFramework.Clients.Appointment&gt;&#xD;
&#xD;
  11)   Expected status code should be 'Bad Request'.&#xD;
  Expected: BadRequest&#xD;
  But was:  Created&#xD;
&#xD;
  12)   Expected status code should be 'Bad Request'.&#xD;
  Expected: BadRequest&#xD;
  But was:  Created&#xD;
&#xD;
  13)   Expected status code should be 'Bad Request'.&#xD;
  Expected: BadRequest&#xD;
  But was:  Created&#xD;
&#xD;
  14)   Expected status code should be 'Bad Request'.&#xD;
  Expected: BadRequest&#xD;
  But was:  Created&#xD;
&#xD;
  15)   
Expected object:
Properties: 
id:  1. 
nickname:  Fear Man777. 
fearFactor:  1. 
Actual object:
Properties: 
id:  1. 
nickname:  Jango Unbrained. 
fearFactor:  5. &#xD;
  Expected: &lt;SdcaFramework.Clients.Collector&gt;&#xD;
  But was:  &lt;SdcaFramework.Clients.Collector&gt;&#xD;
&#xD;
  16)   
Expected object:
Properties: 
id:  17. 
nickname:  Fear Man. 
fearFactor:  1. 
Actual object:
Properties: 
id:  8. 
nickname:  Fear Man. 
fearFactor:  1. &#xD;
  Expected: &lt;SdcaFramework.Clients.Collector&gt;&#xD;
  But was:  &lt;SdcaFramework.Clients.Collector&gt;&#xD;
&#xD;
  17)   Expected status code should be 'Bad Request'.&#xD;
  Expected: BadRequest&#xD;
  But was:  Created&#xD;
&#xD;
  18)   Expected status code should be 'Bad Request'.&#xD;
  Expected: BadRequest&#xD;
  But was:  Created&#xD;
&#xD;
  19)   Expected status code should be 'Bad Request'.&#xD;
  Expected: BadRequest&#xD;
  But was:  Created&#xD;
&#xD;
  20)   The expected and actual amounts are different&#xD;
  Expected: 1000.088145161287d&#xD;
  But was:  3818.1908703332228d&#xD;
&#xD;
  21)   
Expected object
Properties: 
id:  6. 
name:  Poor guy. 
age:  17. 
sex:  True. 
risk:  5. 
Actual list of objects:
Object №0
Properties: 
id:  0. 
name:  John Doe. 
age:  9573164384136754. 
sex:  True. 
risk:  2. 
Object №1
Properties: 
id:  1. 
name:  Vasily Petrenko. 
age:  11179340384136868. 
sex:  True. 
risk:  5. 
Object №2
Properties: 
id:  2. 
name:  Wendy Lolson. 
age:  3382604384136883. 
sex:  False. 
risk:  1. 
Object №3
Properties: 
id:  3. 
name:  Poor guy. 
age:  30290653. 
sex:  True. 
risk:  1. 
Object №4
Properties: 
id:  4. 
name:  Poor guy. 
age:  19419159. 
sex:  True. 
risk:  1. 
Object №5
Properties: 
id:  5. 
name:  Poor guy. 
age:  3690143. 
sex:  True. 
risk:  1. 
Object №6
Properties: 
id:  6. 
name:  Poor guy. 
age:  654247. 
sex:  True. 
risk:  5. &#xD;
  Expected: some item equal to &lt;SdcaFramework.Clients.Student&gt;&#xD;
  But was:  &lt; &lt;SdcaFramework.Clients.Student&gt;, &lt;SdcaFramework.Clients.Student&gt;, &lt;SdcaFramework.Clients.Student&gt;, &lt;SdcaFramework.Clients.Student&gt;, &lt;SdcaFramework.Clients.Student&gt;, &lt;SdcaFramework.Clients.Student&gt;, &lt;SdcaFramework.Clients.Student&gt; &gt;&#xD;
&#xD;
  22)   
Expected object:
Properties: 
id:  7. 
name:  Poor girl. 
age:  17. 
sex:  False. 
risk:  5. 
Actual object:
Properties: 
id:  7. 
name:  Poor girl. 
age:  492927. 
sex:  False. 
risk:  5. &#xD;
  Expected: &lt;SdcaFramework.Clients.Student&gt;&#xD;
  But was:  &lt;SdcaFramework.Clients.Student&gt;&#xD;
&#xD;
  23)   Expected status code should be 'Bad Request'.&#xD;
  Expected: BadRequest&#xD;
  But was:  Created&#xD;
&#xD;
  24)   Expected status code should be 'Bad Request'.&#xD;
  Expected: BadRequest&#xD;
  But was:  Created</StdOut>
        <ErrorInfo>
          <Message>Test method SdcaFramework.Features.StudentFeature.TryToAddStudentWithInvalidParameter_Variant4 threw exception: &#xD;
NUnit.Framework.AssertionException: Multiple failures or warnings in test:&#xD;
  1)   
Expected object
Properties: 
id:  0. 
debtId:  1. 
collectorIds: 
1
2
appointmentDate:  12/9/2020 2:30:00 PM. 
Actual list of objects:
Object №0
Properties: 
id:  0. 
debtId:  1. 
collectorIds: 
0
1
appointmentDate:  2/23/2021 1:13:52 AM. &#xD;
  Expected: some item equal to &lt;SdcaFramework.Clients.Appointment&gt;&#xD;
  But was:  &lt; &lt;SdcaFramework.Clients.Appointment&gt; &gt;&#xD;
&#xD;
  2)   Expected status code should be 'Bad Request'.&#xD;
  Expected: BadRequest&#xD;
  But was:  Created&#xD;
&#xD;
  3)   Expected status code should be 'Bad Request'.&#xD;
  Expected: BadRequest&#xD;
  But was:  Created&#xD;
&#xD;
  4)   Expected status code should be 'Bad Request'.&#xD;
  Expected: BadRequest&#xD;
  But was:  Created&#xD;
&#xD;
  5)   Expected status code should be 'Bad Request'.&#xD;
  Expected: BadRequest&#xD;
  But was:  InternalServerError&#xD;
&#xD;
  6)   Expected status code should be 'Bad Request'.&#xD;
  Expected: BadRequest&#xD;
  But was:  Created&#xD;
&#xD;
  7)   Expected status code should be 'Bad Request'.&#xD;
  Expected: BadRequest&#xD;
  But was:  Created&#xD;
&#xD;
  8)   
Expected object:
Properties: 
id:  6. 
debtId:  1. 
collectorIds: 
1
2
appointmentDate:  12/9/2020 2:30:00 PM. 
Actual object:
Properties: 
id:  6. 
debtId:  1. 
collectorIds: 
0
1
appointmentDate:  2/26/2021 1:13:54 AM. &#xD;
  Expected: &lt;SdcaFramework.Clients.Appointment&gt;&#xD;
  But was:  &lt;SdcaFramework.Clients.Appointment&gt;&#xD;
&#xD;
  9)   Expected status code should be 'Not Found'.&#xD;
  Expected: NotFound&#xD;
  But was:  NoContent&#xD;
&#xD;
  10)   
Expected object:
Properties: 
id:  7. 
debtId:  3. 
collectorIds: 
8
appointmentDate:  12/9/2020 2:30:00 PM. 
Actual object:
Properties: 
id:  7. 
debtId:  3. 
collectorIds: 
2
3
appointmentDate:  2/26/2021 1:13:55 AM. &#xD;
  Expected: &lt;SdcaFramework.Clients.Appointment&gt;&#xD;
  But was:  &lt;SdcaFramework.Clients.Appointment&gt;&#xD;
&#xD;
  11)   Expected status code should be 'Bad Request'.&#xD;
  Expected: BadRequest&#xD;
  But was:  Created&#xD;
&#xD;
  12)   Expected status code should be 'Bad Request'.&#xD;
  Expected: BadRequest&#xD;
  But was:  Created&#xD;
&#xD;
  13)   Expected status code should be 'Bad Request'.&#xD;
  Expected: BadRequest&#xD;
  But was:  Created&#xD;
&#xD;
  14)   Expected status code should be 'Bad Request'.&#xD;
  Expected: BadRequest&#xD;
  But was:  Created&#xD;
&#xD;
  15)   
Expected object:
Properties: 
id:  1. 
nickname:  Fear Man777. 
fearFactor:  1. 
Actual object:
Properties: 
id:  1. 
nickname:  Jango Unbrained. 
fearFactor:  5. &#xD;
  Expected: &lt;SdcaFramework.Clients.Collector&gt;&#xD;
  But was:  &lt;SdcaFramework.Clients.Collector&gt;&#xD;
&#xD;
  16)   
Expected object:
Properties: 
id:  17. 
nickname:  Fear Man. 
fearFactor:  1. 
Actual object:
Properties: 
id:  8. 
nickname:  Fear Man. 
fearFactor:  1. &#xD;
  Expected: &lt;SdcaFramework.Clients.Collector&gt;&#xD;
  But was:  &lt;SdcaFramework.Clients.Collector&gt;&#xD;
&#xD;
  17)   Expected status code should be 'Bad Request'.&#xD;
  Expected: BadRequest&#xD;
  But was:  Created&#xD;
&#xD;
  18)   Expected status code should be 'Bad Request'.&#xD;
  Expected: BadRequest&#xD;
  But was:  Created&#xD;
&#xD;
  19)   Expected status code should be 'Bad Request'.&#xD;
  Expected: BadRequest&#xD;
  But was:  Created&#xD;
&#xD;
  20)   The expected and actual amounts are different&#xD;
  Expected: 1000.088145161287d&#xD;
  But was:  3818.1908703332228d&#xD;
&#xD;
  21)   
Expected object
Properties: 
id:  6. 
name:  Poor guy. 
age:  17. 
sex:  True. 
risk:  5. 
Actual list of objects:
Object №0
Properties: 
id:  0. 
name:  John Doe. 
age:  9573164384136754. 
sex:  True. 
risk:  2. 
Object №1
Properties: 
id:  1. 
name:  Vasily Petrenko. 
age:  11179340384136868. 
sex:  True. 
risk:  5. 
Object №2
Properties: 
id:  2. 
name:  Wendy Lolson. 
age:  3382604384136883. 
sex:  False. 
risk:  1. 
Object №3
Properties: 
id:  3. 
name:  Poor guy. 
age:  30290653. 
sex:  True. 
risk:  1. 
Object №4
Properties: 
id:  4. 
name:  Poor guy. 
age:  19419159. 
sex:  True. 
risk:  1. 
Object №5
Properties: 
id:  5. 
name:  Poor guy. 
age:  3690143. 
sex:  True. 
risk:  1. 
Object №6
Properties: 
id:  6. 
name:  Poor guy. 
age:  654247. 
sex:  True. 
risk:  5. &#xD;
  Expected: some item equal to &lt;SdcaFramework.Clients.Student&gt;&#xD;
  But was:  &lt; &lt;SdcaFramework.Clients.Student&gt;, &lt;SdcaFramework.Clients.Student&gt;, &lt;SdcaFramework.Clients.Student&gt;, &lt;SdcaFramework.Clients.Student&gt;, &lt;SdcaFramework.Clients.Student&gt;, &lt;SdcaFramework.Clients.Student&gt;, &lt;SdcaFramework.Clients.Student&gt; &gt;&#xD;
&#xD;
  22)   
Expected object:
Properties: 
id:  7. 
name:  Poor girl. 
age:  17. 
sex:  False. 
risk:  5. 
Actual object:
Properties: 
id:  7. 
name:  Poor girl. 
age:  492927. 
sex:  False. 
risk:  5. &#xD;
  Expected: &lt;SdcaFramework.Clients.Student&gt;&#xD;
  But was:  &lt;SdcaFramework.Clients.Student&gt;&#xD;
&#xD;
  23)   Expected status code should be 'Bad Request'.&#xD;
  Expected: BadRequest&#xD;
  But was:  Created&#xD;
&#xD;
  24)   Expected status code should be 'Bad Request'.&#xD;
  Expected: BadRequest&#xD;
  But was:  Created&#xD;
&#xD;
</Message>
          <StackTrace>    at NUnit.Framework.Assert.ReportFailure(String message)&#xD;
   at NUnit.Framework.Assert.ReportFailure(ConstraintResult result, String message, Object[] args)&#xD;
   at NUnit.Framework.Assert.That[TActual](TActual actual, IResolveConstraint expression, String message, Object[] args)&#xD;
   at NUnit.Framework.Assert.AreEqual(Object expected, Object actual, String message, Object[] args)&#xD;
   at SdcaFramework.BusinessLogic.CollectorStepsDef.ThenSystemDidNotCreateCollector() in C:\Users\Vika Zinchenko\source\repos\SdcaFramework\BusinessLogic\CollectorStepsDef.cs:line 115&#xD;
   at TechTalk.SpecFlow.Bindings.BindingInvoker.InvokeBinding(IBinding binding, IContextManager contextManager, Object[] arguments, ITestTracer testTracer, TimeSpan&amp; duration)&#xD;
   at TechTalk.SpecFlow.Infrastructure.TestExecutionEngine.ExecuteStepMatch(BindingMatch match, Object[] arguments)&#xD;
   at TechTalk.SpecFlow.Infrastructure.TestExecutionEngine.ExecuteStep(IContextManager contextManager, StepInstance stepInstance)&#xD;
   at TechTalk.SpecFlow.Infrastructure.TestExecutionEngine.OnAfterLastStep()&#xD;
   at TechTalk.SpecFlow.TestRunner.CollectScenarioErrors()&#xD;
   at SdcaFramework.Features.StudentFeature.ScenarioCleanup()&#xD;
   at SdcaFramework.Features.StudentFeature.TryToAddStudentWithInvalidParameter(String name, String age, String sex, String risk, String[] exampleTags) in C:\Users\Vika Zinchenko\source\repos\SdcaFramework\Features\Student.feature:line 27&#xD;
   at SdcaFramework.Features.StudentFeature.TryToAddStudentWithInvalidParameter_Variant4() in C:\Users\Vika Zinchenko\source\repos\SdcaFramework\Features\Student.feature:line 20&#xD;
</StackTrace>
        </ErrorInfo>
      </Output>
    </UnitTestResult>
    <UnitTestResult executionId="307aa2ef-8d64-466e-a28d-e883b4e4a59b" testId="445240ab-44f9-3af5-cf59-3f8526eb2ad3" testName="TryToAddDebtWithInvalidParameter_Variant3" computerName="DESKTOP-N392BU0" duration="00:00:00.0162669" startTime="2021-02-22T01:13:57.1987035+02:00" endTime="2021-02-22T01:13:57.2154770+02:00" testType="13cdc9d9-ddb5-4fa4-a97d-d965ccfc6d4b" outcome="Failed" testListId="8c84fa94-04c1-424b-9868-57a2d4851a1d" relativeResultsDirectory="307aa2ef-8d64-466e-a28d-e883b4e4a59b">
      <Output>
        <StdOut>When I try to add a debt with invalid parameter&#xD;
  --- table step argument ---&#xD;
  | Parameter      | Value |&#xD;
  | studentId      | -2    |&#xD;
  | amount         | 100   |&#xD;
  | monthlyPercent | 5     |&#xD;
-&gt; done: DebtStepsDef.TryToAddADebtWithInvalidParameter(System.Collection...) (0,0s)&#xD;
Then the system can't create the collector data&#xD;
-&gt; error: Multiple failures or warnings in test:&#xD;
  1)   
Expected object
Properties: 
id:  0. 
debtId:  1. 
collectorIds: 
1
2
appointmentDate:  12/9/2020 2:30:00 PM. 
Actual list of objects:
Object №0
Properties: 
id:  0. 
debtId:  1. 
collectorIds: 
0
1
appointmentDate:  2/23/2021 1:13:52 AM. &#xD;
  Expected: some item equal to &lt;SdcaFramework.Clients.Appointment&gt;&#xD;
  But was:  &lt; &lt;SdcaFramework.Clients.Appointment&gt; &gt;&#xD;
&#xD;
  2)   Expected status code should be 'Bad Request'.&#xD;
  Expected: BadRequest&#xD;
  But was:  Created&#xD;
&#xD;
  3)   Expected status code should be 'Bad Request'.&#xD;
  Expected: BadRequest&#xD;
  But was:  Created&#xD;
&#xD;
  4)   Expected status code should be 'Bad Request'.&#xD;
  Expected: BadRequest&#xD;
  But was:  Created&#xD;
&#xD;
  5)   Expected status code should be 'Bad Request'.&#xD;
  Expected: BadRequest&#xD;
  But was:  InternalServerError&#xD;
&#xD;
  6)   Expected status code should be 'Bad Request'.&#xD;
  Expected: BadRequest&#xD;
  But was:  Created&#xD;
&#xD;
  7)   Expected status code should be 'Bad Request'.&#xD;
  Expected: BadRequest&#xD;
  But was:  Created&#xD;
&#xD;
  8)   
Expected object:
Properties: 
id:  6. 
debtId:  1. 
collectorIds: 
1
2
appointmentDate:  12/9/2020 2:30:00 PM. 
Actual object:
Properties: 
id:  6. 
debtId:  1. 
collectorIds: 
0
1
appointmentDate:  2/26/2021 1:13:54 AM. &#xD;
  Expected: &lt;SdcaFramework.Clients.Appointment&gt;&#xD;
  But was:  &lt;SdcaFramework.Clients.Appointment&gt;&#xD;
&#xD;
  9)   Expected status code should be 'Not Found'.&#xD;
  Expected: NotFound&#xD;
  But was:  NoContent&#xD;
&#xD;
  10)   
Expected object:
Properties: 
id:  7. 
debtId:  3. 
collectorIds: 
8
appointmentDate:  12/9/2020 2:30:00 PM. 
Actual object:
Properties: 
id:  7. 
debtId:  3. 
collectorIds: 
2
3
appointmentDate:  2/26/2021 1:13:55 AM. &#xD;
  Expected: &lt;SdcaFramework.Clients.Appointment&gt;&#xD;
  But was:  &lt;SdcaFramework.Clients.Appointment&gt;&#xD;
&#xD;
  11)   Expected status code should be 'Bad Request'.&#xD;
  Expected: BadRequest&#xD;
  But was:  Created&#xD;
&#xD;
  12)   Expected status code should be 'Bad Request'.&#xD;
  Expected: BadRequest&#xD;
  But was:  Created&#xD;
&#xD;
  13)   Expected status code should be 'Bad Request'.&#xD;
  Expected: BadRequest&#xD;
  But was:  Created&#xD;
&#xD;
  14)   Expected status code should be 'Bad Request'.&#xD;
  Expected: BadRequest&#xD;
  But was:  Created&#xD;
&#xD;
  15)   
Expected object:
Properties: 
id:  1. 
nickname:  Fear Man777. 
fearFactor:  1. 
Actual object:
Properties: 
id:  1. 
nickname:  Jango Unbrained. 
fearFactor:  5. &#xD;
  Expected: &lt;SdcaFramework.Clients.Collector&gt;&#xD;
  But was:  &lt;SdcaFramework.Clients.Collector&gt;&#xD;
&#xD;
  16)   
Expected object:
Properties: 
id:  17. 
nickname:  Fear Man. 
fearFactor:  1. 
Actual object:
Properties: 
id:  8. 
nickname:  Fear Man. 
fearFactor:  1. &#xD;
  Expected: &lt;SdcaFramework.Clients.Collector&gt;&#xD;
  But was:  &lt;SdcaFramework.Clients.Collector&gt;&#xD;
&#xD;
  17)   Expected status code should be 'Bad Request'.&#xD;
  Expected: BadRequest&#xD;
  But was:  Created</StdOut>
        <ErrorInfo>
          <Message>Test method SdcaFramework.Features.DebtFeature.TryToAddDebtWithInvalidParameter_Variant3 threw exception: &#xD;
NUnit.Framework.AssertionException: Multiple failures or warnings in test:&#xD;
  1)   
Expected object
Properties: 
id:  0. 
debtId:  1. 
collectorIds: 
1
2
appointmentDate:  12/9/2020 2:30:00 PM. 
Actual list of objects:
Object №0
Properties: 
id:  0. 
debtId:  1. 
collectorIds: 
0
1
appointmentDate:  2/23/2021 1:13:52 AM. &#xD;
  Expected: some item equal to &lt;SdcaFramework.Clients.Appointment&gt;&#xD;
  But was:  &lt; &lt;SdcaFramework.Clients.Appointment&gt; &gt;&#xD;
&#xD;
  2)   Expected status code should be 'Bad Request'.&#xD;
  Expected: BadRequest&#xD;
  But was:  Created&#xD;
&#xD;
  3)   Expected status code should be 'Bad Request'.&#xD;
  Expected: BadRequest&#xD;
  But was:  Created&#xD;
&#xD;
  4)   Expected status code should be 'Bad Request'.&#xD;
  Expected: BadRequest&#xD;
  But was:  Created&#xD;
&#xD;
  5)   Expected status code should be 'Bad Request'.&#xD;
  Expected: BadRequest&#xD;
  But was:  InternalServerError&#xD;
&#xD;
  6)   Expected status code should be 'Bad Request'.&#xD;
  Expected: BadRequest&#xD;
  But was:  Created&#xD;
&#xD;
  7)   Expected status code should be 'Bad Request'.&#xD;
  Expected: BadRequest&#xD;
  But was:  Created&#xD;
&#xD;
  8)   
Expected object:
Properties: 
id:  6. 
debtId:  1. 
collectorIds: 
1
2
appointmentDate:  12/9/2020 2:30:00 PM. 
Actual object:
Properties: 
id:  6. 
debtId:  1. 
collectorIds: 
0
1
appointmentDate:  2/26/2021 1:13:54 AM. &#xD;
  Expected: &lt;SdcaFramework.Clients.Appointment&gt;&#xD;
  But was:  &lt;SdcaFramework.Clients.Appointment&gt;&#xD;
&#xD;
  9)   Expected status code should be 'Not Found'.&#xD;
  Expected: NotFound&#xD;
  But was:  NoContent&#xD;
&#xD;
  10)   
Expected object:
Properties: 
id:  7. 
debtId:  3. 
collectorIds: 
8
appointmentDate:  12/9/2020 2:30:00 PM. 
Actual object:
Properties: 
id:  7. 
debtId:  3. 
collectorIds: 
2
3
appointmentDate:  2/26/2021 1:13:55 AM. &#xD;
  Expected: &lt;SdcaFramework.Clients.Appointment&gt;&#xD;
  But was:  &lt;SdcaFramework.Clients.Appointment&gt;&#xD;
&#xD;
  11)   Expected status code should be 'Bad Request'.&#xD;
  Expected: BadRequest&#xD;
  But was:  Created&#xD;
&#xD;
  12)   Expected status code should be 'Bad Request'.&#xD;
  Expected: BadRequest&#xD;
  But was:  Created&#xD;
&#xD;
  13)   Expected status code should be 'Bad Request'.&#xD;
  Expected: BadRequest&#xD;
  But was:  Created&#xD;
&#xD;
  14)   Expected status code should be 'Bad Request'.&#xD;
  Expected: BadRequest&#xD;
  But was:  Created&#xD;
&#xD;
  15)   
Expected object:
Properties: 
id:  1. 
nickname:  Fear Man777. 
fearFactor:  1. 
Actual object:
Properties: 
id:  1. 
nickname:  Jango Unbrained. 
fearFactor:  5. &#xD;
  Expected: &lt;SdcaFramework.Clients.Collector&gt;&#xD;
  But was:  &lt;SdcaFramework.Clients.Collector&gt;&#xD;
&#xD;
  16)   
Expected object:
Properties: 
id:  17. 
nickname:  Fear Man. 
fearFactor:  1. 
Actual object:
Properties: 
id:  8. 
nickname:  Fear Man. 
fearFactor:  1. &#xD;
  Expected: &lt;SdcaFramework.Clients.Collector&gt;&#xD;
  But was:  &lt;SdcaFramework.Clients.Collector&gt;&#xD;
&#xD;
  17)   Expected status code should be 'Bad Request'.&#xD;
  Expected: BadRequest&#xD;
  But was:  Created&#xD;
&#xD;
</Message>
          <StackTrace>    at NUnit.Framework.Assert.ReportFailure(String message)&#xD;
   at NUnit.Framework.Assert.ReportFailure(ConstraintResult result, String message, Object[] args)&#xD;
   at NUnit.Framework.Assert.That[TActual](TActual actual, IResolveConstraint expression, String message, Object[] args)&#xD;
   at NUnit.Framework.Assert.AreEqual(Object expected, Object actual, String message, Object[] args)&#xD;
   at SdcaFramework.BusinessLogic.CollectorStepsDef.ThenSystemDidNotCreateCollector() in C:\Users\Vika Zinchenko\source\repos\SdcaFramework\BusinessLogic\CollectorStepsDef.cs:line 115&#xD;
   at TechTalk.SpecFlow.Bindings.BindingInvoker.InvokeBinding(IBinding binding, IContextManager contextManager, Object[] arguments, ITestTracer testTracer, TimeSpan&amp; duration)&#xD;
   at TechTalk.SpecFlow.Infrastructure.TestExecutionEngine.ExecuteStepMatch(BindingMatch match, Object[] arguments)&#xD;
   at TechTalk.SpecFlow.Infrastructure.TestExecutionEngine.ExecuteStep(IContextManager contextManager, StepInstance stepInstance)&#xD;
   at TechTalk.SpecFlow.Infrastructure.TestExecutionEngine.OnAfterLastStep()&#xD;
   at TechTalk.SpecFlow.TestRunner.CollectScenarioErrors()&#xD;
   at SdcaFramework.Features.DebtFeature.ScenarioCleanup()&#xD;
   at SdcaFramework.Features.DebtFeature.TryToAddDebtWithInvalidParameter(String studentId, String amount, String monthlyPercent, String[] exampleTags) in C:\Users\Vika Zinchenko\source\repos\SdcaFramework\Features\Debt.feature:line 18&#xD;
   at SdcaFramework.Features.DebtFeature.TryToAddDebtWithInvalidParameter_Variant3() in C:\Users\Vika Zinchenko\source\repos\SdcaFramework\Features\Debt.feature:line 12&#xD;
</StackTrace>
        </ErrorInfo>
      </Output>
    </UnitTestResult>
    <UnitTestResult executionId="cbd2c8fd-aede-4af3-afb0-c8568fb5b12f" testId="b067eb0b-8443-701e-3b9c-5df958274fd6" testName="AddAppointmentAndCheckItPresenceInTheList" computerName="DESKTOP-N392BU0" duration="00:00:05.3842821" startTime="2021-02-22T01:13:46.4057860+02:00" endTime="2021-02-22T01:13:52.8713133+02:00" testType="13cdc9d9-ddb5-4fa4-a97d-d965ccfc6d4b" outcome="Failed" testListId="8c84fa94-04c1-424b-9868-57a2d4851a1d" relativeResultsDirectory="cbd2c8fd-aede-4af3-afb0-c8568fb5b12f">
      <Output>
        <StdOut>-&gt; Loading plugin C:\Users\Vika Zinchenko\source\repos\SdcaFramework\bin\Debug\netcoreapp3.1\TechTalk.SpecFlow.MSTest.SpecFlowPlugin.dll&#xD;
-&gt; Using default config&#xD;
When I add an appointment with the following parameters&#xD;
  --- table step argument ---&#xD;
  | collectorIds | debtId | appointmentDate                  |&#xD;
  | 1, 2         | 1      | 2020-12-09T14:30:00.000000+02:00 |&#xD;
-&gt; done: AppointmentStepsDef.AddAppointmentWithParameters(SdcaFramework.Cli...) (0,3s)&#xD;
Then I can see the created appointment in the list&#xD;
-&gt; error:   
Expected object
Properties: 
id:  0. 
debtId:  1. 
collectorIds: 
1
2
appointmentDate:  12/9/2020 2:30:00 PM. 
Actual list of objects:
Object №0
Properties: 
id:  0. 
debtId:  1. 
collectorIds: 
0
1
appointmentDate:  2/23/2021 1:13:52 AM. &#xD;
  Expected: some item equal to &lt;SdcaFramework.Clients.Appointment&gt;&#xD;
  But was:  &lt; &lt;SdcaFramework.Clients.Appointment&gt; &gt;</StdOut>
        <ErrorInfo>
          <Message>Test method SdcaFramework.Features.AppointmentFeature.AddAppointmentAndCheckItPresenceInTheList threw exception: &#xD;
NUnit.Framework.AssertionException:   
Expected object
Properties: 
id:  0. 
debtId:  1. 
collectorIds: 
1
2
appointmentDate:  12/9/2020 2:30:00 PM. 
Actual list of objects:
Object №0
Properties: 
id:  0. 
debtId:  1. 
collectorIds: 
0
1
appointmentDate:  2/23/2021 1:13:52 AM. &#xD;
  Expected: some item equal to &lt;SdcaFramework.Clients.Appointment&gt;&#xD;
  But was:  &lt; &lt;SdcaFramework.Clients.Appointment&gt; &gt;&#xD;
</Message>
          <StackTrace>    at NUnit.Framework.Assert.ReportFailure(String message)&#xD;
   at NUnit.Framework.Assert.ReportFailure(ConstraintResult result, String message, Object[] args)&#xD;
   at NUnit.Framework.Assert.That[TActual](TActual actual, IResolveConstraint expression, String message, Object[] args)&#xD;
   at NUnit.Framework.Assert.Contains(Object expected, ICollection actual, String message, Object[] args)&#xD;
   at SdcaFramework.BusinessLogic.AppointmentStepsDef.CheckAppointmentPresenceInList() in C:\Users\Vika Zinchenko\source\repos\SdcaFramework\BusinessLogic\AppointmentStepsDef.cs:line 77&#xD;
   at TechTalk.SpecFlow.Bindings.BindingInvoker.InvokeBinding(IBinding binding, IContextManager contextManager, Object[] arguments, ITestTracer testTracer, TimeSpan&amp; duration)&#xD;
   at TechTalk.SpecFlow.Infrastructure.TestExecutionEngine.ExecuteStepMatch(BindingMatch match, Object[] arguments)&#xD;
   at TechTalk.SpecFlow.Infrastructure.TestExecutionEngine.ExecuteStep(IContextManager contextManager, StepInstance stepInstance)&#xD;
   at TechTalk.SpecFlow.Infrastructure.TestExecutionEngine.OnAfterLastStep()&#xD;
   at TechTalk.SpecFlow.TestRunner.CollectScenarioErrors()&#xD;
   at SdcaFramework.Features.AppointmentFeature.ScenarioCleanup()&#xD;
   at SdcaFramework.Features.AppointmentFeature.AddAppointmentAndCheckItPresenceInTheList() in C:\Users\Vika Zinchenko\source\repos\SdcaFramework\Features\Appointment.feature:line 9&#xD;
</StackTrace>
        </ErrorInfo>
      </Output>
    </UnitTestResult>
    <UnitTestResult executionId="5a0de2bc-8abb-4101-b04d-131e793e852c" testId="9fcfd23c-c71c-cc7e-9fd7-a47220bd6633" testName="ModifyStudentAndCheckTheChanges" computerName="DESKTOP-N392BU0" duration="00:00:00.0655872" startTime="2021-02-22T01:13:58.8127917+02:00" endTime="2021-02-22T01:13:58.8788831+02:00" testType="13cdc9d9-ddb5-4fa4-a97d-d965ccfc6d4b" outcome="Failed" testListId="8c84fa94-04c1-424b-9868-57a2d4851a1d" relativeResultsDirectory="5a0de2bc-8abb-4101-b04d-131e793e852c">
      <Output>
        <StdOut>When I modify the student with the following parameters&#xD;
  --- table step argument ---&#xD;
  | id | name     | age | sex  | risk |&#xD;
  | 1  | Poor guy | 17  | true | 5    |&#xD;
-&gt; done: StudentStepsDef.ModifyStudentWithFollowingParameters(SdcaFramework.Cli...) (0,0s)&#xD;
Then the student data with 1 id is modified correctly&#xD;
-&gt; error: Multiple failures or warnings in test:&#xD;
  1)   
Expected object
Properties: 
id:  0. 
debtId:  1. 
collectorIds: 
1
2
appointmentDate:  12/9/2020 2:30:00 PM. 
Actual list of objects:
Object №0
Properties: 
id:  0. 
debtId:  1. 
collectorIds: 
0
1
appointmentDate:  2/23/2021 1:13:52 AM. &#xD;
  Expected: some item equal to &lt;SdcaFramework.Clients.Appointment&gt;&#xD;
  But was:  &lt; &lt;SdcaFramework.Clients.Appointment&gt; &gt;&#xD;
&#xD;
  2)   Expected status code should be 'Bad Request'.&#xD;
  Expected: BadRequest&#xD;
  But was:  Created&#xD;
&#xD;
  3)   Expected status code should be 'Bad Request'.&#xD;
  Expected: BadRequest&#xD;
  But was:  Created&#xD;
&#xD;
  4)   Expected status code should be 'Bad Request'.&#xD;
  Expected: BadRequest&#xD;
  But was:  Created&#xD;
&#xD;
  5)   Expected status code should be 'Bad Request'.&#xD;
  Expected: BadRequest&#xD;
  But was:  InternalServerError&#xD;
&#xD;
  6)   Expected status code should be 'Bad Request'.&#xD;
  Expected: BadRequest&#xD;
  But was:  Created&#xD;
&#xD;
  7)   Expected status code should be 'Bad Request'.&#xD;
  Expected: BadRequest&#xD;
  But was:  Created&#xD;
&#xD;
  8)   
Expected object:
Properties: 
id:  6. 
debtId:  1. 
collectorIds: 
1
2
appointmentDate:  12/9/2020 2:30:00 PM. 
Actual object:
Properties: 
id:  6. 
debtId:  1. 
collectorIds: 
0
1
appointmentDate:  2/26/2021 1:13:54 AM. &#xD;
  Expected: &lt;SdcaFramework.Clients.Appointment&gt;&#xD;
  But was:  &lt;SdcaFramework.Clients.Appointment&gt;&#xD;
&#xD;
  9)   Expected status code should be 'Not Found'.&#xD;
  Expected: NotFound&#xD;
  But was:  NoContent&#xD;
&#xD;
  10)   
Expected object:
Properties: 
id:  7. 
debtId:  3. 
collectorIds: 
8
appointmentDate:  12/9/2020 2:30:00 PM. 
Actual object:
Properties: 
id:  7. 
debtId:  3. 
collectorIds: 
2
3
appointmentDate:  2/26/2021 1:13:55 AM. &#xD;
  Expected: &lt;SdcaFramework.Clients.Appointment&gt;&#xD;
  But was:  &lt;SdcaFramework.Clients.Appointment&gt;&#xD;
&#xD;
  11)   Expected status code should be 'Bad Request'.&#xD;
  Expected: BadRequest&#xD;
  But was:  Created&#xD;
&#xD;
  12)   Expected status code should be 'Bad Request'.&#xD;
  Expected: BadRequest&#xD;
  But was:  Created&#xD;
&#xD;
  13)   Expected status code should be 'Bad Request'.&#xD;
  Expected: BadRequest&#xD;
  But was:  Created&#xD;
&#xD;
  14)   Expected status code should be 'Bad Request'.&#xD;
  Expected: BadRequest&#xD;
  But was:  Created&#xD;
&#xD;
  15)   
Expected object:
Properties: 
id:  1. 
nickname:  Fear Man777. 
fearFactor:  1. 
Actual object:
Properties: 
id:  1. 
nickname:  Jango Unbrained. 
fearFactor:  5. &#xD;
  Expected: &lt;SdcaFramework.Clients.Collector&gt;&#xD;
  But was:  &lt;SdcaFramework.Clients.Collector&gt;&#xD;
&#xD;
  16)   
Expected object:
Properties: 
id:  17. 
nickname:  Fear Man. 
fearFactor:  1. 
Actual object:
Properties: 
id:  8. 
nickname:  Fear Man. 
fearFactor:  1. &#xD;
  Expected: &lt;SdcaFramework.Clients.Collector&gt;&#xD;
  But was:  &lt;SdcaFramework.Clients.Collector&gt;&#xD;
&#xD;
  17)   Expected status code should be 'Bad Request'.&#xD;
  Expected: BadRequest&#xD;
  But was:  Created&#xD;
&#xD;
  18)   Expected status code should be 'Bad Request'.&#xD;
  Expected: BadRequest&#xD;
  But was:  Created&#xD;
&#xD;
  19)   Expected status code should be 'Bad Request'.&#xD;
  Expected: BadRequest&#xD;
  But was:  Created&#xD;
&#xD;
  20)   The expected and actual amounts are different&#xD;
  Expected: 1000.088145161287d&#xD;
  But was:  3818.1908703332228d&#xD;
&#xD;
  21)   
Expected object
Properties: 
id:  6. 
name:  Poor guy. 
age:  17. 
sex:  True. 
risk:  5. 
Actual list of objects:
Object №0
Properties: 
id:  0. 
name:  John Doe. 
age:  9573164384136754. 
sex:  True. 
risk:  2. 
Object №1
Properties: 
id:  1. 
name:  Vasily Petrenko. 
age:  11179340384136868. 
sex:  True. 
risk:  5. 
Object №2
Properties: 
id:  2. 
name:  Wendy Lolson. 
age:  3382604384136883. 
sex:  False. 
risk:  1. 
Object №3
Properties: 
id:  3. 
name:  Poor guy. 
age:  30290653. 
sex:  True. 
risk:  1. 
Object №4
Properties: 
id:  4. 
name:  Poor guy. 
age:  19419159. 
sex:  True. 
risk:  1. 
Object №5
Properties: 
id:  5. 
name:  Poor guy. 
age:  3690143. 
sex:  True. 
risk:  1. 
Object №6
Properties: 
id:  6. 
name:  Poor guy. 
age:  654247. 
sex:  True. 
risk:  5. &#xD;
  Expected: some item equal to &lt;SdcaFramework.Clients.Student&gt;&#xD;
  But was:  &lt; &lt;SdcaFramework.Clients.Student&gt;, &lt;SdcaFramework.Clients.Student&gt;, &lt;SdcaFramework.Clients.Student&gt;, &lt;SdcaFramework.Clients.Student&gt;, &lt;SdcaFramework.Clients.Student&gt;, &lt;SdcaFramework.Clients.Student&gt;, &lt;SdcaFramework.Clients.Student&gt; &gt;&#xD;
&#xD;
  22)   
Expected object:
Properties: 
id:  7. 
name:  Poor girl. 
age:  17. 
sex:  False. 
risk:  5. 
Actual object:
Properties: 
id:  7. 
name:  Poor girl. 
age:  492927. 
sex:  False. 
risk:  5. &#xD;
  Expected: &lt;SdcaFramework.Clients.Student&gt;&#xD;
  But was:  &lt;SdcaFramework.Clients.Student&gt;&#xD;
&#xD;
  23)   Expected status code should be 'Bad Request'.&#xD;
  Expected: BadRequest&#xD;
  But was:  Created&#xD;
&#xD;
  24)   Expected status code should be 'Bad Request'.&#xD;
  Expected: BadRequest&#xD;
  But was:  Created&#xD;
&#xD;
  25)   Expected status code should be 'Bad Request'.&#xD;
  Expected: BadRequest&#xD;
  But was:  Created&#xD;
&#xD;
  26)   Expected status code should be 'Bad Request'.&#xD;
  Expected: BadRequest&#xD;
  But was:  Created&#xD;
&#xD;
  27)   
Expected object:
Properties: 
id:  1. 
name:  Poor guy. 
age:  17. 
sex:  True. 
risk:  5. 
Actual object:
Properties: 
id:  1. 
name:  Poor guy. 
age:  168792. 
sex:  True. 
risk:  5. &#xD;
  Expected: &lt;SdcaFramework.Clients.Student&gt;&#xD;
  But was:  &lt;SdcaFramework.Clients.Student&gt;</StdOut>
        <ErrorInfo>
          <Message>Test method SdcaFramework.Features.StudentFeature.ModifyStudentAndCheckTheChanges threw exception: &#xD;
NUnit.Framework.AssertionException: Multiple failures or warnings in test:&#xD;
  1)   
Expected object
Properties: 
id:  0. 
debtId:  1. 
collectorIds: 
1
2
appointmentDate:  12/9/2020 2:30:00 PM. 
Actual list of objects:
Object №0
Properties: 
id:  0. 
debtId:  1. 
collectorIds: 
0
1
appointmentDate:  2/23/2021 1:13:52 AM. &#xD;
  Expected: some item equal to &lt;SdcaFramework.Clients.Appointment&gt;&#xD;
  But was:  &lt; &lt;SdcaFramework.Clients.Appointment&gt; &gt;&#xD;
&#xD;
  2)   Expected status code should be 'Bad Request'.&#xD;
  Expected: BadRequest&#xD;
  But was:  Created&#xD;
&#xD;
  3)   Expected status code should be 'Bad Request'.&#xD;
  Expected: BadRequest&#xD;
  But was:  Created&#xD;
&#xD;
  4)   Expected status code should be 'Bad Request'.&#xD;
  Expected: BadRequest&#xD;
  But was:  Created&#xD;
&#xD;
  5)   Expected status code should be 'Bad Request'.&#xD;
  Expected: BadRequest&#xD;
  But was:  InternalServerError&#xD;
&#xD;
  6)   Expected status code should be 'Bad Request'.&#xD;
  Expected: BadRequest&#xD;
  But was:  Created&#xD;
&#xD;
  7)   Expected status code should be 'Bad Request'.&#xD;
  Expected: BadRequest&#xD;
  But was:  Created&#xD;
&#xD;
  8)   
Expected object:
Properties: 
id:  6. 
debtId:  1. 
collectorIds: 
1
2
appointmentDate:  12/9/2020 2:30:00 PM. 
Actual object:
Properties: 
id:  6. 
debtId:  1. 
collectorIds: 
0
1
appointmentDate:  2/26/2021 1:13:54 AM. &#xD;
  Expected: &lt;SdcaFramework.Clients.Appointment&gt;&#xD;
  But was:  &lt;SdcaFramework.Clients.Appointment&gt;&#xD;
&#xD;
  9)   Expected status code should be 'Not Found'.&#xD;
  Expected: NotFound&#xD;
  But was:  NoContent&#xD;
&#xD;
  10)   
Expected object:
Properties: 
id:  7. 
debtId:  3. 
collectorIds: 
8
appointmentDate:  12/9/2020 2:30:00 PM. 
Actual object:
Properties: 
id:  7. 
debtId:  3. 
collectorIds: 
2
3
appointmentDate:  2/26/2021 1:13:55 AM. &#xD;
  Expected: &lt;SdcaFramework.Clients.Appointment&gt;&#xD;
  But was:  &lt;SdcaFramework.Clients.Appointment&gt;&#xD;
&#xD;
  11)   Expected status code should be 'Bad Request'.&#xD;
  Expected: BadRequest&#xD;
  But was:  Created&#xD;
&#xD;
  12)   Expected status code should be 'Bad Request'.&#xD;
  Expected: BadRequest&#xD;
  But was:  Created&#xD;
&#xD;
  13)   Expected status code should be 'Bad Request'.&#xD;
  Expected: BadRequest&#xD;
  But was:  Created&#xD;
&#xD;
  14)   Expected status code should be 'Bad Request'.&#xD;
  Expected: BadRequest&#xD;
  But was:  Created&#xD;
&#xD;
  15)   
Expected object:
Properties: 
id:  1. 
nickname:  Fear Man777. 
fearFactor:  1. 
Actual object:
Properties: 
id:  1. 
nickname:  Jango Unbrained. 
fearFactor:  5. &#xD;
  Expected: &lt;SdcaFramework.Clients.Collector&gt;&#xD;
  But was:  &lt;SdcaFramework.Clients.Collector&gt;&#xD;
&#xD;
  16)   
Expected object:
Properties: 
id:  17. 
nickname:  Fear Man. 
fearFactor:  1. 
Actual object:
Properties: 
id:  8. 
nickname:  Fear Man. 
fearFactor:  1. &#xD;
  Expected: &lt;SdcaFramework.Clients.Collector&gt;&#xD;
  But was:  &lt;SdcaFramework.Clients.Collector&gt;&#xD;
&#xD;
  17)   Expected status code should be 'Bad Request'.&#xD;
  Expected: BadRequest&#xD;
  But was:  Created&#xD;
&#xD;
  18)   Expected status code should be 'Bad Request'.&#xD;
  Expected: BadRequest&#xD;
  But was:  Created&#xD;
&#xD;
  19)   Expected status code should be 'Bad Request'.&#xD;
  Expected: BadRequest&#xD;
  But was:  Created&#xD;
&#xD;
  20)   The expected and actual amounts are different&#xD;
  Expected: 1000.088145161287d&#xD;
  But was:  3818.1908703332228d&#xD;
&#xD;
  21)   
Expected object
Properties: 
id:  6. 
name:  Poor guy. 
age:  17. 
sex:  True. 
risk:  5. 
Actual list of objects:
Object №0
Properties: 
id:  0. 
name:  John Doe. 
age:  9573164384136754. 
sex:  True. 
risk:  2. 
Object №1
Properties: 
id:  1. 
name:  Vasily Petrenko. 
age:  11179340384136868. 
sex:  True. 
risk:  5. 
Object №2
Properties: 
id:  2. 
name:  Wendy Lolson. 
age:  3382604384136883. 
sex:  False. 
risk:  1. 
Object №3
Properties: 
id:  3. 
name:  Poor guy. 
age:  30290653. 
sex:  True. 
risk:  1. 
Object №4
Properties: 
id:  4. 
name:  Poor guy. 
age:  19419159. 
sex:  True. 
risk:  1. 
Object №5
Properties: 
id:  5. 
name:  Poor guy. 
age:  3690143. 
sex:  True. 
risk:  1. 
Object №6
Properties: 
id:  6. 
name:  Poor guy. 
age:  654247. 
sex:  True. 
risk:  5. &#xD;
  Expected: some item equal to &lt;SdcaFramework.Clients.Student&gt;&#xD;
  But was:  &lt; &lt;SdcaFramework.Clients.Student&gt;, &lt;SdcaFramework.Clients.Student&gt;, &lt;SdcaFramework.Clients.Student&gt;, &lt;SdcaFramework.Clients.Student&gt;, &lt;SdcaFramework.Clients.Student&gt;, &lt;SdcaFramework.Clients.Student&gt;, &lt;SdcaFramework.Clients.Student&gt; &gt;&#xD;
&#xD;
  22)   
Expected object:
Properties: 
id:  7. 
name:  Poor girl. 
age:  17. 
sex:  False. 
risk:  5. 
Actual object:
Properties: 
id:  7. 
name:  Poor girl. 
age:  492927. 
sex:  False. 
risk:  5. &#xD;
  Expected: &lt;SdcaFramework.Clients.Student&gt;&#xD;
  But was:  &lt;SdcaFramework.Clients.Student&gt;&#xD;
&#xD;
  23)   Expected status code should be 'Bad Request'.&#xD;
  Expected: BadRequest&#xD;
  But was:  Created&#xD;
&#xD;
  24)   Expected status code should be 'Bad Request'.&#xD;
  Expected: BadRequest&#xD;
  But was:  Created&#xD;
&#xD;
  25)   Expected status code should be 'Bad Request'.&#xD;
  Expected: BadRequest&#xD;
  But was:  Created&#xD;
&#xD;
  26)   Expected status code should be 'Bad Request'.&#xD;
  Expected: BadRequest&#xD;
  But was:  Created&#xD;
&#xD;
  27)   
Expected object:
Properties: 
id:  1. 
name:  Poor guy. 
age:  17. 
sex:  True. 
risk:  5. 
Actual object:
Properties: 
id:  1. 
name:  Poor guy. 
age:  168792. 
sex:  True. 
risk:  5. &#xD;
  Expected: &lt;SdcaFramework.Clients.Student&gt;&#xD;
  But was:  &lt;SdcaFramework.Clients.Student&gt;&#xD;
&#xD;
</Message>
          <StackTrace>    at NUnit.Framework.Assert.ReportFailure(String message)&#xD;
   at NUnit.Framework.Assert.ReportFailure(ConstraintResult result, String message, Object[] args)&#xD;
   at NUnit.Framework.Assert.That[TActual](TActual actual, IResolveConstraint expression, String message, Object[] args)&#xD;
   at NUnit.Framework.Assert.AreEqual(Object expected, Object actual, String message, Object[] args)&#xD;
   at SdcaFramework.BusinessLogic.StudentStepsDef.ThenStudentIsModifiedCorrectly(String id) in C:\Users\Vika Zinchenko\source\repos\SdcaFramework\BusinessLogic\StudentStepsDef.cs:line 70&#xD;
   at TechTalk.SpecFlow.Bindings.BindingInvoker.InvokeBinding(IBinding binding, IContextManager contextManager, Object[] arguments, ITestTracer testTracer, TimeSpan&amp; duration)&#xD;
   at TechTalk.SpecFlow.Infrastructure.TestExecutionEngine.ExecuteStepMatch(BindingMatch match, Object[] arguments)&#xD;
   at TechTalk.SpecFlow.Infrastructure.TestExecutionEngine.ExecuteStep(IContextManager contextManager, StepInstance stepInstance)&#xD;
   at TechTalk.SpecFlow.Infrastructure.TestExecutionEngine.OnAfterLastStep()&#xD;
   at TechTalk.SpecFlow.TestRunner.CollectScenarioErrors()&#xD;
   at SdcaFramework.Features.StudentFeature.ScenarioCleanup()&#xD;
   at SdcaFramework.Features.StudentFeature.ModifyStudentAndCheckTheChanges() in C:\Users\Vika Zinchenko\source\repos\SdcaFramework\Features\Student.feature:line 47&#xD;
</StackTrace>
        </ErrorInfo>
      </Output>
    </UnitTestResult>
    <UnitTestResult executionId="7dbc8a67-f801-4c4f-a843-fcfea47c575a" testId="28be25c6-98cb-5b23-25ef-c6d02182d1a4" testName="AddDebtAndCheckItPresenceInTheList" computerName="DESKTOP-N392BU0" duration="00:00:00.2138615" startTime="2021-02-22T01:13:56.9137588+02:00" endTime="2021-02-22T01:13:57.1313760+02:00" testType="13cdc9d9-ddb5-4fa4-a97d-d965ccfc6d4b" outcome="Passed" testListId="8c84fa94-04c1-424b-9868-57a2d4851a1d" relativeResultsDirectory="7dbc8a67-f801-4c4f-a843-fcfea47c575a">
      <Output>
        <StdOut>When I add a debt with the following parameters&#xD;
  --- table step argument ---&#xD;
  | studentId | amount | monthlyPercent |&#xD;
  | 1         | 170    | 10             |&#xD;
-&gt; done: DebtStepsDef.AddDebtWithParameters(SdcaFramework.Cli...) (0,1s)&#xD;
Then I can see the created debt in the list&#xD;
-&gt; done: DebtStepsDef.CheckDebtPresenceInList() (0,1s)</StdOut>
      </Output>
    </UnitTestResult>
    <UnitTestResult executionId="03fbaa34-762f-4f98-9d38-1b51c07ed7e5" testId="a7065308-cb35-1c9d-5b12-b14a38ebffea" testName="TryToAddAppointmentWithInvalidParameter_Variant5" computerName="DESKTOP-N392BU0" duration="00:00:00.0812637" startTime="2021-02-22T01:13:54.5994602+02:00" endTime="2021-02-22T01:13:54.6817027+02:00" testType="13cdc9d9-ddb5-4fa4-a97d-d965ccfc6d4b" outcome="Failed" testListId="8c84fa94-04c1-424b-9868-57a2d4851a1d" relativeResultsDirectory="03fbaa34-762f-4f98-9d38-1b51c07ed7e5">
      <Output>
        <StdOut>When I try to add an appointment with invalid parameter&#xD;
  --- table step argument ---&#xD;
  | Parameter       | Value                            |&#xD;
  | collectorIds    |                                  |&#xD;
  | debtId          | 1                                |&#xD;
  | appointmentDate | 2020-12-09T14:30:00.000000+02:00 |&#xD;
-&gt; done: AppointmentStepsDef.TryToAddAppointmentWithInvalidParameter(System.Collection...) (0,1s)&#xD;
Then the system can't create the collector data&#xD;
-&gt; error: Multiple failures or warnings in test:&#xD;
  1)   
Expected object
Properties: 
id:  0. 
debtId:  1. 
collectorIds: 
1
2
appointmentDate:  12/9/2020 2:30:00 PM. 
Actual list of objects:
Object №0
Properties: 
id:  0. 
debtId:  1. 
collectorIds: 
0
1
appointmentDate:  2/23/2021 1:13:52 AM. &#xD;
  Expected: some item equal to &lt;SdcaFramework.Clients.Appointment&gt;&#xD;
  But was:  &lt; &lt;SdcaFramework.Clients.Appointment&gt; &gt;&#xD;
&#xD;
  2)   Expected status code should be 'Bad Request'.&#xD;
  Expected: BadRequest&#xD;
  But was:  Created&#xD;
&#xD;
  3)   Expected status code should be 'Bad Request'.&#xD;
  Expected: BadRequest&#xD;
  But was:  Created&#xD;
&#xD;
  4)   Expected status code should be 'Bad Request'.&#xD;
  Expected: BadRequest&#xD;
  But was:  Created&#xD;
&#xD;
  5)   Expected status code should be 'Bad Request'.&#xD;
  Expected: BadRequest&#xD;
  But was:  InternalServerError&#xD;
&#xD;
  6)   Expected status code should be 'Bad Request'.&#xD;
  Expected: BadRequest&#xD;
  But was:  Created</StdOut>
        <ErrorInfo>
          <Message>Test method SdcaFramework.Features.AppointmentFeature.TryToAddAppointmentWithInvalidParameter_Variant5 threw exception: &#xD;
NUnit.Framework.AssertionException: Multiple failures or warnings in test:&#xD;
  1)   
Expected object
Properties: 
id:  0. 
debtId:  1. 
collectorIds: 
1
2
appointmentDate:  12/9/2020 2:30:00 PM. 
Actual list of objects:
Object №0
Properties: 
id:  0. 
debtId:  1. 
collectorIds: 
0
1
appointmentDate:  2/23/2021 1:13:52 AM. &#xD;
  Expected: some item equal to &lt;SdcaFramework.Clients.Appointment&gt;&#xD;
  But was:  &lt; &lt;SdcaFramework.Clients.Appointment&gt; &gt;&#xD;
&#xD;
  2)   Expected status code should be 'Bad Request'.&#xD;
  Expected: BadRequest&#xD;
  But was:  Created&#xD;
&#xD;
  3)   Expected status code should be 'Bad Request'.&#xD;
  Expected: BadRequest&#xD;
  But was:  Created&#xD;
&#xD;
  4)   Expected status code should be 'Bad Request'.&#xD;
  Expected: BadRequest&#xD;
  But was:  Created&#xD;
&#xD;
  5)   Expected status code should be 'Bad Request'.&#xD;
  Expected: BadRequest&#xD;
  But was:  InternalServerError&#xD;
&#xD;
  6)   Expected status code should be 'Bad Request'.&#xD;
  Expected: BadRequest&#xD;
  But was:  Created&#xD;
&#xD;
</Message>
          <StackTrace>    at NUnit.Framework.Assert.ReportFailure(String message)&#xD;
   at NUnit.Framework.Assert.ReportFailure(ConstraintResult result, String message, Object[] args)&#xD;
   at NUnit.Framework.Assert.That[TActual](TActual actual, IResolveConstraint expression, String message, Object[] args)&#xD;
   at NUnit.Framework.Assert.AreEqual(Object expected, Object actual, String message, Object[] args)&#xD;
   at SdcaFramework.BusinessLogic.CollectorStepsDef.ThenSystemDidNotCreateCollector() in C:\Users\Vika Zinchenko\source\repos\SdcaFramework\BusinessLogic\CollectorStepsDef.cs:line 115&#xD;
   at TechTalk.SpecFlow.Bindings.BindingInvoker.InvokeBinding(IBinding binding, IContextManager contextManager, Object[] arguments, ITestTracer testTracer, TimeSpan&amp; duration)&#xD;
   at TechTalk.SpecFlow.Infrastructure.TestExecutionEngine.ExecuteStepMatch(BindingMatch match, Object[] arguments)&#xD;
   at TechTalk.SpecFlow.Infrastructure.TestExecutionEngine.ExecuteStep(IContextManager contextManager, StepInstance stepInstance)&#xD;
   at TechTalk.SpecFlow.Infrastructure.TestExecutionEngine.OnAfterLastStep()&#xD;
   at TechTalk.SpecFlow.TestRunner.CollectScenarioErrors()&#xD;
   at SdcaFramework.Features.AppointmentFeature.ScenarioCleanup()&#xD;
   at SdcaFramework.Features.AppointmentFeature.TryToAddAppointmentWithInvalidParameter(String collectorIds, String debtId, String appointmentDate, String[] exampleTags) in C:\Users\Vika Zinchenko\source\repos\SdcaFramework\Features\Appointment.feature:line 18&#xD;
   at SdcaFramework.Features.AppointmentFeature.TryToAddAppointmentWithInvalidParameter_Variant5() in C:\Users\Vika Zinchenko\source\repos\SdcaFramework\Features\Appointment.feature:line 12&#xD;
</StackTrace>
        </ErrorInfo>
      </Output>
    </UnitTestResult>
    <UnitTestResult executionId="5323376d-87bb-4ed8-815a-1a8942ce6d85" testId="77ba59dc-ad1a-abf2-76a6-ed7df03a0511" testName="TryToAddAppointmentWithInvalidParameter_Variant6" computerName="DESKTOP-N392BU0" duration="00:00:00.0724856" startTime="2021-02-22T01:13:54.6818220+02:00" endTime="2021-02-22T01:13:54.7547735+02:00" testType="13cdc9d9-ddb5-4fa4-a97d-d965ccfc6d4b" outcome="Passed" testListId="8c84fa94-04c1-424b-9868-57a2d4851a1d" relativeResultsDirectory="5323376d-87bb-4ed8-815a-1a8942ce6d85">
      <Output>
        <StdOut>When I try to add an appointment with invalid parameter&#xD;
  --- table step argument ---&#xD;
  | Parameter       | Value                            |&#xD;
  | collectorIds    | 1                                |&#xD;
  | debtId          |                                  |&#xD;
  | appointmentDate | 2020-12-09T14:30:00.000000+02:00 |&#xD;
-&gt; done: AppointmentStepsDef.TryToAddAppointmentWithInvalidParameter(System.Collection...) (0,1s)&#xD;
Then the system can't create the collector data&#xD;
-&gt; done: CollectorStepsDef.ThenSystemDidNotCreateCollector() (0,0s)</StdOut>
      </Output>
    </UnitTestResult>
    <UnitTestResult executionId="9b2af47f-13cb-41e2-a2b0-44533b565c9b" testId="cb297362-14a8-9005-c843-ec858c3d38dc" testName="TryToAddStudentWithInvalidParameter_Variant3" computerName="DESKTOP-N392BU0" duration="00:00:00.0374925" startTime="2021-02-22T01:13:58.6098668+02:00" endTime="2021-02-22T01:13:58.6478469+02:00" testType="13cdc9d9-ddb5-4fa4-a97d-d965ccfc6d4b" outcome="Passed" testListId="8c84fa94-04c1-424b-9868-57a2d4851a1d" relativeResultsDirectory="9b2af47f-13cb-41e2-a2b0-44533b565c9b">
      <Output>
        <StdOut>When I try to add a student with invalid parameter&#xD;
  --- table step argument ---&#xD;
  | Parameter | Value |&#xD;
  | name      | Cutie |&#xD;
  | age       | 17    |&#xD;
  | sex       | true  |&#xD;
  | risk      | risk  |&#xD;
-&gt; done: StudentStepsDef.TryToAddStudentWithInvalidParameter(System.Collection...) (0,0s)&#xD;
Then the system can't create the collector data&#xD;
-&gt; done: CollectorStepsDef.ThenSystemDidNotCreateCollector() (0,0s)</StdOut>
      </Output>
    </UnitTestResult>
    <UnitTestResult executionId="66a73726-e62a-4632-bfba-ed012729a6e8" testId="8b1c97ba-2ed1-e92b-ab02-4afd1a8358b8" testName="TryToAddStudentWithInvalidParameter_Variant9" computerName="DESKTOP-N392BU0" duration="00:00:00.0230015" startTime="2021-02-22T01:13:58.7890529+02:00" endTime="2021-02-22T01:13:58.8126659+02:00" testType="13cdc9d9-ddb5-4fa4-a97d-d965ccfc6d4b" outcome="Failed" testListId="8c84fa94-04c1-424b-9868-57a2d4851a1d" relativeResultsDirectory="66a73726-e62a-4632-bfba-ed012729a6e8">
      <Output>
        <StdOut>When I try to add a student with invalid parameter&#xD;
  --- table step argument ---&#xD;
  | Parameter | Value  |&#xD;
  | name      | Cutie$ |&#xD;
  | age       | 17     |&#xD;
  | sex       | true   |&#xD;
  | risk      | 5      |&#xD;
-&gt; done: StudentStepsDef.TryToAddStudentWithInvalidParameter(System.Collection...) (0,0s)&#xD;
Then the system can't create the collector data&#xD;
-&gt; error: Multiple failures or warnings in test:&#xD;
  1)   
Expected object
Properties: 
id:  0. 
debtId:  1. 
collectorIds: 
1
2
appointmentDate:  12/9/2020 2:30:00 PM. 
Actual list of objects:
Object №0
Properties: 
id:  0. 
debtId:  1. 
collectorIds: 
0
1
appointmentDate:  2/23/2021 1:13:52 AM. &#xD;
  Expected: some item equal to &lt;SdcaFramework.Clients.Appointment&gt;&#xD;
  But was:  &lt; &lt;SdcaFramework.Clients.Appointment&gt; &gt;&#xD;
&#xD;
  2)   Expected status code should be 'Bad Request'.&#xD;
  Expected: BadRequest&#xD;
  But was:  Created&#xD;
&#xD;
  3)   Expected status code should be 'Bad Request'.&#xD;
  Expected: BadRequest&#xD;
  But was:  Created&#xD;
&#xD;
  4)   Expected status code should be 'Bad Request'.&#xD;
  Expected: BadRequest&#xD;
  But was:  Created&#xD;
&#xD;
  5)   Expected status code should be 'Bad Request'.&#xD;
  Expected: BadRequest&#xD;
  But was:  InternalServerError&#xD;
&#xD;
  6)   Expected status code should be 'Bad Request'.&#xD;
  Expected: BadRequest&#xD;
  But was:  Created&#xD;
&#xD;
  7)   Expected status code should be 'Bad Request'.&#xD;
  Expected: BadRequest&#xD;
  But was:  Created&#xD;
&#xD;
  8)   
Expected object:
Properties: 
id:  6. 
debtId:  1. 
collectorIds: 
1
2
appointmentDate:  12/9/2020 2:30:00 PM. 
Actual object:
Properties: 
id:  6. 
debtId:  1. 
collectorIds: 
0
1
appointmentDate:  2/26/2021 1:13:54 AM. &#xD;
  Expected: &lt;SdcaFramework.Clients.Appointment&gt;&#xD;
  But was:  &lt;SdcaFramework.Clients.Appointment&gt;&#xD;
&#xD;
  9)   Expected status code should be 'Not Found'.&#xD;
  Expected: NotFound&#xD;
  But was:  NoContent&#xD;
&#xD;
  10)   
Expected object:
Properties: 
id:  7. 
debtId:  3. 
collectorIds: 
8
appointmentDate:  12/9/2020 2:30:00 PM. 
Actual object:
Properties: 
id:  7. 
debtId:  3. 
collectorIds: 
2
3
appointmentDate:  2/26/2021 1:13:55 AM. &#xD;
  Expected: &lt;SdcaFramework.Clients.Appointment&gt;&#xD;
  But was:  &lt;SdcaFramework.Clients.Appointment&gt;&#xD;
&#xD;
  11)   Expected status code should be 'Bad Request'.&#xD;
  Expected: BadRequest&#xD;
  But was:  Created&#xD;
&#xD;
  12)   Expected status code should be 'Bad Request'.&#xD;
  Expected: BadRequest&#xD;
  But was:  Created&#xD;
&#xD;
  13)   Expected status code should be 'Bad Request'.&#xD;
  Expected: BadRequest&#xD;
  But was:  Created&#xD;
&#xD;
  14)   Expected status code should be 'Bad Request'.&#xD;
  Expected: BadRequest&#xD;
  But was:  Created&#xD;
&#xD;
  15)   
Expected object:
Properties: 
id:  1. 
nickname:  Fear Man777. 
fearFactor:  1. 
Actual object:
Properties: 
id:  1. 
nickname:  Jango Unbrained. 
fearFactor:  5. &#xD;
  Expected: &lt;SdcaFramework.Clients.Collector&gt;&#xD;
  But was:  &lt;SdcaFramework.Clients.Collector&gt;&#xD;
&#xD;
  16)   
Expected object:
Properties: 
id:  17. 
nickname:  Fear Man. 
fearFactor:  1. 
Actual object:
Properties: 
id:  8. 
nickname:  Fear Man. 
fearFactor:  1. &#xD;
  Expected: &lt;SdcaFramework.Clients.Collector&gt;&#xD;
  But was:  &lt;SdcaFramework.Clients.Collector&gt;&#xD;
&#xD;
  17)   Expected status code should be 'Bad Request'.&#xD;
  Expected: BadRequest&#xD;
  But was:  Created&#xD;
&#xD;
  18)   Expected status code should be 'Bad Request'.&#xD;
  Expected: BadRequest&#xD;
  But was:  Created&#xD;
&#xD;
  19)   Expected status code should be 'Bad Request'.&#xD;
  Expected: BadRequest&#xD;
  But was:  Created&#xD;
&#xD;
  20)   The expected and actual amounts are different&#xD;
  Expected: 1000.088145161287d&#xD;
  But was:  3818.1908703332228d&#xD;
&#xD;
  21)   
Expected object
Properties: 
id:  6. 
name:  Poor guy. 
age:  17. 
sex:  True. 
risk:  5. 
Actual list of objects:
Object №0
Properties: 
id:  0. 
name:  John Doe. 
age:  9573164384136754. 
sex:  True. 
risk:  2. 
Object №1
Properties: 
id:  1. 
name:  Vasily Petrenko. 
age:  11179340384136868. 
sex:  True. 
risk:  5. 
Object №2
Properties: 
id:  2. 
name:  Wendy Lolson. 
age:  3382604384136883. 
sex:  False. 
risk:  1. 
Object №3
Properties: 
id:  3. 
name:  Poor guy. 
age:  30290653. 
sex:  True. 
risk:  1. 
Object №4
Properties: 
id:  4. 
name:  Poor guy. 
age:  19419159. 
sex:  True. 
risk:  1. 
Object №5
Properties: 
id:  5. 
name:  Poor guy. 
age:  3690143. 
sex:  True. 
risk:  1. 
Object №6
Properties: 
id:  6. 
name:  Poor guy. 
age:  654247. 
sex:  True. 
risk:  5. &#xD;
  Expected: some item equal to &lt;SdcaFramework.Clients.Student&gt;&#xD;
  But was:  &lt; &lt;SdcaFramework.Clients.Student&gt;, &lt;SdcaFramework.Clients.Student&gt;, &lt;SdcaFramework.Clients.Student&gt;, &lt;SdcaFramework.Clients.Student&gt;, &lt;SdcaFramework.Clients.Student&gt;, &lt;SdcaFramework.Clients.Student&gt;, &lt;SdcaFramework.Clients.Student&gt; &gt;&#xD;
&#xD;
  22)   
Expected object:
Properties: 
id:  7. 
name:  Poor girl. 
age:  17. 
sex:  False. 
risk:  5. 
Actual object:
Properties: 
id:  7. 
name:  Poor girl. 
age:  492927. 
sex:  False. 
risk:  5. &#xD;
  Expected: &lt;SdcaFramework.Clients.Student&gt;&#xD;
  But was:  &lt;SdcaFramework.Clients.Student&gt;&#xD;
&#xD;
  23)   Expected status code should be 'Bad Request'.&#xD;
  Expected: BadRequest&#xD;
  But was:  Created&#xD;
&#xD;
  24)   Expected status code should be 'Bad Request'.&#xD;
  Expected: BadRequest&#xD;
  But was:  Created&#xD;
&#xD;
  25)   Expected status code should be 'Bad Request'.&#xD;
  Expected: BadRequest&#xD;
  But was:  Created&#xD;
&#xD;
  26)   Expected status code should be 'Bad Request'.&#xD;
  Expected: BadRequest&#xD;
  But was:  Created</StdOut>
        <ErrorInfo>
          <Message>Test method SdcaFramework.Features.StudentFeature.TryToAddStudentWithInvalidParameter_Variant9 threw exception: &#xD;
NUnit.Framework.AssertionException: Multiple failures or warnings in test:&#xD;
  1)   
Expected object
Properties: 
id:  0. 
debtId:  1. 
collectorIds: 
1
2
appointmentDate:  12/9/2020 2:30:00 PM. 
Actual list of objects:
Object №0
Properties: 
id:  0. 
debtId:  1. 
collectorIds: 
0
1
appointmentDate:  2/23/2021 1:13:52 AM. &#xD;
  Expected: some item equal to &lt;SdcaFramework.Clients.Appointment&gt;&#xD;
  But was:  &lt; &lt;SdcaFramework.Clients.Appointment&gt; &gt;&#xD;
&#xD;
  2)   Expected status code should be 'Bad Request'.&#xD;
  Expected: BadRequest&#xD;
  But was:  Created&#xD;
&#xD;
  3)   Expected status code should be 'Bad Request'.&#xD;
  Expected: BadRequest&#xD;
  But was:  Created&#xD;
&#xD;
  4)   Expected status code should be 'Bad Request'.&#xD;
  Expected: BadRequest&#xD;
  But was:  Created&#xD;
&#xD;
  5)   Expected status code should be 'Bad Request'.&#xD;
  Expected: BadRequest&#xD;
  But was:  InternalServerError&#xD;
&#xD;
  6)   Expected status code should be 'Bad Request'.&#xD;
  Expected: BadRequest&#xD;
  But was:  Created&#xD;
&#xD;
  7)   Expected status code should be 'Bad Request'.&#xD;
  Expected: BadRequest&#xD;
  But was:  Created&#xD;
&#xD;
  8)   
Expected object:
Properties: 
id:  6. 
debtId:  1. 
collectorIds: 
1
2
appointmentDate:  12/9/2020 2:30:00 PM. 
Actual object:
Properties: 
id:  6. 
debtId:  1. 
collectorIds: 
0
1
appointmentDate:  2/26/2021 1:13:54 AM. &#xD;
  Expected: &lt;SdcaFramework.Clients.Appointment&gt;&#xD;
  But was:  &lt;SdcaFramework.Clients.Appointment&gt;&#xD;
&#xD;
  9)   Expected status code should be 'Not Found'.&#xD;
  Expected: NotFound&#xD;
  But was:  NoContent&#xD;
&#xD;
  10)   
Expected object:
Properties: 
id:  7. 
debtId:  3. 
collectorIds: 
8
appointmentDate:  12/9/2020 2:30:00 PM. 
Actual object:
Properties: 
id:  7. 
debtId:  3. 
collectorIds: 
2
3
appointmentDate:  2/26/2021 1:13:55 AM. &#xD;
  Expected: &lt;SdcaFramework.Clients.Appointment&gt;&#xD;
  But was:  &lt;SdcaFramework.Clients.Appointment&gt;&#xD;
&#xD;
  11)   Expected status code should be 'Bad Request'.&#xD;
  Expected: BadRequest&#xD;
  But was:  Created&#xD;
&#xD;
  12)   Expected status code should be 'Bad Request'.&#xD;
  Expected: BadRequest&#xD;
  But was:  Created&#xD;
&#xD;
  13)   Expected status code should be 'Bad Request'.&#xD;
  Expected: BadRequest&#xD;
  But was:  Created&#xD;
&#xD;
  14)   Expected status code should be 'Bad Request'.&#xD;
  Expected: BadRequest&#xD;
  But was:  Created&#xD;
&#xD;
  15)   
Expected object:
Properties: 
id:  1. 
nickname:  Fear Man777. 
fearFactor:  1. 
Actual object:
Properties: 
id:  1. 
nickname:  Jango Unbrained. 
fearFactor:  5. &#xD;
  Expected: &lt;SdcaFramework.Clients.Collector&gt;&#xD;
  But was:  &lt;SdcaFramework.Clients.Collector&gt;&#xD;
&#xD;
  16)   
Expected object:
Properties: 
id:  17. 
nickname:  Fear Man. 
fearFactor:  1. 
Actual object:
Properties: 
id:  8. 
nickname:  Fear Man. 
fearFactor:  1. &#xD;
  Expected: &lt;SdcaFramework.Clients.Collector&gt;&#xD;
  But was:  &lt;SdcaFramework.Clients.Collector&gt;&#xD;
&#xD;
  17)   Expected status code should be 'Bad Request'.&#xD;
  Expected: BadRequest&#xD;
  But was:  Created&#xD;
&#xD;
  18)   Expected status code should be 'Bad Request'.&#xD;
  Expected: BadRequest&#xD;
  But was:  Created&#xD;
&#xD;
  19)   Expected status code should be 'Bad Request'.&#xD;
  Expected: BadRequest&#xD;
  But was:  Created&#xD;
&#xD;
  20)   The expected and actual amounts are different&#xD;
  Expected: 1000.088145161287d&#xD;
  But was:  3818.1908703332228d&#xD;
&#xD;
  21)   
Expected object
Properties: 
id:  6. 
name:  Poor guy. 
age:  17. 
sex:  True. 
risk:  5. 
Actual list of objects:
Object №0
Properties: 
id:  0. 
name:  John Doe. 
age:  9573164384136754. 
sex:  True. 
risk:  2. 
Object №1
Properties: 
id:  1. 
name:  Vasily Petrenko. 
age:  11179340384136868. 
sex:  True. 
risk:  5. 
Object №2
Properties: 
id:  2. 
name:  Wendy Lolson. 
age:  3382604384136883. 
sex:  False. 
risk:  1. 
Object №3
Properties: 
id:  3. 
name:  Poor guy. 
age:  30290653. 
sex:  True. 
risk:  1. 
Object №4
Properties: 
id:  4. 
name:  Poor guy. 
age:  19419159. 
sex:  True. 
risk:  1. 
Object №5
Properties: 
id:  5. 
name:  Poor guy. 
age:  3690143. 
sex:  True. 
risk:  1. 
Object №6
Properties: 
id:  6. 
name:  Poor guy. 
age:  654247. 
sex:  True. 
risk:  5. &#xD;
  Expected: some item equal to &lt;SdcaFramework.Clients.Student&gt;&#xD;
  But was:  &lt; &lt;SdcaFramework.Clients.Student&gt;, &lt;SdcaFramework.Clients.Student&gt;, &lt;SdcaFramework.Clients.Student&gt;, &lt;SdcaFramework.Clients.Student&gt;, &lt;SdcaFramework.Clients.Student&gt;, &lt;SdcaFramework.Clients.Student&gt;, &lt;SdcaFramework.Clients.Student&gt; &gt;&#xD;
&#xD;
  22)   
Expected object:
Properties: 
id:  7. 
name:  Poor girl. 
age:  17. 
sex:  False. 
risk:  5. 
Actual object:
Properties: 
id:  7. 
name:  Poor girl. 
age:  492927. 
sex:  False. 
risk:  5. &#xD;
  Expected: &lt;SdcaFramework.Clients.Student&gt;&#xD;
  But was:  &lt;SdcaFramework.Clients.Student&gt;&#xD;
&#xD;
  23)   Expected status code should be 'Bad Request'.&#xD;
  Expected: BadRequest&#xD;
  But was:  Created&#xD;
&#xD;
  24)   Expected status code should be 'Bad Request'.&#xD;
  Expected: BadRequest&#xD;
  But was:  Created&#xD;
&#xD;
  25)   Expected status code should be 'Bad Request'.&#xD;
  Expected: BadRequest&#xD;
  But was:  Created&#xD;
&#xD;
  26)   Expected status code should be 'Bad Request'.&#xD;
  Expected: BadRequest&#xD;
  But was:  Created&#xD;
&#xD;
</Message>
          <StackTrace>    at NUnit.Framework.Assert.ReportFailure(String message)&#xD;
   at NUnit.Framework.Assert.ReportFailure(ConstraintResult result, String message, Object[] args)&#xD;
   at NUnit.Framework.Assert.That[TActual](TActual actual, IResolveConstraint expression, String message, Object[] args)&#xD;
   at NUnit.Framework.Assert.AreEqual(Object expected, Object actual, String message, Object[] args)&#xD;
   at SdcaFramework.BusinessLogic.CollectorStepsDef.ThenSystemDidNotCreateCollector() in C:\Users\Vika Zinchenko\source\repos\SdcaFramework\BusinessLogic\CollectorStepsDef.cs:line 115&#xD;
   at TechTalk.SpecFlow.Bindings.BindingInvoker.InvokeBinding(IBinding binding, IContextManager contextManager, Object[] arguments, ITestTracer testTracer, TimeSpan&amp; duration)&#xD;
   at TechTalk.SpecFlow.Infrastructure.TestExecutionEngine.ExecuteStepMatch(BindingMatch match, Object[] arguments)&#xD;
   at TechTalk.SpecFlow.Infrastructure.TestExecutionEngine.ExecuteStep(IContextManager contextManager, StepInstance stepInstance)&#xD;
   at TechTalk.SpecFlow.Infrastructure.TestExecutionEngine.OnAfterLastStep()&#xD;
   at TechTalk.SpecFlow.TestRunner.CollectScenarioErrors()&#xD;
   at SdcaFramework.Features.StudentFeature.ScenarioCleanup()&#xD;
   at SdcaFramework.Features.StudentFeature.TryToAddStudentWithInvalidParameter(String name, String age, String sex, String risk, String[] exampleTags) in C:\Users\Vika Zinchenko\source\repos\SdcaFramework\Features\Student.feature:line 27&#xD;
   at SdcaFramework.Features.StudentFeature.TryToAddStudentWithInvalidParameter_Variant9() in C:\Users\Vika Zinchenko\source\repos\SdcaFramework\Features\Student.feature:line 20&#xD;
</StackTrace>
        </ErrorInfo>
      </Output>
    </UnitTestResult>
    <UnitTestResult executionId="af4ec514-c5b1-4983-8e5c-67c3b3227aad" testId="0ef3f549-ac62-2076-2578-cec3f06a263f" testName="CreateCollectorStudentDebtAppointmentAndCheckDebtConnectionWithStudent" computerName="DESKTOP-N392BU0" duration="00:00:00.4439696" startTime="2021-02-22T01:13:59.4327675+02:00" endTime="2021-02-22T01:13:59.8778386+02:00" testType="13cdc9d9-ddb5-4fa4-a97d-d965ccfc6d4b" outcome="Failed" testListId="8c84fa94-04c1-424b-9868-57a2d4851a1d" relativeResultsDirectory="af4ec514-c5b1-4983-8e5c-67c3b3227aad">
      <Output>
        <StdOut>Given I have added a collector with the following parameters&#xD;
  --- table step argument ---&#xD;
  | nickname | fearFactor |&#xD;
  | Fear Man | 1          |&#xD;
-&gt; done: CollectorStepsDef.AddCollectorWithParameters(SdcaFramework.Cli...) (0,0s)&#xD;
And I have added a student with the following parameters&#xD;
  --- table step argument ---&#xD;
  | name     | age | sex  | risk |&#xD;
  | Poor guy | 17  | true | 1    |&#xD;
-&gt; done: StudentStepsDef.AddStudentWithParameters(SdcaFramework.Cli...) (0,1s)&#xD;
And I have added a debt with the following parameters&#xD;
  --- table step argument ---&#xD;
  | studentId | amount | monthlyPercent |&#xD;
  | last      | 170    | 10             |&#xD;
-&gt; error: The response has an incorrect status code
The expected status code: OK
The actual status code: InternalServerError&#xD;
When I add an appointment with the following parameters&#xD;
  --- table step argument ---&#xD;
  | collectorIds | debtId | appointmentDate                  |&#xD;
  | last         | last   | 2020-12-09T14:30:00.000000+02:00 |&#xD;
-&gt; error: The response has an incorrect status code
The expected status code: OK
The actual status code: InternalServerError&#xD;
Then the debt data with last id is connected with the following student&#xD;
  --- table step argument ---&#xD;
  | name     | age | sex  | risk |&#xD;
  | Poor guy | 17  | true | 1    |&#xD;
-&gt; skipped because of previous errors</StdOut>
        <ErrorInfo>
          <Message>Test method SdcaFramework.Features.StudentFeature.CreateCollectorStudentDebtAppointmentAndCheckDebtConnectionWithStudent threw exception: &#xD;
System.Exception: The response has an incorrect status code
The expected status code: OK
The actual status code: InternalServerError</Message>
          <StackTrace>    at SdcaFramework.ClientSteps.BaseSteps`2.CheckHttpStatusCode(IRestResponse response, HttpStatusCode expectedStatusCode) in C:\Users\Vika Zinchenko\source\repos\SdcaFramework\ClientSteps\BaseSteps.cs:line 81&#xD;
   at SdcaFramework.ClientSteps.BaseSteps`2.ExecuteRequest(Method method, HttpStatusCode expectedStatusCode, Object body, String objectId) in C:\Users\Vika Zinchenko\source\repos\SdcaFramework\ClientSteps\BaseSteps.cs:line 64&#xD;
   at SdcaFramework.ClientSteps.BaseSteps`2.GetListOfObjects(HttpStatusCode expectedStatusCode) in C:\Users\Vika Zinchenko\source\repos\SdcaFramework\ClientSteps\BaseSteps.cs:line 23&#xD;
   at SdcaFramework.ClientSteps.BaseSteps`2.get_LastObjectId() in C:\Users\Vika Zinchenko\source\repos\SdcaFramework\ClientSteps\BaseSteps.cs:line 20&#xD;
   at SdcaFramework.ClientSteps.DebtSteps.get_LastDebtId() in C:\Users\Vika Zinchenko\source\repos\SdcaFramework\ClientSteps\DebtSteps.cs:line 12&#xD;
   at SdcaFramework.Utilities.Transformations.GetDebtBasedOnDebtCreator(DebtCreator creator) in C:\Users\Vika Zinchenko\source\repos\SdcaFramework\Utilities\Transformation\Transformations.cs:line 32&#xD;
   at SdcaFramework.BusinessLogic.DebtStepsDef.AddDebtWithParameters(DebtCreator debt) in C:\Users\Vika Zinchenko\source\repos\SdcaFramework\BusinessLogic\DebtStepsDef.cs:line 39&#xD;
   at TechTalk.SpecFlow.Bindings.BindingInvoker.InvokeBinding(IBinding binding, IContextManager contextManager, Object[] arguments, ITestTracer testTracer, TimeSpan&amp; duration)&#xD;
   at TechTalk.SpecFlow.Infrastructure.TestExecutionEngine.ExecuteStepMatch(BindingMatch match, Object[] arguments)&#xD;
   at TechTalk.SpecFlow.Infrastructure.TestExecutionEngine.ExecuteStep(IContextManager contextManager, StepInstance stepInstance)&#xD;
   at TechTalk.SpecFlow.Infrastructure.TestExecutionEngine.OnAfterLastStep()&#xD;
   at TechTalk.SpecFlow.TestRunner.CollectScenarioErrors()&#xD;
   at SdcaFramework.Features.StudentFeature.ScenarioCleanup()&#xD;
   at SdcaFramework.Features.StudentFeature.CreateCollectorStudentDebtAppointmentAndCheckDebtConnectionWithStudent() in C:\Users\Vika Zinchenko\source\repos\SdcaFramework\Features\Student.feature:line 90&#xD;
</StackTrace>
        </ErrorInfo>
      </Output>
    </UnitTestResult>
    <UnitTestResult executionId="74ba8644-f5e9-4a98-84f1-afb1d9758006" testId="b0614caa-f0c8-c439-7f16-ac226ebf871b" testName="GetDebtById" computerName="DESKTOP-N392BU0" duration="00:00:00.2368354" startTime="2021-02-22T01:13:57.3328889+02:00" endTime="2021-02-22T01:13:57.5705473+02:00" testType="13cdc9d9-ddb5-4fa4-a97d-d965ccfc6d4b" outcome="Failed" testListId="8c84fa94-04c1-424b-9868-57a2d4851a1d" relativeResultsDirectory="74ba8644-f5e9-4a98-84f1-afb1d9758006">
      <Output>
        <StdOut>When I add a debt with the following parameters&#xD;
  --- table step argument ---&#xD;
  | studentId | amount | monthlyPercent |&#xD;
  | 1         | 170    | 10             |&#xD;
-&gt; error: The response has an incorrect status code
The expected status code: OK
The actual status code: InternalServerError&#xD;
Then the debt data is saved correctly&#xD;
-&gt; skipped because of previous errors&#xD;
And I check again that the debt data is saved correctly&#xD;
-&gt; skipped because of previous errors</StdOut>
        <ErrorInfo>
          <Message>Test method SdcaFramework.Features.DebtFeature.GetDebtById threw exception: &#xD;
System.Exception: The response has an incorrect status code
The expected status code: OK
The actual status code: InternalServerError</Message>
          <StackTrace>    at SdcaFramework.ClientSteps.BaseSteps`2.CheckHttpStatusCode(IRestResponse response, HttpStatusCode expectedStatusCode) in C:\Users\Vika Zinchenko\source\repos\SdcaFramework\ClientSteps\BaseSteps.cs:line 81&#xD;
   at SdcaFramework.ClientSteps.BaseSteps`2.ExecuteRequest(Method method, HttpStatusCode expectedStatusCode, Object body, String objectId) in C:\Users\Vika Zinchenko\source\repos\SdcaFramework\ClientSteps\BaseSteps.cs:line 64&#xD;
   at SdcaFramework.ClientSteps.BaseSteps`2.GetListOfObjects(HttpStatusCode expectedStatusCode) in C:\Users\Vika Zinchenko\source\repos\SdcaFramework\ClientSteps\BaseSteps.cs:line 23&#xD;
   at SdcaFramework.ClientSteps.BaseSteps`2.get_LastObjectId() in C:\Users\Vika Zinchenko\source\repos\SdcaFramework\ClientSteps\BaseSteps.cs:line 20&#xD;
   at SdcaFramework.ClientSteps.DebtSteps.get_LastDebtId() in C:\Users\Vika Zinchenko\source\repos\SdcaFramework\ClientSteps\DebtSteps.cs:line 12&#xD;
   at SdcaFramework.Utilities.Transformations.GetDebtBasedOnDebtCreator(DebtCreator creator) in C:\Users\Vika Zinchenko\source\repos\SdcaFramework\Utilities\Transformation\Transformations.cs:line 32&#xD;
   at SdcaFramework.BusinessLogic.DebtStepsDef.AddDebtWithParameters(DebtCreator debt) in C:\Users\Vika Zinchenko\source\repos\SdcaFramework\BusinessLogic\DebtStepsDef.cs:line 39&#xD;
   at TechTalk.SpecFlow.Bindings.BindingInvoker.InvokeBinding(IBinding binding, IContextManager contextManager, Object[] arguments, ITestTracer testTracer, TimeSpan&amp; duration)&#xD;
   at TechTalk.SpecFlow.Infrastructure.TestExecutionEngine.ExecuteStepMatch(BindingMatch match, Object[] arguments)&#xD;
   at TechTalk.SpecFlow.Infrastructure.TestExecutionEngine.ExecuteStep(IContextManager contextManager, StepInstance stepInstance)&#xD;
   at TechTalk.SpecFlow.Infrastructure.TestExecutionEngine.OnAfterLastStep()&#xD;
   at TechTalk.SpecFlow.TestRunner.CollectScenarioErrors()&#xD;
   at SdcaFramework.Features.DebtFeature.ScenarioCleanup()&#xD;
   at SdcaFramework.Features.DebtFeature.GetDebtById() in C:\Users\Vika Zinchenko\source\repos\SdcaFramework\Features\Debt.feature:line 37&#xD;
</StackTrace>
        </ErrorInfo>
      </Output>
    </UnitTestResult>
    <UnitTestResult executionId="cf2077ed-6f91-4188-8267-20ab08d4f0ca" testId="60902ebc-e751-2367-3912-433aa1c48072" testName="TryToDeleteTheRemovedDebt" computerName="DESKTOP-N392BU0" duration="00:00:00.1557810" startTime="2021-02-22T01:13:57.7568131+02:00" endTime="2021-02-22T01:13:57.9135753+02:00" testType="13cdc9d9-ddb5-4fa4-a97d-d965ccfc6d4b" outcome="Failed" testListId="8c84fa94-04c1-424b-9868-57a2d4851a1d" relativeResultsDirectory="cf2077ed-6f91-4188-8267-20ab08d4f0ca">
      <Output>
        <StdOut>Given I have added a debt with the following parameters&#xD;
  --- table step argument ---&#xD;
  | studentId | amount | monthlyPercent |&#xD;
  | 1         | 170    | 10             |&#xD;
-&gt; error: The response has an incorrect status code
The expected status code: OK
The actual status code: InternalServerError&#xD;
When I delete a debt by last id&#xD;
-&gt; skipped because of previous errors&#xD;
And I try to delete the removed debt by this id&#xD;
-&gt; skipped because of previous errors&#xD;
Then the system can't find the debt data&#xD;
-&gt; skipped because of previous errors</StdOut>
        <ErrorInfo>
          <Message>Test method SdcaFramework.Features.DebtFeature.TryToDeleteTheRemovedDebt threw exception: &#xD;
System.Exception: The response has an incorrect status code
The expected status code: OK
The actual status code: InternalServerError</Message>
          <StackTrace>    at SdcaFramework.ClientSteps.BaseSteps`2.CheckHttpStatusCode(IRestResponse response, HttpStatusCode expectedStatusCode) in C:\Users\Vika Zinchenko\source\repos\SdcaFramework\ClientSteps\BaseSteps.cs:line 81&#xD;
   at SdcaFramework.ClientSteps.BaseSteps`2.ExecuteRequest(Method method, HttpStatusCode expectedStatusCode, Object body, String objectId) in C:\Users\Vika Zinchenko\source\repos\SdcaFramework\ClientSteps\BaseSteps.cs:line 64&#xD;
   at SdcaFramework.ClientSteps.BaseSteps`2.GetListOfObjects(HttpStatusCode expectedStatusCode) in C:\Users\Vika Zinchenko\source\repos\SdcaFramework\ClientSteps\BaseSteps.cs:line 23&#xD;
   at SdcaFramework.ClientSteps.BaseSteps`2.get_LastObjectId() in C:\Users\Vika Zinchenko\source\repos\SdcaFramework\ClientSteps\BaseSteps.cs:line 20&#xD;
   at SdcaFramework.ClientSteps.DebtSteps.get_LastDebtId() in C:\Users\Vika Zinchenko\source\repos\SdcaFramework\ClientSteps\DebtSteps.cs:line 12&#xD;
   at SdcaFramework.Utilities.Transformations.GetDebtBasedOnDebtCreator(DebtCreator creator) in C:\Users\Vika Zinchenko\source\repos\SdcaFramework\Utilities\Transformation\Transformations.cs:line 32&#xD;
   at SdcaFramework.BusinessLogic.DebtStepsDef.AddDebtWithParameters(DebtCreator debt) in C:\Users\Vika Zinchenko\source\repos\SdcaFramework\BusinessLogic\DebtStepsDef.cs:line 39&#xD;
   at TechTalk.SpecFlow.Bindings.BindingInvoker.InvokeBinding(IBinding binding, IContextManager contextManager, Object[] arguments, ITestTracer testTracer, TimeSpan&amp; duration)&#xD;
   at TechTalk.SpecFlow.Infrastructure.TestExecutionEngine.ExecuteStepMatch(BindingMatch match, Object[] arguments)&#xD;
   at TechTalk.SpecFlow.Infrastructure.TestExecutionEngine.ExecuteStep(IContextManager contextManager, StepInstance stepInstance)&#xD;
   at TechTalk.SpecFlow.Infrastructure.TestExecutionEngine.OnAfterLastStep()&#xD;
   at TechTalk.SpecFlow.TestRunner.CollectScenarioErrors()&#xD;
   at SdcaFramework.Features.DebtFeature.ScenarioCleanup()&#xD;
   at SdcaFramework.Features.DebtFeature.TryToDeleteTheRemovedDebt() in C:\Users\Vika Zinchenko\source\repos\SdcaFramework\Features\Debt.feature:line 52&#xD;
</StackTrace>
        </ErrorInfo>
      </Output>
    </UnitTestResult>
    <UnitTestResult executionId="d9d41d17-8820-4052-b6fd-413f1a0488f2" testId="91cfcf36-c642-28a3-0b6a-02eb634efa0a" testName="TryToAddStudentWithInvalidParameter_Variant6" computerName="DESKTOP-N392BU0" duration="00:00:00.0209014" startTime="2021-02-22T01:13:58.7104905+02:00" endTime="2021-02-22T01:13:58.7319668+02:00" testType="13cdc9d9-ddb5-4fa4-a97d-d965ccfc6d4b" outcome="Passed" testListId="8c84fa94-04c1-424b-9868-57a2d4851a1d" relativeResultsDirectory="d9d41d17-8820-4052-b6fd-413f1a0488f2">
      <Output>
        <StdOut>When I try to add a student with invalid parameter&#xD;
  --- table step argument ---&#xD;
  | Parameter | Value |&#xD;
  | name      | Cutie |&#xD;
  | age       |       |&#xD;
  | sex       | true  |&#xD;
  | risk      | 5     |&#xD;
-&gt; done: StudentStepsDef.TryToAddStudentWithInvalidParameter(System.Collection...) (0,0s)&#xD;
Then the system can't create the collector data&#xD;
-&gt; done: CollectorStepsDef.ThenSystemDidNotCreateCollector() (0,0s)</StdOut>
      </Output>
    </UnitTestResult>
    <UnitTestResult executionId="fb32257f-264e-43b5-8821-ce9cc4a55db2" testId="e7eb15b1-670d-ffb5-613f-507777fd3d20" testName="TryToAddDebtWithInvalidParameter_Variant7" computerName="DESKTOP-N392BU0" duration="00:00:00.0251639" startTime="2021-02-22T01:13:57.2872376+02:00" endTime="2021-02-22T01:13:57.3129624+02:00" testType="13cdc9d9-ddb5-4fa4-a97d-d965ccfc6d4b" outcome="Passed" testListId="8c84fa94-04c1-424b-9868-57a2d4851a1d" relativeResultsDirectory="fb32257f-264e-43b5-8821-ce9cc4a55db2">
      <Output>
        <StdOut>When I try to add a debt with invalid parameter&#xD;
  --- table step argument ---&#xD;
  | Parameter      | Value |&#xD;
  | studentId      | 0     |&#xD;
  | amount         |       |&#xD;
  | monthlyPercent | 5     |&#xD;
-&gt; done: DebtStepsDef.TryToAddADebtWithInvalidParameter(System.Collection...) (0,0s)&#xD;
Then the system can't create the collector data&#xD;
-&gt; done: CollectorStepsDef.ThenSystemDidNotCreateCollector() (0,0s)</StdOut>
      </Output>
    </UnitTestResult>
    <UnitTestResult executionId="551acb3a-12b1-403a-abcf-70cfd680221e" testId="661f9e39-5ef5-1a33-ebf2-a1e426027e35" testName="CreateCollectorStudentDebtAppointmentAndCheckAppointmentConnectionWithCollector" computerName="DESKTOP-N392BU0" duration="00:00:00.4904431" startTime="2021-02-22T01:13:56.4226610+02:00" endTime="2021-02-22T01:13:56.9136273+02:00" testType="13cdc9d9-ddb5-4fa4-a97d-d965ccfc6d4b" outcome="Failed" testListId="8c84fa94-04c1-424b-9868-57a2d4851a1d" relativeResultsDirectory="551acb3a-12b1-403a-abcf-70cfd680221e">
      <Output>
        <StdOut>Given I have added a collector with the following parameters&#xD;
  --- table step argument ---&#xD;
  | nickname | fearFactor |&#xD;
  | Fear Man | 1          |&#xD;
-&gt; done: CollectorStepsDef.AddCollectorWithParameters(SdcaFramework.Cli...) (0,0s)&#xD;
And I have added a student with the following parameters&#xD;
  --- table step argument ---&#xD;
  | name     | age | sex  | risk |&#xD;
  | Poor guy | 17  | true | 1    |&#xD;
-&gt; done: StudentStepsDef.AddStudentWithParameters(SdcaFramework.Cli...) (0,0s)&#xD;
And I have added a debt with the following parameters&#xD;
  --- table step argument ---&#xD;
  | studentId | amount | monthlyPercent |&#xD;
  | last      | 170    | 10             |&#xD;
-&gt; done: DebtStepsDef.AddDebtWithParameters(SdcaFramework.Cli...) (0,1s)&#xD;
When I add an appointment with the following parameters&#xD;
  --- table step argument ---&#xD;
  | collectorIds | debtId | appointmentDate                  |&#xD;
  | last         | last   | 2020-12-09T14:30:00.000000+02:00 |&#xD;
-&gt; done: AppointmentStepsDef.AddAppointmentWithParameters(SdcaFramework.Cli...) (0,1s)&#xD;
Then the appointment data with last id is connected with the following collector&#xD;
  --- table step argument ---&#xD;
  | nickname | fearFactor |&#xD;
  | Fear Man | 1          |&#xD;
-&gt; error: Multiple failures or warnings in test:&#xD;
  1)   
Expected object
Properties: 
id:  0. 
debtId:  1. 
collectorIds: 
1
2
appointmentDate:  12/9/2020 2:30:00 PM. 
Actual list of objects:
Object №0
Properties: 
id:  0. 
debtId:  1. 
collectorIds: 
0
1
appointmentDate:  2/23/2021 1:13:52 AM. &#xD;
  Expected: some item equal to &lt;SdcaFramework.Clients.Appointment&gt;&#xD;
  But was:  &lt; &lt;SdcaFramework.Clients.Appointment&gt; &gt;&#xD;
&#xD;
  2)   Expected status code should be 'Bad Request'.&#xD;
  Expected: BadRequest&#xD;
  But was:  Created&#xD;
&#xD;
  3)   Expected status code should be 'Bad Request'.&#xD;
  Expected: BadRequest&#xD;
  But was:  Created&#xD;
&#xD;
  4)   Expected status code should be 'Bad Request'.&#xD;
  Expected: BadRequest&#xD;
  But was:  Created&#xD;
&#xD;
  5)   Expected status code should be 'Bad Request'.&#xD;
  Expected: BadRequest&#xD;
  But was:  InternalServerError&#xD;
&#xD;
  6)   Expected status code should be 'Bad Request'.&#xD;
  Expected: BadRequest&#xD;
  But was:  Created&#xD;
&#xD;
  7)   Expected status code should be 'Bad Request'.&#xD;
  Expected: BadRequest&#xD;
  But was:  Created&#xD;
&#xD;
  8)   
Expected object:
Properties: 
id:  6. 
debtId:  1. 
collectorIds: 
1
2
appointmentDate:  12/9/2020 2:30:00 PM. 
Actual object:
Properties: 
id:  6. 
debtId:  1. 
collectorIds: 
0
1
appointmentDate:  2/26/2021 1:13:54 AM. &#xD;
  Expected: &lt;SdcaFramework.Clients.Appointment&gt;&#xD;
  But was:  &lt;SdcaFramework.Clients.Appointment&gt;&#xD;
&#xD;
  9)   Expected status code should be 'Not Found'.&#xD;
  Expected: NotFound&#xD;
  But was:  NoContent&#xD;
&#xD;
  10)   
Expected object:
Properties: 
id:  7. 
debtId:  3. 
collectorIds: 
8
appointmentDate:  12/9/2020 2:30:00 PM. 
Actual object:
Properties: 
id:  7. 
debtId:  3. 
collectorIds: 
2
3
appointmentDate:  2/26/2021 1:13:55 AM. &#xD;
  Expected: &lt;SdcaFramework.Clients.Appointment&gt;&#xD;
  But was:  &lt;SdcaFramework.Clients.Appointment&gt;&#xD;
&#xD;
  11)   Expected status code should be 'Bad Request'.&#xD;
  Expected: BadRequest&#xD;
  But was:  Created&#xD;
&#xD;
  12)   Expected status code should be 'Bad Request'.&#xD;
  Expected: BadRequest&#xD;
  But was:  Created&#xD;
&#xD;
  13)   Expected status code should be 'Bad Request'.&#xD;
  Expected: BadRequest&#xD;
  But was:  Created&#xD;
&#xD;
  14)   Expected status code should be 'Bad Request'.&#xD;
  Expected: BadRequest&#xD;
  But was:  Created&#xD;
&#xD;
  15)   
Expected object:
Properties: 
id:  1. 
nickname:  Fear Man777. 
fearFactor:  1. 
Actual object:
Properties: 
id:  1. 
nickname:  Jango Unbrained. 
fearFactor:  5. &#xD;
  Expected: &lt;SdcaFramework.Clients.Collector&gt;&#xD;
  But was:  &lt;SdcaFramework.Clients.Collector&gt;&#xD;
&#xD;
  16)   
Expected object:
Properties: 
id:  17. 
nickname:  Fear Man. 
fearFactor:  1. 
Actual object:
Properties: 
id:  8. 
nickname:  Fear Man. 
fearFactor:  1. &#xD;
  Expected: &lt;SdcaFramework.Clients.Collector&gt;&#xD;
  But was:  &lt;SdcaFramework.Clients.Collector&gt;</StdOut>
        <ErrorInfo>
          <Message>Test method SdcaFramework.Features.CollectorFeature.CreateCollectorStudentDebtAppointmentAndCheckAppointmentConnectionWithCollector threw exception: &#xD;
NUnit.Framework.AssertionException: Multiple failures or warnings in test:&#xD;
  1)   
Expected object
Properties: 
id:  0. 
debtId:  1. 
collectorIds: 
1
2
appointmentDate:  12/9/2020 2:30:00 PM. 
Actual list of objects:
Object №0
Properties: 
id:  0. 
debtId:  1. 
collectorIds: 
0
1
appointmentDate:  2/23/2021 1:13:52 AM. &#xD;
  Expected: some item equal to &lt;SdcaFramework.Clients.Appointment&gt;&#xD;
  But was:  &lt; &lt;SdcaFramework.Clients.Appointment&gt; &gt;&#xD;
&#xD;
  2)   Expected status code should be 'Bad Request'.&#xD;
  Expected: BadRequest&#xD;
  But was:  Created&#xD;
&#xD;
  3)   Expected status code should be 'Bad Request'.&#xD;
  Expected: BadRequest&#xD;
  But was:  Created&#xD;
&#xD;
  4)   Expected status code should be 'Bad Request'.&#xD;
  Expected: BadRequest&#xD;
  But was:  Created&#xD;
&#xD;
  5)   Expected status code should be 'Bad Request'.&#xD;
  Expected: BadRequest&#xD;
  But was:  InternalServerError&#xD;
&#xD;
  6)   Expected status code should be 'Bad Request'.&#xD;
  Expected: BadRequest&#xD;
  But was:  Created&#xD;
&#xD;
  7)   Expected status code should be 'Bad Request'.&#xD;
  Expected: BadRequest&#xD;
  But was:  Created&#xD;
&#xD;
  8)   
Expected object:
Properties: 
id:  6. 
debtId:  1. 
collectorIds: 
1
2
appointmentDate:  12/9/2020 2:30:00 PM. 
Actual object:
Properties: 
id:  6. 
debtId:  1. 
collectorIds: 
0
1
appointmentDate:  2/26/2021 1:13:54 AM. &#xD;
  Expected: &lt;SdcaFramework.Clients.Appointment&gt;&#xD;
  But was:  &lt;SdcaFramework.Clients.Appointment&gt;&#xD;
&#xD;
  9)   Expected status code should be 'Not Found'.&#xD;
  Expected: NotFound&#xD;
  But was:  NoContent&#xD;
&#xD;
  10)   
Expected object:
Properties: 
id:  7. 
debtId:  3. 
collectorIds: 
8
appointmentDate:  12/9/2020 2:30:00 PM. 
Actual object:
Properties: 
id:  7. 
debtId:  3. 
collectorIds: 
2
3
appointmentDate:  2/26/2021 1:13:55 AM. &#xD;
  Expected: &lt;SdcaFramework.Clients.Appointment&gt;&#xD;
  But was:  &lt;SdcaFramework.Clients.Appointment&gt;&#xD;
&#xD;
  11)   Expected status code should be 'Bad Request'.&#xD;
  Expected: BadRequest&#xD;
  But was:  Created&#xD;
&#xD;
  12)   Expected status code should be 'Bad Request'.&#xD;
  Expected: BadRequest&#xD;
  But was:  Created&#xD;
&#xD;
  13)   Expected status code should be 'Bad Request'.&#xD;
  Expected: BadRequest&#xD;
  But was:  Created&#xD;
&#xD;
  14)   Expected status code should be 'Bad Request'.&#xD;
  Expected: BadRequest&#xD;
  But was:  Created&#xD;
&#xD;
  15)   
Expected object:
Properties: 
id:  1. 
nickname:  Fear Man777. 
fearFactor:  1. 
Actual object:
Properties: 
id:  1. 
nickname:  Jango Unbrained. 
fearFactor:  5. &#xD;
  Expected: &lt;SdcaFramework.Clients.Collector&gt;&#xD;
  But was:  &lt;SdcaFramework.Clients.Collector&gt;&#xD;
&#xD;
  16)   
Expected object:
Properties: 
id:  17. 
nickname:  Fear Man. 
fearFactor:  1. 
Actual object:
Properties: 
id:  8. 
nickname:  Fear Man. 
fearFactor:  1. &#xD;
  Expected: &lt;SdcaFramework.Clients.Collector&gt;&#xD;
  But was:  &lt;SdcaFramework.Clients.Collector&gt;&#xD;
&#xD;
</Message>
          <StackTrace>    at NUnit.Framework.Assert.ReportFailure(String message)&#xD;
   at NUnit.Framework.Assert.ReportFailure(ConstraintResult result, String message, Object[] args)&#xD;
   at NUnit.Framework.Assert.That[TActual](TActual actual, IResolveConstraint expression, String message, Object[] args)&#xD;
   at NUnit.Framework.Assert.AreEqual(Object expected, Object actual, String message, Object[] args)&#xD;
   at SdcaFramework.BusinessLogic.AppointmentStepsDef.ThenAppointmentDataWithIdIsConnectedWithFollowingObject(String id, SdcaParts sdcaPart, Table table) in C:\Users\Vika Zinchenko\source\repos\SdcaFramework\BusinessLogic\AppointmentStepsDef.cs:line 108&#xD;
   at TechTalk.SpecFlow.Bindings.BindingInvoker.InvokeBinding(IBinding binding, IContextManager contextManager, Object[] arguments, ITestTracer testTracer, TimeSpan&amp; duration)&#xD;
   at TechTalk.SpecFlow.Infrastructure.TestExecutionEngine.ExecuteStepMatch(BindingMatch match, Object[] arguments)&#xD;
   at TechTalk.SpecFlow.Infrastructure.TestExecutionEngine.ExecuteStep(IContextManager contextManager, StepInstance stepInstance)&#xD;
   at TechTalk.SpecFlow.Infrastructure.TestExecutionEngine.OnAfterLastStep()&#xD;
   at TechTalk.SpecFlow.TestRunner.CollectScenarioErrors()&#xD;
   at SdcaFramework.Features.CollectorFeature.ScenarioCleanup()&#xD;
   at SdcaFramework.Features.CollectorFeature.CreateCollectorStudentDebtAppointmentAndCheckAppointmentConnectionWithCollector() in C:\Users\Vika Zinchenko\source\repos\SdcaFramework\Features\Collector.feature:line 81&#xD;
</StackTrace>
        </ErrorInfo>
      </Output>
    </UnitTestResult>
  </Results>
  <TestDefinitions>
    <UnitTest name="TryToAddAppointmentWithInvalidParameter_Variant1" storage="c:\users\vika zinchenko\source\repos\sdcaframework\bin\debug\netcoreapp3.1\sdcaframework.dll" id="746ffb19-4136-3526-611c-ad9f4a8db078">
      <TestCategory>
        <TestCategoryItem TestCategory="Bug.Fail.13" />
        <TestCategoryItem TestCategory="Bug.Fail.3" />
      </TestCategory>
      <Execution id="c2dbed5a-2d57-4670-a179-400a24ff1fc3" />
      <TestMethod codeBase="C:\Users\Vika Zinchenko\source\repos\SdcaFramework\bin\Debug\netcoreapp3.1\SdcaFramework.dll" adapterTypeName="executor://mstestadapter/v2" className="SdcaFramework.Features.AppointmentFeature" name="TryToAddAppointmentWithInvalidParameter_Variant1" />
    </UnitTest>
    <UnitTest name="TryToAddDebtWithInvalidParameter_Variant0" storage="c:\users\vika zinchenko\source\repos\sdcaframework\bin\debug\netcoreapp3.1\sdcaframework.dll" id="85b4fd43-3b5d-76c5-518a-9db3f5c47791">
      <TestCategory>
        <TestCategoryItem TestCategory="Bug.Fail.16" />
      </TestCategory>
      <Execution id="1152032e-ac0c-4018-a98e-92f03e7ac4b2" />
      <TestMethod codeBase="C:\Users\Vika Zinchenko\source\repos\SdcaFramework\bin\Debug\netcoreapp3.1\SdcaFramework.dll" adapterTypeName="executor://mstestadapter/v2" className="SdcaFramework.Features.DebtFeature" name="TryToAddDebtWithInvalidParameter_Variant0" />
    </UnitTest>
    <UnitTest name="ModifyCollectorMultipleTimesAndCheckTheResult" storage="c:\users\vika zinchenko\source\repos\sdcaframework\bin\debug\netcoreapp3.1\sdcaframework.dll" id="cb005f33-c15d-bd17-922a-3e9315cb7716">
      <Execution id="d8689aae-dc24-49da-81bf-ddb07045387f" />
      <TestMethod codeBase="C:\Users\Vika Zinchenko\source\repos\SdcaFramework\bin\Debug\netcoreapp3.1\SdcaFramework.dll" adapterTypeName="executor://mstestadapter/v2" className="SdcaFramework.Features.CollectorFeature" name="ModifyCollectorMultipleTimesAndCheckTheResult" />
    </UnitTest>
    <UnitTest name="TryToAddStudentWithInvalidParameter_Variant2" storage="c:\users\vika zinchenko\source\repos\sdcaframework\bin\debug\netcoreapp3.1\sdcaframework.dll" id="df740b7b-6179-e720-1ba8-df9877a17e65">
      <TestCategory>
        <TestCategoryItem TestCategory="Bug.Fail.17" />
        <TestCategoryItem TestCategory="Bug.Fail.1" />
      </TestCategory>
      <Execution id="ade3db2c-e9aa-44a8-8c0a-fbace2ad0c0e" />
      <TestMethod codeBase="C:\Users\Vika Zinchenko\source\repos\SdcaFramework\bin\Debug\netcoreapp3.1\SdcaFramework.dll" adapterTypeName="executor://mstestadapter/v2" className="SdcaFramework.Features.StudentFeature" name="TryToAddStudentWithInvalidParameter_Variant2" />
    </UnitTest>
    <UnitTest name="DeleteDebtAndCheckItsAbsence" storage="c:\users\vika zinchenko\source\repos\sdcaframework\bin\debug\netcoreapp3.1\sdcaframework.dll" id="a96f0075-9055-bb58-32b7-6b60d7da4e2a">
      <Execution id="3160233c-7f80-4d42-9411-137fbe0270c4" />
      <TestMethod codeBase="C:\Users\Vika Zinchenko\source\repos\SdcaFramework\bin\Debug\netcoreapp3.1\SdcaFramework.dll" adapterTypeName="executor://mstestadapter/v2" className="SdcaFramework.Features.DebtFeature" name="DeleteDebtAndCheckItsAbsence" />
    </UnitTest>
    <UnitTest name="TryToAddCollectorWithInvalidParameter_Variant5" storage="c:\users\vika zinchenko\source\repos\sdcaframework\bin\debug\netcoreapp3.1\sdcaframework.dll" id="b444707f-64d8-570e-95da-022e36e61730">
      <TestCategory>
        <TestCategoryItem TestCategory="Bug.Fail.14" />
        <TestCategoryItem TestCategory="Bug.Fail.2" />
      </TestCategory>
      <Execution id="815c9213-6a05-49ef-8ee2-5a11b873bd90" />
      <TestMethod codeBase="C:\Users\Vika Zinchenko\source\repos\SdcaFramework\bin\Debug\netcoreapp3.1\SdcaFramework.dll" adapterTypeName="executor://mstestadapter/v2" className="SdcaFramework.Features.CollectorFeature" name="TryToAddCollectorWithInvalidParameter_Variant5" />
    </UnitTest>
    <UnitTest name="TryToDeleteTheRemovedDebt" storage="c:\users\vika zinchenko\source\repos\sdcaframework\bin\debug\netcoreapp3.1\sdcaframework.dll" id="60902ebc-e751-2367-3912-433aa1c48072">
      <Execution id="cf2077ed-6f91-4188-8267-20ab08d4f0ca" />
      <TestMethod codeBase="C:\Users\Vika Zinchenko\source\repos\SdcaFramework\bin\Debug\netcoreapp3.1\SdcaFramework.dll" adapterTypeName="executor://mstestadapter/v2" className="SdcaFramework.Features.DebtFeature" name="TryToDeleteTheRemovedDebt" />
    </UnitTest>
    <UnitTest name="TryToAddStudentWithInvalidParameter_Variant0" storage="c:\users\vika zinchenko\source\repos\sdcaframework\bin\debug\netcoreapp3.1\sdcaframework.dll" id="8ec9660f-16e1-5097-72df-e90c291f07a0">
      <TestCategory>
        <TestCategoryItem TestCategory="Bug.Fail.17" />
        <TestCategoryItem TestCategory="Bug.Fail.1" />
      </TestCategory>
      <Execution id="c7c5bc45-0bba-4b7b-8c45-a762f176b71a" />
      <TestMethod codeBase="C:\Users\Vika Zinchenko\source\repos\SdcaFramework\bin\Debug\netcoreapp3.1\SdcaFramework.dll" adapterTypeName="executor://mstestadapter/v2" className="SdcaFramework.Features.StudentFeature" name="TryToAddStudentWithInvalidParameter_Variant0" />
    </UnitTest>
    <UnitTest name="CheckRecalculatedDebtAmount" storage="c:\users\vika zinchenko\source\repos\sdcaframework\bin\debug\netcoreapp3.1\sdcaframework.dll" id="75022f82-2a6a-baf1-9f51-1d79b33f8a3b">
      <TestCategory>
        <TestCategoryItem TestCategory="Bug.Fail.15" />
      </TestCategory>
      <Execution id="79ee3550-b3ad-47ff-b043-23a7e74a5887" />
      <TestMethod codeBase="C:\Users\Vika Zinchenko\source\repos\SdcaFramework\bin\Debug\netcoreapp3.1\SdcaFramework.dll" adapterTypeName="executor://mstestadapter/v2" className="SdcaFramework.Features.DebtFeature" name="CheckRecalculatedDebtAmount" />
    </UnitTest>
    <UnitTest name="TryToAddStudentWithInvalidParameter_Variant7" storage="c:\users\vika zinchenko\source\repos\sdcaframework\bin\debug\netcoreapp3.1\sdcaframework.dll" id="bb648ffe-fa73-fba7-325b-53e338002c99">
      <TestCategory>
        <TestCategoryItem TestCategory="Bug.Fail.17" />
        <TestCategoryItem TestCategory="Bug.Fail.1" />
      </TestCategory>
      <Execution id="d14f42fe-bd9f-4764-ae75-5e697ee4691b" />
      <TestMethod codeBase="C:\Users\Vika Zinchenko\source\repos\SdcaFramework\bin\Debug\netcoreapp3.1\SdcaFramework.dll" adapterTypeName="executor://mstestadapter/v2" className="SdcaFramework.Features.StudentFeature" name="TryToAddStudentWithInvalidParameter_Variant7" />
    </UnitTest>
    <UnitTest name="GetCollectorById" storage="c:\users\vika zinchenko\source\repos\sdcaframework\bin\debug\netcoreapp3.1\sdcaframework.dll" id="53cef52c-3218-1d73-8355-d8e5cb3b0959">
      <Execution id="e8f493d7-64d1-4246-a4be-5f380f275cf9" />
      <TestMethod codeBase="C:\Users\Vika Zinchenko\source\repos\SdcaFramework\bin\Debug\netcoreapp3.1\SdcaFramework.dll" adapterTypeName="executor://mstestadapter/v2" className="SdcaFramework.Features.CollectorFeature" name="GetCollectorById" />
    </UnitTest>
    <UnitTest name="TryToAddStudentWithInvalidParameter_Variant6" storage="c:\users\vika zinchenko\source\repos\sdcaframework\bin\debug\netcoreapp3.1\sdcaframework.dll" id="91cfcf36-c642-28a3-0b6a-02eb634efa0a">
      <TestCategory>
        <TestCategoryItem TestCategory="Bug.Fail.17" />
        <TestCategoryItem TestCategory="Bug.Fail.1" />
      </TestCategory>
      <Execution id="d9d41d17-8820-4052-b6fd-413f1a0488f2" />
      <TestMethod codeBase="C:\Users\Vika Zinchenko\source\repos\SdcaFramework\bin\Debug\netcoreapp3.1\SdcaFramework.dll" adapterTypeName="executor://mstestadapter/v2" className="SdcaFramework.Features.StudentFeature" name="TryToAddStudentWithInvalidParameter_Variant6" />
    </UnitTest>
    <UnitTest name="ModifyStudentAndCheckTheChanges" storage="c:\users\vika zinchenko\source\repos\sdcaframework\bin\debug\netcoreapp3.1\sdcaframework.dll" id="9fcfd23c-c71c-cc7e-9fd7-a47220bd6633">
      <TestCategory>
        <TestCategoryItem TestCategory="Bug.Fail.8" />
      </TestCategory>
      <Execution id="5a0de2bc-8abb-4101-b04d-131e793e852c" />
      <TestMethod codeBase="C:\Users\Vika Zinchenko\source\repos\SdcaFramework\bin\Debug\netcoreapp3.1\SdcaFramework.dll" adapterTypeName="executor://mstestadapter/v2" className="SdcaFramework.Features.StudentFeature" name="ModifyStudentAndCheckTheChanges" />
    </UnitTest>
    <UnitTest name="CreateCollectorStudentDebtAppointmentAndCheckDebtConnectionWithStudent" storage="c:\users\vika zinchenko\source\repos\sdcaframework\bin\debug\netcoreapp3.1\sdcaframework.dll" id="0ef3f549-ac62-2076-2578-cec3f06a263f">
      <TestCategory>
        <TestCategoryItem TestCategory="Bug.Fail.5" />
      </TestCategory>
      <Execution id="af4ec514-c5b1-4983-8e5c-67c3b3227aad" />
      <TestMethod codeBase="C:\Users\Vika Zinchenko\source\repos\SdcaFramework\bin\Debug\netcoreapp3.1\SdcaFramework.dll" adapterTypeName="executor://mstestadapter/v2" className="SdcaFramework.Features.StudentFeature" name="CreateCollectorStudentDebtAppointmentAndCheckDebtConnectionWithStudent" />
    </UnitTest>
    <UnitTest name="TryToAddDebtWithInvalidParameter_Variant7" storage="c:\users\vika zinchenko\source\repos\sdcaframework\bin\debug\netcoreapp3.1\sdcaframework.dll" id="e7eb15b1-670d-ffb5-613f-507777fd3d20">
      <TestCategory>
        <TestCategoryItem TestCategory="Bug.Fail.16" />
      </TestCategory>
      <Execution id="fb32257f-264e-43b5-8821-ce9cc4a55db2" />
      <TestMethod codeBase="C:\Users\Vika Zinchenko\source\repos\SdcaFramework\bin\Debug\netcoreapp3.1\SdcaFramework.dll" adapterTypeName="executor://mstestadapter/v2" className="SdcaFramework.Features.DebtFeature" name="TryToAddDebtWithInvalidParameter_Variant7" />
    </UnitTest>
    <UnitTest name="TryToAddAppointmentWithInvalidParameter_Variant0" storage="c:\users\vika zinchenko\source\repos\sdcaframework\bin\debug\netcoreapp3.1\sdcaframework.dll" id="65953178-041c-d41f-60db-f9b359907f65">
      <TestCategory>
        <TestCategoryItem TestCategory="Bug.Fail.13" />
        <TestCategoryItem TestCategory="Bug.Fail.3" />
      </TestCategory>
      <Execution id="5d278504-e528-4c94-95cb-745ff3431cf6" />
      <TestMethod codeBase="C:\Users\Vika Zinchenko\source\repos\SdcaFramework\bin\Debug\netcoreapp3.1\SdcaFramework.dll" adapterTypeName="executor://mstestadapter/v2" className="SdcaFramework.Features.AppointmentFeature" name="TryToAddAppointmentWithInvalidParameter_Variant0" />
    </UnitTest>
    <UnitTest name="GetStudentById" storage="c:\users\vika zinchenko\source\repos\sdcaframework\bin\debug\netcoreapp3.1\sdcaframework.dll" id="290d83d6-688b-6d3c-a87a-1dc5e3bf1ecd">
      <TestCategory>
        <TestCategoryItem TestCategory="Bug.Fail.5" />
      </TestCategory>
      <Execution id="b07da968-886d-4cf1-9252-fad3afabcdff" />
      <TestMethod codeBase="C:\Users\Vika Zinchenko\source\repos\SdcaFramework\bin\Debug\netcoreapp3.1\SdcaFramework.dll" adapterTypeName="executor://mstestadapter/v2" className="SdcaFramework.Features.StudentFeature" name="GetStudentById" />
    </UnitTest>
    <UnitTest name="TryToAddAppointmentWithInvalidParameter_Variant6" storage="c:\users\vika zinchenko\source\repos\sdcaframework\bin\debug\netcoreapp3.1\sdcaframework.dll" id="77ba59dc-ad1a-abf2-76a6-ed7df03a0511">
      <TestCategory>
        <TestCategoryItem TestCategory="Bug.Fail.13" />
        <TestCategoryItem TestCategory="Bug.Fail.3" />
      </TestCategory>
      <Execution id="5323376d-87bb-4ed8-815a-1a8942ce6d85" />
      <TestMethod codeBase="C:\Users\Vika Zinchenko\source\repos\SdcaFramework\bin\Debug\netcoreapp3.1\SdcaFramework.dll" adapterTypeName="executor://mstestadapter/v2" className="SdcaFramework.Features.AppointmentFeature" name="TryToAddAppointmentWithInvalidParameter_Variant6" />
    </UnitTest>
    <UnitTest name="ModifyCollectorAndCheckTheChanges" storage="c:\users\vika zinchenko\source\repos\sdcaframework\bin\debug\netcoreapp3.1\sdcaframework.dll" id="d50705d0-2f5a-7f38-aebd-ae48057ab090">
      <TestCategory>
        <TestCategoryItem TestCategory="Bug.Fail.4" />
      </TestCategory>
      <Execution id="d4fd36bc-17c0-4fca-803d-b4bb0fcd63aa" />
      <TestMethod codeBase="C:\Users\Vika Zinchenko\source\repos\SdcaFramework\bin\Debug\netcoreapp3.1\SdcaFramework.dll" adapterTypeName="executor://mstestadapter/v2" className="SdcaFramework.Features.CollectorFeature" name="ModifyCollectorAndCheckTheChanges" />
    </UnitTest>
    <UnitTest name="TryToAddAppointmentWithInvalidParameter_Variant3" storage="c:\users\vika zinchenko\source\repos\sdcaframework\bin\debug\netcoreapp3.1\sdcaframework.dll" id="be388e4c-2d4e-161a-ff2c-116c2f6bc410">
      <TestCategory>
        <TestCategoryItem TestCategory="Bug.Fail.13" />
        <TestCategoryItem TestCategory="Bug.Fail.3" />
      </TestCategory>
      <Execution id="484a8b64-51bc-4afd-878c-8af3b40bbd40" />
      <TestMethod codeBase="C:\Users\Vika Zinchenko\source\repos\SdcaFramework\bin\Debug\netcoreapp3.1\SdcaFramework.dll" adapterTypeName="executor://mstestadapter/v2" className="SdcaFramework.Features.AppointmentFeature" name="TryToAddAppointmentWithInvalidParameter_Variant3" />
    </UnitTest>
    <UnitTest name="TryToAddStudentWithInvalidParameter_Variant5" storage="c:\users\vika zinchenko\source\repos\sdcaframework\bin\debug\netcoreapp3.1\sdcaframework.dll" id="422b374a-0f0a-2dcb-3723-404bdfb51550">
      <TestCategory>
        <TestCategoryItem TestCategory="Bug.Fail.17" />
        <TestCategoryItem TestCategory="Bug.Fail.1" />
      </TestCategory>
      <Execution id="1b07821e-0b34-4d68-b206-5c5b38dd4021" />
      <TestMethod codeBase="C:\Users\Vika Zinchenko\source\repos\SdcaFramework\bin\Debug\netcoreapp3.1\SdcaFramework.dll" adapterTypeName="executor://mstestadapter/v2" className="SdcaFramework.Features.StudentFeature" name="TryToAddStudentWithInvalidParameter_Variant5" />
    </UnitTest>
    <UnitTest name="AddAppointmentAndCheckItPresenceInTheList" storage="c:\users\vika zinchenko\source\repos\sdcaframework\bin\debug\netcoreapp3.1\sdcaframework.dll" id="b067eb0b-8443-701e-3b9c-5df958274fd6">
      <TestCategory>
        <TestCategoryItem TestCategory="Bug.Fail.10" />
      </TestCategory>
      <Execution id="cbd2c8fd-aede-4af3-afb0-c8568fb5b12f" />
      <TestMethod codeBase="C:\Users\Vika Zinchenko\source\repos\SdcaFramework\bin\Debug\netcoreapp3.1\SdcaFramework.dll" adapterTypeName="executor://mstestadapter/v2" className="SdcaFramework.Features.AppointmentFeature" name="AddAppointmentAndCheckItPresenceInTheList" />
    </UnitTest>
    <UnitTest name="TryToAddStudentWithInvalidParameter_Variant8" storage="c:\users\vika zinchenko\source\repos\sdcaframework\bin\debug\netcoreapp3.1\sdcaframework.dll" id="f7efbf2a-54fd-43f5-46c0-b60aa448f1cc">
      <TestCategory>
        <TestCategoryItem TestCategory="Bug.Fail.17" />
        <TestCategoryItem TestCategory="Bug.Fail.1" />
      </TestCategory>
      <Execution id="4056b4fe-c2e8-4bd7-b94e-42be8df7aa1d" />
      <TestMethod codeBase="C:\Users\Vika Zinchenko\source\repos\SdcaFramework\bin\Debug\netcoreapp3.1\SdcaFramework.dll" adapterTypeName="executor://mstestadapter/v2" className="SdcaFramework.Features.StudentFeature" name="TryToAddStudentWithInvalidParameter_Variant8" />
    </UnitTest>
    <UnitTest name="TryToDeleteTheRemovedCollector" storage="c:\users\vika zinchenko\source\repos\sdcaframework\bin\debug\netcoreapp3.1\sdcaframework.dll" id="e1d8754c-0644-2696-de26-f449c2fc447a">
      <Execution id="a81f8059-fcde-48e2-8bbd-e0867c54e3da" />
      <TestMethod codeBase="C:\Users\Vika Zinchenko\source\repos\SdcaFramework\bin\Debug\netcoreapp3.1\SdcaFramework.dll" adapterTypeName="executor://mstestadapter/v2" className="SdcaFramework.Features.CollectorFeature" name="TryToDeleteTheRemovedCollector" />
    </UnitTest>
    <UnitTest name="TryToAddStudentWithInvalidParameter_Variant1" storage="c:\users\vika zinchenko\source\repos\sdcaframework\bin\debug\netcoreapp3.1\sdcaframework.dll" id="42543500-5ba4-355a-f5b2-0a1db85a8ed6">
      <TestCategory>
        <TestCategoryItem TestCategory="Bug.Fail.17" />
        <TestCategoryItem TestCategory="Bug.Fail.1" />
      </TestCategory>
      <Execution id="61a1516f-447e-4c5b-9142-9eaf8f949155" />
      <TestMethod codeBase="C:\Users\Vika Zinchenko\source\repos\SdcaFramework\bin\Debug\netcoreapp3.1\SdcaFramework.dll" adapterTypeName="executor://mstestadapter/v2" className="SdcaFramework.Features.StudentFeature" name="TryToAddStudentWithInvalidParameter_Variant1" />
    </UnitTest>
    <UnitTest name="TryToAddAppointmentWithInvalidParameter_Variant5" storage="c:\users\vika zinchenko\source\repos\sdcaframework\bin\debug\netcoreapp3.1\sdcaframework.dll" id="a7065308-cb35-1c9d-5b12-b14a38ebffea">
      <TestCategory>
        <TestCategoryItem TestCategory="Bug.Fail.13" />
        <TestCategoryItem TestCategory="Bug.Fail.3" />
      </TestCategory>
      <Execution id="03fbaa34-762f-4f98-9d38-1b51c07ed7e5" />
      <TestMethod codeBase="C:\Users\Vika Zinchenko\source\repos\SdcaFramework\bin\Debug\netcoreapp3.1\SdcaFramework.dll" adapterTypeName="executor://mstestadapter/v2" className="SdcaFramework.Features.AppointmentFeature" name="TryToAddAppointmentWithInvalidParameter_Variant5" />
    </UnitTest>
    <UnitTest name="TryToDeleteTheRemovedStudent" storage="c:\users\vika zinchenko\source\repos\sdcaframework\bin\debug\netcoreapp3.1\sdcaframework.dll" id="e1ac6184-5247-d9e6-f38c-d9552ffc4c83">
      <Execution id="0b6cb0d2-d29f-45a6-86d4-8e956a255b74" />
      <TestMethod codeBase="C:\Users\Vika Zinchenko\source\repos\SdcaFramework\bin\Debug\netcoreapp3.1\SdcaFramework.dll" adapterTypeName="executor://mstestadapter/v2" className="SdcaFramework.Features.StudentFeature" name="TryToDeleteTheRemovedStudent" />
    </UnitTest>
    <UnitTest name="TryToDeleteTheRemovedAppointment" storage="c:\users\vika zinchenko\source\repos\sdcaframework\bin\debug\netcoreapp3.1\sdcaframework.dll" id="6c2058e8-a5f7-2267-2abc-681c1e4852d2">
      <Execution id="16f277da-1c3b-4f38-9bbb-304309fe57ed" />
      <TestMethod codeBase="C:\Users\Vika Zinchenko\source\repos\SdcaFramework\bin\Debug\netcoreapp3.1\SdcaFramework.dll" adapterTypeName="executor://mstestadapter/v2" className="SdcaFramework.Features.AppointmentFeature" name="TryToDeleteTheRemovedAppointment" />
    </UnitTest>
    <UnitTest name="DeleteAppointmentAndCheckItsAbsence" storage="c:\users\vika zinchenko\source\repos\sdcaframework\bin\debug\netcoreapp3.1\sdcaframework.dll" id="44fb479b-7ac3-69e6-7ebc-b235d8ae0792">
      <TestCategory>
        <TestCategoryItem TestCategory="Bug.Fail.11" />
      </TestCategory>
      <Execution id="a838220c-6378-4dc8-85d8-12886465d6ce" />
      <TestMethod codeBase="C:\Users\Vika Zinchenko\source\repos\SdcaFramework\bin\Debug\netcoreapp3.1\SdcaFramework.dll" adapterTypeName="executor://mstestadapter/v2" className="SdcaFramework.Features.AppointmentFeature" name="DeleteAppointmentAndCheckItsAbsence" />
    </UnitTest>
    <UnitTest name="TryToAddDebtWithInvalidParameter_Variant8" storage="c:\users\vika zinchenko\source\repos\sdcaframework\bin\debug\netcoreapp3.1\sdcaframework.dll" id="283c194f-72d9-316b-ab61-5287b7b755e1">
      <TestCategory>
        <TestCategoryItem TestCategory="Bug.Fail.16" />
      </TestCategory>
      <Execution id="02685df5-1b75-495e-a7c6-21a143e26fa8" />
      <TestMethod codeBase="C:\Users\Vika Zinchenko\source\repos\SdcaFramework\bin\Debug\netcoreapp3.1\SdcaFramework.dll" adapterTypeName="executor://mstestadapter/v2" className="SdcaFramework.Features.DebtFeature" name="TryToAddDebtWithInvalidParameter_Variant8" />
    </UnitTest>
    <UnitTest name="TryToAddAppointmentWithInvalidParameter_Variant7" storage="c:\users\vika zinchenko\source\repos\sdcaframework\bin\debug\netcoreapp3.1\sdcaframework.dll" id="837ac52b-f143-0ed5-55f8-ecd8f140cb40">
      <TestCategory>
        <TestCategoryItem TestCategory="Bug.Fail.13" />
        <TestCategoryItem TestCategory="Bug.Fail.3" />
      </TestCategory>
      <Execution id="9218985b-2e98-42d4-98ae-521605c45d0f" />
      <TestMethod codeBase="C:\Users\Vika Zinchenko\source\repos\SdcaFramework\bin\Debug\netcoreapp3.1\SdcaFramework.dll" adapterTypeName="executor://mstestadapter/v2" className="SdcaFramework.Features.AppointmentFeature" name="TryToAddAppointmentWithInvalidParameter_Variant7" />
    </UnitTest>
    <UnitTest name="TryToAddStudentWithInvalidParameter_Variant9" storage="c:\users\vika zinchenko\source\repos\sdcaframework\bin\debug\netcoreapp3.1\sdcaframework.dll" id="8b1c97ba-2ed1-e92b-ab02-4afd1a8358b8">
      <TestCategory>
        <TestCategoryItem TestCategory="Bug.Fail.17" />
        <TestCategoryItem TestCategory="Bug.Fail.1" />
      </TestCategory>
      <Execution id="66a73726-e62a-4632-bfba-ed012729a6e8" />
      <TestMethod codeBase="C:\Users\Vika Zinchenko\source\repos\SdcaFramework\bin\Debug\netcoreapp3.1\SdcaFramework.dll" adapterTypeName="executor://mstestadapter/v2" className="SdcaFramework.Features.StudentFeature" name="TryToAddStudentWithInvalidParameter_Variant9" />
    </UnitTest>
    <UnitTest name="GetDebtById" storage="c:\users\vika zinchenko\source\repos\sdcaframework\bin\debug\netcoreapp3.1\sdcaframework.dll" id="b0614caa-f0c8-c439-7f16-ac226ebf871b">
      <Execution id="74ba8644-f5e9-4a98-84f1-afb1d9758006" />
      <TestMethod codeBase="C:\Users\Vika Zinchenko\source\repos\SdcaFramework\bin\Debug\netcoreapp3.1\SdcaFramework.dll" adapterTypeName="executor://mstestadapter/v2" className="SdcaFramework.Features.DebtFeature" name="GetDebtById" />
    </UnitTest>
    <UnitTest name="TryToAddDebtWithInvalidParameter_Variant5" storage="c:\users\vika zinchenko\source\repos\sdcaframework\bin\debug\netcoreapp3.1\sdcaframework.dll" id="87353947-10d7-56c5-ec93-ca1b60bf96d4">
      <TestCategory>
        <TestCategoryItem TestCategory="Bug.Fail.16" />
      </TestCategory>
      <Execution id="b639e99f-261c-4cb3-9c5e-569df140af91" />
      <TestMethod codeBase="C:\Users\Vika Zinchenko\source\repos\SdcaFramework\bin\Debug\netcoreapp3.1\SdcaFramework.dll" adapterTypeName="executor://mstestadapter/v2" className="SdcaFramework.Features.DebtFeature" name="TryToAddDebtWithInvalidParameter_Variant5" />
    </UnitTest>
    <UnitTest name="TryToAddStudentWithInvalidParameter_Variant3" storage="c:\users\vika zinchenko\source\repos\sdcaframework\bin\debug\netcoreapp3.1\sdcaframework.dll" id="cb297362-14a8-9005-c843-ec858c3d38dc">
      <TestCategory>
        <TestCategoryItem TestCategory="Bug.Fail.17" />
        <TestCategoryItem TestCategory="Bug.Fail.1" />
      </TestCategory>
      <Execution id="9b2af47f-13cb-41e2-a2b0-44533b565c9b" />
      <TestMethod codeBase="C:\Users\Vika Zinchenko\source\repos\SdcaFramework\bin\Debug\netcoreapp3.1\SdcaFramework.dll" adapterTypeName="executor://mstestadapter/v2" className="SdcaFramework.Features.StudentFeature" name="TryToAddStudentWithInvalidParameter_Variant3" />
    </UnitTest>
    <UnitTest name="TryToAddDebtWithInvalidParameter_Variant1" storage="c:\users\vika zinchenko\source\repos\sdcaframework\bin\debug\netcoreapp3.1\sdcaframework.dll" id="ecce2a3b-e2a3-45b8-0cf6-1f0e67e86f59">
      <TestCategory>
        <TestCategoryItem TestCategory="Bug.Fail.16" />
      </TestCategory>
      <Execution id="9c775521-8bd6-4a5f-8b48-584c4d278c22" />
      <TestMethod codeBase="C:\Users\Vika Zinchenko\source\repos\SdcaFramework\bin\Debug\netcoreapp3.1\SdcaFramework.dll" adapterTypeName="executor://mstestadapter/v2" className="SdcaFramework.Features.DebtFeature" name="TryToAddDebtWithInvalidParameter_Variant1" />
    </UnitTest>
    <UnitTest name="TryToAddAppointmentWithInvalidParameter_Variant4" storage="c:\users\vika zinchenko\source\repos\sdcaframework\bin\debug\netcoreapp3.1\sdcaframework.dll" id="5904423d-1f36-c28e-279a-fa7a6f0ce61e">
      <TestCategory>
        <TestCategoryItem TestCategory="Bug.Fail.13" />
        <TestCategoryItem TestCategory="Bug.Fail.3" />
      </TestCategory>
      <Execution id="096eadc1-a6d8-4f65-97d2-74eb77fb2054" />
      <TestMethod codeBase="C:\Users\Vika Zinchenko\source\repos\SdcaFramework\bin\Debug\netcoreapp3.1\SdcaFramework.dll" adapterTypeName="executor://mstestadapter/v2" className="SdcaFramework.Features.AppointmentFeature" name="TryToAddAppointmentWithInvalidParameter_Variant4" />
    </UnitTest>
    <UnitTest name="TryToAddCollectorWithInvalidParameter_Variant0" storage="c:\users\vika zinchenko\source\repos\sdcaframework\bin\debug\netcoreapp3.1\sdcaframework.dll" id="5e604447-5b3e-8c93-6994-faf66fd77fd1">
      <TestCategory>
        <TestCategoryItem TestCategory="Bug.Fail.14" />
        <TestCategoryItem TestCategory="Bug.Fail.2" />
      </TestCategory>
      <Execution id="66640491-5136-4f45-b580-39854f22b9dc" />
      <TestMethod codeBase="C:\Users\Vika Zinchenko\source\repos\SdcaFramework\bin\Debug\netcoreapp3.1\SdcaFramework.dll" adapterTypeName="executor://mstestadapter/v2" className="SdcaFramework.Features.CollectorFeature" name="TryToAddCollectorWithInvalidParameter_Variant0" />
    </UnitTest>
    <UnitTest name="ModifyStudentMultipleTimesAndCheckTheResult" storage="c:\users\vika zinchenko\source\repos\sdcaframework\bin\debug\netcoreapp3.1\sdcaframework.dll" id="cfb1578d-34ed-a926-98d2-13c050b3a50e">
      <TestCategory>
        <TestCategoryItem TestCategory="Bug.Fail.9" />
      </TestCategory>
      <Execution id="c9c537d0-0f4b-4032-b330-51e78d4f2e62" />
      <TestMethod codeBase="C:\Users\Vika Zinchenko\source\repos\SdcaFramework\bin\Debug\netcoreapp3.1\SdcaFramework.dll" adapterTypeName="executor://mstestadapter/v2" className="SdcaFramework.Features.StudentFeature" name="ModifyStudentMultipleTimesAndCheckTheResult" />
    </UnitTest>
    <UnitTest name="TryToAddCollectorWithInvalidParameter_Variant1" storage="c:\users\vika zinchenko\source\repos\sdcaframework\bin\debug\netcoreapp3.1\sdcaframework.dll" id="0ab99089-1f2f-526a-9777-ca71ddc72fc2">
      <TestCategory>
        <TestCategoryItem TestCategory="Bug.Fail.14" />
        <TestCategoryItem TestCategory="Bug.Fail.2" />
      </TestCategory>
      <Execution id="0a1755b4-3c61-45e3-888b-5eb6207587a6" />
      <TestMethod codeBase="C:\Users\Vika Zinchenko\source\repos\SdcaFramework\bin\Debug\netcoreapp3.1\SdcaFramework.dll" adapterTypeName="executor://mstestadapter/v2" className="SdcaFramework.Features.CollectorFeature" name="TryToAddCollectorWithInvalidParameter_Variant1" />
    </UnitTest>
    <UnitTest name="TryToAddCollectorWithInvalidParameter_Variant2" storage="c:\users\vika zinchenko\source\repos\sdcaframework\bin\debug\netcoreapp3.1\sdcaframework.dll" id="cf770853-96ff-4c86-b97e-142547aafdaa">
      <TestCategory>
        <TestCategoryItem TestCategory="Bug.Fail.14" />
        <TestCategoryItem TestCategory="Bug.Fail.2" />
      </TestCategory>
      <Execution id="564d8fd9-2c81-4782-bde0-a2feb8cb314f" />
      <TestMethod codeBase="C:\Users\Vika Zinchenko\source\repos\SdcaFramework\bin\Debug\netcoreapp3.1\SdcaFramework.dll" adapterTypeName="executor://mstestadapter/v2" className="SdcaFramework.Features.CollectorFeature" name="TryToAddCollectorWithInvalidParameter_Variant2" />
    </UnitTest>
    <UnitTest name="TryToAddAppointmentWithInvalidParameter_Variant2" storage="c:\users\vika zinchenko\source\repos\sdcaframework\bin\debug\netcoreapp3.1\sdcaframework.dll" id="986ccde8-fc6e-5e68-a2bf-7a32d7f277e1">
      <TestCategory>
        <TestCategoryItem TestCategory="Bug.Fail.13" />
        <TestCategoryItem TestCategory="Bug.Fail.3" />
      </TestCategory>
      <Execution id="c06cee95-d4a4-45da-822f-5dd02b1dd86e" />
      <TestMethod codeBase="C:\Users\Vika Zinchenko\source\repos\SdcaFramework\bin\Debug\netcoreapp3.1\SdcaFramework.dll" adapterTypeName="executor://mstestadapter/v2" className="SdcaFramework.Features.AppointmentFeature" name="TryToAddAppointmentWithInvalidParameter_Variant2" />
    </UnitTest>
    <UnitTest name="TryToAddDebtWithInvalidParameter_Variant2" storage="c:\users\vika zinchenko\source\repos\sdcaframework\bin\debug\netcoreapp3.1\sdcaframework.dll" id="a7510aa9-a0bd-c5bd-4d20-917926aa8028">
      <TestCategory>
        <TestCategoryItem TestCategory="Bug.Fail.16" />
      </TestCategory>
      <Execution id="e1741747-6f86-4de1-88a1-6704e5f1b334" />
      <TestMethod codeBase="C:\Users\Vika Zinchenko\source\repos\SdcaFramework\bin\Debug\netcoreapp3.1\SdcaFramework.dll" adapterTypeName="executor://mstestadapter/v2" className="SdcaFramework.Features.DebtFeature" name="TryToAddDebtWithInvalidParameter_Variant2" />
    </UnitTest>
    <UnitTest name="CreateCollectorStudentDebtAppointmentAndCheckAppointmentConnectionWithCollector" storage="c:\users\vika zinchenko\source\repos\sdcaframework\bin\debug\netcoreapp3.1\sdcaframework.dll" id="661f9e39-5ef5-1a33-ebf2-a1e426027e35">
      <TestCategory>
        <TestCategoryItem TestCategory="Bug.Fail.10" />
      </TestCategory>
      <Execution id="551acb3a-12b1-403a-abcf-70cfd680221e" />
      <TestMethod codeBase="C:\Users\Vika Zinchenko\source\repos\SdcaFramework\bin\Debug\netcoreapp3.1\SdcaFramework.dll" adapterTypeName="executor://mstestadapter/v2" className="SdcaFramework.Features.CollectorFeature" name="CreateCollectorStudentDebtAppointmentAndCheckAppointmentConnectionWithCollector" />
    </UnitTest>
    <UnitTest name="TryToAddDebtWithInvalidParameter_Variant4" storage="c:\users\vika zinchenko\source\repos\sdcaframework\bin\debug\netcoreapp3.1\sdcaframework.dll" id="d35be91b-dbbe-52fc-f7a1-d1d9f8b38f66">
      <TestCategory>
        <TestCategoryItem TestCategory="Bug.Fail.16" />
      </TestCategory>
      <Execution id="dd142c0e-aceb-43e5-85e9-7ee8b83075e5" />
      <TestMethod codeBase="C:\Users\Vika Zinchenko\source\repos\SdcaFramework\bin\Debug\netcoreapp3.1\SdcaFramework.dll" adapterTypeName="executor://mstestadapter/v2" className="SdcaFramework.Features.DebtFeature" name="TryToAddDebtWithInvalidParameter_Variant4" />
    </UnitTest>
    <UnitTest name="CreateCollectorStudentDebtAppointmentAndCheckAppointmentConnectionWithDebt" storage="c:\users\vika zinchenko\source\repos\sdcaframework\bin\debug\netcoreapp3.1\sdcaframework.dll" id="f296ec1a-ed9d-b0db-6f29-1cbb5884489e">
      <Execution id="6a7776f0-83e9-432d-adb4-6fb924315d3e" />
      <TestMethod codeBase="C:\Users\Vika Zinchenko\source\repos\SdcaFramework\bin\Debug\netcoreapp3.1\SdcaFramework.dll" adapterTypeName="executor://mstestadapter/v2" className="SdcaFramework.Features.DebtFeature" name="CreateCollectorStudentDebtAppointmentAndCheckAppointmentConnectionWithDebt" />
    </UnitTest>
    <UnitTest name="TryToAddCollectorWithInvalidParameter_Variant4" storage="c:\users\vika zinchenko\source\repos\sdcaframework\bin\debug\netcoreapp3.1\sdcaframework.dll" id="9c910327-7bfd-e47e-7c94-b7cfd8849fb1">
      <TestCategory>
        <TestCategoryItem TestCategory="Bug.Fail.14" />
        <TestCategoryItem TestCategory="Bug.Fail.2" />
      </TestCategory>
      <Execution id="d00323ac-ad23-4636-a3e4-bccb459d6871" />
      <TestMethod codeBase="C:\Users\Vika Zinchenko\source\repos\SdcaFramework\bin\Debug\netcoreapp3.1\SdcaFramework.dll" adapterTypeName="executor://mstestadapter/v2" className="SdcaFramework.Features.CollectorFeature" name="TryToAddCollectorWithInvalidParameter_Variant4" />
    </UnitTest>
    <UnitTest name="DeleteCollectorAndCheckItsAbsence" storage="c:\users\vika zinchenko\source\repos\sdcaframework\bin\debug\netcoreapp3.1\sdcaframework.dll" id="d8261c20-706d-f0b1-82cc-8ed79a0c1119">
      <Execution id="c907fba8-8766-41d8-8f1f-cf261d33ff2b" />
      <TestMethod codeBase="C:\Users\Vika Zinchenko\source\repos\SdcaFramework\bin\Debug\netcoreapp3.1\SdcaFramework.dll" adapterTypeName="executor://mstestadapter/v2" className="SdcaFramework.Features.CollectorFeature" name="DeleteCollectorAndCheckItsAbsence" />
    </UnitTest>
    <UnitTest name="TryToAddStudentWithInvalidParameter_Variant4" storage="c:\users\vika zinchenko\source\repos\sdcaframework\bin\debug\netcoreapp3.1\sdcaframework.dll" id="c2f7ab13-3bc0-e8fa-c859-e875baf0ff11">
      <TestCategory>
        <TestCategoryItem TestCategory="Bug.Fail.17" />
        <TestCategoryItem TestCategory="Bug.Fail.1" />
      </TestCategory>
      <Execution id="3c4784e0-7d98-44fb-a3a7-0f418383ac73" />
      <TestMethod codeBase="C:\Users\Vika Zinchenko\source\repos\SdcaFramework\bin\Debug\netcoreapp3.1\SdcaFramework.dll" adapterTypeName="executor://mstestadapter/v2" className="SdcaFramework.Features.StudentFeature" name="TryToAddStudentWithInvalidParameter_Variant4" />
    </UnitTest>
    <UnitTest name="DeleteStudentAndCheckItsAbsence" storage="c:\users\vika zinchenko\source\repos\sdcaframework\bin\debug\netcoreapp3.1\sdcaframework.dll" id="35cb7d1d-36e8-20f8-8d66-ecb0dc02e4ca">
      <Execution id="4e49e15e-3951-4e24-9c70-fef38a3ef2c4" />
      <TestMethod codeBase="C:\Users\Vika Zinchenko\source\repos\SdcaFramework\bin\Debug\netcoreapp3.1\SdcaFramework.dll" adapterTypeName="executor://mstestadapter/v2" className="SdcaFramework.Features.StudentFeature" name="DeleteStudentAndCheckItsAbsence" />
    </UnitTest>
    <UnitTest name="TryToAddDebtWithInvalidParameter_Variant6" storage="c:\users\vika zinchenko\source\repos\sdcaframework\bin\debug\netcoreapp3.1\sdcaframework.dll" id="f7e2a38a-66b3-80e0-fd75-e55cd4c26bb4">
      <TestCategory>
        <TestCategoryItem TestCategory="Bug.Fail.16" />
      </TestCategory>
      <Execution id="555188e4-9324-4dab-8914-9a48830770c3" />
      <TestMethod codeBase="C:\Users\Vika Zinchenko\source\repos\SdcaFramework\bin\Debug\netcoreapp3.1\SdcaFramework.dll" adapterTypeName="executor://mstestadapter/v2" className="SdcaFramework.Features.DebtFeature" name="TryToAddDebtWithInvalidParameter_Variant6" />
    </UnitTest>
    <UnitTest name="AddCollectorAndCheckItPresenceInTheList" storage="c:\users\vika zinchenko\source\repos\sdcaframework\bin\debug\netcoreapp3.1\sdcaframework.dll" id="c460fc7e-85cd-50e0-5d59-dc955715ab01">
      <Execution id="1fd81e6d-1e70-45ad-97f9-ac1e818ccbe9" />
      <TestMethod codeBase="C:\Users\Vika Zinchenko\source\repos\SdcaFramework\bin\Debug\netcoreapp3.1\SdcaFramework.dll" adapterTypeName="executor://mstestadapter/v2" className="SdcaFramework.Features.CollectorFeature" name="AddCollectorAndCheckItPresenceInTheList" />
    </UnitTest>
    <UnitTest name="GetAppointmentById" storage="c:\users\vika zinchenko\source\repos\sdcaframework\bin\debug\netcoreapp3.1\sdcaframework.dll" id="620c90c3-8be8-38d9-d94d-aa905911b3df">
      <TestCategory>
        <TestCategoryItem TestCategory="Bug.Fail.10" />
      </TestCategory>
      <Execution id="aa234c6c-2939-4f53-8694-bd03e00c1085" />
      <TestMethod codeBase="C:\Users\Vika Zinchenko\source\repos\SdcaFramework\bin\Debug\netcoreapp3.1\SdcaFramework.dll" adapterTypeName="executor://mstestadapter/v2" className="SdcaFramework.Features.AppointmentFeature" name="GetAppointmentById" />
    </UnitTest>
    <UnitTest name="TryToAddCollectorWithInvalidParameter_Variant3" storage="c:\users\vika zinchenko\source\repos\sdcaframework\bin\debug\netcoreapp3.1\sdcaframework.dll" id="6f2d3836-746e-511d-d0a2-b87d2b46634d">
      <TestCategory>
        <TestCategoryItem TestCategory="Bug.Fail.14" />
        <TestCategoryItem TestCategory="Bug.Fail.2" />
      </TestCategory>
      <Execution id="ec157d45-3ab6-4c88-b6d1-3f89a030e896" />
      <TestMethod codeBase="C:\Users\Vika Zinchenko\source\repos\SdcaFramework\bin\Debug\netcoreapp3.1\SdcaFramework.dll" adapterTypeName="executor://mstestadapter/v2" className="SdcaFramework.Features.CollectorFeature" name="TryToAddCollectorWithInvalidParameter_Variant3" />
    </UnitTest>
    <UnitTest name="TryToAddDebtWithInvalidParameter_Variant3" storage="c:\users\vika zinchenko\source\repos\sdcaframework\bin\debug\netcoreapp3.1\sdcaframework.dll" id="445240ab-44f9-3af5-cf59-3f8526eb2ad3">
      <TestCategory>
        <TestCategoryItem TestCategory="Bug.Fail.16" />
      </TestCategory>
      <Execution id="307aa2ef-8d64-466e-a28d-e883b4e4a59b" />
      <TestMethod codeBase="C:\Users\Vika Zinchenko\source\repos\SdcaFramework\bin\Debug\netcoreapp3.1\SdcaFramework.dll" adapterTypeName="executor://mstestadapter/v2" className="SdcaFramework.Features.DebtFeature" name="TryToAddDebtWithInvalidParameter_Variant3" />
    </UnitTest>
    <UnitTest name="AddDebtAndCheckItPresenceInTheList" storage="c:\users\vika zinchenko\source\repos\sdcaframework\bin\debug\netcoreapp3.1\sdcaframework.dll" id="28be25c6-98cb-5b23-25ef-c6d02182d1a4">
      <Execution id="7dbc8a67-f801-4c4f-a843-fcfea47c575a" />
      <TestMethod codeBase="C:\Users\Vika Zinchenko\source\repos\SdcaFramework\bin\Debug\netcoreapp3.1\SdcaFramework.dll" adapterTypeName="executor://mstestadapter/v2" className="SdcaFramework.Features.DebtFeature" name="AddDebtAndCheckItPresenceInTheList" />
    </UnitTest>
    <UnitTest name="AddStudentAndCheckItPresenceInTheList" storage="c:\users\vika zinchenko\source\repos\sdcaframework\bin\debug\netcoreapp3.1\sdcaframework.dll" id="01bc22f0-0a5e-f587-b3d6-cac4ef05197f">
      <TestCategory>
        <TestCategoryItem TestCategory="Bug.Fail.5" />
      </TestCategory>
      <Execution id="a2a15016-eeb2-4cdc-8ff2-74fb28980577" />
      <TestMethod codeBase="C:\Users\Vika Zinchenko\source\repos\SdcaFramework\bin\Debug\netcoreapp3.1\SdcaFramework.dll" adapterTypeName="executor://mstestadapter/v2" className="SdcaFramework.Features.StudentFeature" name="AddStudentAndCheckItPresenceInTheList" />
    </UnitTest>
    <UnitTest name="CreateCollectorStudentDebtAppointmentAndCheckCreatedAppointment" storage="c:\users\vika zinchenko\source\repos\sdcaframework\bin\debug\netcoreapp3.1\sdcaframework.dll" id="db16b392-76eb-71d2-db03-a8b5210ef0c8">
      <TestCategory>
        <TestCategoryItem TestCategory="Bug.Fail.10" />
      </TestCategory>
      <Execution id="212ca6dc-162a-4617-b160-763b730de5b6" />
      <TestMethod codeBase="C:\Users\Vika Zinchenko\source\repos\SdcaFramework\bin\Debug\netcoreapp3.1\SdcaFramework.dll" adapterTypeName="executor://mstestadapter/v2" className="SdcaFramework.Features.AppointmentFeature" name="CreateCollectorStudentDebtAppointmentAndCheckCreatedAppointment" />
    </UnitTest>
  </TestDefinitions>
  <TestEntries>
    <TestEntry testId="6f2d3836-746e-511d-d0a2-b87d2b46634d" executionId="ec157d45-3ab6-4c88-b6d1-3f89a030e896" testListId="8c84fa94-04c1-424b-9868-57a2d4851a1d" />
    <TestEntry testId="746ffb19-4136-3526-611c-ad9f4a8db078" executionId="c2dbed5a-2d57-4670-a179-400a24ff1fc3" testListId="8c84fa94-04c1-424b-9868-57a2d4851a1d" />
    <TestEntry testId="a96f0075-9055-bb58-32b7-6b60d7da4e2a" executionId="3160233c-7f80-4d42-9411-137fbe0270c4" testListId="8c84fa94-04c1-424b-9868-57a2d4851a1d" />
    <TestEntry testId="df740b7b-6179-e720-1ba8-df9877a17e65" executionId="ade3db2c-e9aa-44a8-8c0a-fbace2ad0c0e" testListId="8c84fa94-04c1-424b-9868-57a2d4851a1d" />
    <TestEntry testId="44fb479b-7ac3-69e6-7ebc-b235d8ae0792" executionId="a838220c-6378-4dc8-85d8-12886465d6ce" testListId="8c84fa94-04c1-424b-9868-57a2d4851a1d" />
    <TestEntry testId="75022f82-2a6a-baf1-9f51-1d79b33f8a3b" executionId="79ee3550-b3ad-47ff-b043-23a7e74a5887" testListId="8c84fa94-04c1-424b-9868-57a2d4851a1d" />
    <TestEntry testId="8ec9660f-16e1-5097-72df-e90c291f07a0" executionId="c7c5bc45-0bba-4b7b-8c45-a762f176b71a" testListId="8c84fa94-04c1-424b-9868-57a2d4851a1d" />
    <TestEntry testId="87353947-10d7-56c5-ec93-ca1b60bf96d4" executionId="b639e99f-261c-4cb3-9c5e-569df140af91" testListId="8c84fa94-04c1-424b-9868-57a2d4851a1d" />
    <TestEntry testId="283c194f-72d9-316b-ab61-5287b7b755e1" executionId="02685df5-1b75-495e-a7c6-21a143e26fa8" testListId="8c84fa94-04c1-424b-9868-57a2d4851a1d" />
    <TestEntry testId="986ccde8-fc6e-5e68-a2bf-7a32d7f277e1" executionId="c06cee95-d4a4-45da-822f-5dd02b1dd86e" testListId="8c84fa94-04c1-424b-9868-57a2d4851a1d" />
    <TestEntry testId="65953178-041c-d41f-60db-f9b359907f65" executionId="5d278504-e528-4c94-95cb-745ff3431cf6" testListId="8c84fa94-04c1-424b-9868-57a2d4851a1d" />
    <TestEntry testId="f296ec1a-ed9d-b0db-6f29-1cbb5884489e" executionId="6a7776f0-83e9-432d-adb4-6fb924315d3e" testListId="8c84fa94-04c1-424b-9868-57a2d4851a1d" />
    <TestEntry testId="bb648ffe-fa73-fba7-325b-53e338002c99" executionId="d14f42fe-bd9f-4764-ae75-5e697ee4691b" testListId="8c84fa94-04c1-424b-9868-57a2d4851a1d" />
    <TestEntry testId="5904423d-1f36-c28e-279a-fa7a6f0ce61e" executionId="096eadc1-a6d8-4f65-97d2-74eb77fb2054" testListId="8c84fa94-04c1-424b-9868-57a2d4851a1d" />
    <TestEntry testId="cf770853-96ff-4c86-b97e-142547aafdaa" executionId="564d8fd9-2c81-4782-bde0-a2feb8cb314f" testListId="8c84fa94-04c1-424b-9868-57a2d4851a1d" />
    <TestEntry testId="6c2058e8-a5f7-2267-2abc-681c1e4852d2" executionId="16f277da-1c3b-4f38-9bbb-304309fe57ed" testListId="8c84fa94-04c1-424b-9868-57a2d4851a1d" />
    <TestEntry testId="ecce2a3b-e2a3-45b8-0cf6-1f0e67e86f59" executionId="9c775521-8bd6-4a5f-8b48-584c4d278c22" testListId="8c84fa94-04c1-424b-9868-57a2d4851a1d" />
    <TestEntry testId="5e604447-5b3e-8c93-6994-faf66fd77fd1" executionId="66640491-5136-4f45-b580-39854f22b9dc" testListId="8c84fa94-04c1-424b-9868-57a2d4851a1d" />
    <TestEntry testId="d35be91b-dbbe-52fc-f7a1-d1d9f8b38f66" executionId="dd142c0e-aceb-43e5-85e9-7ee8b83075e5" testListId="8c84fa94-04c1-424b-9868-57a2d4851a1d" />
    <TestEntry testId="db16b392-76eb-71d2-db03-a8b5210ef0c8" executionId="212ca6dc-162a-4617-b160-763b730de5b6" testListId="8c84fa94-04c1-424b-9868-57a2d4851a1d" />
    <TestEntry testId="422b374a-0f0a-2dcb-3723-404bdfb51550" executionId="1b07821e-0b34-4d68-b206-5c5b38dd4021" testListId="8c84fa94-04c1-424b-9868-57a2d4851a1d" />
    <TestEntry testId="be388e4c-2d4e-161a-ff2c-116c2f6bc410" executionId="484a8b64-51bc-4afd-878c-8af3b40bbd40" testListId="8c84fa94-04c1-424b-9868-57a2d4851a1d" />
    <TestEntry testId="42543500-5ba4-355a-f5b2-0a1db85a8ed6" executionId="61a1516f-447e-4c5b-9142-9eaf8f949155" testListId="8c84fa94-04c1-424b-9868-57a2d4851a1d" />
    <TestEntry testId="d50705d0-2f5a-7f38-aebd-ae48057ab090" executionId="d4fd36bc-17c0-4fca-803d-b4bb0fcd63aa" testListId="8c84fa94-04c1-424b-9868-57a2d4851a1d" />
    <TestEntry testId="9c910327-7bfd-e47e-7c94-b7cfd8849fb1" executionId="d00323ac-ad23-4636-a3e4-bccb459d6871" testListId="8c84fa94-04c1-424b-9868-57a2d4851a1d" />
    <TestEntry testId="837ac52b-f143-0ed5-55f8-ecd8f140cb40" executionId="9218985b-2e98-42d4-98ae-521605c45d0f" testListId="8c84fa94-04c1-424b-9868-57a2d4851a1d" />
    <TestEntry testId="0ab99089-1f2f-526a-9777-ca71ddc72fc2" executionId="0a1755b4-3c61-45e3-888b-5eb6207587a6" testListId="8c84fa94-04c1-424b-9868-57a2d4851a1d" />
    <TestEntry testId="e1ac6184-5247-d9e6-f38c-d9552ffc4c83" executionId="0b6cb0d2-d29f-45a6-86d4-8e956a255b74" testListId="8c84fa94-04c1-424b-9868-57a2d4851a1d" />
    <TestEntry testId="620c90c3-8be8-38d9-d94d-aa905911b3df" executionId="aa234c6c-2939-4f53-8694-bd03e00c1085" testListId="8c84fa94-04c1-424b-9868-57a2d4851a1d" />
    <TestEntry testId="cb005f33-c15d-bd17-922a-3e9315cb7716" executionId="d8689aae-dc24-49da-81bf-ddb07045387f" testListId="8c84fa94-04c1-424b-9868-57a2d4851a1d" />
    <TestEntry testId="f7e2a38a-66b3-80e0-fd75-e55cd4c26bb4" executionId="555188e4-9324-4dab-8914-9a48830770c3" testListId="8c84fa94-04c1-424b-9868-57a2d4851a1d" />
    <TestEntry testId="53cef52c-3218-1d73-8355-d8e5cb3b0959" executionId="e8f493d7-64d1-4246-a4be-5f380f275cf9" testListId="8c84fa94-04c1-424b-9868-57a2d4851a1d" />
    <TestEntry testId="b444707f-64d8-570e-95da-022e36e61730" executionId="815c9213-6a05-49ef-8ee2-5a11b873bd90" testListId="8c84fa94-04c1-424b-9868-57a2d4851a1d" />
    <TestEntry testId="d8261c20-706d-f0b1-82cc-8ed79a0c1119" executionId="c907fba8-8766-41d8-8f1f-cf261d33ff2b" testListId="8c84fa94-04c1-424b-9868-57a2d4851a1d" />
    <TestEntry testId="35cb7d1d-36e8-20f8-8d66-ecb0dc02e4ca" executionId="4e49e15e-3951-4e24-9c70-fef38a3ef2c4" testListId="8c84fa94-04c1-424b-9868-57a2d4851a1d" />
    <TestEntry testId="f7efbf2a-54fd-43f5-46c0-b60aa448f1cc" executionId="4056b4fe-c2e8-4bd7-b94e-42be8df7aa1d" testListId="8c84fa94-04c1-424b-9868-57a2d4851a1d" />
    <TestEntry testId="c460fc7e-85cd-50e0-5d59-dc955715ab01" executionId="1fd81e6d-1e70-45ad-97f9-ac1e818ccbe9" testListId="8c84fa94-04c1-424b-9868-57a2d4851a1d" />
    <TestEntry testId="cfb1578d-34ed-a926-98d2-13c050b3a50e" executionId="c9c537d0-0f4b-4032-b330-51e78d4f2e62" testListId="8c84fa94-04c1-424b-9868-57a2d4851a1d" />
    <TestEntry testId="290d83d6-688b-6d3c-a87a-1dc5e3bf1ecd" executionId="b07da968-886d-4cf1-9252-fad3afabcdff" testListId="8c84fa94-04c1-424b-9868-57a2d4851a1d" />
    <TestEntry testId="01bc22f0-0a5e-f587-b3d6-cac4ef05197f" executionId="a2a15016-eeb2-4cdc-8ff2-74fb28980577" testListId="8c84fa94-04c1-424b-9868-57a2d4851a1d" />
    <TestEntry testId="85b4fd43-3b5d-76c5-518a-9db3f5c47791" executionId="1152032e-ac0c-4018-a98e-92f03e7ac4b2" testListId="8c84fa94-04c1-424b-9868-57a2d4851a1d" />
    <TestEntry testId="a7510aa9-a0bd-c5bd-4d20-917926aa8028" executionId="e1741747-6f86-4de1-88a1-6704e5f1b334" testListId="8c84fa94-04c1-424b-9868-57a2d4851a1d" />
    <TestEntry testId="e1d8754c-0644-2696-de26-f449c2fc447a" executionId="a81f8059-fcde-48e2-8bbd-e0867c54e3da" testListId="8c84fa94-04c1-424b-9868-57a2d4851a1d" />
    <TestEntry testId="c2f7ab13-3bc0-e8fa-c859-e875baf0ff11" executionId="3c4784e0-7d98-44fb-a3a7-0f418383ac73" testListId="8c84fa94-04c1-424b-9868-57a2d4851a1d" />
    <TestEntry testId="445240ab-44f9-3af5-cf59-3f8526eb2ad3" executionId="307aa2ef-8d64-466e-a28d-e883b4e4a59b" testListId="8c84fa94-04c1-424b-9868-57a2d4851a1d" />
    <TestEntry testId="b067eb0b-8443-701e-3b9c-5df958274fd6" executionId="cbd2c8fd-aede-4af3-afb0-c8568fb5b12f" testListId="8c84fa94-04c1-424b-9868-57a2d4851a1d" />
    <TestEntry testId="9fcfd23c-c71c-cc7e-9fd7-a47220bd6633" executionId="5a0de2bc-8abb-4101-b04d-131e793e852c" testListId="8c84fa94-04c1-424b-9868-57a2d4851a1d" />
    <TestEntry testId="28be25c6-98cb-5b23-25ef-c6d02182d1a4" executionId="7dbc8a67-f801-4c4f-a843-fcfea47c575a" testListId="8c84fa94-04c1-424b-9868-57a2d4851a1d" />
    <TestEntry testId="a7065308-cb35-1c9d-5b12-b14a38ebffea" executionId="03fbaa34-762f-4f98-9d38-1b51c07ed7e5" testListId="8c84fa94-04c1-424b-9868-57a2d4851a1d" />
    <TestEntry testId="77ba59dc-ad1a-abf2-76a6-ed7df03a0511" executionId="5323376d-87bb-4ed8-815a-1a8942ce6d85" testListId="8c84fa94-04c1-424b-9868-57a2d4851a1d" />
    <TestEntry testId="cb297362-14a8-9005-c843-ec858c3d38dc" executionId="9b2af47f-13cb-41e2-a2b0-44533b565c9b" testListId="8c84fa94-04c1-424b-9868-57a2d4851a1d" />
    <TestEntry testId="8b1c97ba-2ed1-e92b-ab02-4afd1a8358b8" executionId="66a73726-e62a-4632-bfba-ed012729a6e8" testListId="8c84fa94-04c1-424b-9868-57a2d4851a1d" />
    <TestEntry testId="0ef3f549-ac62-2076-2578-cec3f06a263f" executionId="af4ec514-c5b1-4983-8e5c-67c3b3227aad" testListId="8c84fa94-04c1-424b-9868-57a2d4851a1d" />
    <TestEntry testId="b0614caa-f0c8-c439-7f16-ac226ebf871b" executionId="74ba8644-f5e9-4a98-84f1-afb1d9758006" testListId="8c84fa94-04c1-424b-9868-57a2d4851a1d" />
    <TestEntry testId="60902ebc-e751-2367-3912-433aa1c48072" executionId="cf2077ed-6f91-4188-8267-20ab08d4f0ca" testListId="8c84fa94-04c1-424b-9868-57a2d4851a1d" />
    <TestEntry testId="91cfcf36-c642-28a3-0b6a-02eb634efa0a" executionId="d9d41d17-8820-4052-b6fd-413f1a0488f2" testListId="8c84fa94-04c1-424b-9868-57a2d4851a1d" />
    <TestEntry testId="e7eb15b1-670d-ffb5-613f-507777fd3d20" executionId="fb32257f-264e-43b5-8821-ce9cc4a55db2" testListId="8c84fa94-04c1-424b-9868-57a2d4851a1d" />
    <TestEntry testId="661f9e39-5ef5-1a33-ebf2-a1e426027e35" executionId="551acb3a-12b1-403a-abcf-70cfd680221e" testListId="8c84fa94-04c1-424b-9868-57a2d4851a1d" />
  </TestEntries>
  <TestLists>
    <TestList name="Список результатов" id="8c84fa94-04c1-424b-9868-57a2d4851a1d" />
    <TestList name="Все загруженные результаты" id="19431567-8539-422a-85d7-44ee4e166bda" />
  </TestLists>
  <ResultSummary outcome="Failed">
    <Counters total="58" executed="58" passed="21" failed="37" error="0" timeout="0" aborted="0" inconclusive="0" passedButRunAborted="0" notRunnable="0" notExecuted="0" disconnected="0" warning="0" completed="0" inProgress="0" pending="0" />
  </ResultSummary>
</TestRun>